2023-10-04 13:51:47 error: [POST] /albums/upload/3e8018ceda740a8d0e2d00b2a3661b14fa4c68f5 >> StatusCode:: 401, Message:: files can only to be images
2023-10-04 18:43:22 error: uncaughtException: тип Unable to compile TypeScript:
[96msrc/services/auth.service.ts[0m:[93m30[0m:[93m116[0m - [91merror[0m[90m TS1109: [0mExpression expected.

[7m30[0m       if (!userData.data.role || !userData.data.name || !userData.data.userName || !userData.data.password) return throw new HttpException(400, 'userData is empty');
[7m  [0m [91m                                                                                                                   ~~~~~[0m

TSError: тип Unable to compile TypeScript:
[96msrc/services/auth.service.ts[0m:[93m30[0m:[93m116[0m - [91merror[0m[90m TS1109: [0mExpression expected.

[7m30[0m       if (!userData.data.role || !userData.data.name || !userData.data.userName || !userData.data.password) return throw new HttpException(400, 'userData is empty');
[7m  [0m [91m                                                                                                                   ~~~~~[0m

    at createTSError (C:\Users\Devops3\Documents\Projects\feetflight\feetflight\node_modules\ts-node\src\index.ts:859:12)
    at reportTSError (C:\Users\Devops3\Documents\Projects\feetflight\feetflight\node_modules\ts-node\src\index.ts:863:19)
    at C:\Users\Devops3\Documents\Projects\feetflight\feetflight\node_modules\ts-node\src\index.ts:1379:34
    at Object.compile (C:\Users\Devops3\Documents\Projects\feetflight\feetflight\node_modules\ts-node\src\index.ts:1458:13)
    at Module.m._compile (C:\Users\Devops3\Documents\Projects\feetflight\feetflight\node_modules\ts-node\src\index.ts:1617:30)
    at Module._extensions..js (internal/modules/cjs/loader.js:1114:10)
    at Object.require.extensions.<computed> [as .ts] (C:\Users\Devops3\Documents\Projects\feetflight\feetflight\node_modules\ts-node\src\index.ts:1621:12)
    at Module.load (internal/modules/cjs/loader.js:950:32)
    at Function.Module._load (internal/modules/cjs/loader.js:790:12)
    at Module.require (internal/modules/cjs/loader.js:974:19)
2023-10-04 18:47:27 error: uncaughtException: тип Unable to compile TypeScript:
[96msrc/services/auth.service.ts[0m:[93m28[0m:[93m47[0m - [91merror[0m[90m TS1109: [0mExpression expected.

[7m28[0m       if (findUser.records.length > 0) return throw new HttpException(400, 'data is missing');
[7m  [0m [91m                                              ~~~~~[0m

TSError: тип Unable to compile TypeScript:
[96msrc/services/auth.service.ts[0m:[93m28[0m:[93m47[0m - [91merror[0m[90m TS1109: [0mExpression expected.

[7m28[0m       if (findUser.records.length > 0) return throw new HttpException(400, 'data is missing');
[7m  [0m [91m                                              ~~~~~[0m

    at createTSError (C:\Users\Devops3\Documents\Projects\feetflight\feetflight\node_modules\ts-node\src\index.ts:859:12)
    at reportTSError (C:\Users\Devops3\Documents\Projects\feetflight\feetflight\node_modules\ts-node\src\index.ts:863:19)
    at C:\Users\Devops3\Documents\Projects\feetflight\feetflight\node_modules\ts-node\src\index.ts:1379:34
    at Object.compile (C:\Users\Devops3\Documents\Projects\feetflight\feetflight\node_modules\ts-node\src\index.ts:1458:13)
    at Module.m._compile (C:\Users\Devops3\Documents\Projects\feetflight\feetflight\node_modules\ts-node\src\index.ts:1617:30)
    at Module._extensions..js (internal/modules/cjs/loader.js:1114:10)
    at Object.require.extensions.<computed> [as .ts] (C:\Users\Devops3\Documents\Projects\feetflight\feetflight\node_modules\ts-node\src\index.ts:1621:12)
    at Module.load (internal/modules/cjs/loader.js:950:32)
    at Function.Module._load (internal/modules/cjs/loader.js:790:12)
    at Module.require (internal/modules/cjs/loader.js:974:19)
2023-10-04 18:52:33 error: uncaughtException: тип Unable to compile TypeScript:
[96msrc/controllers/auth.controller.ts[0m:[93m14[0m:[93m25[0m - [91merror[0m[90m TS1109: [0mExpression expected.

[7m14[0m       signUpUserData ?  : res.status(201).json(signUpUserData);
[7m  [0m [91m                        ~[0m

TSError: тип Unable to compile TypeScript:
[96msrc/controllers/auth.controller.ts[0m:[93m14[0m:[93m25[0m - [91merror[0m[90m TS1109: [0mExpression expected.

[7m14[0m       signUpUserData ?  : res.status(201).json(signUpUserData);
[7m  [0m [91m                        ~[0m

    at createTSError (C:\Users\Devops3\Documents\Projects\feetflight\feetflight\node_modules\ts-node\src\index.ts:859:12)
    at reportTSError (C:\Users\Devops3\Documents\Projects\feetflight\feetflight\node_modules\ts-node\src\index.ts:863:19)
    at C:\Users\Devops3\Documents\Projects\feetflight\feetflight\node_modules\ts-node\src\index.ts:1379:34
    at Object.compile (C:\Users\Devops3\Documents\Projects\feetflight\feetflight\node_modules\ts-node\src\index.ts:1458:13)
    at Module.m._compile (C:\Users\Devops3\Documents\Projects\feetflight\feetflight\node_modules\ts-node\src\index.ts:1617:30)
    at Module._extensions..js (internal/modules/cjs/loader.js:1114:10)
    at Object.require.extensions.<computed> [as .ts] (C:\Users\Devops3\Documents\Projects\feetflight\feetflight\node_modules\ts-node\src\index.ts:1621:12)
    at Module.load (internal/modules/cjs/loader.js:950:32)
    at Function.Module._load (internal/modules/cjs/loader.js:790:12)
    at Module.require (internal/modules/cjs/loader.js:974:19)
2023-10-04 18:52:36 error: uncaughtException: тип Unable to compile TypeScript:
[96msrc/controllers/auth.controller.ts[0m:[93m14[0m:[93m33[0m - [91merror[0m[90m TS1109: [0mExpression expected.

[7m14[0m       signUpUserData.message ?  : res.status(201).json(signUpUserData);
[7m  [0m [91m                                ~[0m

TSError: тип Unable to compile TypeScript:
[96msrc/controllers/auth.controller.ts[0m:[93m14[0m:[93m33[0m - [91merror[0m[90m TS1109: [0mExpression expected.

[7m14[0m       signUpUserData.message ?  : res.status(201).json(signUpUserData);
[7m  [0m [91m                                ~[0m

    at createTSError (C:\Users\Devops3\Documents\Projects\feetflight\feetflight\node_modules\ts-node\src\index.ts:859:12)
    at reportTSError (C:\Users\Devops3\Documents\Projects\feetflight\feetflight\node_modules\ts-node\src\index.ts:863:19)
    at C:\Users\Devops3\Documents\Projects\feetflight\feetflight\node_modules\ts-node\src\index.ts:1379:34
    at Object.compile (C:\Users\Devops3\Documents\Projects\feetflight\feetflight\node_modules\ts-node\src\index.ts:1458:13)
    at Module.m._compile (C:\Users\Devops3\Documents\Projects\feetflight\feetflight\node_modules\ts-node\src\index.ts:1617:30)
    at Module._extensions..js (internal/modules/cjs/loader.js:1114:10)
    at Object.require.extensions.<computed> [as .ts] (C:\Users\Devops3\Documents\Projects\feetflight\feetflight\node_modules\ts-node\src\index.ts:1621:12)
    at Module.load (internal/modules/cjs/loader.js:950:32)
    at Function.Module._load (internal/modules/cjs/loader.js:790:12)
    at Module.require (internal/modules/cjs/loader.js:974:19)
