2023-04-17 11:06:12 error: uncaughtException: Route.post() requires a callback function but got a [object Undefined]
Error: Route.post() requires a callback function but got a [object Undefined]
    at Route.<computed> [as post] (C:\Users\Devops3\Documents\Projects\feetflight\node_modules\express\lib\router\route.js:211:15)
    at Function.proto.<computed> [as post] (C:\Users\Devops3\Documents\Projects\feetflight\node_modules\express\lib\router\index.js:521:19)
    at UsersRoute.initializeRoutes (C:\Users\Devops3\Documents\Projects\feetflight\src\routes\users.route.ts:22:17)
    at new UsersRoute (C:\Users\Devops3\Documents\Projects\feetflight\src\routes\users.route.ts:13:10)
    at Object.<anonymous> (C:\Users\Devops3\Documents\Projects\feetflight\src\server.ts:12:40)
    at Module._compile (internal/modules/cjs/loader.js:1085:14)
    at Module.m._compile (C:\Users\Devops3\Documents\Projects\feetflight\node_modules\ts-node\src\index.ts:1618:23)
    at Module._extensions..js (internal/modules/cjs/loader.js:1114:10)
    at Object.require.extensions.<computed> [as .ts] (C:\Users\Devops3\Documents\Projects\feetflight\node_modules\ts-node\src\index.ts:1621:12)
    at Module.load (internal/modules/cjs/loader.js:950:32)
2023-04-17 17:08:59 error: uncaughtException: тип Unable to compile TypeScript:
[96msrc/services/auth.service.ts[0m:[93m206[0m:[93m38[0m - [91merror[0m[90m TS1005: [0m',' expected.

[7m206[0m       return { refreshToken, findUser.records. };
[7m   [0m [91m                                     ~[0m
[96msrc/services/auth.service.ts[0m:[93m206[0m:[93m48[0m - [91merror[0m[90m TS1003: [0mIdentifier expected.

[7m206[0m       return { refreshToken, findUser.records. };
[7m   [0m [91m                                               ~[0m

TSError: тип Unable to compile TypeScript:
[96msrc/services/auth.service.ts[0m:[93m206[0m:[93m38[0m - [91merror[0m[90m TS1005: [0m',' expected.

[7m206[0m       return { refreshToken, findUser.records. };
[7m   [0m [91m                                     ~[0m
[96msrc/services/auth.service.ts[0m:[93m206[0m:[93m48[0m - [91merror[0m[90m TS1003: [0mIdentifier expected.

[7m206[0m       return { refreshToken, findUser.records. };
[7m   [0m [91m                                               ~[0m

    at createTSError (C:\Users\Devops3\Documents\Projects\feetflight\node_modules\ts-node\src\index.ts:859:12)
    at reportTSError (C:\Users\Devops3\Documents\Projects\feetflight\node_modules\ts-node\src\index.ts:863:19)
    at C:\Users\Devops3\Documents\Projects\feetflight\node_modules\ts-node\src\index.ts:1379:34
    at Object.compile (C:\Users\Devops3\Documents\Projects\feetflight\node_modules\ts-node\src\index.ts:1458:13)
    at Module.m._compile (C:\Users\Devops3\Documents\Projects\feetflight\node_modules\ts-node\src\index.ts:1617:30)
    at Module._extensions..js (internal/modules/cjs/loader.js:1114:10)
    at Object.require.extensions.<computed> [as .ts] (C:\Users\Devops3\Documents\Projects\feetflight\node_modules\ts-node\src\index.ts:1621:12)
    at Module.load (internal/modules/cjs/loader.js:950:32)
    at Function.Module._load (internal/modules/cjs/loader.js:790:12)
    at Module.require (internal/modules/cjs/loader.js:974:19)
2023-04-17 17:09:05 error: uncaughtException: тип Unable to compile TypeScript:
[96msrc/services/auth.service.ts[0m:[93m206[0m:[93m37[0m - [91merror[0m[90m TS1109: [0mExpression expected.

[7m206[0m       return { refreshToken, data:  };
[7m   [0m [91m                                    ~[0m

TSError: тип Unable to compile TypeScript:
[96msrc/services/auth.service.ts[0m:[93m206[0m:[93m37[0m - [91merror[0m[90m TS1109: [0mExpression expected.

[7m206[0m       return { refreshToken, data:  };
[7m   [0m [91m                                    ~[0m

    at createTSError (C:\Users\Devops3\Documents\Projects\feetflight\node_modules\ts-node\src\index.ts:859:12)
    at reportTSError (C:\Users\Devops3\Documents\Projects\feetflight\node_modules\ts-node\src\index.ts:863:19)
    at C:\Users\Devops3\Documents\Projects\feetflight\node_modules\ts-node\src\index.ts:1379:34
    at Object.compile (C:\Users\Devops3\Documents\Projects\feetflight\node_modules\ts-node\src\index.ts:1458:13)
    at Module.m._compile (C:\Users\Devops3\Documents\Projects\feetflight\node_modules\ts-node\src\index.ts:1617:30)
    at Module._extensions..js (internal/modules/cjs/loader.js:1114:10)
    at Object.require.extensions.<computed> [as .ts] (C:\Users\Devops3\Documents\Projects\feetflight\node_modules\ts-node\src\index.ts:1621:12)
    at Module.load (internal/modules/cjs/loader.js:950:32)
    at Function.Module._load (internal/modules/cjs/loader.js:790:12)
    at Module.require (internal/modules/cjs/loader.js:974:19)
2023-04-17 17:09:10 error: uncaughtException: тип Unable to compile TypeScript:
[96msrc/services/auth.service.ts[0m:[93m206[0m:[93m46[0m - [91merror[0m[90m TS1003: [0mIdentifier expected.

[7m206[0m       return { refreshToken, data: findUser. };
[7m   [0m [91m                                             ~[0m

TSError: тип Unable to compile TypeScript:
[96msrc/services/auth.service.ts[0m:[93m206[0m:[93m46[0m - [91merror[0m[90m TS1003: [0mIdentifier expected.

[7m206[0m       return { refreshToken, data: findUser. };
[7m   [0m [91m                                             ~[0m

    at createTSError (C:\Users\Devops3\Documents\Projects\feetflight\node_modules\ts-node\src\index.ts:859:12)
    at reportTSError (C:\Users\Devops3\Documents\Projects\feetflight\node_modules\ts-node\src\index.ts:863:19)
    at C:\Users\Devops3\Documents\Projects\feetflight\node_modules\ts-node\src\index.ts:1379:34
    at Object.compile (C:\Users\Devops3\Documents\Projects\feetflight\node_modules\ts-node\src\index.ts:1458:13)
    at Module.m._compile (C:\Users\Devops3\Documents\Projects\feetflight\node_modules\ts-node\src\index.ts:1617:30)
    at Module._extensions..js (internal/modules/cjs/loader.js:1114:10)
    at Object.require.extensions.<computed> [as .ts] (C:\Users\Devops3\Documents\Projects\feetflight\node_modules\ts-node\src\index.ts:1621:12)
    at Module.load (internal/modules/cjs/loader.js:950:32)
    at Function.Module._load (internal/modules/cjs/loader.js:790:12)
    at Module.require (internal/modules/cjs/loader.js:974:19)
2023-04-17 17:09:11 error: uncaughtException: тип Unable to compile TypeScript:
[96msrc/services/auth.service.ts[0m:[93m206[0m:[93m54[0m - [91merror[0m[90m TS1003: [0mIdentifier expected.

[7m206[0m       return { refreshToken, data: findUser.records. };
[7m   [0m [91m                                                     ~[0m

TSError: тип Unable to compile TypeScript:
[96msrc/services/auth.service.ts[0m:[93m206[0m:[93m54[0m - [91merror[0m[90m TS1003: [0mIdentifier expected.

[7m206[0m       return { refreshToken, data: findUser.records. };
[7m   [0m [91m                                                     ~[0m

    at createTSError (C:\Users\Devops3\Documents\Projects\feetflight\node_modules\ts-node\src\index.ts:859:12)
    at reportTSError (C:\Users\Devops3\Documents\Projects\feetflight\node_modules\ts-node\src\index.ts:863:19)
    at C:\Users\Devops3\Documents\Projects\feetflight\node_modules\ts-node\src\index.ts:1379:34
    at Object.compile (C:\Users\Devops3\Documents\Projects\feetflight\node_modules\ts-node\src\index.ts:1458:13)
    at Module.m._compile (C:\Users\Devops3\Documents\Projects\feetflight\node_modules\ts-node\src\index.ts:1617:30)
    at Module._extensions..js (internal/modules/cjs/loader.js:1114:10)
    at Object.require.extensions.<computed> [as .ts] (C:\Users\Devops3\Documents\Projects\feetflight\node_modules\ts-node\src\index.ts:1621:12)
    at Module.load (internal/modules/cjs/loader.js:950:32)
    at Function.Module._load (internal/modules/cjs/loader.js:790:12)
    at Module.require (internal/modules/cjs/loader.js:974:19)
2023-04-17 17:09:27 error: uncaughtException: тип Unable to compile TypeScript:
[96msrc/services/auth.service.ts[0m:[93m206[0m:[93m65[0m - [91merror[0m[90m TS1109: [0mExpression expected.

[7m206[0m       return { refreshToken, data: findUser.records.map(record =) };
[7m   [0m [91m                                                                ~[0m

TSError: тип Unable to compile TypeScript:
[96msrc/services/auth.service.ts[0m:[93m206[0m:[93m65[0m - [91merror[0m[90m TS1109: [0mExpression expected.

[7m206[0m       return { refreshToken, data: findUser.records.map(record =) };
[7m   [0m [91m                                                                ~[0m

    at createTSError (C:\Users\Devops3\Documents\Projects\feetflight\node_modules\ts-node\src\index.ts:859:12)
    at reportTSError (C:\Users\Devops3\Documents\Projects\feetflight\node_modules\ts-node\src\index.ts:863:19)
    at C:\Users\Devops3\Documents\Projects\feetflight\node_modules\ts-node\src\index.ts:1379:34
    at Object.compile (C:\Users\Devops3\Documents\Projects\feetflight\node_modules\ts-node\src\index.ts:1458:13)
    at Module.m._compile (C:\Users\Devops3\Documents\Projects\feetflight\node_modules\ts-node\src\index.ts:1617:30)
    at Module._extensions..js (internal/modules/cjs/loader.js:1114:10)
    at Object.require.extensions.<computed> [as .ts] (C:\Users\Devops3\Documents\Projects\feetflight\node_modules\ts-node\src\index.ts:1621:12)
    at Module.load (internal/modules/cjs/loader.js:950:32)
    at Function.Module._load (internal/modules/cjs/loader.js:790:12)
    at Module.require (internal/modules/cjs/loader.js:974:19)
2023-04-17 17:09:29 error: uncaughtException: тип Unable to compile TypeScript:
[96msrc/services/auth.service.ts[0m:[93m206[0m:[93m67[0m - [91merror[0m[90m TS1109: [0mExpression expected.

[7m206[0m       return { refreshToken, data: findUser.records.map(record => ) };
[7m   [0m [91m                                                                  ~[0m

TSError: тип Unable to compile TypeScript:
[96msrc/services/auth.service.ts[0m:[93m206[0m:[93m67[0m - [91merror[0m[90m TS1109: [0mExpression expected.

[7m206[0m       return { refreshToken, data: findUser.records.map(record => ) };
[7m   [0m [91m                                                                  ~[0m

    at createTSError (C:\Users\Devops3\Documents\Projects\feetflight\node_modules\ts-node\src\index.ts:859:12)
    at reportTSError (C:\Users\Devops3\Documents\Projects\feetflight\node_modules\ts-node\src\index.ts:863:19)
    at C:\Users\Devops3\Documents\Projects\feetflight\node_modules\ts-node\src\index.ts:1379:34
    at Object.compile (C:\Users\Devops3\Documents\Projects\feetflight\node_modules\ts-node\src\index.ts:1458:13)
    at Module.m._compile (C:\Users\Devops3\Documents\Projects\feetflight\node_modules\ts-node\src\index.ts:1617:30)
    at Module._extensions..js (internal/modules/cjs/loader.js:1114:10)
    at Object.require.extensions.<computed> [as .ts] (C:\Users\Devops3\Documents\Projects\feetflight\node_modules\ts-node\src\index.ts:1621:12)
    at Module.load (internal/modules/cjs/loader.js:950:32)
    at Function.Module._load (internal/modules/cjs/loader.js:790:12)
    at Module.require (internal/modules/cjs/loader.js:974:19)
2023-04-17 17:09:44 error: uncaughtException: тип Unable to compile TypeScript:
[96msrc/services/auth.service.ts[0m:[93m206[0m:[93m82[0m - [91merror[0m[90m TS1003: [0mIdentifier expected.

[7m206[0m       return { refreshToken, data: findUser.records.map(record => record.get("u".)) };
[7m   [0m [91m                                                                                 ~[0m

TSError: тип Unable to compile TypeScript:
[96msrc/services/auth.service.ts[0m:[93m206[0m:[93m82[0m - [91merror[0m[90m TS1003: [0mIdentifier expected.

[7m206[0m       return { refreshToken, data: findUser.records.map(record => record.get("u".)) };
[7m   [0m [91m                                                                                 ~[0m

    at createTSError (C:\Users\Devops3\Documents\Projects\feetflight\node_modules\ts-node\src\index.ts:859:12)
    at reportTSError (C:\Users\Devops3\Documents\Projects\feetflight\node_modules\ts-node\src\index.ts:863:19)
    at C:\Users\Devops3\Documents\Projects\feetflight\node_modules\ts-node\src\index.ts:1379:34
    at Object.compile (C:\Users\Devops3\Documents\Projects\feetflight\node_modules\ts-node\src\index.ts:1458:13)
    at Module.m._compile (C:\Users\Devops3\Documents\Projects\feetflight\node_modules\ts-node\src\index.ts:1617:30)
    at Module._extensions..js (internal/modules/cjs/loader.js:1114:10)
    at Object.require.extensions.<computed> [as .ts] (C:\Users\Devops3\Documents\Projects\feetflight\node_modules\ts-node\src\index.ts:1621:12)
    at Module.load (internal/modules/cjs/loader.js:950:32)
    at Function.Module._load (internal/modules/cjs/loader.js:790:12)
    at Module.require (internal/modules/cjs/loader.js:974:19)
