2023-04-25 10:56:39 error: uncaughtException: тип Unable to compile TypeScript:
[96msrc/services/wallet.service.ts[0m:[93m57[0m:[93m35[0m - [91merror[0m[90m TS1003: [0mIdentifier expected.

[7m57[0m       await this.stripe.customers.
[7m  [0m [91m                                  [0m

TSError: тип Unable to compile TypeScript:
[96msrc/services/wallet.service.ts[0m:[93m57[0m:[93m35[0m - [91merror[0m[90m TS1003: [0mIdentifier expected.

[7m57[0m       await this.stripe.customers.
[7m  [0m [91m                                  [0m

    at createTSError (C:\Users\Devops3\Documents\Projects\feetflight\node_modules\ts-node\src\index.ts:859:12)
    at reportTSError (C:\Users\Devops3\Documents\Projects\feetflight\node_modules\ts-node\src\index.ts:863:19)
    at C:\Users\Devops3\Documents\Projects\feetflight\node_modules\ts-node\src\index.ts:1379:34
    at Object.compile (C:\Users\Devops3\Documents\Projects\feetflight\node_modules\ts-node\src\index.ts:1458:13)
    at Module.m._compile (C:\Users\Devops3\Documents\Projects\feetflight\node_modules\ts-node\src\index.ts:1617:30)
    at Module._extensions..js (internal/modules/cjs/loader.js:1114:10)
    at Object.require.extensions.<computed> [as .ts] (C:\Users\Devops3\Documents\Projects\feetflight\node_modules\ts-node\src\index.ts:1621:12)
    at Module.load (internal/modules/cjs/loader.js:950:32)
    at Function.Module._load (internal/modules/cjs/loader.js:790:12)
    at Module.require (internal/modules/cjs/loader.js:974:19)
2023-04-25 10:56:59 error: uncaughtException: тип Unable to compile TypeScript:
[96msrc/services/wallet.service.ts[0m:[93m57[0m:[93m60[0m - [91merror[0m[90m TS1135: [0mArgument expression expected.

[7m57[0m       await this.stripe.customers.updateBalanceTransaction(})
[7m  [0m [91m                                                           ~[0m
[96msrc/services/wallet.service.ts[0m:[93m57[0m:[93m61[0m - [91merror[0m[90m TS1472: [0m'catch' or 'finally' expected.

[7m57[0m       await this.stripe.customers.updateBalanceTransaction(})
[7m  [0m [91m                                                            ~[0m
[96msrc/services/wallet.service.ts[0m:[93m64[0m:[93m7[0m - [91merror[0m[90m TS1068: [0mUnexpected token. A constructor, method, accessor, or property was expected.

[7m64[0m     } finally {
[7m  [0m [91m      ~~~~~~~[0m
[96msrc/services/wallet.service.ts[0m:[93m67[0m:[93m3[0m - [91merror[0m[90m TS1128: [0mDeclaration or statement expected.

[7m67[0m   }
[7m  [0m [91m  ~[0m
[96msrc/services/wallet.service.ts[0m:[93m68[0m:[93m1[0m - [91merror[0m[90m TS1128: [0mDeclaration or statement expected.

[7m68[0m }
[7m  [0m [91m~[0m

TSError: тип Unable to compile TypeScript:
[96msrc/services/wallet.service.ts[0m:[93m57[0m:[93m60[0m - [91merror[0m[90m TS1135: [0mArgument expression expected.

[7m57[0m       await this.stripe.customers.updateBalanceTransaction(})
[7m  [0m [91m                                                           ~[0m
[96msrc/services/wallet.service.ts[0m:[93m57[0m:[93m61[0m - [91merror[0m[90m TS1472: [0m'catch' or 'finally' expected.

[7m57[0m       await this.stripe.customers.updateBalanceTransaction(})
[7m  [0m [91m                                                            ~[0m
[96msrc/services/wallet.service.ts[0m:[93m64[0m:[93m7[0m - [91merror[0m[90m TS1068: [0mUnexpected token. A constructor, method, accessor, or property was expected.

[7m64[0m     } finally {
[7m  [0m [91m      ~~~~~~~[0m
[96msrc/services/wallet.service.ts[0m:[93m67[0m:[93m3[0m - [91merror[0m[90m TS1128: [0mDeclaration or statement expected.

[7m67[0m   }
[7m  [0m [91m  ~[0m
[96msrc/services/wallet.service.ts[0m:[93m68[0m:[93m1[0m - [91merror[0m[90m TS1128: [0mDeclaration or statement expected.

[7m68[0m }
[7m  [0m [91m~[0m

    at createTSError (C:\Users\Devops3\Documents\Projects\feetflight\node_modules\ts-node\src\index.ts:859:12)
    at reportTSError (C:\Users\Devops3\Documents\Projects\feetflight\node_modules\ts-node\src\index.ts:863:19)
    at C:\Users\Devops3\Documents\Projects\feetflight\node_modules\ts-node\src\index.ts:1379:34
    at Object.compile (C:\Users\Devops3\Documents\Projects\feetflight\node_modules\ts-node\src\index.ts:1458:13)
    at Module.m._compile (C:\Users\Devops3\Documents\Projects\feetflight\node_modules\ts-node\src\index.ts:1617:30)
    at Module._extensions..js (internal/modules/cjs/loader.js:1114:10)
    at Object.require.extensions.<computed> [as .ts] (C:\Users\Devops3\Documents\Projects\feetflight\node_modules\ts-node\src\index.ts:1621:12)
    at Module.load (internal/modules/cjs/loader.js:950:32)
    at Function.Module._load (internal/modules/cjs/loader.js:790:12)
    at Module.require (internal/modules/cjs/loader.js:974:19)
2023-04-25 16:53:58 error: uncaughtException: тип Unable to compile TypeScript:
[96msrc/routes/seller.route.ts[0m:[93m17[0m:[93m62[0m - [91merror[0m[90m TS1135: [0mArgument expression expected.

[7m17[0m     this.router.post(`${this.path}/upload/identitycard/:id`, , this.sellerController.uploadIdentityCard);
[7m  [0m [91m                                                             ~[0m

TSError: тип Unable to compile TypeScript:
[96msrc/routes/seller.route.ts[0m:[93m17[0m:[93m62[0m - [91merror[0m[90m TS1135: [0mArgument expression expected.

[7m17[0m     this.router.post(`${this.path}/upload/identitycard/:id`, , this.sellerController.uploadIdentityCard);
[7m  [0m [91m                                                             ~[0m

    at createTSError (C:\Users\Devops3\Documents\Projects\feetflight\node_modules\ts-node\src\index.ts:859:12)
    at reportTSError (C:\Users\Devops3\Documents\Projects\feetflight\node_modules\ts-node\src\index.ts:863:19)
    at C:\Users\Devops3\Documents\Projects\feetflight\node_modules\ts-node\src\index.ts:1379:34
    at Object.compile (C:\Users\Devops3\Documents\Projects\feetflight\node_modules\ts-node\src\index.ts:1458:13)
    at Module.m._compile (C:\Users\Devops3\Documents\Projects\feetflight\node_modules\ts-node\src\index.ts:1617:30)
    at Module._extensions..js (internal/modules/cjs/loader.js:1114:10)
    at Object.require.extensions.<computed> [as .ts] (C:\Users\Devops3\Documents\Projects\feetflight\node_modules\ts-node\src\index.ts:1621:12)
    at Module.load (internal/modules/cjs/loader.js:950:32)
    at Function.Module._load (internal/modules/cjs/loader.js:790:12)
    at Module.require (internal/modules/cjs/loader.js:974:19)
2023-04-25 16:54:07 error: uncaughtException: multer is not defined
ReferenceError: multer is not defined
    at sellerRoute.initializeRoutes (C:\Users\Devops3\Documents\Projects\feetflight\src\routes\seller.route.ts:17:62)
    at new sellerRoute (C:\Users\Devops3\Documents\Projects\feetflight\src\routes\seller.route.ts:11:10)
    at Object.<anonymous> (C:\Users\Devops3\Documents\Projects\feetflight\src\server.ts:12:111)
    at Module._compile (internal/modules/cjs/loader.js:1085:14)
    at Module.m._compile (C:\Users\Devops3\Documents\Projects\feetflight\node_modules\ts-node\src\index.ts:1618:23)
    at Module._extensions..js (internal/modules/cjs/loader.js:1114:10)
    at Object.require.extensions.<computed> [as .ts] (C:\Users\Devops3\Documents\Projects\feetflight\node_modules\ts-node\src\index.ts:1621:12)
    at Module.load (internal/modules/cjs/loader.js:950:32)
    at Function.Module._load (internal/modules/cjs/loader.js:790:12)
    at Function.executeUserEntryPoint [as runMain] (internal/modules/run_main.js:75:12)
2023-04-25 16:54:17 error: uncaughtException: multer is not defined
ReferenceError: multer is not defined
    at sellerRoute.initializeRoutes (C:\Users\Devops3\Documents\Projects\feetflight\src\routes\seller.route.ts:17:62)
    at new sellerRoute (C:\Users\Devops3\Documents\Projects\feetflight\src\routes\seller.route.ts:11:10)
    at Object.<anonymous> (C:\Users\Devops3\Documents\Projects\feetflight\src\server.ts:12:111)
    at Module._compile (internal/modules/cjs/loader.js:1085:14)
    at Module.m._compile (C:\Users\Devops3\Documents\Projects\feetflight\node_modules\ts-node\src\index.ts:1618:23)
    at Module._extensions..js (internal/modules/cjs/loader.js:1114:10)
    at Object.require.extensions.<computed> [as .ts] (C:\Users\Devops3\Documents\Projects\feetflight\node_modules\ts-node\src\index.ts:1621:12)
    at Module.load (internal/modules/cjs/loader.js:950:32)
    at Function.Module._load (internal/modules/cjs/loader.js:790:12)
    at Function.executeUserEntryPoint [as runMain] (internal/modules/run_main.js:75:12)
2023-04-25 16:54:21 error: uncaughtException: multer is not defined
ReferenceError: multer is not defined
    at sellerRoute.initializeRoutes (C:\Users\Devops3\Documents\Projects\feetflight\src\routes\seller.route.ts:18:62)
    at new sellerRoute (C:\Users\Devops3\Documents\Projects\feetflight\src\routes\seller.route.ts:12:10)
    at Object.<anonymous> (C:\Users\Devops3\Documents\Projects\feetflight\src\server.ts:12:111)
    at Module._compile (internal/modules/cjs/loader.js:1085:14)
    at Module.m._compile (C:\Users\Devops3\Documents\Projects\feetflight\node_modules\ts-node\src\index.ts:1618:23)
    at Module._extensions..js (internal/modules/cjs/loader.js:1114:10)
    at Object.require.extensions.<computed> [as .ts] (C:\Users\Devops3\Documents\Projects\feetflight\node_modules\ts-node\src\index.ts:1621:12)
    at Module.load (internal/modules/cjs/loader.js:950:32)
    at Function.Module._load (internal/modules/cjs/loader.js:790:12)
    at Function.executeUserEntryPoint [as runMain] (internal/modules/run_main.js:75:12)
2023-04-25 16:54:26 error: uncaughtException: тип Unable to compile TypeScript:
[96msrc/routes/seller.route.ts[0m:[93m6[0m:[93m1[0m - [91merror[0m[90m TS1005: [0m'=' expected.

[7m6[0m class sellerRoute implements Routes {
[7m [0m [91m~~~~~[0m

TSError: тип Unable to compile TypeScript:
[96msrc/routes/seller.route.ts[0m:[93m6[0m:[93m1[0m - [91merror[0m[90m TS1005: [0m'=' expected.

[7m6[0m class sellerRoute implements Routes {
[7m [0m [91m~~~~~[0m

    at createTSError (C:\Users\Devops3\Documents\Projects\feetflight\node_modules\ts-node\src\index.ts:859:12)
    at reportTSError (C:\Users\Devops3\Documents\Projects\feetflight\node_modules\ts-node\src\index.ts:863:19)
    at C:\Users\Devops3\Documents\Projects\feetflight\node_modules\ts-node\src\index.ts:1379:34
    at Object.compile (C:\Users\Devops3\Documents\Projects\feetflight\node_modules\ts-node\src\index.ts:1458:13)
    at Module.m._compile (C:\Users\Devops3\Documents\Projects\feetflight\node_modules\ts-node\src\index.ts:1617:30)
    at Module._extensions..js (internal/modules/cjs/loader.js:1114:10)
    at Object.require.extensions.<computed> [as .ts] (C:\Users\Devops3\Documents\Projects\feetflight\node_modules\ts-node\src\index.ts:1621:12)
    at Module.load (internal/modules/cjs/loader.js:950:32)
    at Function.Module._load (internal/modules/cjs/loader.js:790:12)
    at Module.require (internal/modules/cjs/loader.js:974:19)
2023-04-25 16:54:33 error: uncaughtException: Cannot find module 'multer'
Require stack:
- C:\Users\Devops3\Documents\Projects\feetflight\src\routes\seller.route.ts
- C:\Users\Devops3\Documents\Projects\feetflight\src\server.ts
Error: Cannot find module 'multer'
Require stack:
- C:\Users\Devops3\Documents\Projects\feetflight\src\routes\seller.route.ts
- C:\Users\Devops3\Documents\Projects\feetflight\src\server.ts
    at Function.Module._resolveFilename (internal/modules/cjs/loader.js:902:15)
    at Function.Module._resolveFilename.sharedData.moduleResolveFilenameHook.installedValue (C:\Users\Devops3\Documents\Projects\feetflight\node_modules\@cspotcode\source-map-support\source-map-support.js:811:30)
    at Function.Module._resolveFilename (C:\Users\Devops3\Documents\Projects\feetflight\node_modules\tsconfig-paths\src\register.ts:115:36)
    at Function.Module._load (internal/modules/cjs/loader.js:746:27)
    at Module.require (internal/modules/cjs/loader.js:974:19)
    at require (internal/modules/cjs/helpers.js:101:18)
    at Object.<anonymous> (C:\Users\Devops3\Documents\Projects\feetflight\src\routes\seller.route.ts:4:1)
    at Module._compile (internal/modules/cjs/loader.js:1085:14)
    at Module.m._compile (C:\Users\Devops3\Documents\Projects\feetflight\node_modules\ts-node\src\index.ts:1618:23)
    at Module._extensions..js (internal/modules/cjs/loader.js:1114:10)
2023-04-25 16:54:41 error: uncaughtException: Cannot find module 'm'
Require stack:
- C:\Users\Devops3\Documents\Projects\feetflight\src\routes\seller.route.ts
- C:\Users\Devops3\Documents\Projects\feetflight\src\server.ts
Error: Cannot find module 'm'
Require stack:
- C:\Users\Devops3\Documents\Projects\feetflight\src\routes\seller.route.ts
- C:\Users\Devops3\Documents\Projects\feetflight\src\server.ts
    at Function.Module._resolveFilename (internal/modules/cjs/loader.js:902:15)
    at Function.Module._resolveFilename.sharedData.moduleResolveFilenameHook.installedValue (C:\Users\Devops3\Documents\Projects\feetflight\node_modules\@cspotcode\source-map-support\source-map-support.js:811:30)
    at Function.Module._resolveFilename (C:\Users\Devops3\Documents\Projects\feetflight\node_modules\tsconfig-paths\src\register.ts:115:36)
    at Function.Module._load (internal/modules/cjs/loader.js:746:27)
    at Module.require (internal/modules/cjs/loader.js:974:19)
    at require (internal/modules/cjs/helpers.js:101:18)
    at Object.<anonymous> (C:\Users\Devops3\Documents\Projects\feetflight\src\routes\seller.route.ts:4:1)
    at Module._compile (internal/modules/cjs/loader.js:1085:14)
    at Module.m._compile (C:\Users\Devops3\Documents\Projects\feetflight\node_modules\ts-node\src\index.ts:1618:23)
    at Module._extensions..js (internal/modules/cjs/loader.js:1114:10)
2023-04-25 16:54:44 error: uncaughtException: Cannot find module 'm'
Require stack:
- C:\Users\Devops3\Documents\Projects\feetflight\src\routes\seller.route.ts
- C:\Users\Devops3\Documents\Projects\feetflight\src\server.ts
Error: Cannot find module 'm'
Require stack:
- C:\Users\Devops3\Documents\Projects\feetflight\src\routes\seller.route.ts
- C:\Users\Devops3\Documents\Projects\feetflight\src\server.ts
    at Function.Module._resolveFilename (internal/modules/cjs/loader.js:902:15)
    at Function.Module._resolveFilename.sharedData.moduleResolveFilenameHook.installedValue (C:\Users\Devops3\Documents\Projects\feetflight\node_modules\@cspotcode\source-map-support\source-map-support.js:811:30)
    at Function.Module._resolveFilename (C:\Users\Devops3\Documents\Projects\feetflight\node_modules\tsconfig-paths\src\register.ts:115:36)
    at Function.Module._load (internal/modules/cjs/loader.js:746:27)
    at Module.require (internal/modules/cjs/loader.js:974:19)
    at require (internal/modules/cjs/helpers.js:101:18)
    at Object.<anonymous> (C:\Users\Devops3\Documents\Projects\feetflight\src\routes\seller.route.ts:4:1)
    at Module._compile (internal/modules/cjs/loader.js:1085:14)
    at Module.m._compile (C:\Users\Devops3\Documents\Projects\feetflight\node_modules\ts-node\src\index.ts:1618:23)
    at Module._extensions..js (internal/modules/cjs/loader.js:1114:10)
2023-04-25 16:54:50 error: uncaughtException: Cannot find module 'mu'
Require stack:
- C:\Users\Devops3\Documents\Projects\feetflight\src\routes\seller.route.ts
- C:\Users\Devops3\Documents\Projects\feetflight\src\server.ts
Error: Cannot find module 'mu'
Require stack:
- C:\Users\Devops3\Documents\Projects\feetflight\src\routes\seller.route.ts
- C:\Users\Devops3\Documents\Projects\feetflight\src\server.ts
    at Function.Module._resolveFilename (internal/modules/cjs/loader.js:902:15)
    at Function.Module._resolveFilename.sharedData.moduleResolveFilenameHook.installedValue (C:\Users\Devops3\Documents\Projects\feetflight\node_modules\@cspotcode\source-map-support\source-map-support.js:811:30)
    at Function.Module._resolveFilename (C:\Users\Devops3\Documents\Projects\feetflight\node_modules\tsconfig-paths\src\register.ts:115:36)
    at Function.Module._load (internal/modules/cjs/loader.js:746:27)
    at Module.require (internal/modules/cjs/loader.js:974:19)
    at require (internal/modules/cjs/helpers.js:101:18)
    at Object.<anonymous> (C:\Users\Devops3\Documents\Projects\feetflight\src\routes\seller.route.ts:4:1)
    at Module._compile (internal/modules/cjs/loader.js:1085:14)
    at Module.m._compile (C:\Users\Devops3\Documents\Projects\feetflight\node_modules\ts-node\src\index.ts:1618:23)
    at Module._extensions..js (internal/modules/cjs/loader.js:1114:10)
2023-04-25 16:54:52 error: uncaughtException: The argument 'id' must be a non-empty string. Received ''
TypeError [ERR_INVALID_ARG_VALUE]: The argument 'id' must be a non-empty string. Received ''
    at new NodeError (internal/errors.js:322:7)
    at Module.require (internal/modules/cjs/loader.js:969:11)
    at require (internal/modules/cjs/helpers.js:101:18)
    at Object.<anonymous> (C:\Users\Devops3\Documents\Projects\feetflight\src\routes\seller.route.ts:4:1)
    at Module._compile (internal/modules/cjs/loader.js:1085:14)
    at Module.m._compile (C:\Users\Devops3\Documents\Projects\feetflight\node_modules\ts-node\src\index.ts:1618:23)
    at Module._extensions..js (internal/modules/cjs/loader.js:1114:10)
    at Object.require.extensions.<computed> [as .ts] (C:\Users\Devops3\Documents\Projects\feetflight\node_modules\ts-node\src\index.ts:1621:12)
    at Module.load (internal/modules/cjs/loader.js:950:32)
    at Function.Module._load (internal/modules/cjs/loader.js:790:12)
2023-04-25 16:54:56 error: uncaughtException: multer is not defined
ReferenceError: multer is not defined
    at sellerRoute.initializeRoutes (C:\Users\Devops3\Documents\Projects\feetflight\src\routes\seller.route.ts:18:62)
    at new sellerRoute (C:\Users\Devops3\Documents\Projects\feetflight\src\routes\seller.route.ts:12:10)
    at Object.<anonymous> (C:\Users\Devops3\Documents\Projects\feetflight\src\server.ts:12:111)
    at Module._compile (internal/modules/cjs/loader.js:1085:14)
    at Module.m._compile (C:\Users\Devops3\Documents\Projects\feetflight\node_modules\ts-node\src\index.ts:1618:23)
    at Module._extensions..js (internal/modules/cjs/loader.js:1114:10)
    at Object.require.extensions.<computed> [as .ts] (C:\Users\Devops3\Documents\Projects\feetflight\node_modules\ts-node\src\index.ts:1621:12)
    at Module.load (internal/modules/cjs/loader.js:950:32)
    at Function.Module._load (internal/modules/cjs/loader.js:790:12)
    at Function.executeUserEntryPoint [as runMain] (internal/modules/run_main.js:75:12)
2023-04-25 16:56:20 error: uncaughtException: multer is not defined
ReferenceError: multer is not defined
    at sellerRoute.initializeRoutes (C:\Users\Devops3\Documents\Projects\feetflight\src\routes\seller.route.ts:18:62)
    at new sellerRoute (C:\Users\Devops3\Documents\Projects\feetflight\src\routes\seller.route.ts:12:10)
    at Object.<anonymous> (C:\Users\Devops3\Documents\Projects\feetflight\src\server.ts:12:111)
    at Module._compile (internal/modules/cjs/loader.js:1085:14)
    at Module.m._compile (C:\Users\Devops3\Documents\Projects\feetflight\node_modules\ts-node\src\index.ts:1618:23)
    at Module._extensions..js (internal/modules/cjs/loader.js:1114:10)
    at Object.require.extensions.<computed> [as .ts] (C:\Users\Devops3\Documents\Projects\feetflight\node_modules\ts-node\src\index.ts:1621:12)
    at Module.load (internal/modules/cjs/loader.js:950:32)
    at Function.Module._load (internal/modules/cjs/loader.js:790:12)
    at Function.executeUserEntryPoint [as runMain] (internal/modules/run_main.js:75:12)
2023-04-25 16:56:26 error: uncaughtException: тип Unable to compile TypeScript:
[96msrc/routes/seller.route.ts[0m:[93m6[0m:[93m1[0m - [91merror[0m[90m TS1005: [0m'=' expected.

[7m6[0m class sellerRoute implements Routes {
[7m [0m [91m~~~~~[0m

TSError: тип Unable to compile TypeScript:
[96msrc/routes/seller.route.ts[0m:[93m6[0m:[93m1[0m - [91merror[0m[90m TS1005: [0m'=' expected.

[7m6[0m class sellerRoute implements Routes {
[7m [0m [91m~~~~~[0m

    at createTSError (C:\Users\Devops3\Documents\Projects\feetflight\node_modules\ts-node\src\index.ts:859:12)
    at reportTSError (C:\Users\Devops3\Documents\Projects\feetflight\node_modules\ts-node\src\index.ts:863:19)
    at C:\Users\Devops3\Documents\Projects\feetflight\node_modules\ts-node\src\index.ts:1379:34
    at Object.compile (C:\Users\Devops3\Documents\Projects\feetflight\node_modules\ts-node\src\index.ts:1458:13)
    at Module.m._compile (C:\Users\Devops3\Documents\Projects\feetflight\node_modules\ts-node\src\index.ts:1617:30)
    at Module._extensions..js (internal/modules/cjs/loader.js:1114:10)
    at Object.require.extensions.<computed> [as .ts] (C:\Users\Devops3\Documents\Projects\feetflight\node_modules\ts-node\src\index.ts:1621:12)
    at Module.load (internal/modules/cjs/loader.js:950:32)
    at Function.Module._load (internal/modules/cjs/loader.js:790:12)
    at Module.require (internal/modules/cjs/loader.js:974:19)
2023-04-25 16:56:31 error: uncaughtException: The argument 'id' must be a non-empty string. Received ''
TypeError [ERR_INVALID_ARG_VALUE]: The argument 'id' must be a non-empty string. Received ''
    at new NodeError (internal/errors.js:322:7)
    at Module.require (internal/modules/cjs/loader.js:969:11)
    at require (internal/modules/cjs/helpers.js:101:18)
    at Object.<anonymous> (C:\Users\Devops3\Documents\Projects\feetflight\src\routes\seller.route.ts:4:1)
    at Module._compile (internal/modules/cjs/loader.js:1085:14)
    at Module.m._compile (C:\Users\Devops3\Documents\Projects\feetflight\node_modules\ts-node\src\index.ts:1618:23)
    at Module._extensions..js (internal/modules/cjs/loader.js:1114:10)
    at Object.require.extensions.<computed> [as .ts] (C:\Users\Devops3\Documents\Projects\feetflight\node_modules\ts-node\src\index.ts:1621:12)
    at Module.load (internal/modules/cjs/loader.js:950:32)
    at Function.Module._load (internal/modules/cjs/loader.js:790:12)
2023-04-25 16:56:34 error: uncaughtException: multer_1.default.array is not a function
TypeError: multer_1.default.array is not a function
    at sellerRoute.initializeRoutes (C:\Users\Devops3\Documents\Projects\feetflight\src\routes\seller.route.ts:18:69)
    at new sellerRoute (C:\Users\Devops3\Documents\Projects\feetflight\src\routes\seller.route.ts:12:10)
    at Object.<anonymous> (C:\Users\Devops3\Documents\Projects\feetflight\src\server.ts:12:111)
    at Module._compile (internal/modules/cjs/loader.js:1085:14)
    at Module.m._compile (C:\Users\Devops3\Documents\Projects\feetflight\node_modules\ts-node\src\index.ts:1618:23)
    at Module._extensions..js (internal/modules/cjs/loader.js:1114:10)
    at Object.require.extensions.<computed> [as .ts] (C:\Users\Devops3\Documents\Projects\feetflight\node_modules\ts-node\src\index.ts:1621:12)
    at Module.load (internal/modules/cjs/loader.js:950:32)
    at Function.Module._load (internal/modules/cjs/loader.js:790:12)
    at Function.executeUserEntryPoint [as runMain] (internal/modules/run_main.js:75:12)
2023-04-25 16:56:53 error: uncaughtException: multer is not defined
ReferenceError: multer is not defined
    at sellerRoute.initializeRoutes (C:\Users\Devops3\Documents\Projects\feetflight\src\routes\seller.route.ts:18:62)
    at new sellerRoute (C:\Users\Devops3\Documents\Projects\feetflight\src\routes\seller.route.ts:12:10)
    at Object.<anonymous> (C:\Users\Devops3\Documents\Projects\feetflight\src\server.ts:12:111)
    at Module._compile (internal/modules/cjs/loader.js:1085:14)
    at Module.m._compile (C:\Users\Devops3\Documents\Projects\feetflight\node_modules\ts-node\src\index.ts:1618:23)
    at Module._extensions..js (internal/modules/cjs/loader.js:1114:10)
    at Object.require.extensions.<computed> [as .ts] (C:\Users\Devops3\Documents\Projects\feetflight\node_modules\ts-node\src\index.ts:1621:12)
    at Module.load (internal/modules/cjs/loader.js:950:32)
    at Function.Module._load (internal/modules/cjs/loader.js:790:12)
    at Function.executeUserEntryPoint [as runMain] (internal/modules/run_main.js:75:12)
2023-04-25 16:56:56 error: uncaughtException: multer is not defined
ReferenceError: multer is not defined
    at sellerRoute.initializeRoutes (C:\Users\Devops3\Documents\Projects\feetflight\src\routes\seller.route.ts:18:62)
    at new sellerRoute (C:\Users\Devops3\Documents\Projects\feetflight\src\routes\seller.route.ts:12:10)
    at Object.<anonymous> (C:\Users\Devops3\Documents\Projects\feetflight\src\server.ts:12:111)
    at Module._compile (internal/modules/cjs/loader.js:1085:14)
    at Module.m._compile (C:\Users\Devops3\Documents\Projects\feetflight\node_modules\ts-node\src\index.ts:1618:23)
    at Module._extensions..js (internal/modules/cjs/loader.js:1114:10)
    at Object.require.extensions.<computed> [as .ts] (C:\Users\Devops3\Documents\Projects\feetflight\node_modules\ts-node\src\index.ts:1621:12)
    at Module.load (internal/modules/cjs/loader.js:950:32)
    at Function.Module._load (internal/modules/cjs/loader.js:790:12)
    at Function.executeUserEntryPoint [as runMain] (internal/modules/run_main.js:75:12)
2023-04-25 16:57:11 error: uncaughtException: тип Unable to compile TypeScript:
[96msrc/routes/seller.route.ts[0m:[93m4[0m:[93m14[0m - [91merror[0m[90m TS1005: [0m'=' expected.

[7m4[0m import  from "multer"
[7m [0m [91m             ~~~~~~~~[0m

TSError: тип Unable to compile TypeScript:
[96msrc/routes/seller.route.ts[0m:[93m4[0m:[93m14[0m - [91merror[0m[90m TS1005: [0m'=' expected.

[7m4[0m import  from "multer"
[7m [0m [91m             ~~~~~~~~[0m

    at createTSError (C:\Users\Devops3\Documents\Projects\feetflight\node_modules\ts-node\src\index.ts:859:12)
    at reportTSError (C:\Users\Devops3\Documents\Projects\feetflight\node_modules\ts-node\src\index.ts:863:19)
    at C:\Users\Devops3\Documents\Projects\feetflight\node_modules\ts-node\src\index.ts:1379:34
    at Object.compile (C:\Users\Devops3\Documents\Projects\feetflight\node_modules\ts-node\src\index.ts:1458:13)
    at Module.m._compile (C:\Users\Devops3\Documents\Projects\feetflight\node_modules\ts-node\src\index.ts:1617:30)
    at Module._extensions..js (internal/modules/cjs/loader.js:1114:10)
    at Object.require.extensions.<computed> [as .ts] (C:\Users\Devops3\Documents\Projects\feetflight\node_modules\ts-node\src\index.ts:1621:12)
    at Module.load (internal/modules/cjs/loader.js:950:32)
    at Function.Module._load (internal/modules/cjs/loader.js:790:12)
    at Module.require (internal/modules/cjs/loader.js:974:19)
2023-04-25 16:57:13 error: uncaughtException: multer_1.default.array is not a function
TypeError: multer_1.default.array is not a function
    at sellerRoute.initializeRoutes (C:\Users\Devops3\Documents\Projects\feetflight\src\routes\seller.route.ts:18:69)
    at new sellerRoute (C:\Users\Devops3\Documents\Projects\feetflight\src\routes\seller.route.ts:12:10)
    at Object.<anonymous> (C:\Users\Devops3\Documents\Projects\feetflight\src\server.ts:12:111)
    at Module._compile (internal/modules/cjs/loader.js:1085:14)
    at Module.m._compile (C:\Users\Devops3\Documents\Projects\feetflight\node_modules\ts-node\src\index.ts:1618:23)
    at Module._extensions..js (internal/modules/cjs/loader.js:1114:10)
    at Object.require.extensions.<computed> [as .ts] (C:\Users\Devops3\Documents\Projects\feetflight\node_modules\ts-node\src\index.ts:1621:12)
    at Module.load (internal/modules/cjs/loader.js:950:32)
    at Function.Module._load (internal/modules/cjs/loader.js:790:12)
    at Function.executeUserEntryPoint [as runMain] (internal/modules/run_main.js:75:12)
2023-04-25 16:57:20 error: uncaughtException: multer_1.default.array is not a function
TypeError: multer_1.default.array is not a function
    at sellerRoute.initializeRoutes (C:\Users\Devops3\Documents\Projects\feetflight\src\routes\seller.route.ts:19:69)
    at new sellerRoute (C:\Users\Devops3\Documents\Projects\feetflight\src\routes\seller.route.ts:13:10)
    at Object.<anonymous> (C:\Users\Devops3\Documents\Projects\feetflight\src\server.ts:12:111)
    at Module._compile (internal/modules/cjs/loader.js:1085:14)
    at Module.m._compile (C:\Users\Devops3\Documents\Projects\feetflight\node_modules\ts-node\src\index.ts:1618:23)
    at Module._extensions..js (internal/modules/cjs/loader.js:1114:10)
    at Object.require.extensions.<computed> [as .ts] (C:\Users\Devops3\Documents\Projects\feetflight\node_modules\ts-node\src\index.ts:1621:12)
    at Module.load (internal/modules/cjs/loader.js:950:32)
    at Function.Module._load (internal/modules/cjs/loader.js:790:12)
    at Function.executeUserEntryPoint [as runMain] (internal/modules/run_main.js:75:12)
2023-04-25 16:57:27 error: uncaughtException: тип Unable to compile TypeScript:
[96msrc/routes/seller.route.ts[0m:[93m12[0m:[93m17[0m - [91merror[0m[90m TS1005: [0m';' expected.

[7m12[0m   constructor() {
[7m  [0m [91m                ~[0m
[96msrc/routes/seller.route.ts[0m:[93m16[0m:[93m3[0m - [91merror[0m[90m TS1128: [0mDeclaration or statement expected.

[7m16[0m   private initializeRoutes() {
[7m  [0m [91m  ~~~~~~~[0m
[96msrc/routes/seller.route.ts[0m:[93m16[0m:[93m30[0m - [91merror[0m[90m TS1005: [0m';' expected.

[7m16[0m   private initializeRoutes() {
[7m  [0m [91m                             ~[0m
[96msrc/routes/seller.route.ts[0m:[93m21[0m:[93m1[0m - [91merror[0m[90m TS1128: [0mDeclaration or statement expected.

[7m21[0m }
[7m  [0m [91m~[0m

TSError: тип Unable to compile TypeScript:
[96msrc/routes/seller.route.ts[0m:[93m12[0m:[93m17[0m - [91merror[0m[90m TS1005: [0m';' expected.

[7m12[0m   constructor() {
[7m  [0m [91m                ~[0m
[96msrc/routes/seller.route.ts[0m:[93m16[0m:[93m3[0m - [91merror[0m[90m TS1128: [0mDeclaration or statement expected.

[7m16[0m   private initializeRoutes() {
[7m  [0m [91m  ~~~~~~~[0m
[96msrc/routes/seller.route.ts[0m:[93m16[0m:[93m30[0m - [91merror[0m[90m TS1005: [0m';' expected.

[7m16[0m   private initializeRoutes() {
[7m  [0m [91m                             ~[0m
[96msrc/routes/seller.route.ts[0m:[93m21[0m:[93m1[0m - [91merror[0m[90m TS1128: [0mDeclaration or statement expected.

[7m21[0m }
[7m  [0m [91m~[0m

    at createTSError (C:\Users\Devops3\Documents\Projects\feetflight\node_modules\ts-node\src\index.ts:859:12)
    at reportTSError (C:\Users\Devops3\Documents\Projects\feetflight\node_modules\ts-node\src\index.ts:863:19)
    at C:\Users\Devops3\Documents\Projects\feetflight\node_modules\ts-node\src\index.ts:1379:34
    at Object.compile (C:\Users\Devops3\Documents\Projects\feetflight\node_modules\ts-node\src\index.ts:1458:13)
    at Module.m._compile (C:\Users\Devops3\Documents\Projects\feetflight\node_modules\ts-node\src\index.ts:1617:30)
    at Module._extensions..js (internal/modules/cjs/loader.js:1114:10)
    at Object.require.extensions.<computed> [as .ts] (C:\Users\Devops3\Documents\Projects\feetflight\node_modules\ts-node\src\index.ts:1621:12)
    at Module.load (internal/modules/cjs/loader.js:950:32)
    at Function.Module._load (internal/modules/cjs/loader.js:790:12)
    at Module.require (internal/modules/cjs/loader.js:974:19)
2023-04-25 16:57:32 error: uncaughtException: multer_1.default.upload is not a function
TypeError: multer_1.default.upload is not a function
    at new sellerRoute (C:\Users\Devops3\Documents\Projects\feetflight\src\routes\seller.route.ts:10:26)
    at Object.<anonymous> (C:\Users\Devops3\Documents\Projects\feetflight\src\server.ts:12:111)
    at Module._compile (internal/modules/cjs/loader.js:1085:14)
    at Module.m._compile (C:\Users\Devops3\Documents\Projects\feetflight\node_modules\ts-node\src\index.ts:1618:23)
    at Module._extensions..js (internal/modules/cjs/loader.js:1114:10)
    at Object.require.extensions.<computed> [as .ts] (C:\Users\Devops3\Documents\Projects\feetflight\node_modules\ts-node\src\index.ts:1621:12)
    at Module.load (internal/modules/cjs/loader.js:950:32)
    at Function.Module._load (internal/modules/cjs/loader.js:790:12)
    at Function.executeUserEntryPoint [as runMain] (internal/modules/run_main.js:75:12)
    at phase4 (C:\Users\Devops3\Documents\Projects\feetflight\node_modules\ts-node\src\bin.ts:649:14)
2023-04-25 16:57:44 error: uncaughtException: multer_1.default.array is not a function
TypeError: multer_1.default.array is not a function
    at sellerRoute.initializeRoutes (C:\Users\Devops3\Documents\Projects\feetflight\src\routes\seller.route.ts:19:69)
    at new sellerRoute (C:\Users\Devops3\Documents\Projects\feetflight\src\routes\seller.route.ts:13:10)
    at Object.<anonymous> (C:\Users\Devops3\Documents\Projects\feetflight\src\server.ts:12:111)
    at Module._compile (internal/modules/cjs/loader.js:1085:14)
    at Module.m._compile (C:\Users\Devops3\Documents\Projects\feetflight\node_modules\ts-node\src\index.ts:1618:23)
    at Module._extensions..js (internal/modules/cjs/loader.js:1114:10)
    at Object.require.extensions.<computed> [as .ts] (C:\Users\Devops3\Documents\Projects\feetflight\node_modules\ts-node\src\index.ts:1621:12)
    at Module.load (internal/modules/cjs/loader.js:950:32)
    at Function.Module._load (internal/modules/cjs/loader.js:790:12)
    at Function.executeUserEntryPoint [as runMain] (internal/modules/run_main.js:75:12)
2023-04-25 16:57:47 error: uncaughtException: multer_1.default.array is not a function
TypeError: multer_1.default.array is not a function
    at sellerRoute.initializeRoutes (C:\Users\Devops3\Documents\Projects\feetflight\src\routes\seller.route.ts:19:69)
    at new sellerRoute (C:\Users\Devops3\Documents\Projects\feetflight\src\routes\seller.route.ts:13:10)
    at Object.<anonymous> (C:\Users\Devops3\Documents\Projects\feetflight\src\server.ts:12:111)
    at Module._compile (internal/modules/cjs/loader.js:1085:14)
    at Module.m._compile (C:\Users\Devops3\Documents\Projects\feetflight\node_modules\ts-node\src\index.ts:1618:23)
    at Module._extensions..js (internal/modules/cjs/loader.js:1114:10)
    at Object.require.extensions.<computed> [as .ts] (C:\Users\Devops3\Documents\Projects\feetflight\node_modules\ts-node\src\index.ts:1621:12)
    at Module.load (internal/modules/cjs/loader.js:950:32)
    at Function.Module._load (internal/modules/cjs/loader.js:790:12)
    at Function.executeUserEntryPoint [as runMain] (internal/modules/run_main.js:75:12)
2023-04-25 16:57:51 error: uncaughtException: des is not defined
ReferenceError: des is not defined
    at new sellerRoute (C:\Users\Devops3\Documents\Projects\feetflight\src\routes\seller.route.ts:10:27)
    at Object.<anonymous> (C:\Users\Devops3\Documents\Projects\feetflight\src\server.ts:12:111)
    at Module._compile (internal/modules/cjs/loader.js:1085:14)
    at Module.m._compile (C:\Users\Devops3\Documents\Projects\feetflight\node_modules\ts-node\src\index.ts:1618:23)
    at Module._extensions..js (internal/modules/cjs/loader.js:1114:10)
    at Object.require.extensions.<computed> [as .ts] (C:\Users\Devops3\Documents\Projects\feetflight\node_modules\ts-node\src\index.ts:1621:12)
    at Module.load (internal/modules/cjs/loader.js:950:32)
    at Function.Module._load (internal/modules/cjs/loader.js:790:12)
    at Function.executeUserEntryPoint [as runMain] (internal/modules/run_main.js:75:12)
    at phase4 (C:\Users\Devops3\Documents\Projects\feetflight\node_modules\ts-node\src\bin.ts:649:14)
2023-04-25 16:57:54 error: uncaughtException: multer_1.default.array is not a function
TypeError: multer_1.default.array is not a function
    at sellerRoute.initializeRoutes (C:\Users\Devops3\Documents\Projects\feetflight\src\routes\seller.route.ts:19:69)
    at new sellerRoute (C:\Users\Devops3\Documents\Projects\feetflight\src\routes\seller.route.ts:13:10)
    at Object.<anonymous> (C:\Users\Devops3\Documents\Projects\feetflight\src\server.ts:12:111)
    at Module._compile (internal/modules/cjs/loader.js:1085:14)
    at Module.m._compile (C:\Users\Devops3\Documents\Projects\feetflight\node_modules\ts-node\src\index.ts:1618:23)
    at Module._extensions..js (internal/modules/cjs/loader.js:1114:10)
    at Object.require.extensions.<computed> [as .ts] (C:\Users\Devops3\Documents\Projects\feetflight\node_modules\ts-node\src\index.ts:1621:12)
    at Module.load (internal/modules/cjs/loader.js:950:32)
    at Function.Module._load (internal/modules/cjs/loader.js:790:12)
    at Function.executeUserEntryPoint [as runMain] (internal/modules/run_main.js:75:12)
2023-04-25 16:59:18 error: uncaughtException: upload is not defined
ReferenceError: upload is not defined
    at sellerRoute.initializeRoutes (C:\Users\Devops3\Documents\Projects\feetflight\src\routes\seller.route.ts:19:62)
    at new sellerRoute (C:\Users\Devops3\Documents\Projects\feetflight\src\routes\seller.route.ts:13:10)
    at Object.<anonymous> (C:\Users\Devops3\Documents\Projects\feetflight\src\server.ts:12:111)
    at Module._compile (internal/modules/cjs/loader.js:1085:14)
    at Module.m._compile (C:\Users\Devops3\Documents\Projects\feetflight\node_modules\ts-node\src\index.ts:1618:23)
    at Module._extensions..js (internal/modules/cjs/loader.js:1114:10)
    at Object.require.extensions.<computed> [as .ts] (C:\Users\Devops3\Documents\Projects\feetflight\node_modules\ts-node\src\index.ts:1621:12)
    at Module.load (internal/modules/cjs/loader.js:950:32)
    at Function.Module._load (internal/modules/cjs/loader.js:790:12)
    at Function.executeUserEntryPoint [as runMain] (internal/modules/run_main.js:75:12)
2023-04-25 16:59:30 error: uncaughtException: upload is not defined
ReferenceError: upload is not defined
    at sellerRoute.initializeRoutes (C:\Users\Devops3\Documents\Projects\feetflight\src\routes\seller.route.ts:19:62)
    at new sellerRoute (C:\Users\Devops3\Documents\Projects\feetflight\src\routes\seller.route.ts:13:10)
    at Object.<anonymous> (C:\Users\Devops3\Documents\Projects\feetflight\src\server.ts:12:111)
    at Module._compile (internal/modules/cjs/loader.js:1085:14)
    at Module.m._compile (C:\Users\Devops3\Documents\Projects\feetflight\node_modules\ts-node\src\index.ts:1618:23)
    at Module._extensions..js (internal/modules/cjs/loader.js:1114:10)
    at Object.require.extensions.<computed> [as .ts] (C:\Users\Devops3\Documents\Projects\feetflight\node_modules\ts-node\src\index.ts:1621:12)
    at Module.load (internal/modules/cjs/loader.js:950:32)
    at Function.Module._load (internal/modules/cjs/loader.js:790:12)
    at Function.executeUserEntryPoint [as runMain] (internal/modules/run_main.js:75:12)
2023-04-25 16:59:36 error: uncaughtException: тип Unable to compile TypeScript:
[96msrc/routes/seller.route.ts[0m:[93m10[0m:[93m19[0m - [91merror[0m[90m TS1109: [0mExpression expected.

[7m10[0m   public upload = ;
[7m  [0m [91m                  ~[0m

TSError: тип Unable to compile TypeScript:
[96msrc/routes/seller.route.ts[0m:[93m10[0m:[93m19[0m - [91merror[0m[90m TS1109: [0mExpression expected.

[7m10[0m   public upload = ;
[7m  [0m [91m                  ~[0m

    at createTSError (C:\Users\Devops3\Documents\Projects\feetflight\node_modules\ts-node\src\index.ts:859:12)
    at reportTSError (C:\Users\Devops3\Documents\Projects\feetflight\node_modules\ts-node\src\index.ts:863:19)
    at C:\Users\Devops3\Documents\Projects\feetflight\node_modules\ts-node\src\index.ts:1379:34
    at Object.compile (C:\Users\Devops3\Documents\Projects\feetflight\node_modules\ts-node\src\index.ts:1458:13)
    at Module.m._compile (C:\Users\Devops3\Documents\Projects\feetflight\node_modules\ts-node\src\index.ts:1617:30)
    at Module._extensions..js (internal/modules/cjs/loader.js:1114:10)
    at Object.require.extensions.<computed> [as .ts] (C:\Users\Devops3\Documents\Projects\feetflight\node_modules\ts-node\src\index.ts:1621:12)
    at Module.load (internal/modules/cjs/loader.js:950:32)
    at Function.Module._load (internal/modules/cjs/loader.js:790:12)
    at Module.require (internal/modules/cjs/loader.js:974:19)
2023-04-25 16:59:45 error: uncaughtException: тип Unable to compile TypeScript:
[96msrc/routes/seller.route.ts[0m:[93m10[0m:[93m19[0m - [91merror[0m[90m TS1109: [0mExpression expected.

[7m10[0m   public upload = ;
[7m  [0m [91m                  ~[0m

TSError: тип Unable to compile TypeScript:
[96msrc/routes/seller.route.ts[0m:[93m10[0m:[93m19[0m - [91merror[0m[90m TS1109: [0mExpression expected.

[7m10[0m   public upload = ;
[7m  [0m [91m                  ~[0m

    at createTSError (C:\Users\Devops3\Documents\Projects\feetflight\node_modules\ts-node\src\index.ts:859:12)
    at reportTSError (C:\Users\Devops3\Documents\Projects\feetflight\node_modules\ts-node\src\index.ts:863:19)
    at C:\Users\Devops3\Documents\Projects\feetflight\node_modules\ts-node\src\index.ts:1379:34
    at Object.compile (C:\Users\Devops3\Documents\Projects\feetflight\node_modules\ts-node\src\index.ts:1458:13)
    at Module.m._compile (C:\Users\Devops3\Documents\Projects\feetflight\node_modules\ts-node\src\index.ts:1617:30)
    at Module._extensions..js (internal/modules/cjs/loader.js:1114:10)
    at Object.require.extensions.<computed> [as .ts] (C:\Users\Devops3\Documents\Projects\feetflight\node_modules\ts-node\src\index.ts:1621:12)
    at Module.load (internal/modules/cjs/loader.js:950:32)
    at Function.Module._load (internal/modules/cjs/loader.js:790:12)
    at Module.require (internal/modules/cjs/loader.js:974:19)
2023-04-25 17:00:49 error: uncaughtException: тип Unable to compile TypeScript:
[96msrc/controllers/seller.controller.ts[0m:[93m35[0m:[93m23[0m - [91merror[0m[90m TS1003: [0mIdentifier expected.

[7m35[0m       console.log(req.);
[7m  [0m [91m                      ~[0m

TSError: тип Unable to compile TypeScript:
[96msrc/controllers/seller.controller.ts[0m:[93m35[0m:[93m23[0m - [91merror[0m[90m TS1003: [0mIdentifier expected.

[7m35[0m       console.log(req.);
[7m  [0m [91m                      ~[0m

    at createTSError (C:\Users\Devops3\Documents\Projects\feetflight\node_modules\ts-node\src\index.ts:859:12)
    at reportTSError (C:\Users\Devops3\Documents\Projects\feetflight\node_modules\ts-node\src\index.ts:863:19)
    at C:\Users\Devops3\Documents\Projects\feetflight\node_modules\ts-node\src\index.ts:1379:34
    at Object.compile (C:\Users\Devops3\Documents\Projects\feetflight\node_modules\ts-node\src\index.ts:1458:13)
    at Module.m._compile (C:\Users\Devops3\Documents\Projects\feetflight\node_modules\ts-node\src\index.ts:1617:30)
    at Module._extensions..js (internal/modules/cjs/loader.js:1114:10)
    at Object.require.extensions.<computed> [as .ts] (C:\Users\Devops3\Documents\Projects\feetflight\node_modules\ts-node\src\index.ts:1621:12)
    at Module.load (internal/modules/cjs/loader.js:950:32)
    at Function.Module._load (internal/modules/cjs/loader.js:790:12)
    at Module.require (internal/modules/cjs/loader.js:974:19)
2023-04-25 17:02:44 error: uncaughtException: тип Unable to compile TypeScript:
[96msrc/controllers/seller.controller.ts[0m:[93m35[0m:[93m23[0m - [91merror[0m[90m TS1003: [0mIdentifier expected.

[7m35[0m       console.log(req..files);
[7m  [0m [91m                      ~[0m

TSError: тип Unable to compile TypeScript:
[96msrc/controllers/seller.controller.ts[0m:[93m35[0m:[93m23[0m - [91merror[0m[90m TS1003: [0mIdentifier expected.

[7m35[0m       console.log(req..files);
[7m  [0m [91m                      ~[0m

    at createTSError (C:\Users\Devops3\Documents\Projects\feetflight\node_modules\ts-node\src\index.ts:859:12)
    at reportTSError (C:\Users\Devops3\Documents\Projects\feetflight\node_modules\ts-node\src\index.ts:863:19)
    at C:\Users\Devops3\Documents\Projects\feetflight\node_modules\ts-node\src\index.ts:1379:34
    at Object.compile (C:\Users\Devops3\Documents\Projects\feetflight\node_modules\ts-node\src\index.ts:1458:13)
    at Module.m._compile (C:\Users\Devops3\Documents\Projects\feetflight\node_modules\ts-node\src\index.ts:1617:30)
    at Module._extensions..js (internal/modules/cjs/loader.js:1114:10)
    at Object.require.extensions.<computed> [as .ts] (C:\Users\Devops3\Documents\Projects\feetflight\node_modules\ts-node\src\index.ts:1621:12)
    at Module.load (internal/modules/cjs/loader.js:950:32)
    at Function.Module._load (internal/modules/cjs/loader.js:790:12)
    at Module.require (internal/modules/cjs/loader.js:974:19)
2023-04-25 17:03:10 error: uncaughtException: тип Unable to compile TypeScript:
[96msrc/controllers/seller.controller.ts[0m:[93m35[0m:[93m23[0m - [91merror[0m[90m TS1003: [0mIdentifier expected.

[7m35[0m       console.log(req.);
[7m  [0m [91m                      ~[0m

TSError: тип Unable to compile TypeScript:
[96msrc/controllers/seller.controller.ts[0m:[93m35[0m:[93m23[0m - [91merror[0m[90m TS1003: [0mIdentifier expected.

[7m35[0m       console.log(req.);
[7m  [0m [91m                      ~[0m

    at createTSError (C:\Users\Devops3\Documents\Projects\feetflight\node_modules\ts-node\src\index.ts:859:12)
    at reportTSError (C:\Users\Devops3\Documents\Projects\feetflight\node_modules\ts-node\src\index.ts:863:19)
    at C:\Users\Devops3\Documents\Projects\feetflight\node_modules\ts-node\src\index.ts:1379:34
    at Object.compile (C:\Users\Devops3\Documents\Projects\feetflight\node_modules\ts-node\src\index.ts:1458:13)
    at Module.m._compile (C:\Users\Devops3\Documents\Projects\feetflight\node_modules\ts-node\src\index.ts:1617:30)
    at Module._extensions..js (internal/modules/cjs/loader.js:1114:10)
    at Object.require.extensions.<computed> [as .ts] (C:\Users\Devops3\Documents\Projects\feetflight\node_modules\ts-node\src\index.ts:1621:12)
    at Module.load (internal/modules/cjs/loader.js:950:32)
    at Function.Module._load (internal/modules/cjs/loader.js:790:12)
    at Module.require (internal/modules/cjs/loader.js:974:19)
2023-04-25 17:10:52 error: uncaughtException: тип Unable to compile TypeScript:
[96msrc/services/seller.service.ts[0m:[93m78[0m:[93m36[0m - [91merror[0m[90m TS1003: [0mIdentifier expected.

[7m78[0m       console.log(identityCardData.);
[7m  [0m [91m                                   ~[0m

TSError: тип Unable to compile TypeScript:
[96msrc/services/seller.service.ts[0m:[93m78[0m:[93m36[0m - [91merror[0m[90m TS1003: [0mIdentifier expected.

[7m78[0m       console.log(identityCardData.);
[7m  [0m [91m                                   ~[0m

    at createTSError (C:\Users\Devops3\Documents\Projects\feetflight\node_modules\ts-node\src\index.ts:859:12)
    at reportTSError (C:\Users\Devops3\Documents\Projects\feetflight\node_modules\ts-node\src\index.ts:863:19)
    at C:\Users\Devops3\Documents\Projects\feetflight\node_modules\ts-node\src\index.ts:1379:34
    at Object.compile (C:\Users\Devops3\Documents\Projects\feetflight\node_modules\ts-node\src\index.ts:1458:13)
    at Module.m._compile (C:\Users\Devops3\Documents\Projects\feetflight\node_modules\ts-node\src\index.ts:1617:30)
    at Module._extensions..js (internal/modules/cjs/loader.js:1114:10)
    at Object.require.extensions.<computed> [as .ts] (C:\Users\Devops3\Documents\Projects\feetflight\node_modules\ts-node\src\index.ts:1621:12)
    at Module.load (internal/modules/cjs/loader.js:950:32)
    at Function.Module._load (internal/modules/cjs/loader.js:790:12)
    at Module.require (internal/modules/cjs/loader.js:974:19)
2023-04-25 17:15:04 error: uncaughtException: тип Unable to compile TypeScript:
[96msrc/services/seller.service.ts[0m:[93m96[0m:[93m84[0m - [91merror[0m[90m TS1003: [0mIdentifier expected.

[7m96[0m           this.uploadIdentityCardToDb(data.Location, userId, identityCardData[key].);
[7m  [0m [91m                                                                                   ~[0m

TSError: тип Unable to compile TypeScript:
[96msrc/services/seller.service.ts[0m:[93m96[0m:[93m84[0m - [91merror[0m[90m TS1003: [0mIdentifier expected.

[7m96[0m           this.uploadIdentityCardToDb(data.Location, userId, identityCardData[key].);
[7m  [0m [91m                                                                                   ~[0m

    at createTSError (C:\Users\Devops3\Documents\Projects\feetflight\node_modules\ts-node\src\index.ts:859:12)
    at reportTSError (C:\Users\Devops3\Documents\Projects\feetflight\node_modules\ts-node\src\index.ts:863:19)
    at C:\Users\Devops3\Documents\Projects\feetflight\node_modules\ts-node\src\index.ts:1379:34
    at Object.compile (C:\Users\Devops3\Documents\Projects\feetflight\node_modules\ts-node\src\index.ts:1458:13)
    at Module.m._compile (C:\Users\Devops3\Documents\Projects\feetflight\node_modules\ts-node\src\index.ts:1617:30)
    at Module._extensions..js (internal/modules/cjs/loader.js:1114:10)
    at Object.require.extensions.<computed> [as .ts] (C:\Users\Devops3\Documents\Projects\feetflight\node_modules\ts-node\src\index.ts:1621:12)
    at Module.load (internal/modules/cjs/loader.js:950:32)
    at Function.Module._load (internal/modules/cjs/loader.js:790:12)
    at Module.require (internal/modules/cjs/loader.js:974:19)
2023-04-25 17:15:14 error: uncaughtException: тип Unable to compile TypeScript:
[96msrc/services/seller.service.ts[0m:[93m96[0m:[93m84[0m - [91merror[0m[90m TS1003: [0mIdentifier expected.

[7m96[0m           this.uploadIdentityCardToDb(data.Location, userId, identityCardData[key].);
[7m  [0m [91m                                                                                   ~[0m

TSError: тип Unable to compile TypeScript:
[96msrc/services/seller.service.ts[0m:[93m96[0m:[93m84[0m - [91merror[0m[90m TS1003: [0mIdentifier expected.

[7m96[0m           this.uploadIdentityCardToDb(data.Location, userId, identityCardData[key].);
[7m  [0m [91m                                                                                   ~[0m

    at createTSError (C:\Users\Devops3\Documents\Projects\feetflight\node_modules\ts-node\src\index.ts:859:12)
    at reportTSError (C:\Users\Devops3\Documents\Projects\feetflight\node_modules\ts-node\src\index.ts:863:19)
    at C:\Users\Devops3\Documents\Projects\feetflight\node_modules\ts-node\src\index.ts:1379:34
    at Object.compile (C:\Users\Devops3\Documents\Projects\feetflight\node_modules\ts-node\src\index.ts:1458:13)
    at Module.m._compile (C:\Users\Devops3\Documents\Projects\feetflight\node_modules\ts-node\src\index.ts:1617:30)
    at Module._extensions..js (internal/modules/cjs/loader.js:1114:10)
    at Object.require.extensions.<computed> [as .ts] (C:\Users\Devops3\Documents\Projects\feetflight\node_modules\ts-node\src\index.ts:1621:12)
    at Module.load (internal/modules/cjs/loader.js:950:32)
    at Function.Module._load (internal/modules/cjs/loader.js:790:12)
    at Module.require (internal/modules/cjs/loader.js:974:19)
2023-04-25 17:27:49 error: uncaughtException: тип Unable to compile TypeScript:
[96msrc/services/seller.service.ts[0m:[93m88[0m:[93m17[0m - [91merror[0m[90m TS1005: [0m',' expected.

[7m88[0m           Key: ${} identityCardData[key][0].fieldname,
[7m  [0m [91m                ~[0m
[96msrc/services/seller.service.ts[0m:[93m88[0m:[93m20[0m - [91merror[0m[90m TS1005: [0m',' expected.

[7m88[0m           Key: ${} identityCardData[key][0].fieldname,
[7m  [0m [91m                   ~~~~~~~~~~~~~~~~[0m
[96msrc/services/seller.service.ts[0m:[93m88[0m:[93m36[0m - [91merror[0m[90m TS1005: [0m',' expected.

[7m88[0m           Key: ${} identityCardData[key][0].fieldname,
[7m  [0m [91m                                   ~[0m
[96msrc/services/seller.service.ts[0m:[93m88[0m:[93m41[0m - [91merror[0m[90m TS1005: [0m',' expected.

[7m88[0m           Key: ${} identityCardData[key][0].fieldname,
[7m  [0m [91m                                        ~[0m
[96msrc/services/seller.service.ts[0m:[93m88[0m:[93m42[0m - [91merror[0m[90m TS1181: [0mArray element destructuring pattern expected.

[7m88[0m           Key: ${} identityCardData[key][0].fieldname,
[7m  [0m [91m                                         ~[0m
[96msrc/services/seller.service.ts[0m:[93m88[0m:[93m43[0m - [91merror[0m[90m TS1005: [0m';' expected.

[7m88[0m           Key: ${} identityCardData[key][0].fieldname,
[7m  [0m [91m                                          ~[0m
[96msrc/services/seller.service.ts[0m:[93m88[0m:[93m44[0m - [91merror[0m[90m TS1128: [0mDeclaration or statement expected.

[7m88[0m           Key: ${} identityCardData[key][0].fieldname,
[7m  [0m [91m                                           ~[0m
[96msrc/services/seller.service.ts[0m:[93m89[0m:[93m15[0m - [91merror[0m[90m TS1005: [0m';' expected.

[7m89[0m           Body: identityCardData[key][0].buffer,
[7m  [0m [91m              ~[0m
[96msrc/services/seller.service.ts[0m:[93m90[0m:[93m9[0m - [91merror[0m[90m TS1109: [0mExpression expected.

[7m90[0m         };
[7m  [0m [91m        ~[0m
[96msrc/services/seller.service.ts[0m:[93m97[0m:[93m5[0m - [91merror[0m[90m TS1472: [0m'catch' or 'finally' expected.

[7m97[0m     } catch (error) {
[7m  [0m [91m    ~[0m
[96msrc/services/seller.service.ts[0m:[93m97[0m:[93m7[0m - [91merror[0m[90m TS1005: [0m';' expected.

[7m97[0m     } catch (error) {
[7m  [0m [91m      ~~~~~[0m
[96msrc/services/seller.service.ts[0m:[93m102[0m:[93m3[0m - [91merror[0m[90m TS1128: [0mDeclaration or statement expected.

[7m102[0m   public uploadIdentityCardToDb = async (location: string, userId: string, side: string) => {
[7m   [0m [91m  ~~~~~~[0m
[96msrc/services/seller.service.ts[0m:[93m131[0m:[93m1[0m - [91merror[0m[90m TS1128: [0mDeclaration or statement expected.

[7m131[0m }
[7m   [0m [91m~[0m

TSError: тип Unable to compile TypeScript:
[96msrc/services/seller.service.ts[0m:[93m88[0m:[93m17[0m - [91merror[0m[90m TS1005: [0m',' expected.

[7m88[0m           Key: ${} identityCardData[key][0].fieldname,
[7m  [0m [91m                ~[0m
[96msrc/services/seller.service.ts[0m:[93m88[0m:[93m20[0m - [91merror[0m[90m TS1005: [0m',' expected.

[7m88[0m           Key: ${} identityCardData[key][0].fieldname,
[7m  [0m [91m                   ~~~~~~~~~~~~~~~~[0m
[96msrc/services/seller.service.ts[0m:[93m88[0m:[93m36[0m - [91merror[0m[90m TS1005: [0m',' expected.

[7m88[0m           Key: ${} identityCardData[key][0].fieldname,
[7m  [0m [91m                                   ~[0m
[96msrc/services/seller.service.ts[0m:[93m88[0m:[93m41[0m - [91merror[0m[90m TS1005: [0m',' expected.

[7m88[0m           Key: ${} identityCardData[key][0].fieldname,
[7m  [0m [91m                                        ~[0m
[96msrc/services/seller.service.ts[0m:[93m88[0m:[93m42[0m - [91merror[0m[90m TS1181: [0mArray element destructuring pattern expected.

[7m88[0m           Key: ${} identityCardData[key][0].fieldname,
[7m  [0m [91m                                         ~[0m
[96msrc/services/seller.service.ts[0m:[93m88[0m:[93m43[0m - [91merror[0m[90m TS1005: [0m';' expected.

[7m88[0m           Key: ${} identityCardData[key][0].fieldname,
[7m  [0m [91m                                          ~[0m
[96msrc/services/seller.service.ts[0m:[93m88[0m:[93m44[0m - [91merror[0m[90m TS1128: [0mDeclaration or statement expected.

[7m88[0m           Key: ${} identityCardData[key][0].fieldname,
[7m  [0m [91m                                           ~[0m
[96msrc/services/seller.service.ts[0m:[93m89[0m:[93m15[0m - [91merror[0m[90m TS1005: [0m';' expected.

[7m89[0m           Body: identityCardData[key][0].buffer,
[7m  [0m [91m              ~[0m
[96msrc/services/seller.service.ts[0m:[93m90[0m:[93m9[0m - [91merror[0m[90m TS1109: [0mExpression expected.

[7m90[0m         };
[7m  [0m [91m        ~[0m
[96msrc/services/seller.service.ts[0m:[93m97[0m:[93m5[0m - [91merror[0m[90m TS1472: [0m'catch' or 'finally' expected.

[7m97[0m     } catch (error) {
[7m  [0m [91m    ~[0m
[96msrc/services/seller.service.ts[0m:[93m97[0m:[93m7[0m - [91merror[0m[90m TS1005: [0m';' expected.

[7m97[0m     } catch (error) {
[7m  [0m [91m      ~~~~~[0m
[96msrc/services/seller.service.ts[0m:[93m102[0m:[93m3[0m - [91merror[0m[90m TS1128: [0mDeclaration or statement expected.

[7m102[0m   public uploadIdentityCardToDb = async (location: string, userId: string, side: string) => {
[7m   [0m [91m  ~~~~~~[0m
[96msrc/services/seller.service.ts[0m:[93m131[0m:[93m1[0m - [91merror[0m[90m TS1128: [0mDeclaration or statement expected.

[7m131[0m }
[7m   [0m [91m~[0m

    at createTSError (C:\Users\Devops3\Documents\Projects\feetflight\node_modules\ts-node\src\index.ts:859:12)
    at reportTSError (C:\Users\Devops3\Documents\Projects\feetflight\node_modules\ts-node\src\index.ts:863:19)
    at C:\Users\Devops3\Documents\Projects\feetflight\node_modules\ts-node\src\index.ts:1379:34
    at Object.compile (C:\Users\Devops3\Documents\Projects\feetflight\node_modules\ts-node\src\index.ts:1458:13)
    at Module.m._compile (C:\Users\Devops3\Documents\Projects\feetflight\node_modules\ts-node\src\index.ts:1617:30)
    at Module._extensions..js (internal/modules/cjs/loader.js:1114:10)
    at Object.require.extensions.<computed> [as .ts] (C:\Users\Devops3\Documents\Projects\feetflight\node_modules\ts-node\src\index.ts:1621:12)
    at Module.load (internal/modules/cjs/loader.js:950:32)
    at Function.Module._load (internal/modules/cjs/loader.js:790:12)
    at Module.require (internal/modules/cjs/loader.js:974:19)
2023-04-25 17:27:54 error: uncaughtException: тип Unable to compile TypeScript:
[96msrc/services/seller.service.ts[0m:[93m88[0m:[93m17[0m - [91merror[0m[90m TS1005: [0m',' expected.

[7m88[0m           Key: ${}` identityCardData[key][0].fieldname,
[7m  [0m [91m                ~[0m
[96msrc/services/seller.service.ts[0m:[93m134[0m:[93m1[0m - [91merror[0m[90m TS1160: [0mUnterminated template literal.

[7m134[0m 
[7m   [0m [91m[0m
[96msrc/services/seller.service.ts[0m:[93m88[0m:[93m19[0m - [91merror[0m[90m TS1005: [0m',' expected.

[7m 88[0m           Key: ${}` identityCardData[key][0].fieldname,
[7m   [0m [91m                  ~~~~~~~~~~~~~~~~~~~~~~~~~~~~~~~~~~~~~[0m
[7m 89[0m           Body: identityCardData[key][0].buffer,
[7m   [0m [91m~~~~~~~~~~~~~~~~~~~~~~~~~~~~~~~~~~~~~~~~~~~~~~~~[0m
[7m...[0m 
[7m133[0m export default sellerService;
[7m   [0m [91m~~~~~~~~~~~~~~~~~~~~~~~~~~~~~[0m
[7m134[0m 
[7m   [0m [91m[0m
[96msrc/services/seller.service.ts[0m:[93m134[0m:[93m1[0m - [91merror[0m[90m TS1005: [0m'}' expected.

[7m134[0m 
[7m   [0m [91m[0m

  [96msrc/services/seller.service.ts[0m:[93m78[0m:[93m41[0m
    [7m78[0m       for (let key in identityCardData) {
    [7m  [0m [96m                                        ~[0m
    The parser expected to find a '}' to match the '{' token here.

TSError: тип Unable to compile TypeScript:
[96msrc/services/seller.service.ts[0m:[93m88[0m:[93m17[0m - [91merror[0m[90m TS1005: [0m',' expected.

[7m88[0m           Key: ${}` identityCardData[key][0].fieldname,
[7m  [0m [91m                ~[0m
[96msrc/services/seller.service.ts[0m:[93m134[0m:[93m1[0m - [91merror[0m[90m TS1160: [0mUnterminated template literal.

[7m134[0m 
[7m   [0m [91m[0m
[96msrc/services/seller.service.ts[0m:[93m88[0m:[93m19[0m - [91merror[0m[90m TS1005: [0m',' expected.

[7m 88[0m           Key: ${}` identityCardData[key][0].fieldname,
[7m   [0m [91m                  ~~~~~~~~~~~~~~~~~~~~~~~~~~~~~~~~~~~~~[0m
[7m 89[0m           Body: identityCardData[key][0].buffer,
[7m   [0m [91m~~~~~~~~~~~~~~~~~~~~~~~~~~~~~~~~~~~~~~~~~~~~~~~~[0m
[7m...[0m 
[7m133[0m export default sellerService;
[7m   [0m [91m~~~~~~~~~~~~~~~~~~~~~~~~~~~~~[0m
[7m134[0m 
[7m   [0m [91m[0m
[96msrc/services/seller.service.ts[0m:[93m134[0m:[93m1[0m - [91merror[0m[90m TS1005: [0m'}' expected.

[7m134[0m 
[7m   [0m [91m[0m

  [96msrc/services/seller.service.ts[0m:[93m78[0m:[93m41[0m
    [7m78[0m       for (let key in identityCardData) {
    [7m  [0m [96m                                        ~[0m
    The parser expected to find a '}' to match the '{' token here.

    at createTSError (C:\Users\Devops3\Documents\Projects\feetflight\node_modules\ts-node\src\index.ts:859:12)
    at reportTSError (C:\Users\Devops3\Documents\Projects\feetflight\node_modules\ts-node\src\index.ts:863:19)
    at C:\Users\Devops3\Documents\Projects\feetflight\node_modules\ts-node\src\index.ts:1379:34
    at Object.compile (C:\Users\Devops3\Documents\Projects\feetflight\node_modules\ts-node\src\index.ts:1458:13)
    at Module.m._compile (C:\Users\Devops3\Documents\Projects\feetflight\node_modules\ts-node\src\index.ts:1617:30)
    at Module._extensions..js (internal/modules/cjs/loader.js:1114:10)
    at Object.require.extensions.<computed> [as .ts] (C:\Users\Devops3\Documents\Projects\feetflight\node_modules\ts-node\src\index.ts:1621:12)
    at Module.load (internal/modules/cjs/loader.js:950:32)
    at Function.Module._load (internal/modules/cjs/loader.js:790:12)
    at Module.require (internal/modules/cjs/loader.js:974:19)
2023-04-25 17:27:59 error: uncaughtException: тип Unable to compile TypeScript:
[96msrc/services/seller.service.ts[0m:[93m88[0m:[93m19[0m - [91merror[0m[90m TS1109: [0mExpression expected.

[7m88[0m           Key: `${}` identityCardData[key][0].fieldname,
[7m  [0m [91m                  ~[0m
[96msrc/services/seller.service.ts[0m:[93m88[0m:[93m22[0m - [91merror[0m[90m TS1005: [0m',' expected.

[7m88[0m           Key: `${}` identityCardData[key][0].fieldname,
[7m  [0m [91m                     ~~~~~~~~~~~~~~~~[0m
[96msrc/services/seller.service.ts[0m:[93m88[0m:[93m38[0m - [91merror[0m[90m TS1005: [0m',' expected.

[7m88[0m           Key: `${}` identityCardData[key][0].fieldname,
[7m  [0m [91m                                     ~[0m
[96msrc/services/seller.service.ts[0m:[93m88[0m:[93m43[0m - [91merror[0m[90m TS1005: [0m':' expected.

[7m88[0m           Key: `${}` identityCardData[key][0].fieldname,
[7m  [0m [91m                                          ~[0m

TSError: тип Unable to compile TypeScript:
[96msrc/services/seller.service.ts[0m:[93m88[0m:[93m19[0m - [91merror[0m[90m TS1109: [0mExpression expected.

[7m88[0m           Key: `${}` identityCardData[key][0].fieldname,
[7m  [0m [91m                  ~[0m
[96msrc/services/seller.service.ts[0m:[93m88[0m:[93m22[0m - [91merror[0m[90m TS1005: [0m',' expected.

[7m88[0m           Key: `${}` identityCardData[key][0].fieldname,
[7m  [0m [91m                     ~~~~~~~~~~~~~~~~[0m
[96msrc/services/seller.service.ts[0m:[93m88[0m:[93m38[0m - [91merror[0m[90m TS1005: [0m',' expected.

[7m88[0m           Key: `${}` identityCardData[key][0].fieldname,
[7m  [0m [91m                                     ~[0m
[96msrc/services/seller.service.ts[0m:[93m88[0m:[93m43[0m - [91merror[0m[90m TS1005: [0m':' expected.

[7m88[0m           Key: `${}` identityCardData[key][0].fieldname,
[7m  [0m [91m                                          ~[0m

    at createTSError (C:\Users\Devops3\Documents\Projects\feetflight\node_modules\ts-node\src\index.ts:859:12)
    at reportTSError (C:\Users\Devops3\Documents\Projects\feetflight\node_modules\ts-node\src\index.ts:863:19)
    at C:\Users\Devops3\Documents\Projects\feetflight\node_modules\ts-node\src\index.ts:1379:34
    at Object.compile (C:\Users\Devops3\Documents\Projects\feetflight\node_modules\ts-node\src\index.ts:1458:13)
    at Module.m._compile (C:\Users\Devops3\Documents\Projects\feetflight\node_modules\ts-node\src\index.ts:1617:30)
    at Module._extensions..js (internal/modules/cjs/loader.js:1114:10)
    at Object.require.extensions.<computed> [as .ts] (C:\Users\Devops3\Documents\Projects\feetflight\node_modules\ts-node\src\index.ts:1621:12)
    at Module.load (internal/modules/cjs/loader.js:950:32)
    at Function.Module._load (internal/modules/cjs/loader.js:790:12)
    at Module.require (internal/modules/cjs/loader.js:974:19)
2023-04-25 17:28:06 error: uncaughtException: тип Unable to compile TypeScript:
[96msrc/services/seller.service.ts[0m:[93m88[0m:[93m56[0m - [91merror[0m[90m TS1005: [0m',' expected.

[7m88[0m           Key: `${identityCardData[key][0].fieldname}` identityCardData[key][0].fieldname,
[7m  [0m [91m                                                       ~~~~~~~~~~~~~~~~[0m
[96msrc/services/seller.service.ts[0m:[93m88[0m:[93m72[0m - [91merror[0m[90m TS1005: [0m',' expected.

[7m88[0m           Key: `${identityCardData[key][0].fieldname}` identityCardData[key][0].fieldname,
[7m  [0m [91m                                                                       ~[0m
[96msrc/services/seller.service.ts[0m:[93m88[0m:[93m77[0m - [91merror[0m[90m TS1005: [0m':' expected.

[7m88[0m           Key: `${identityCardData[key][0].fieldname}` identityCardData[key][0].fieldname,
[7m  [0m [91m                                                                            ~[0m

TSError: тип Unable to compile TypeScript:
[96msrc/services/seller.service.ts[0m:[93m88[0m:[93m56[0m - [91merror[0m[90m TS1005: [0m',' expected.

[7m88[0m           Key: `${identityCardData[key][0].fieldname}` identityCardData[key][0].fieldname,
[7m  [0m [91m                                                       ~~~~~~~~~~~~~~~~[0m
[96msrc/services/seller.service.ts[0m:[93m88[0m:[93m72[0m - [91merror[0m[90m TS1005: [0m',' expected.

[7m88[0m           Key: `${identityCardData[key][0].fieldname}` identityCardData[key][0].fieldname,
[7m  [0m [91m                                                                       ~[0m
[96msrc/services/seller.service.ts[0m:[93m88[0m:[93m77[0m - [91merror[0m[90m TS1005: [0m':' expected.

[7m88[0m           Key: `${identityCardData[key][0].fieldname}` identityCardData[key][0].fieldname,
[7m  [0m [91m                                                                            ~[0m

    at createTSError (C:\Users\Devops3\Documents\Projects\feetflight\node_modules\ts-node\src\index.ts:859:12)
    at reportTSError (C:\Users\Devops3\Documents\Projects\feetflight\node_modules\ts-node\src\index.ts:863:19)
    at C:\Users\Devops3\Documents\Projects\feetflight\node_modules\ts-node\src\index.ts:1379:34
    at Object.compile (C:\Users\Devops3\Documents\Projects\feetflight\node_modules\ts-node\src\index.ts:1458:13)
    at Module.m._compile (C:\Users\Devops3\Documents\Projects\feetflight\node_modules\ts-node\src\index.ts:1617:30)
    at Module._extensions..js (internal/modules/cjs/loader.js:1114:10)
    at Object.require.extensions.<computed> [as .ts] (C:\Users\Devops3\Documents\Projects\feetflight\node_modules\ts-node\src\index.ts:1621:12)
    at Module.load (internal/modules/cjs/loader.js:950:32)
    at Function.Module._load (internal/modules/cjs/loader.js:790:12)
    at Module.require (internal/modules/cjs/loader.js:974:19)
2023-04-25 17:28:39 error: uncaughtException: тип Unable to compile TypeScript:
[96msrc/services/seller.service.ts[0m:[93m88[0m:[93m57[0m - [91merror[0m[90m TS1109: [0mExpression expected.

[7m88[0m           Key: `${identityCardData[key][0].fieldname} ${}`,
[7m  [0m [91m                                                        ~[0m

TSError: тип Unable to compile TypeScript:
[96msrc/services/seller.service.ts[0m:[93m88[0m:[93m57[0m - [91merror[0m[90m TS1109: [0mExpression expected.

[7m88[0m           Key: `${identityCardData[key][0].fieldname} ${}`,
[7m  [0m [91m                                                        ~[0m

    at createTSError (C:\Users\Devops3\Documents\Projects\feetflight\node_modules\ts-node\src\index.ts:859:12)
    at reportTSError (C:\Users\Devops3\Documents\Projects\feetflight\node_modules\ts-node\src\index.ts:863:19)
    at C:\Users\Devops3\Documents\Projects\feetflight\node_modules\ts-node\src\index.ts:1379:34
    at Object.compile (C:\Users\Devops3\Documents\Projects\feetflight\node_modules\ts-node\src\index.ts:1458:13)
    at Module.m._compile (C:\Users\Devops3\Documents\Projects\feetflight\node_modules\ts-node\src\index.ts:1617:30)
    at Module._extensions..js (internal/modules/cjs/loader.js:1114:10)
    at Object.require.extensions.<computed> [as .ts] (C:\Users\Devops3\Documents\Projects\feetflight\node_modules\ts-node\src\index.ts:1621:12)
    at Module.load (internal/modules/cjs/loader.js:950:32)
    at Function.Module._load (internal/modules/cjs/loader.js:790:12)
    at Module.require (internal/modules/cjs/loader.js:974:19)
2023-04-25 17:33:13 error: uncaughtException: тип Unable to compile TypeScript:
[96msrc/services/seller.service.ts[0m:[93m89[0m:[93m33[0m - [91merror[0m[90m TS1005: [0m',' expected.

[7m89[0m           Key: {identityCardData[key][0].fieldname},
[7m  [0m [91m                                ~[0m
[96msrc/services/seller.service.ts[0m:[93m89[0m:[93m38[0m - [91merror[0m[90m TS1005: [0m':' expected.

[7m89[0m           Key: {identityCardData[key][0].fieldname},
[7m  [0m [91m                                     ~[0m

TSError: тип Unable to compile TypeScript:
[96msrc/services/seller.service.ts[0m:[93m89[0m:[93m33[0m - [91merror[0m[90m TS1005: [0m',' expected.

[7m89[0m           Key: {identityCardData[key][0].fieldname},
[7m  [0m [91m                                ~[0m
[96msrc/services/seller.service.ts[0m:[93m89[0m:[93m38[0m - [91merror[0m[90m TS1005: [0m':' expected.

[7m89[0m           Key: {identityCardData[key][0].fieldname},
[7m  [0m [91m                                     ~[0m

    at createTSError (C:\Users\Devops3\Documents\Projects\feetflight\node_modules\ts-node\src\index.ts:859:12)
    at reportTSError (C:\Users\Devops3\Documents\Projects\feetflight\node_modules\ts-node\src\index.ts:863:19)
    at C:\Users\Devops3\Documents\Projects\feetflight\node_modules\ts-node\src\index.ts:1379:34
    at Object.compile (C:\Users\Devops3\Documents\Projects\feetflight\node_modules\ts-node\src\index.ts:1458:13)
    at Module.m._compile (C:\Users\Devops3\Documents\Projects\feetflight\node_modules\ts-node\src\index.ts:1617:30)
    at Module._extensions..js (internal/modules/cjs/loader.js:1114:10)
    at Object.require.extensions.<computed> [as .ts] (C:\Users\Devops3\Documents\Projects\feetflight\node_modules\ts-node\src\index.ts:1621:12)
    at Module.load (internal/modules/cjs/loader.js:950:32)
    at Function.Module._load (internal/modules/cjs/loader.js:790:12)
    at Module.require (internal/modules/cjs/loader.js:974:19)
2023-04-25 17:33:19 error: uncaughtException: тип Unable to compile TypeScript:
[96msrc/services/seller.service.ts[0m:[93m89[0m:[93m33[0m - [91merror[0m[90m TS1005: [0m',' expected.

[7m89[0m           Key: {identityCardData[key][0].fieldname}`,
[7m  [0m [91m                                ~[0m
[96msrc/services/seller.service.ts[0m:[93m89[0m:[93m38[0m - [91merror[0m[90m TS1005: [0m':' expected.

[7m89[0m           Key: {identityCardData[key][0].fieldname}`,
[7m  [0m [91m                                     ~[0m
[96msrc/services/seller.service.ts[0m:[93m135[0m:[93m1[0m - [91merror[0m[90m TS1160: [0mUnterminated template literal.

[7m135[0m 
[7m   [0m [91m[0m

TSError: тип Unable to compile TypeScript:
[96msrc/services/seller.service.ts[0m:[93m89[0m:[93m33[0m - [91merror[0m[90m TS1005: [0m',' expected.

[7m89[0m           Key: {identityCardData[key][0].fieldname}`,
[7m  [0m [91m                                ~[0m
[96msrc/services/seller.service.ts[0m:[93m89[0m:[93m38[0m - [91merror[0m[90m TS1005: [0m':' expected.

[7m89[0m           Key: {identityCardData[key][0].fieldname}`,
[7m  [0m [91m                                     ~[0m
[96msrc/services/seller.service.ts[0m:[93m135[0m:[93m1[0m - [91merror[0m[90m TS1160: [0mUnterminated template literal.

[7m135[0m 
[7m   [0m [91m[0m

    at createTSError (C:\Users\Devops3\Documents\Projects\feetflight\node_modules\ts-node\src\index.ts:859:12)
    at reportTSError (C:\Users\Devops3\Documents\Projects\feetflight\node_modules\ts-node\src\index.ts:863:19)
    at C:\Users\Devops3\Documents\Projects\feetflight\node_modules\ts-node\src\index.ts:1379:34
    at Object.compile (C:\Users\Devops3\Documents\Projects\feetflight\node_modules\ts-node\src\index.ts:1458:13)
    at Module.m._compile (C:\Users\Devops3\Documents\Projects\feetflight\node_modules\ts-node\src\index.ts:1617:30)
    at Module._extensions..js (internal/modules/cjs/loader.js:1114:10)
    at Object.require.extensions.<computed> [as .ts] (C:\Users\Devops3\Documents\Projects\feetflight\node_modules\ts-node\src\index.ts:1621:12)
    at Module.load (internal/modules/cjs/loader.js:950:32)
    at Function.Module._load (internal/modules/cjs/loader.js:790:12)
    at Module.require (internal/modules/cjs/loader.js:974:19)
2023-04-25 17:33:34 error: uncaughtException: тип Unable to compile TypeScript:
[96msrc/services/seller.service.ts[0m:[93m89[0m:[93m57[0m - [91merror[0m[90m TS1109: [0mExpression expected.

[7m89[0m           Key: `${identityCardData[key][0].fieldname} ${}`,
[7m  [0m [91m                                                        ~[0m

TSError: тип Unable to compile TypeScript:
[96msrc/services/seller.service.ts[0m:[93m89[0m:[93m57[0m - [91merror[0m[90m TS1109: [0mExpression expected.

[7m89[0m           Key: `${identityCardData[key][0].fieldname} ${}`,
[7m  [0m [91m                                                        ~[0m

    at createTSError (C:\Users\Devops3\Documents\Projects\feetflight\node_modules\ts-node\src\index.ts:859:12)
    at reportTSError (C:\Users\Devops3\Documents\Projects\feetflight\node_modules\ts-node\src\index.ts:863:19)
    at C:\Users\Devops3\Documents\Projects\feetflight\node_modules\ts-node\src\index.ts:1379:34
    at Object.compile (C:\Users\Devops3\Documents\Projects\feetflight\node_modules\ts-node\src\index.ts:1458:13)
    at Module.m._compile (C:\Users\Devops3\Documents\Projects\feetflight\node_modules\ts-node\src\index.ts:1617:30)
    at Module._extensions..js (internal/modules/cjs/loader.js:1114:10)
    at Object.require.extensions.<computed> [as .ts] (C:\Users\Devops3\Documents\Projects\feetflight\node_modules\ts-node\src\index.ts:1621:12)
    at Module.load (internal/modules/cjs/loader.js:950:32)
    at Function.Module._load (internal/modules/cjs/loader.js:790:12)
    at Module.require (internal/modules/cjs/loader.js:974:19)
2023-04-25 17:37:36 error: uncaughtException: тип Unable to compile TypeScript:
[96msrc/services/seller.service.ts[0m:[93m89[0m:[93m108[0m - [91merror[0m[90m TS1003: [0mIdentifier expected.

[7m89[0m           Key: `${identityCardData[key][0].fieldname}identity${userId}.${identityCardData[key][0].mimetype.}`,
[7m  [0m [91m                                                                                                           ~[0m

TSError: тип Unable to compile TypeScript:
[96msrc/services/seller.service.ts[0m:[93m89[0m:[93m108[0m - [91merror[0m[90m TS1003: [0mIdentifier expected.

[7m89[0m           Key: `${identityCardData[key][0].fieldname}identity${userId}.${identityCardData[key][0].mimetype.}`,
[7m  [0m [91m                                                                                                           ~[0m

    at createTSError (C:\Users\Devops3\Documents\Projects\feetflight\node_modules\ts-node\src\index.ts:859:12)
    at reportTSError (C:\Users\Devops3\Documents\Projects\feetflight\node_modules\ts-node\src\index.ts:863:19)
    at C:\Users\Devops3\Documents\Projects\feetflight\node_modules\ts-node\src\index.ts:1379:34
    at Object.compile (C:\Users\Devops3\Documents\Projects\feetflight\node_modules\ts-node\src\index.ts:1458:13)
    at Module.m._compile (C:\Users\Devops3\Documents\Projects\feetflight\node_modules\ts-node\src\index.ts:1617:30)
    at Module._extensions..js (internal/modules/cjs/loader.js:1114:10)
    at Object.require.extensions.<computed> [as .ts] (C:\Users\Devops3\Documents\Projects\feetflight\node_modules\ts-node\src\index.ts:1621:12)
    at Module.load (internal/modules/cjs/loader.js:950:32)
    at Function.Module._load (internal/modules/cjs/loader.js:790:12)
    at Module.require (internal/modules/cjs/loader.js:974:19)
2023-04-25 17:51:33 error: uncaughtException: тип Unable to compile TypeScript:
[96msrc/services/seller.service.ts[0m:[93m97[0m:[93m5[0m - [91merror[0m[90m TS1472: [0m'catch' or 'finally' expected.

[7m97[0m     } catch (error) {
[7m  [0m [91m    ~[0m
[96msrc/services/seller.service.ts[0m:[93m97[0m:[93m7[0m - [91merror[0m[90m TS1005: [0m';' expected.

[7m97[0m     } catch (error) {
[7m  [0m [91m      ~~~~~[0m
[96msrc/services/seller.service.ts[0m:[93m102[0m:[93m3[0m - [91merror[0m[90m TS1128: [0mDeclaration or statement expected.

[7m102[0m   public uploadIdentityCardToDb = async (location: string, userId: string, side: string) => {
[7m   [0m [91m  ~~~~~~[0m
[96msrc/services/seller.service.ts[0m:[93m132[0m:[93m3[0m - [91merror[0m[90m TS1128: [0mDeclaration or statement expected.

[7m132[0m   public uploadIdentityCard = async (identityCardData: any, userId: string) => {
[7m   [0m [91m  ~~~~~~[0m
[96msrc/services/seller.service.ts[0m:[93m159[0m:[93m3[0m - [91merror[0m[90m TS1128: [0mDeclaration or statement expected.

[7m159[0m   public uploadIdentityCardToDb = async (location: string, userId: string, side: string) => {
[7m   [0m [91m  ~~~~~~[0m
[96msrc/services/seller.service.ts[0m:[93m188[0m:[93m1[0m - [91merror[0m[90m TS1128: [0mDeclaration or statement expected.

[7m188[0m }
[7m   [0m [91m~[0m

TSError: тип Unable to compile TypeScript:
[96msrc/services/seller.service.ts[0m:[93m97[0m:[93m5[0m - [91merror[0m[90m TS1472: [0m'catch' or 'finally' expected.

[7m97[0m     } catch (error) {
[7m  [0m [91m    ~[0m
[96msrc/services/seller.service.ts[0m:[93m97[0m:[93m7[0m - [91merror[0m[90m TS1005: [0m';' expected.

[7m97[0m     } catch (error) {
[7m  [0m [91m      ~~~~~[0m
[96msrc/services/seller.service.ts[0m:[93m102[0m:[93m3[0m - [91merror[0m[90m TS1128: [0mDeclaration or statement expected.

[7m102[0m   public uploadIdentityCardToDb = async (location: string, userId: string, side: string) => {
[7m   [0m [91m  ~~~~~~[0m
[96msrc/services/seller.service.ts[0m:[93m132[0m:[93m3[0m - [91merror[0m[90m TS1128: [0mDeclaration or statement expected.

[7m132[0m   public uploadIdentityCard = async (identityCardData: any, userId: string) => {
[7m   [0m [91m  ~~~~~~[0m
[96msrc/services/seller.service.ts[0m:[93m159[0m:[93m3[0m - [91merror[0m[90m TS1128: [0mDeclaration or statement expected.

[7m159[0m   public uploadIdentityCardToDb = async (location: string, userId: string, side: string) => {
[7m   [0m [91m  ~~~~~~[0m
[96msrc/services/seller.service.ts[0m:[93m188[0m:[93m1[0m - [91merror[0m[90m TS1128: [0mDeclaration or statement expected.

[7m188[0m }
[7m   [0m [91m~[0m

    at createTSError (C:\Users\Devops3\Documents\Projects\feetflight\node_modules\ts-node\src\index.ts:859:12)
    at reportTSError (C:\Users\Devops3\Documents\Projects\feetflight\node_modules\ts-node\src\index.ts:863:19)
    at C:\Users\Devops3\Documents\Projects\feetflight\node_modules\ts-node\src\index.ts:1379:34
    at Object.compile (C:\Users\Devops3\Documents\Projects\feetflight\node_modules\ts-node\src\index.ts:1458:13)
    at Module.m._compile (C:\Users\Devops3\Documents\Projects\feetflight\node_modules\ts-node\src\index.ts:1617:30)
    at Module._extensions..js (internal/modules/cjs/loader.js:1114:10)
    at Object.require.extensions.<computed> [as .ts] (C:\Users\Devops3\Documents\Projects\feetflight\node_modules\ts-node\src\index.ts:1621:12)
    at Module.load (internal/modules/cjs/loader.js:950:32)
    at Function.Module._load (internal/modules/cjs/loader.js:790:12)
    at Module.require (internal/modules/cjs/loader.js:974:19)
2023-04-25 17:52:56 error: uncaughtException: тип Unable to compile TypeScript:
[96msrc/services/seller.service.ts[0m:[93m94[0m:[93m14[0m - [91merror[0m[90m TS1003: [0mIdentifier expected.

[7m94[0m         this.(data.Location, userId, avatarData[0].fieldname);
[7m  [0m [91m             ~[0m

TSError: тип Unable to compile TypeScript:
[96msrc/services/seller.service.ts[0m:[93m94[0m:[93m14[0m - [91merror[0m[90m TS1003: [0mIdentifier expected.

[7m94[0m         this.(data.Location, userId, avatarData[0].fieldname);
[7m  [0m [91m             ~[0m

    at createTSError (C:\Users\Devops3\Documents\Projects\feetflight\node_modules\ts-node\src\index.ts:859:12)
    at reportTSError (C:\Users\Devops3\Documents\Projects\feetflight\node_modules\ts-node\src\index.ts:863:19)
    at C:\Users\Devops3\Documents\Projects\feetflight\node_modules\ts-node\src\index.ts:1379:34
    at Object.compile (C:\Users\Devops3\Documents\Projects\feetflight\node_modules\ts-node\src\index.ts:1458:13)
    at Module.m._compile (C:\Users\Devops3\Documents\Projects\feetflight\node_modules\ts-node\src\index.ts:1617:30)
    at Module._extensions..js (internal/modules/cjs/loader.js:1114:10)
    at Object.require.extensions.<computed> [as .ts] (C:\Users\Devops3\Documents\Projects\feetflight\node_modules\ts-node\src\index.ts:1621:12)
    at Module.load (internal/modules/cjs/loader.js:950:32)
    at Function.Module._load (internal/modules/cjs/loader.js:790:12)
    at Module.require (internal/modules/cjs/loader.js:974:19)
2023-04-25 17:53:07 error: uncaughtException: тип Unable to compile TypeScript:
[96msrc/services/seller.service.ts[0m:[93m94[0m:[93m14[0m - [91merror[0m[90m TS1003: [0mIdentifier expected.

[7m94[0m         this.(data.Location, userId, avatarData[0].fieldname);
[7m  [0m [91m             ~[0m

TSError: тип Unable to compile TypeScript:
[96msrc/services/seller.service.ts[0m:[93m94[0m:[93m14[0m - [91merror[0m[90m TS1003: [0mIdentifier expected.

[7m94[0m         this.(data.Location, userId, avatarData[0].fieldname);
[7m  [0m [91m             ~[0m

    at createTSError (C:\Users\Devops3\Documents\Projects\feetflight\node_modules\ts-node\src\index.ts:859:12)
    at reportTSError (C:\Users\Devops3\Documents\Projects\feetflight\node_modules\ts-node\src\index.ts:863:19)
    at C:\Users\Devops3\Documents\Projects\feetflight\node_modules\ts-node\src\index.ts:1379:34
    at Object.compile (C:\Users\Devops3\Documents\Projects\feetflight\node_modules\ts-node\src\index.ts:1458:13)
    at Module.m._compile (C:\Users\Devops3\Documents\Projects\feetflight\node_modules\ts-node\src\index.ts:1617:30)
    at Module._extensions..js (internal/modules/cjs/loader.js:1114:10)
    at Object.require.extensions.<computed> [as .ts] (C:\Users\Devops3\Documents\Projects\feetflight\node_modules\ts-node\src\index.ts:1621:12)
    at Module.load (internal/modules/cjs/loader.js:950:32)
    at Function.Module._load (internal/modules/cjs/loader.js:790:12)
    at Module.require (internal/modules/cjs/loader.js:974:19)
2023-04-25 17:54:34 error: uncaughtException: тип Unable to compile TypeScript:
[96msrc/services/seller.service.ts[0m:[93m111[0m:[93m9[0m - [91merror[0m[90m TS1128: [0mDeclaration or statement expected.

[7m111[0m         case 'backSide':
[7m   [0m [91m        ~~~~[0m
[96msrc/services/seller.service.ts[0m:[93m111[0m:[93m24[0m - [91merror[0m[90m TS1005: [0m';' expected.

[7m111[0m         case 'backSide':
[7m   [0m [91m                       ~[0m
[96msrc/services/seller.service.ts[0m:[93m119[0m:[93m9[0m - [91merror[0m[90m TS1128: [0mDeclaration or statement expected.

[7m119[0m         default:
[7m   [0m [91m        ~~~~~~~[0m
[96msrc/services/seller.service.ts[0m:[93m122[0m:[93m5[0m - [91merror[0m[90m TS1128: [0mDeclaration or statement expected.

[7m122[0m     } catch (error) {
[7m   [0m [91m    ~[0m
[96msrc/services/seller.service.ts[0m:[93m122[0m:[93m7[0m - [91merror[0m[90m TS1005: [0m'try' expected.

[7m122[0m     } catch (error) {
[7m   [0m [91m      ~~~~~[0m
[96msrc/services/seller.service.ts[0m:[93m127[0m:[93m3[0m - [91merror[0m[90m TS1128: [0mDeclaration or statement expected.

[7m127[0m   };
[7m   [0m [91m  ~[0m
[96msrc/services/seller.service.ts[0m:[93m129[0m:[93m3[0m - [91merror[0m[90m TS1128: [0mDeclaration or statement expected.

[7m129[0m   public uploadIdentityCard = async (identityCardData: any, userId: string) => {
[7m   [0m [91m  ~~~~~~[0m
[96msrc/services/seller.service.ts[0m:[93m156[0m:[93m3[0m - [91merror[0m[90m TS1128: [0mDeclaration or statement expected.

[7m156[0m   public uploadIdentityCardToDb = async (location: string, userId: string, side: string) => {
[7m   [0m [91m  ~~~~~~[0m
[96msrc/services/seller.service.ts[0m:[93m185[0m:[93m1[0m - [91merror[0m[90m TS1128: [0mDeclaration or statement expected.

[7m185[0m }
[7m   [0m [91m~[0m

TSError: тип Unable to compile TypeScript:
[96msrc/services/seller.service.ts[0m:[93m111[0m:[93m9[0m - [91merror[0m[90m TS1128: [0mDeclaration or statement expected.

[7m111[0m         case 'backSide':
[7m   [0m [91m        ~~~~[0m
[96msrc/services/seller.service.ts[0m:[93m111[0m:[93m24[0m - [91merror[0m[90m TS1005: [0m';' expected.

[7m111[0m         case 'backSide':
[7m   [0m [91m                       ~[0m
[96msrc/services/seller.service.ts[0m:[93m119[0m:[93m9[0m - [91merror[0m[90m TS1128: [0mDeclaration or statement expected.

[7m119[0m         default:
[7m   [0m [91m        ~~~~~~~[0m
[96msrc/services/seller.service.ts[0m:[93m122[0m:[93m5[0m - [91merror[0m[90m TS1128: [0mDeclaration or statement expected.

[7m122[0m     } catch (error) {
[7m   [0m [91m    ~[0m
[96msrc/services/seller.service.ts[0m:[93m122[0m:[93m7[0m - [91merror[0m[90m TS1005: [0m'try' expected.

[7m122[0m     } catch (error) {
[7m   [0m [91m      ~~~~~[0m
[96msrc/services/seller.service.ts[0m:[93m127[0m:[93m3[0m - [91merror[0m[90m TS1128: [0mDeclaration or statement expected.

[7m127[0m   };
[7m   [0m [91m  ~[0m
[96msrc/services/seller.service.ts[0m:[93m129[0m:[93m3[0m - [91merror[0m[90m TS1128: [0mDeclaration or statement expected.

[7m129[0m   public uploadIdentityCard = async (identityCardData: any, userId: string) => {
[7m   [0m [91m  ~~~~~~[0m
[96msrc/services/seller.service.ts[0m:[93m156[0m:[93m3[0m - [91merror[0m[90m TS1128: [0mDeclaration or statement expected.

[7m156[0m   public uploadIdentityCardToDb = async (location: string, userId: string, side: string) => {
[7m   [0m [91m  ~~~~~~[0m
[96msrc/services/seller.service.ts[0m:[93m185[0m:[93m1[0m - [91merror[0m[90m TS1128: [0mDeclaration or statement expected.

[7m185[0m }
[7m   [0m [91m~[0m

    at createTSError (C:\Users\Devops3\Documents\Projects\feetflight\node_modules\ts-node\src\index.ts:859:12)
    at reportTSError (C:\Users\Devops3\Documents\Projects\feetflight\node_modules\ts-node\src\index.ts:863:19)
    at C:\Users\Devops3\Documents\Projects\feetflight\node_modules\ts-node\src\index.ts:1379:34
    at Object.compile (C:\Users\Devops3\Documents\Projects\feetflight\node_modules\ts-node\src\index.ts:1458:13)
    at Module.m._compile (C:\Users\Devops3\Documents\Projects\feetflight\node_modules\ts-node\src\index.ts:1617:30)
    at Module._extensions..js (internal/modules/cjs/loader.js:1114:10)
    at Object.require.extensions.<computed> [as .ts] (C:\Users\Devops3\Documents\Projects\feetflight\node_modules\ts-node\src\index.ts:1621:12)
    at Module.load (internal/modules/cjs/loader.js:950:32)
    at Function.Module._load (internal/modules/cjs/loader.js:790:12)
    at Module.require (internal/modules/cjs/loader.js:974:19)
2023-04-25 17:54:37 error: uncaughtException: тип Unable to compile TypeScript:
[96msrc/services/seller.service.ts[0m:[93m117[0m:[93m9[0m - [91merror[0m[90m TS1128: [0mDeclaration or statement expected.

[7m117[0m         default:
[7m   [0m [91m        ~~~~~~~[0m
[96msrc/services/seller.service.ts[0m:[93m120[0m:[93m5[0m - [91merror[0m[90m TS1128: [0mDeclaration or statement expected.

[7m120[0m     } catch (error) {
[7m   [0m [91m    ~[0m
[96msrc/services/seller.service.ts[0m:[93m120[0m:[93m7[0m - [91merror[0m[90m TS1005: [0m'try' expected.

[7m120[0m     } catch (error) {
[7m   [0m [91m      ~~~~~[0m
[96msrc/services/seller.service.ts[0m:[93m125[0m:[93m3[0m - [91merror[0m[90m TS1128: [0mDeclaration or statement expected.

[7m125[0m   };
[7m   [0m [91m  ~[0m
[96msrc/services/seller.service.ts[0m:[93m127[0m:[93m3[0m - [91merror[0m[90m TS1128: [0mDeclaration or statement expected.

[7m127[0m   public uploadIdentityCard = async (identityCardData: any, userId: string) => {
[7m   [0m [91m  ~~~~~~[0m
[96msrc/services/seller.service.ts[0m:[93m154[0m:[93m3[0m - [91merror[0m[90m TS1128: [0mDeclaration or statement expected.

[7m154[0m   public uploadIdentityCardToDb = async (location: string, userId: string, side: string) => {
[7m   [0m [91m  ~~~~~~[0m
[96msrc/services/seller.service.ts[0m:[93m183[0m:[93m1[0m - [91merror[0m[90m TS1128: [0mDeclaration or statement expected.

[7m183[0m }
[7m   [0m [91m~[0m

TSError: тип Unable to compile TypeScript:
[96msrc/services/seller.service.ts[0m:[93m117[0m:[93m9[0m - [91merror[0m[90m TS1128: [0mDeclaration or statement expected.

[7m117[0m         default:
[7m   [0m [91m        ~~~~~~~[0m
[96msrc/services/seller.service.ts[0m:[93m120[0m:[93m5[0m - [91merror[0m[90m TS1128: [0mDeclaration or statement expected.

[7m120[0m     } catch (error) {
[7m   [0m [91m    ~[0m
[96msrc/services/seller.service.ts[0m:[93m120[0m:[93m7[0m - [91merror[0m[90m TS1005: [0m'try' expected.

[7m120[0m     } catch (error) {
[7m   [0m [91m      ~~~~~[0m
[96msrc/services/seller.service.ts[0m:[93m125[0m:[93m3[0m - [91merror[0m[90m TS1128: [0mDeclaration or statement expected.

[7m125[0m   };
[7m   [0m [91m  ~[0m
[96msrc/services/seller.service.ts[0m:[93m127[0m:[93m3[0m - [91merror[0m[90m TS1128: [0mDeclaration or statement expected.

[7m127[0m   public uploadIdentityCard = async (identityCardData: any, userId: string) => {
[7m   [0m [91m  ~~~~~~[0m
[96msrc/services/seller.service.ts[0m:[93m154[0m:[93m3[0m - [91merror[0m[90m TS1128: [0mDeclaration or statement expected.

[7m154[0m   public uploadIdentityCardToDb = async (location: string, userId: string, side: string) => {
[7m   [0m [91m  ~~~~~~[0m
[96msrc/services/seller.service.ts[0m:[93m183[0m:[93m1[0m - [91merror[0m[90m TS1128: [0mDeclaration or statement expected.

[7m183[0m }
[7m   [0m [91m~[0m

    at createTSError (C:\Users\Devops3\Documents\Projects\feetflight\node_modules\ts-node\src\index.ts:859:12)
    at reportTSError (C:\Users\Devops3\Documents\Projects\feetflight\node_modules\ts-node\src\index.ts:863:19)
    at C:\Users\Devops3\Documents\Projects\feetflight\node_modules\ts-node\src\index.ts:1379:34
    at Object.compile (C:\Users\Devops3\Documents\Projects\feetflight\node_modules\ts-node\src\index.ts:1458:13)
    at Module.m._compile (C:\Users\Devops3\Documents\Projects\feetflight\node_modules\ts-node\src\index.ts:1617:30)
    at Module._extensions..js (internal/modules/cjs/loader.js:1114:10)
    at Object.require.extensions.<computed> [as .ts] (C:\Users\Devops3\Documents\Projects\feetflight\node_modules\ts-node\src\index.ts:1621:12)
    at Module.load (internal/modules/cjs/loader.js:950:32)
    at Function.Module._load (internal/modules/cjs/loader.js:790:12)
    at Module.require (internal/modules/cjs/loader.js:974:19)
2023-04-25 17:54:41 error: uncaughtException: тип Unable to compile TypeScript:
[96msrc/services/seller.service.ts[0m:[93m117[0m:[93m5[0m - [91merror[0m[90m TS1472: [0m'catch' or 'finally' expected.

[7m117[0m     } catch (error) {
[7m   [0m [91m    ~[0m
[96msrc/services/seller.service.ts[0m:[93m117[0m:[93m7[0m - [91merror[0m[90m TS1005: [0m';' expected.

[7m117[0m     } catch (error) {
[7m   [0m [91m      ~~~~~[0m
[96msrc/services/seller.service.ts[0m:[93m119[0m:[93m7[0m - [91merror[0m[90m TS1068: [0mUnexpected token. A constructor, method, accessor, or property was expected.

[7m119[0m     } finally {
[7m   [0m [91m      ~~~~~~~[0m
[96msrc/services/seller.service.ts[0m:[93m122[0m:[93m3[0m - [91merror[0m[90m TS1128: [0mDeclaration or statement expected.

[7m122[0m   };
[7m   [0m [91m  ~[0m
[96msrc/services/seller.service.ts[0m:[93m124[0m:[93m3[0m - [91merror[0m[90m TS1128: [0mDeclaration or statement expected.

[7m124[0m   public uploadIdentityCard = async (identityCardData: any, userId: string) => {
[7m   [0m [91m  ~~~~~~[0m
[96msrc/services/seller.service.ts[0m:[93m151[0m:[93m3[0m - [91merror[0m[90m TS1128: [0mDeclaration or statement expected.

[7m151[0m   public uploadIdentityCardToDb = async (location: string, userId: string, side: string) => {
[7m   [0m [91m  ~~~~~~[0m
[96msrc/services/seller.service.ts[0m:[93m180[0m:[93m1[0m - [91merror[0m[90m TS1128: [0mDeclaration or statement expected.

[7m180[0m }
[7m   [0m [91m~[0m

TSError: тип Unable to compile TypeScript:
[96msrc/services/seller.service.ts[0m:[93m117[0m:[93m5[0m - [91merror[0m[90m TS1472: [0m'catch' or 'finally' expected.

[7m117[0m     } catch (error) {
[7m   [0m [91m    ~[0m
[96msrc/services/seller.service.ts[0m:[93m117[0m:[93m7[0m - [91merror[0m[90m TS1005: [0m';' expected.

[7m117[0m     } catch (error) {
[7m   [0m [91m      ~~~~~[0m
[96msrc/services/seller.service.ts[0m:[93m119[0m:[93m7[0m - [91merror[0m[90m TS1068: [0mUnexpected token. A constructor, method, accessor, or property was expected.

[7m119[0m     } finally {
[7m   [0m [91m      ~~~~~~~[0m
[96msrc/services/seller.service.ts[0m:[93m122[0m:[93m3[0m - [91merror[0m[90m TS1128: [0mDeclaration or statement expected.

[7m122[0m   };
[7m   [0m [91m  ~[0m
[96msrc/services/seller.service.ts[0m:[93m124[0m:[93m3[0m - [91merror[0m[90m TS1128: [0mDeclaration or statement expected.

[7m124[0m   public uploadIdentityCard = async (identityCardData: any, userId: string) => {
[7m   [0m [91m  ~~~~~~[0m
[96msrc/services/seller.service.ts[0m:[93m151[0m:[93m3[0m - [91merror[0m[90m TS1128: [0mDeclaration or statement expected.

[7m151[0m   public uploadIdentityCardToDb = async (location: string, userId: string, side: string) => {
[7m   [0m [91m  ~~~~~~[0m
[96msrc/services/seller.service.ts[0m:[93m180[0m:[93m1[0m - [91merror[0m[90m TS1128: [0mDeclaration or statement expected.

[7m180[0m }
[7m   [0m [91m~[0m

    at createTSError (C:\Users\Devops3\Documents\Projects\feetflight\node_modules\ts-node\src\index.ts:859:12)
    at reportTSError (C:\Users\Devops3\Documents\Projects\feetflight\node_modules\ts-node\src\index.ts:863:19)
    at C:\Users\Devops3\Documents\Projects\feetflight\node_modules\ts-node\src\index.ts:1379:34
    at Object.compile (C:\Users\Devops3\Documents\Projects\feetflight\node_modules\ts-node\src\index.ts:1458:13)
    at Module.m._compile (C:\Users\Devops3\Documents\Projects\feetflight\node_modules\ts-node\src\index.ts:1617:30)
    at Module._extensions..js (internal/modules/cjs/loader.js:1114:10)
    at Object.require.extensions.<computed> [as .ts] (C:\Users\Devops3\Documents\Projects\feetflight\node_modules\ts-node\src\index.ts:1621:12)
    at Module.load (internal/modules/cjs/loader.js:950:32)
    at Function.Module._load (internal/modules/cjs/loader.js:790:12)
    at Module.require (internal/modules/cjs/loader.js:974:19)
2023-04-25 17:54:46 error: uncaughtException: тип Unable to compile TypeScript:
[96msrc/services/seller.service.ts[0m:[93m111[0m:[93m5[0m - [91merror[0m[90m TS1472: [0m'catch' or 'finally' expected.

[7m111[0m     } catch (error) {
[7m   [0m [91m    ~[0m
[96msrc/services/seller.service.ts[0m:[93m111[0m:[93m7[0m - [91merror[0m[90m TS1005: [0m';' expected.

[7m111[0m     } catch (error) {
[7m   [0m [91m      ~~~~~[0m
[96msrc/services/seller.service.ts[0m:[93m113[0m:[93m7[0m - [91merror[0m[90m TS1068: [0mUnexpected token. A constructor, method, accessor, or property was expected.

[7m113[0m     } finally {
[7m   [0m [91m      ~~~~~~~[0m
[96msrc/services/seller.service.ts[0m:[93m116[0m:[93m3[0m - [91merror[0m[90m TS1128: [0mDeclaration or statement expected.

[7m116[0m   };
[7m   [0m [91m  ~[0m
[96msrc/services/seller.service.ts[0m:[93m118[0m:[93m3[0m - [91merror[0m[90m TS1128: [0mDeclaration or statement expected.

[7m118[0m   public uploadIdentityCard = async (identityCardData: any, userId: string) => {
[7m   [0m [91m  ~~~~~~[0m
[96msrc/services/seller.service.ts[0m:[93m145[0m:[93m3[0m - [91merror[0m[90m TS1128: [0mDeclaration or statement expected.

[7m145[0m   public uploadIdentityCardToDb = async (location: string, userId: string, side: string) => {
[7m   [0m [91m  ~~~~~~[0m
[96msrc/services/seller.service.ts[0m:[93m174[0m:[93m1[0m - [91merror[0m[90m TS1128: [0mDeclaration or statement expected.

[7m174[0m }
[7m   [0m [91m~[0m

TSError: тип Unable to compile TypeScript:
[96msrc/services/seller.service.ts[0m:[93m111[0m:[93m5[0m - [91merror[0m[90m TS1472: [0m'catch' or 'finally' expected.

[7m111[0m     } catch (error) {
[7m   [0m [91m    ~[0m
[96msrc/services/seller.service.ts[0m:[93m111[0m:[93m7[0m - [91merror[0m[90m TS1005: [0m';' expected.

[7m111[0m     } catch (error) {
[7m   [0m [91m      ~~~~~[0m
[96msrc/services/seller.service.ts[0m:[93m113[0m:[93m7[0m - [91merror[0m[90m TS1068: [0mUnexpected token. A constructor, method, accessor, or property was expected.

[7m113[0m     } finally {
[7m   [0m [91m      ~~~~~~~[0m
[96msrc/services/seller.service.ts[0m:[93m116[0m:[93m3[0m - [91merror[0m[90m TS1128: [0mDeclaration or statement expected.

[7m116[0m   };
[7m   [0m [91m  ~[0m
[96msrc/services/seller.service.ts[0m:[93m118[0m:[93m3[0m - [91merror[0m[90m TS1128: [0mDeclaration or statement expected.

[7m118[0m   public uploadIdentityCard = async (identityCardData: any, userId: string) => {
[7m   [0m [91m  ~~~~~~[0m
[96msrc/services/seller.service.ts[0m:[93m145[0m:[93m3[0m - [91merror[0m[90m TS1128: [0mDeclaration or statement expected.

[7m145[0m   public uploadIdentityCardToDb = async (location: string, userId: string, side: string) => {
[7m   [0m [91m  ~~~~~~[0m
[96msrc/services/seller.service.ts[0m:[93m174[0m:[93m1[0m - [91merror[0m[90m TS1128: [0mDeclaration or statement expected.

[7m174[0m }
[7m   [0m [91m~[0m

    at createTSError (C:\Users\Devops3\Documents\Projects\feetflight\node_modules\ts-node\src\index.ts:859:12)
    at reportTSError (C:\Users\Devops3\Documents\Projects\feetflight\node_modules\ts-node\src\index.ts:863:19)
    at C:\Users\Devops3\Documents\Projects\feetflight\node_modules\ts-node\src\index.ts:1379:34
    at Object.compile (C:\Users\Devops3\Documents\Projects\feetflight\node_modules\ts-node\src\index.ts:1458:13)
    at Module.m._compile (C:\Users\Devops3\Documents\Projects\feetflight\node_modules\ts-node\src\index.ts:1617:30)
    at Module._extensions..js (internal/modules/cjs/loader.js:1114:10)
    at Object.require.extensions.<computed> [as .ts] (C:\Users\Devops3\Documents\Projects\feetflight\node_modules\ts-node\src\index.ts:1621:12)
    at Module.load (internal/modules/cjs/loader.js:950:32)
    at Function.Module._load (internal/modules/cjs/loader.js:790:12)
    at Module.require (internal/modules/cjs/loader.js:974:19)
2023-04-25 17:58:02 error: uncaughtException: тип Unable to compile TypeScript:
[96msrc/routes/seller.route.ts[0m:[93m19[0m:[93m65[0m - [91merror[0m[90m TS1003: [0mIdentifier expected.

[7m19[0m     this.router.post(`${this.path}/upload/avatar/:id`, multer()., this.sellerController.uploadIdentityCard);
[7m  [0m [91m                                                                ~[0m

TSError: тип Unable to compile TypeScript:
[96msrc/routes/seller.route.ts[0m:[93m19[0m:[93m65[0m - [91merror[0m[90m TS1003: [0mIdentifier expected.

[7m19[0m     this.router.post(`${this.path}/upload/avatar/:id`, multer()., this.sellerController.uploadIdentityCard);
[7m  [0m [91m                                                                ~[0m

    at createTSError (C:\Users\Devops3\Documents\Projects\feetflight\node_modules\ts-node\src\index.ts:859:12)
    at reportTSError (C:\Users\Devops3\Documents\Projects\feetflight\node_modules\ts-node\src\index.ts:863:19)
    at C:\Users\Devops3\Documents\Projects\feetflight\node_modules\ts-node\src\index.ts:1379:34
    at Object.compile (C:\Users\Devops3\Documents\Projects\feetflight\node_modules\ts-node\src\index.ts:1458:13)
    at Module.m._compile (C:\Users\Devops3\Documents\Projects\feetflight\node_modules\ts-node\src\index.ts:1617:30)
    at Module._extensions..js (internal/modules/cjs/loader.js:1114:10)
    at Object.require.extensions.<computed> [as .ts] (C:\Users\Devops3\Documents\Projects\feetflight\node_modules\ts-node\src\index.ts:1621:12)
    at Module.load (internal/modules/cjs/loader.js:950:32)
    at Function.Module._load (internal/modules/cjs/loader.js:790:12)
    at Module.require (internal/modules/cjs/loader.js:974:19)
2023-04-25 17:58:06 error: uncaughtException: тип Unable to compile TypeScript:
[96msrc/routes/seller.route.ts[0m:[93m19[0m:[93m65[0m - [91merror[0m[90m TS1003: [0mIdentifier expected.

[7m19[0m     this.router.post(`${this.path}/upload/avatar/:id`, multer()., this.sellerController.uploadIdentityCard);
[7m  [0m [91m                                                                ~[0m

TSError: тип Unable to compile TypeScript:
[96msrc/routes/seller.route.ts[0m:[93m19[0m:[93m65[0m - [91merror[0m[90m TS1003: [0mIdentifier expected.

[7m19[0m     this.router.post(`${this.path}/upload/avatar/:id`, multer()., this.sellerController.uploadIdentityCard);
[7m  [0m [91m                                                                ~[0m

    at createTSError (C:\Users\Devops3\Documents\Projects\feetflight\node_modules\ts-node\src\index.ts:859:12)
    at reportTSError (C:\Users\Devops3\Documents\Projects\feetflight\node_modules\ts-node\src\index.ts:863:19)
    at C:\Users\Devops3\Documents\Projects\feetflight\node_modules\ts-node\src\index.ts:1379:34
    at Object.compile (C:\Users\Devops3\Documents\Projects\feetflight\node_modules\ts-node\src\index.ts:1458:13)
    at Module.m._compile (C:\Users\Devops3\Documents\Projects\feetflight\node_modules\ts-node\src\index.ts:1617:30)
    at Module._extensions..js (internal/modules/cjs/loader.js:1114:10)
    at Object.require.extensions.<computed> [as .ts] (C:\Users\Devops3\Documents\Projects\feetflight\node_modules\ts-node\src\index.ts:1621:12)
    at Module.load (internal/modules/cjs/loader.js:950:32)
    at Function.Module._load (internal/modules/cjs/loader.js:790:12)
    at Module.require (internal/modules/cjs/loader.js:974:19)
2023-04-25 17:58:09 error: uncaughtException: тип Unable to compile TypeScript:
[96msrc/routes/seller.route.ts[0m:[93m19[0m:[93m116[0m - [91merror[0m[90m TS1002: [0mUnterminated string literal.

[7m19[0m     this.router.post(`${this.path}/upload/avatar/:id`, multer().single', this.sellerController.uploadIdentityCard);
[7m  [0m [91m                                                                                                                   [0m
[96msrc/routes/seller.route.ts[0m:[93m19[0m:[93m71[0m - [91merror[0m[90m TS1005: [0m',' expected.

[7m19[0m     this.router.post(`${this.path}/upload/avatar/:id`, multer().single', this.sellerController.uploadIdentityCard);
[7m  [0m [91m                                                                      ~~~~~~~~~~~~~~~~~~~~~~~~~~~~~~~~~~~~~~~~~~~~~[0m
[96msrc/routes/seller.route.ts[0m:[93m20[0m:[93m3[0m - [91merror[0m[90m TS1005: [0m',' expected.

[7m20[0m   }
[7m  [0m [91m  ~[0m

TSError: тип Unable to compile TypeScript:
[96msrc/routes/seller.route.ts[0m:[93m19[0m:[93m116[0m - [91merror[0m[90m TS1002: [0mUnterminated string literal.

[7m19[0m     this.router.post(`${this.path}/upload/avatar/:id`, multer().single', this.sellerController.uploadIdentityCard);
[7m  [0m [91m                                                                                                                   [0m
[96msrc/routes/seller.route.ts[0m:[93m19[0m:[93m71[0m - [91merror[0m[90m TS1005: [0m',' expected.

[7m19[0m     this.router.post(`${this.path}/upload/avatar/:id`, multer().single', this.sellerController.uploadIdentityCard);
[7m  [0m [91m                                                                      ~~~~~~~~~~~~~~~~~~~~~~~~~~~~~~~~~~~~~~~~~~~~~[0m
[96msrc/routes/seller.route.ts[0m:[93m20[0m:[93m3[0m - [91merror[0m[90m TS1005: [0m',' expected.

[7m20[0m   }
[7m  [0m [91m  ~[0m

    at createTSError (C:\Users\Devops3\Documents\Projects\feetflight\node_modules\ts-node\src\index.ts:859:12)
    at reportTSError (C:\Users\Devops3\Documents\Projects\feetflight\node_modules\ts-node\src\index.ts:863:19)
    at C:\Users\Devops3\Documents\Projects\feetflight\node_modules\ts-node\src\index.ts:1379:34
    at Object.compile (C:\Users\Devops3\Documents\Projects\feetflight\node_modules\ts-node\src\index.ts:1458:13)
    at Module.m._compile (C:\Users\Devops3\Documents\Projects\feetflight\node_modules\ts-node\src\index.ts:1617:30)
    at Module._extensions..js (internal/modules/cjs/loader.js:1114:10)
    at Object.require.extensions.<computed> [as .ts] (C:\Users\Devops3\Documents\Projects\feetflight\node_modules\ts-node\src\index.ts:1621:12)
    at Module.load (internal/modules/cjs/loader.js:950:32)
    at Function.Module._load (internal/modules/cjs/loader.js:790:12)
    at Module.require (internal/modules/cjs/loader.js:974:19)
2023-04-25 17:58:33 error: uncaughtException: Route.post() requires a callback function but got a [object Undefined]
Error: Route.post() requires a callback function but got a [object Undefined]
    at Route.<computed> [as post] (C:\Users\Devops3\Documents\Projects\feetflight\node_modules\express\lib\router\route.js:211:15)
    at Function.proto.<computed> [as post] (C:\Users\Devops3\Documents\Projects\feetflight\node_modules\express\lib\router\index.js:521:19)
    at sellerRoute.initializeRoutes (C:\Users\Devops3\Documents\Projects\feetflight\src\routes\seller.route.ts:26:17)
    at new sellerRoute (C:\Users\Devops3\Documents\Projects\feetflight\src\routes\seller.route.ts:12:10)
    at Object.<anonymous> (C:\Users\Devops3\Documents\Projects\feetflight\src\server.ts:12:111)
    at Module._compile (internal/modules/cjs/loader.js:1085:14)
    at Module.m._compile (C:\Users\Devops3\Documents\Projects\feetflight\node_modules\ts-node\src\index.ts:1618:23)
    at Module._extensions..js (internal/modules/cjs/loader.js:1114:10)
    at Object.require.extensions.<computed> [as .ts] (C:\Users\Devops3\Documents\Projects\feetflight\node_modules\ts-node\src\index.ts:1621:12)
    at Module.load (internal/modules/cjs/loader.js:950:32)
2023-04-25 17:58:40 error: uncaughtException: Route.post() requires a callback function but got a [object Undefined]
Error: Route.post() requires a callback function but got a [object Undefined]
    at Route.<computed> [as post] (C:\Users\Devops3\Documents\Projects\feetflight\node_modules\express\lib\router\route.js:211:15)
    at Function.proto.<computed> [as post] (C:\Users\Devops3\Documents\Projects\feetflight\node_modules\express\lib\router\index.js:521:19)
    at sellerRoute.initializeRoutes (C:\Users\Devops3\Documents\Projects\feetflight\src\routes\seller.route.ts:26:17)
    at new sellerRoute (C:\Users\Devops3\Documents\Projects\feetflight\src\routes\seller.route.ts:12:10)
    at Object.<anonymous> (C:\Users\Devops3\Documents\Projects\feetflight\src\server.ts:12:111)
    at Module._compile (internal/modules/cjs/loader.js:1085:14)
    at Module.m._compile (C:\Users\Devops3\Documents\Projects\feetflight\node_modules\ts-node\src\index.ts:1618:23)
    at Module._extensions..js (internal/modules/cjs/loader.js:1114:10)
    at Object.require.extensions.<computed> [as .ts] (C:\Users\Devops3\Documents\Projects\feetflight\node_modules\ts-node\src\index.ts:1621:12)
    at Module.load (internal/modules/cjs/loader.js:950:32)
2023-04-25 17:58:55 error: uncaughtException: Route.post() requires a callback function but got a [object Undefined]
Error: Route.post() requires a callback function but got a [object Undefined]
    at Route.<computed> [as post] (C:\Users\Devops3\Documents\Projects\feetflight\node_modules\express\lib\router\route.js:211:15)
    at Function.proto.<computed> [as post] (C:\Users\Devops3\Documents\Projects\feetflight\node_modules\express\lib\router\index.js:521:19)
    at sellerRoute.initializeRoutes (C:\Users\Devops3\Documents\Projects\feetflight\src\routes\seller.route.ts:26:17)
    at new sellerRoute (C:\Users\Devops3\Documents\Projects\feetflight\src\routes\seller.route.ts:12:10)
    at Object.<anonymous> (C:\Users\Devops3\Documents\Projects\feetflight\src\server.ts:12:111)
    at Module._compile (internal/modules/cjs/loader.js:1085:14)
    at Module.m._compile (C:\Users\Devops3\Documents\Projects\feetflight\node_modules\ts-node\src\index.ts:1618:23)
    at Module._extensions..js (internal/modules/cjs/loader.js:1114:10)
    at Object.require.extensions.<computed> [as .ts] (C:\Users\Devops3\Documents\Projects\feetflight\node_modules\ts-node\src\index.ts:1621:12)
    at Module.load (internal/modules/cjs/loader.js:950:32)
2023-04-25 17:58:58 error: uncaughtException: Route.post() requires a callback function but got a [object Undefined]
Error: Route.post() requires a callback function but got a [object Undefined]
    at Route.<computed> [as post] (C:\Users\Devops3\Documents\Projects\feetflight\node_modules\express\lib\router\route.js:211:15)
    at Function.proto.<computed> [as post] (C:\Users\Devops3\Documents\Projects\feetflight\node_modules\express\lib\router\index.js:521:19)
    at sellerRoute.initializeRoutes (C:\Users\Devops3\Documents\Projects\feetflight\src\routes\seller.route.ts:26:17)
    at new sellerRoute (C:\Users\Devops3\Documents\Projects\feetflight\src\routes\seller.route.ts:12:10)
    at Object.<anonymous> (C:\Users\Devops3\Documents\Projects\feetflight\src\server.ts:12:111)
    at Module._compile (internal/modules/cjs/loader.js:1085:14)
    at Module.m._compile (C:\Users\Devops3\Documents\Projects\feetflight\node_modules\ts-node\src\index.ts:1618:23)
    at Module._extensions..js (internal/modules/cjs/loader.js:1114:10)
    at Object.require.extensions.<computed> [as .ts] (C:\Users\Devops3\Documents\Projects\feetflight\node_modules\ts-node\src\index.ts:1621:12)
    at Module.load (internal/modules/cjs/loader.js:950:32)
2023-04-25 18:02:07 error: [POST] /sellers/upload/avatar/cus_NmLXh0ms2IoGSe >> StatusCode:: 500, Message:: Unexpected field
2023-04-25 18:11:11 error: uncaughtException: multer is not defined
ReferenceError: multer is not defined
    at UsersRoute.initializeRoutes (C:\Users\Devops3\Documents\Projects\feetflight\src\routes\users.route.ts:25:30)
    at new UsersRoute (C:\Users\Devops3\Documents\Projects\feetflight\src\routes\users.route.ts:13:10)
    at Object.<anonymous> (C:\Users\Devops3\Documents\Projects\feetflight\src\server.ts:12:40)
    at Module._compile (internal/modules/cjs/loader.js:1085:14)
    at Module.m._compile (C:\Users\Devops3\Documents\Projects\feetflight\node_modules\ts-node\src\index.ts:1618:23)
    at Module._extensions..js (internal/modules/cjs/loader.js:1114:10)
    at Object.require.extensions.<computed> [as .ts] (C:\Users\Devops3\Documents\Projects\feetflight\node_modules\ts-node\src\index.ts:1621:12)
    at Module.load (internal/modules/cjs/loader.js:950:32)
    at Function.Module._load (internal/modules/cjs/loader.js:790:12)
    at Function.executeUserEntryPoint [as runMain] (internal/modules/run_main.js:75:12)
2023-04-25 18:11:18 error: uncaughtException: multer is not defined
ReferenceError: multer is not defined
    at UsersRoute.initializeRoutes (C:\Users\Devops3\Documents\Projects\feetflight\src\routes\users.route.ts:25:30)
    at new UsersRoute (C:\Users\Devops3\Documents\Projects\feetflight\src\routes\users.route.ts:13:10)
    at Object.<anonymous> (C:\Users\Devops3\Documents\Projects\feetflight\src\server.ts:12:40)
    at Module._compile (internal/modules/cjs/loader.js:1085:14)
    at Module.m._compile (C:\Users\Devops3\Documents\Projects\feetflight\node_modules\ts-node\src\index.ts:1618:23)
    at Module._extensions..js (internal/modules/cjs/loader.js:1114:10)
    at Object.require.extensions.<computed> [as .ts] (C:\Users\Devops3\Documents\Projects\feetflight\node_modules\ts-node\src\index.ts:1621:12)
    at Module.load (internal/modules/cjs/loader.js:950:32)
    at Function.Module._load (internal/modules/cjs/loader.js:790:12)
    at Function.executeUserEntryPoint [as runMain] (internal/modules/run_main.js:75:12)
2023-04-25 18:11:31 error: uncaughtException: multer is not defined
ReferenceError: multer is not defined
    at UsersRoute.initializeRoutes (C:\Users\Devops3\Documents\Projects\feetflight\src\routes\users.route.ts:25:30)
    at new UsersRoute (C:\Users\Devops3\Documents\Projects\feetflight\src\routes\users.route.ts:13:10)
    at Object.<anonymous> (C:\Users\Devops3\Documents\Projects\feetflight\src\server.ts:12:40)
    at Module._compile (internal/modules/cjs/loader.js:1085:14)
    at Module.m._compile (C:\Users\Devops3\Documents\Projects\feetflight\node_modules\ts-node\src\index.ts:1618:23)
    at Module._extensions..js (internal/modules/cjs/loader.js:1114:10)
    at Object.require.extensions.<computed> [as .ts] (C:\Users\Devops3\Documents\Projects\feetflight\node_modules\ts-node\src\index.ts:1621:12)
    at Module.load (internal/modules/cjs/loader.js:950:32)
    at Function.Module._load (internal/modules/cjs/loader.js:790:12)
    at Function.executeUserEntryPoint [as runMain] (internal/modules/run_main.js:75:12)
2023-04-25 18:11:40 error: uncaughtException: multer is not defined
ReferenceError: multer is not defined
    at UsersRoute.initializeRoutes (C:\Users\Devops3\Documents\Projects\feetflight\src\routes\users.route.ts:25:30)
    at new UsersRoute (C:\Users\Devops3\Documents\Projects\feetflight\src\routes\users.route.ts:13:10)
    at Object.<anonymous> (C:\Users\Devops3\Documents\Projects\feetflight\src\server.ts:12:40)
    at Module._compile (internal/modules/cjs/loader.js:1085:14)
    at Module.m._compile (C:\Users\Devops3\Documents\Projects\feetflight\node_modules\ts-node\src\index.ts:1618:23)
    at Module._extensions..js (internal/modules/cjs/loader.js:1114:10)
    at Object.require.extensions.<computed> [as .ts] (C:\Users\Devops3\Documents\Projects\feetflight\node_modules\ts-node\src\index.ts:1621:12)
    at Module.load (internal/modules/cjs/loader.js:950:32)
    at Function.Module._load (internal/modules/cjs/loader.js:790:12)
    at Function.executeUserEntryPoint [as runMain] (internal/modules/run_main.js:75:12)
2023-04-25 18:11:46 error: uncaughtException: multer is not defined
ReferenceError: multer is not defined
    at UsersRoute.initializeRoutes (C:\Users\Devops3\Documents\Projects\feetflight\src\routes\users.route.ts:25:30)
    at new UsersRoute (C:\Users\Devops3\Documents\Projects\feetflight\src\routes\users.route.ts:13:10)
    at Object.<anonymous> (C:\Users\Devops3\Documents\Projects\feetflight\src\server.ts:12:40)
    at Module._compile (internal/modules/cjs/loader.js:1085:14)
    at Module.m._compile (C:\Users\Devops3\Documents\Projects\feetflight\node_modules\ts-node\src\index.ts:1618:23)
    at Module._extensions..js (internal/modules/cjs/loader.js:1114:10)
    at Object.require.extensions.<computed> [as .ts] (C:\Users\Devops3\Documents\Projects\feetflight\node_modules\ts-node\src\index.ts:1621:12)
    at Module.load (internal/modules/cjs/loader.js:950:32)
    at Function.Module._load (internal/modules/cjs/loader.js:790:12)
    at Function.executeUserEntryPoint [as runMain] (internal/modules/run_main.js:75:12)
2023-04-25 18:11:53 error: uncaughtException: multer is not defined
ReferenceError: multer is not defined
    at UsersRoute.initializeRoutes (C:\Users\Devops3\Documents\Projects\feetflight\src\routes\users.route.ts:25:30)
    at new UsersRoute (C:\Users\Devops3\Documents\Projects\feetflight\src\routes\users.route.ts:13:10)
    at Object.<anonymous> (C:\Users\Devops3\Documents\Projects\feetflight\src\server.ts:12:40)
    at Module._compile (internal/modules/cjs/loader.js:1085:14)
    at Module.m._compile (C:\Users\Devops3\Documents\Projects\feetflight\node_modules\ts-node\src\index.ts:1618:23)
    at Module._extensions..js (internal/modules/cjs/loader.js:1114:10)
    at Object.require.extensions.<computed> [as .ts] (C:\Users\Devops3\Documents\Projects\feetflight\node_modules\ts-node\src\index.ts:1621:12)
    at Module.load (internal/modules/cjs/loader.js:950:32)
    at Function.Module._load (internal/modules/cjs/loader.js:790:12)
    at Function.executeUserEntryPoint [as runMain] (internal/modules/run_main.js:75:12)
2023-04-25 18:48:29 error: uncaughtException: тип Unable to compile TypeScript:
[96msrc/routes/seller.route.ts[0m:[93m24[0m:[93m7[0m - [91merror[0m[90m TS1005: [0m',' expected.

[7m24[0m       this.sellerController.uploadIdentityCard,
[7m  [0m [91m      ~~~~[0m

TSError: тип Unable to compile TypeScript:
[96msrc/routes/seller.route.ts[0m:[93m24[0m:[93m7[0m - [91merror[0m[90m TS1005: [0m',' expected.

[7m24[0m       this.sellerController.uploadIdentityCard,
[7m  [0m [91m      ~~~~[0m

    at createTSError (C:\Users\Devops3\Documents\Projects\feetflight\node_modules\ts-node\src\index.ts:859:12)
    at reportTSError (C:\Users\Devops3\Documents\Projects\feetflight\node_modules\ts-node\src\index.ts:863:19)
    at C:\Users\Devops3\Documents\Projects\feetflight\node_modules\ts-node\src\index.ts:1379:34
    at Object.compile (C:\Users\Devops3\Documents\Projects\feetflight\node_modules\ts-node\src\index.ts:1458:13)
    at Module.m._compile (C:\Users\Devops3\Documents\Projects\feetflight\node_modules\ts-node\src\index.ts:1617:30)
    at Module._extensions..js (internal/modules/cjs/loader.js:1114:10)
    at Object.require.extensions.<computed> [as .ts] (C:\Users\Devops3\Documents\Projects\feetflight\node_modules\ts-node\src\index.ts:1621:12)
    at Module.load (internal/modules/cjs/loader.js:950:32)
    at Function.Module._load (internal/modules/cjs/loader.js:790:12)
    at Module.require (internal/modules/cjs/loader.js:974:19)
2023-04-25 18:48:34 error: uncaughtException: тип Unable to compile TypeScript:
[96msrc/routes/seller.route.ts[0m:[93m24[0m:[93m7[0m - [91merror[0m[90m TS1005: [0m',' expected.

[7m24[0m       this.sellerController.uploadIdentityCard,
[7m  [0m [91m      ~~~~[0m

TSError: тип Unable to compile TypeScript:
[96msrc/routes/seller.route.ts[0m:[93m24[0m:[93m7[0m - [91merror[0m[90m TS1005: [0m',' expected.

[7m24[0m       this.sellerController.uploadIdentityCard,
[7m  [0m [91m      ~~~~[0m

    at createTSError (C:\Users\Devops3\Documents\Projects\feetflight\node_modules\ts-node\src\index.ts:859:12)
    at reportTSError (C:\Users\Devops3\Documents\Projects\feetflight\node_modules\ts-node\src\index.ts:863:19)
    at C:\Users\Devops3\Documents\Projects\feetflight\node_modules\ts-node\src\index.ts:1379:34
    at Object.compile (C:\Users\Devops3\Documents\Projects\feetflight\node_modules\ts-node\src\index.ts:1458:13)
    at Module.m._compile (C:\Users\Devops3\Documents\Projects\feetflight\node_modules\ts-node\src\index.ts:1617:30)
    at Module._extensions..js (internal/modules/cjs/loader.js:1114:10)
    at Object.require.extensions.<computed> [as .ts] (C:\Users\Devops3\Documents\Projects\feetflight\node_modules\ts-node\src\index.ts:1621:12)
    at Module.load (internal/modules/cjs/loader.js:950:32)
    at Function.Module._load (internal/modules/cjs/loader.js:790:12)
    at Module.require (internal/modules/cjs/loader.js:974:19)
2023-04-25 18:48:38 error: uncaughtException: тип Unable to compile TypeScript:
[96msrc/routes/seller.route.ts[0m:[93m25[0m:[93m7[0m - [91merror[0m[90m TS1005: [0m',' expected.

[7m25[0m       this.sellerController.uploadIdentityCard,
[7m  [0m [91m      ~~~~[0m

TSError: тип Unable to compile TypeScript:
[96msrc/routes/seller.route.ts[0m:[93m25[0m:[93m7[0m - [91merror[0m[90m TS1005: [0m',' expected.

[7m25[0m       this.sellerController.uploadIdentityCard,
[7m  [0m [91m      ~~~~[0m

    at createTSError (C:\Users\Devops3\Documents\Projects\feetflight\node_modules\ts-node\src\index.ts:859:12)
    at reportTSError (C:\Users\Devops3\Documents\Projects\feetflight\node_modules\ts-node\src\index.ts:863:19)
    at C:\Users\Devops3\Documents\Projects\feetflight\node_modules\ts-node\src\index.ts:1379:34
    at Object.compile (C:\Users\Devops3\Documents\Projects\feetflight\node_modules\ts-node\src\index.ts:1458:13)
    at Module.m._compile (C:\Users\Devops3\Documents\Projects\feetflight\node_modules\ts-node\src\index.ts:1617:30)
    at Module._extensions..js (internal/modules/cjs/loader.js:1114:10)
    at Object.require.extensions.<computed> [as .ts] (C:\Users\Devops3\Documents\Projects\feetflight\node_modules\ts-node\src\index.ts:1621:12)
    at Module.load (internal/modules/cjs/loader.js:950:32)
    at Function.Module._load (internal/modules/cjs/loader.js:790:12)
    at Module.require (internal/modules/cjs/loader.js:974:19)
2023-04-25 18:48:41 error: uncaughtException: Route.post() requires a callback function but got a [object Promise]
Error: Route.post() requires a callback function but got a [object Promise]
    at Route.<computed> [as post] (C:\Users\Devops3\Documents\Projects\feetflight\node_modules\express\lib\router\route.js:211:15)
    at Function.proto.<computed> [as post] (C:\Users\Devops3\Documents\Projects\feetflight\node_modules\express\lib\router\index.js:521:19)
    at sellerRoute.initializeRoutes (C:\Users\Devops3\Documents\Projects\feetflight\src\routes\seller.route.ts:19:17)
    at new sellerRoute (C:\Users\Devops3\Documents\Projects\feetflight\src\routes\seller.route.ts:13:10)
    at Object.<anonymous> (C:\Users\Devops3\Documents\Projects\feetflight\src\server.ts:12:111)
    at Module._compile (internal/modules/cjs/loader.js:1085:14)
    at Module.m._compile (C:\Users\Devops3\Documents\Projects\feetflight\node_modules\ts-node\src\index.ts:1618:23)
    at Module._extensions..js (internal/modules/cjs/loader.js:1114:10)
    at Object.require.extensions.<computed> [as .ts] (C:\Users\Devops3\Documents\Projects\feetflight\node_modules\ts-node\src\index.ts:1621:12)
    at Module.load (internal/modules/cjs/loader.js:950:32)
2023-04-25 18:49:17 error: uncaughtException: req is not defined
ReferenceError: req is not defined
    at sellerRoute.initializeRoutes (C:\Users\Devops3\Documents\Projects\feetflight\src\routes\seller.route.ts:24:26)
    at new sellerRoute (C:\Users\Devops3\Documents\Projects\feetflight\src\routes\seller.route.ts:13:10)
    at Object.<anonymous> (C:\Users\Devops3\Documents\Projects\feetflight\src\server.ts:12:111)
    at Module._compile (internal/modules/cjs/loader.js:1085:14)
    at Module.m._compile (C:\Users\Devops3\Documents\Projects\feetflight\node_modules\ts-node\src\index.ts:1618:23)
    at Module._extensions..js (internal/modules/cjs/loader.js:1114:10)
    at Object.require.extensions.<computed> [as .ts] (C:\Users\Devops3\Documents\Projects\feetflight\node_modules\ts-node\src\index.ts:1621:12)
    at Module.load (internal/modules/cjs/loader.js:950:32)
    at Function.Module._load (internal/modules/cjs/loader.js:790:12)
    at Function.executeUserEntryPoint [as runMain] (internal/modules/run_main.js:75:12)
2023-04-25 18:50:35 error: uncaughtException: req is not defined
ReferenceError: req is not defined
    at sellerRoute.initializeRoutes (C:\Users\Devops3\Documents\Projects\feetflight\src\routes\seller.route.ts:24:26)
    at new sellerRoute (C:\Users\Devops3\Documents\Projects\feetflight\src\routes\seller.route.ts:13:10)
    at Object.<anonymous> (C:\Users\Devops3\Documents\Projects\feetflight\src\server.ts:12:111)
    at Module._compile (internal/modules/cjs/loader.js:1085:14)
    at Module.m._compile (C:\Users\Devops3\Documents\Projects\feetflight\node_modules\ts-node\src\index.ts:1618:23)
    at Module._extensions..js (internal/modules/cjs/loader.js:1114:10)
    at Object.require.extensions.<computed> [as .ts] (C:\Users\Devops3\Documents\Projects\feetflight\node_modules\ts-node\src\index.ts:1621:12)
    at Module.load (internal/modules/cjs/loader.js:950:32)
    at Function.Module._load (internal/modules/cjs/loader.js:790:12)
    at Function.executeUserEntryPoint [as runMain] (internal/modules/run_main.js:75:12)
2023-04-25 18:50:41 error: uncaughtException: req is not defined
ReferenceError: req is not defined
    at sellerRoute.initializeRoutes (C:\Users\Devops3\Documents\Projects\feetflight\src\routes\seller.route.ts:24:26)
    at new sellerRoute (C:\Users\Devops3\Documents\Projects\feetflight\src\routes\seller.route.ts:13:10)
    at Object.<anonymous> (C:\Users\Devops3\Documents\Projects\feetflight\src\server.ts:12:111)
    at Module._compile (internal/modules/cjs/loader.js:1085:14)
    at Module.m._compile (C:\Users\Devops3\Documents\Projects\feetflight\node_modules\ts-node\src\index.ts:1618:23)
    at Module._extensions..js (internal/modules/cjs/loader.js:1114:10)
    at Object.require.extensions.<computed> [as .ts] (C:\Users\Devops3\Documents\Projects\feetflight\node_modules\ts-node\src\index.ts:1621:12)
    at Module.load (internal/modules/cjs/loader.js:950:32)
    at Function.Module._load (internal/modules/cjs/loader.js:790:12)
    at Function.executeUserEntryPoint [as runMain] (internal/modules/run_main.js:75:12)
2023-04-25 18:51:21 error: uncaughtException: тип Unable to compile TypeScript:
[96msrc/middlewares/fileValidation.middleware.ts[0m:[93m10[0m:[93m7[0m - [91merror[0m[90m TS1005: [0m'(' expected.

[7m10[0m       console.log(fileData);
[7m  [0m [91m      ~~~~~~~[0m
[96msrc/middlewares/fileValidation.middleware.ts[0m:[93m10[0m:[93m28[0m - [91merror[0m[90m TS1005: [0m')' expected.

[7m10[0m       console.log(fileData);
[7m  [0m [91m                           ~[0m

TSError: тип Unable to compile TypeScript:
[96msrc/middlewares/fileValidation.middleware.ts[0m:[93m10[0m:[93m7[0m - [91merror[0m[90m TS1005: [0m'(' expected.

[7m10[0m       console.log(fileData);
[7m  [0m [91m      ~~~~~~~[0m
[96msrc/middlewares/fileValidation.middleware.ts[0m:[93m10[0m:[93m28[0m - [91merror[0m[90m TS1005: [0m')' expected.

[7m10[0m       console.log(fileData);
[7m  [0m [91m                           ~[0m

    at createTSError (C:\Users\Devops3\Documents\Projects\feetflight\node_modules\ts-node\src\index.ts:859:12)
    at reportTSError (C:\Users\Devops3\Documents\Projects\feetflight\node_modules\ts-node\src\index.ts:863:19)
    at C:\Users\Devops3\Documents\Projects\feetflight\node_modules\ts-node\src\index.ts:1379:34
    at Object.compile (C:\Users\Devops3\Documents\Projects\feetflight\node_modules\ts-node\src\index.ts:1458:13)
    at Module.m._compile (C:\Users\Devops3\Documents\Projects\feetflight\node_modules\ts-node\src\index.ts:1617:30)
    at Module._extensions..js (internal/modules/cjs/loader.js:1114:10)
    at Object.require.extensions.<computed> [as .ts] (C:\Users\Devops3\Documents\Projects\feetflight\node_modules\ts-node\src\index.ts:1621:12)
    at Module.load (internal/modules/cjs/loader.js:950:32)
    at Function.Module._load (internal/modules/cjs/loader.js:790:12)
    at Module.require (internal/modules/cjs/loader.js:974:19)
2023-04-25 18:51:26 error: uncaughtException: тип Unable to compile TypeScript:
[96msrc/middlewares/fileValidation.middleware.ts[0m:[93m9[0m:[93m12[0m - [91merror[0m[90m TS1109: [0mExpression expected.

[7m9[0m         if()
[7m [0m [91m           ~[0m

TSError: тип Unable to compile TypeScript:
[96msrc/middlewares/fileValidation.middleware.ts[0m:[93m9[0m:[93m12[0m - [91merror[0m[90m TS1109: [0mExpression expected.

[7m9[0m         if()
[7m [0m [91m           ~[0m

    at createTSError (C:\Users\Devops3\Documents\Projects\feetflight\node_modules\ts-node\src\index.ts:859:12)
    at reportTSError (C:\Users\Devops3\Documents\Projects\feetflight\node_modules\ts-node\src\index.ts:863:19)
    at C:\Users\Devops3\Documents\Projects\feetflight\node_modules\ts-node\src\index.ts:1379:34
    at Object.compile (C:\Users\Devops3\Documents\Projects\feetflight\node_modules\ts-node\src\index.ts:1458:13)
    at Module.m._compile (C:\Users\Devops3\Documents\Projects\feetflight\node_modules\ts-node\src\index.ts:1617:30)
    at Module._extensions..js (internal/modules/cjs/loader.js:1114:10)
    at Object.require.extensions.<computed> [as .ts] (C:\Users\Devops3\Documents\Projects\feetflight\node_modules\ts-node\src\index.ts:1621:12)
    at Module.load (internal/modules/cjs/loader.js:950:32)
    at Function.Module._load (internal/modules/cjs/loader.js:790:12)
    at Module.require (internal/modules/cjs/loader.js:974:19)
2023-04-25 18:51:59 error: uncaughtException: fileMiddleware is not defined
ReferenceError: fileMiddleware is not defined
    at UsersRoute.initializeRoutes (C:\Users\Devops3\Documents\Projects\feetflight\src\routes\users.route.ts:24:56)
    at new UsersRoute (C:\Users\Devops3\Documents\Projects\feetflight\src\routes\users.route.ts:12:10)
    at Object.<anonymous> (C:\Users\Devops3\Documents\Projects\feetflight\src\server.ts:12:40)
    at Module._compile (internal/modules/cjs/loader.js:1085:14)
    at Module.m._compile (C:\Users\Devops3\Documents\Projects\feetflight\node_modules\ts-node\src\index.ts:1618:23)
    at Module._extensions..js (internal/modules/cjs/loader.js:1114:10)
    at Object.require.extensions.<computed> [as .ts] (C:\Users\Devops3\Documents\Projects\feetflight\node_modules\ts-node\src\index.ts:1621:12)
    at Module.load (internal/modules/cjs/loader.js:950:32)
    at Function.Module._load (internal/modules/cjs/loader.js:790:12)
    at Function.executeUserEntryPoint [as runMain] (internal/modules/run_main.js:75:12)
2023-04-25 18:52:01 error: uncaughtException: тип Unable to compile TypeScript:
[96msrc/routes/users.route.ts[0m:[93m24[0m:[93m56[0m - [91merror[0m[90m TS1135: [0mArgument expression expected.

[7m24[0m     this.router.post(`${this.path}/upload/avatar/:id`, , multer().single('avatar'), this.usersController.uploadAvatar);
[7m  [0m [91m                                                       ~[0m

TSError: тип Unable to compile TypeScript:
[96msrc/routes/users.route.ts[0m:[93m24[0m:[93m56[0m - [91merror[0m[90m TS1135: [0mArgument expression expected.

[7m24[0m     this.router.post(`${this.path}/upload/avatar/:id`, , multer().single('avatar'), this.usersController.uploadAvatar);
[7m  [0m [91m                                                       ~[0m

    at createTSError (C:\Users\Devops3\Documents\Projects\feetflight\node_modules\ts-node\src\index.ts:859:12)
    at reportTSError (C:\Users\Devops3\Documents\Projects\feetflight\node_modules\ts-node\src\index.ts:863:19)
    at C:\Users\Devops3\Documents\Projects\feetflight\node_modules\ts-node\src\index.ts:1379:34
    at Object.compile (C:\Users\Devops3\Documents\Projects\feetflight\node_modules\ts-node\src\index.ts:1458:13)
    at Module.m._compile (C:\Users\Devops3\Documents\Projects\feetflight\node_modules\ts-node\src\index.ts:1617:30)
    at Module._extensions..js (internal/modules/cjs/loader.js:1114:10)
    at Object.require.extensions.<computed> [as .ts] (C:\Users\Devops3\Documents\Projects\feetflight\node_modules\ts-node\src\index.ts:1621:12)
    at Module.load (internal/modules/cjs/loader.js:950:32)
    at Function.Module._load (internal/modules/cjs/loader.js:790:12)
    at Module.require (internal/modules/cjs/loader.js:974:19)
2023-04-25 18:52:08 error: uncaughtException: fileMiddleware is not defined
ReferenceError: fileMiddleware is not defined
    at UsersRoute.initializeRoutes (C:\Users\Devops3\Documents\Projects\feetflight\src\routes\users.route.ts:24:83)
    at new UsersRoute (C:\Users\Devops3\Documents\Projects\feetflight\src\routes\users.route.ts:12:10)
    at Object.<anonymous> (C:\Users\Devops3\Documents\Projects\feetflight\src\server.ts:12:40)
    at Module._compile (internal/modules/cjs/loader.js:1085:14)
    at Module.m._compile (C:\Users\Devops3\Documents\Projects\feetflight\node_modules\ts-node\src\index.ts:1618:23)
    at Module._extensions..js (internal/modules/cjs/loader.js:1114:10)
    at Object.require.extensions.<computed> [as .ts] (C:\Users\Devops3\Documents\Projects\feetflight\node_modules\ts-node\src\index.ts:1621:12)
    at Module.load (internal/modules/cjs/loader.js:950:32)
    at Function.Module._load (internal/modules/cjs/loader.js:790:12)
    at Function.executeUserEntryPoint [as runMain] (internal/modules/run_main.js:75:12)
2023-04-25 18:52:19 error: uncaughtException: fileMiddleware is not defined
ReferenceError: fileMiddleware is not defined
    at UsersRoute.initializeRoutes (C:\Users\Devops3\Documents\Projects\feetflight\src\routes\users.route.ts:25:83)
    at new UsersRoute (C:\Users\Devops3\Documents\Projects\feetflight\src\routes\users.route.ts:13:10)
    at Object.<anonymous> (C:\Users\Devops3\Documents\Projects\feetflight\src\server.ts:12:40)
    at Module._compile (internal/modules/cjs/loader.js:1085:14)
    at Module.m._compile (C:\Users\Devops3\Documents\Projects\feetflight\node_modules\ts-node\src\index.ts:1618:23)
    at Module._extensions..js (internal/modules/cjs/loader.js:1114:10)
    at Object.require.extensions.<computed> [as .ts] (C:\Users\Devops3\Documents\Projects\feetflight\node_modules\ts-node\src\index.ts:1621:12)
    at Module.load (internal/modules/cjs/loader.js:950:32)
    at Function.Module._load (internal/modules/cjs/loader.js:790:12)
    at Function.executeUserEntryPoint [as runMain] (internal/modules/run_main.js:75:12)
2023-04-25 18:52:22 error: uncaughtException: The "id" argument must be of type string. Received undefined
TypeError [ERR_INVALID_ARG_TYPE]: The "id" argument must be of type string. Received undefined
    at new NodeError (internal/errors.js:322:7)
    at validateString (internal/validators.js:124:11)
    at Module.require (internal/modules/cjs/loader.js:967:3)
    at require (internal/modules/cjs/helpers.js:101:18)
    at Object.<anonymous> (C:\Users\Devops3\Documents\Projects\feetflight\src\routes\users.route.ts:5:1)
    at Module._compile (internal/modules/cjs/loader.js:1085:14)
    at Module.m._compile (C:\Users\Devops3\Documents\Projects\feetflight\node_modules\ts-node\src\index.ts:1618:23)
    at Module._extensions..js (internal/modules/cjs/loader.js:1114:10)
    at Object.require.extensions.<computed> [as .ts] (C:\Users\Devops3\Documents\Projects\feetflight\node_modules\ts-node\src\index.ts:1621:12)
    at Module.load (internal/modules/cjs/loader.js:950:32)
2023-04-25 19:03:39 error: uncaughtException: тип Unable to compile TypeScript:
[96msrc/middlewares/fileValidation.middleware.ts[0m:[93m9[0m:[93m13[0m - [91merror[0m[90m TS1005: [0m';' expected.

[7m9[0m       for(ke)
[7m [0m [91m            ~[0m

TSError: тип Unable to compile TypeScript:
[96msrc/middlewares/fileValidation.middleware.ts[0m:[93m9[0m:[93m13[0m - [91merror[0m[90m TS1005: [0m';' expected.

[7m9[0m       for(ke)
[7m [0m [91m            ~[0m

    at createTSError (C:\Users\Devops3\Documents\Projects\feetflight\node_modules\ts-node\src\index.ts:859:12)
    at reportTSError (C:\Users\Devops3\Documents\Projects\feetflight\node_modules\ts-node\src\index.ts:863:19)
    at C:\Users\Devops3\Documents\Projects\feetflight\node_modules\ts-node\src\index.ts:1379:34
    at Object.compile (C:\Users\Devops3\Documents\Projects\feetflight\node_modules\ts-node\src\index.ts:1458:13)
    at Module.m._compile (C:\Users\Devops3\Documents\Projects\feetflight\node_modules\ts-node\src\index.ts:1617:30)
    at Module._extensions..js (internal/modules/cjs/loader.js:1114:10)
    at Object.require.extensions.<computed> [as .ts] (C:\Users\Devops3\Documents\Projects\feetflight\node_modules\ts-node\src\index.ts:1621:12)
    at Module.load (internal/modules/cjs/loader.js:950:32)
    at Function.Module._load (internal/modules/cjs/loader.js:790:12)
    at Module.require (internal/modules/cjs/loader.js:974:19)
2023-04-25 19:03:42 error: uncaughtException: тип Unable to compile TypeScript:
[96msrc/middlewares/fileValidation.middleware.ts[0m:[93m9[0m:[93m18[0m - [91merror[0m[90m TS1109: [0mExpression expected.

[7m9[0m       for(key in )
[7m [0m [91m                 ~[0m

TSError: тип Unable to compile TypeScript:
[96msrc/middlewares/fileValidation.middleware.ts[0m:[93m9[0m:[93m18[0m - [91merror[0m[90m TS1109: [0mExpression expected.

[7m9[0m       for(key in )
[7m [0m [91m                 ~[0m

    at createTSError (C:\Users\Devops3\Documents\Projects\feetflight\node_modules\ts-node\src\index.ts:859:12)
    at reportTSError (C:\Users\Devops3\Documents\Projects\feetflight\node_modules\ts-node\src\index.ts:863:19)
    at C:\Users\Devops3\Documents\Projects\feetflight\node_modules\ts-node\src\index.ts:1379:34
    at Object.compile (C:\Users\Devops3\Documents\Projects\feetflight\node_modules\ts-node\src\index.ts:1458:13)
    at Module.m._compile (C:\Users\Devops3\Documents\Projects\feetflight\node_modules\ts-node\src\index.ts:1617:30)
    at Module._extensions..js (internal/modules/cjs/loader.js:1114:10)
    at Object.require.extensions.<computed> [as .ts] (C:\Users\Devops3\Documents\Projects\feetflight\node_modules\ts-node\src\index.ts:1621:12)
    at Module.load (internal/modules/cjs/loader.js:950:32)
    at Function.Module._load (internal/modules/cjs/loader.js:790:12)
    at Module.require (internal/modules/cjs/loader.js:974:19)
2023-04-25 19:04:54 error: uncaughtException: тип Unable to compile TypeScript:
[96msrc/middlewares/fileValidation.middleware.ts[0m:[93m12[0m:[93m7[0m - [91merror[0m[90m TS1128: [0mDeclaration or statement expected.

[7m12[0m     } else {
[7m  [0m [91m      ~~~~[0m
[96msrc/middlewares/fileValidation.middleware.ts[0m:[93m15[0m:[93m5[0m - [91merror[0m[90m TS1005: [0m'try' expected.

[7m15[0m   } catch (error) {
[7m  [0m [91m    ~~~~~[0m
[96msrc/middlewares/fileValidation.middleware.ts[0m:[93m18[0m:[93m2[0m - [91merror[0m[90m TS1472: [0m'catch' or 'finally' expected.

[7m18[0m };
[7m  [0m [91m ~[0m
[96msrc/middlewares/fileValidation.middleware.ts[0m:[93m21[0m:[93m1[0m - [91merror[0m[90m TS1005: [0m'}' expected.

[7m21[0m 
[7m  [0m [91m[0m

  [96msrc/middlewares/fileValidation.middleware.ts[0m:[93m5[0m:[93m91[0m
    [7m5[0m const fileMiddleware = async (req: RequestWithUser, res: Response, next: NextFunction) => {
    [7m [0m [96m                                                                                          ~[0m
    The parser expected to find a '}' to match the '{' token here.

TSError: тип Unable to compile TypeScript:
[96msrc/middlewares/fileValidation.middleware.ts[0m:[93m12[0m:[93m7[0m - [91merror[0m[90m TS1128: [0mDeclaration or statement expected.

[7m12[0m     } else {
[7m  [0m [91m      ~~~~[0m
[96msrc/middlewares/fileValidation.middleware.ts[0m:[93m15[0m:[93m5[0m - [91merror[0m[90m TS1005: [0m'try' expected.

[7m15[0m   } catch (error) {
[7m  [0m [91m    ~~~~~[0m
[96msrc/middlewares/fileValidation.middleware.ts[0m:[93m18[0m:[93m2[0m - [91merror[0m[90m TS1472: [0m'catch' or 'finally' expected.

[7m18[0m };
[7m  [0m [91m ~[0m
[96msrc/middlewares/fileValidation.middleware.ts[0m:[93m21[0m:[93m1[0m - [91merror[0m[90m TS1005: [0m'}' expected.

[7m21[0m 
[7m  [0m [91m[0m

  [96msrc/middlewares/fileValidation.middleware.ts[0m:[93m5[0m:[93m91[0m
    [7m5[0m const fileMiddleware = async (req: RequestWithUser, res: Response, next: NextFunction) => {
    [7m [0m [96m                                                                                          ~[0m
    The parser expected to find a '}' to match the '{' token here.

    at createTSError (C:\Users\Devops3\Documents\Projects\feetflight\node_modules\ts-node\src\index.ts:859:12)
    at reportTSError (C:\Users\Devops3\Documents\Projects\feetflight\node_modules\ts-node\src\index.ts:863:19)
    at C:\Users\Devops3\Documents\Projects\feetflight\node_modules\ts-node\src\index.ts:1379:34
    at Object.compile (C:\Users\Devops3\Documents\Projects\feetflight\node_modules\ts-node\src\index.ts:1458:13)
    at Module.m._compile (C:\Users\Devops3\Documents\Projects\feetflight\node_modules\ts-node\src\index.ts:1617:30)
    at Module._extensions..js (internal/modules/cjs/loader.js:1114:10)
    at Object.require.extensions.<computed> [as .ts] (C:\Users\Devops3\Documents\Projects\feetflight\node_modules\ts-node\src\index.ts:1621:12)
    at Module.load (internal/modules/cjs/loader.js:950:32)
    at Function.Module._load (internal/modules/cjs/loader.js:790:12)
    at Module.require (internal/modules/cjs/loader.js:974:19)
2023-04-25 19:04:58 error: uncaughtException: тип Unable to compile TypeScript:
[96msrc/middlewares/fileValidation.middleware.ts[0m:[93m10[0m:[93m12[0m - [91merror[0m[90m TS1109: [0mExpression expected.

[7m10[0m         if())
[7m  [0m [91m           ~[0m
[96msrc/middlewares/fileValidation.middleware.ts[0m:[93m10[0m:[93m13[0m - [91merror[0m[90m TS1109: [0mExpression expected.

[7m10[0m         if())
[7m  [0m [91m            ~[0m

TSError: тип Unable to compile TypeScript:
[96msrc/middlewares/fileValidation.middleware.ts[0m:[93m10[0m:[93m12[0m - [91merror[0m[90m TS1109: [0mExpression expected.

[7m10[0m         if())
[7m  [0m [91m           ~[0m
[96msrc/middlewares/fileValidation.middleware.ts[0m:[93m10[0m:[93m13[0m - [91merror[0m[90m TS1109: [0mExpression expected.

[7m10[0m         if())
[7m  [0m [91m            ~[0m

    at createTSError (C:\Users\Devops3\Documents\Projects\feetflight\node_modules\ts-node\src\index.ts:859:12)
    at reportTSError (C:\Users\Devops3\Documents\Projects\feetflight\node_modules\ts-node\src\index.ts:863:19)
    at C:\Users\Devops3\Documents\Projects\feetflight\node_modules\ts-node\src\index.ts:1379:34
    at Object.compile (C:\Users\Devops3\Documents\Projects\feetflight\node_modules\ts-node\src\index.ts:1458:13)
    at Module.m._compile (C:\Users\Devops3\Documents\Projects\feetflight\node_modules\ts-node\src\index.ts:1617:30)
    at Module._extensions..js (internal/modules/cjs/loader.js:1114:10)
    at Object.require.extensions.<computed> [as .ts] (C:\Users\Devops3\Documents\Projects\feetflight\node_modules\ts-node\src\index.ts:1621:12)
    at Module.load (internal/modules/cjs/loader.js:950:32)
    at Function.Module._load (internal/modules/cjs/loader.js:790:12)
    at Module.require (internal/modules/cjs/loader.js:974:19)
2023-04-25 19:05:08 error: uncaughtException: тип Unable to compile TypeScript:
[96msrc/middlewares/fileValidation.middleware.ts[0m:[93m10[0m:[93m21[0m - [91merror[0m[90m TS1011: [0mAn element access expression should take an argument.

[7m10[0m         if(fileData[]))
[7m  [0m [91m                    [0m
[96msrc/middlewares/fileValidation.middleware.ts[0m:[93m10[0m:[93m23[0m - [91merror[0m[90m TS1109: [0mExpression expected.

[7m10[0m         if(fileData[]))
[7m  [0m [91m                      ~[0m

TSError: тип Unable to compile TypeScript:
[96msrc/middlewares/fileValidation.middleware.ts[0m:[93m10[0m:[93m21[0m - [91merror[0m[90m TS1011: [0mAn element access expression should take an argument.

[7m10[0m         if(fileData[]))
[7m  [0m [91m                    [0m
[96msrc/middlewares/fileValidation.middleware.ts[0m:[93m10[0m:[93m23[0m - [91merror[0m[90m TS1109: [0mExpression expected.

[7m10[0m         if(fileData[]))
[7m  [0m [91m                      ~[0m

    at createTSError (C:\Users\Devops3\Documents\Projects\feetflight\node_modules\ts-node\src\index.ts:859:12)
    at reportTSError (C:\Users\Devops3\Documents\Projects\feetflight\node_modules\ts-node\src\index.ts:863:19)
    at C:\Users\Devops3\Documents\Projects\feetflight\node_modules\ts-node\src\index.ts:1379:34
    at Object.compile (C:\Users\Devops3\Documents\Projects\feetflight\node_modules\ts-node\src\index.ts:1458:13)
    at Module.m._compile (C:\Users\Devops3\Documents\Projects\feetflight\node_modules\ts-node\src\index.ts:1617:30)
    at Module._extensions..js (internal/modules/cjs/loader.js:1114:10)
    at Object.require.extensions.<computed> [as .ts] (C:\Users\Devops3\Documents\Projects\feetflight\node_modules\ts-node\src\index.ts:1621:12)
    at Module.load (internal/modules/cjs/loader.js:950:32)
    at Function.Module._load (internal/modules/cjs/loader.js:790:12)
    at Module.require (internal/modules/cjs/loader.js:974:19)
2023-04-25 19:09:46 error: uncaughtException: тип Unable to compile TypeScript:
[96msrc/middlewares/fileValidation.middleware.ts[0m:[93m10[0m:[93m26[0m - [91merror[0m[90m TS1003: [0mIdentifier expected.

[7m10[0m         if(fileData[key].))
[7m  [0m [91m                         ~[0m
[96msrc/middlewares/fileValidation.middleware.ts[0m:[93m10[0m:[93m27[0m - [91merror[0m[90m TS1109: [0mExpression expected.

[7m10[0m         if(fileData[key].))
[7m  [0m [91m                          ~[0m

TSError: тип Unable to compile TypeScript:
[96msrc/middlewares/fileValidation.middleware.ts[0m:[93m10[0m:[93m26[0m - [91merror[0m[90m TS1003: [0mIdentifier expected.

[7m10[0m         if(fileData[key].))
[7m  [0m [91m                         ~[0m
[96msrc/middlewares/fileValidation.middleware.ts[0m:[93m10[0m:[93m27[0m - [91merror[0m[90m TS1109: [0mExpression expected.

[7m10[0m         if(fileData[key].))
[7m  [0m [91m                          ~[0m

    at createTSError (C:\Users\Devops3\Documents\Projects\feetflight\node_modules\ts-node\src\index.ts:859:12)
    at reportTSError (C:\Users\Devops3\Documents\Projects\feetflight\node_modules\ts-node\src\index.ts:863:19)
    at C:\Users\Devops3\Documents\Projects\feetflight\node_modules\ts-node\src\index.ts:1379:34
    at Object.compile (C:\Users\Devops3\Documents\Projects\feetflight\node_modules\ts-node\src\index.ts:1458:13)
    at Module.m._compile (C:\Users\Devops3\Documents\Projects\feetflight\node_modules\ts-node\src\index.ts:1617:30)
    at Module._extensions..js (internal/modules/cjs/loader.js:1114:10)
    at Object.require.extensions.<computed> [as .ts] (C:\Users\Devops3\Documents\Projects\feetflight\node_modules\ts-node\src\index.ts:1621:12)
    at Module.load (internal/modules/cjs/loader.js:950:32)
    at Function.Module._load (internal/modules/cjs/loader.js:790:12)
    at Module.require (internal/modules/cjs/loader.js:974:19)
2023-04-25 19:09:49 error: uncaughtException: тип Unable to compile TypeScript:
[96msrc/middlewares/fileValidation.middleware.ts[0m:[93m10[0m:[93m29[0m - [91merror[0m[90m TS1109: [0mExpression expected.

[7m10[0m         if(fileData[key][0]))
[7m  [0m [91m                            ~[0m

TSError: тип Unable to compile TypeScript:
[96msrc/middlewares/fileValidation.middleware.ts[0m:[93m10[0m:[93m29[0m - [91merror[0m[90m TS1109: [0mExpression expected.

[7m10[0m         if(fileData[key][0]))
[7m  [0m [91m                            ~[0m

    at createTSError (C:\Users\Devops3\Documents\Projects\feetflight\node_modules\ts-node\src\index.ts:859:12)
    at reportTSError (C:\Users\Devops3\Documents\Projects\feetflight\node_modules\ts-node\src\index.ts:863:19)
    at C:\Users\Devops3\Documents\Projects\feetflight\node_modules\ts-node\src\index.ts:1379:34
    at Object.compile (C:\Users\Devops3\Documents\Projects\feetflight\node_modules\ts-node\src\index.ts:1458:13)
    at Module.m._compile (C:\Users\Devops3\Documents\Projects\feetflight\node_modules\ts-node\src\index.ts:1617:30)
    at Module._extensions..js (internal/modules/cjs/loader.js:1114:10)
    at Object.require.extensions.<computed> [as .ts] (C:\Users\Devops3\Documents\Projects\feetflight\node_modules\ts-node\src\index.ts:1621:12)
    at Module.load (internal/modules/cjs/loader.js:950:32)
    at Function.Module._load (internal/modules/cjs/loader.js:790:12)
    at Module.require (internal/modules/cjs/loader.js:974:19)
2023-04-25 19:09:53 error: uncaughtException: тип Unable to compile TypeScript:
[96msrc/middlewares/fileValidation.middleware.ts[0m:[93m10[0m:[93m35[0m - [91merror[0m[90m TS1109: [0mExpression expected.

[7m10[0m         if(fileData[key][0].size ))
[7m  [0m [91m                                  ~[0m

TSError: тип Unable to compile TypeScript:
[96msrc/middlewares/fileValidation.middleware.ts[0m:[93m10[0m:[93m35[0m - [91merror[0m[90m TS1109: [0mExpression expected.

[7m10[0m         if(fileData[key][0].size ))
[7m  [0m [91m                                  ~[0m

    at createTSError (C:\Users\Devops3\Documents\Projects\feetflight\node_modules\ts-node\src\index.ts:859:12)
    at reportTSError (C:\Users\Devops3\Documents\Projects\feetflight\node_modules\ts-node\src\index.ts:863:19)
    at C:\Users\Devops3\Documents\Projects\feetflight\node_modules\ts-node\src\index.ts:1379:34
    at Object.compile (C:\Users\Devops3\Documents\Projects\feetflight\node_modules\ts-node\src\index.ts:1458:13)
    at Module.m._compile (C:\Users\Devops3\Documents\Projects\feetflight\node_modules\ts-node\src\index.ts:1617:30)
    at Module._extensions..js (internal/modules/cjs/loader.js:1114:10)
    at Object.require.extensions.<computed> [as .ts] (C:\Users\Devops3\Documents\Projects\feetflight\node_modules\ts-node\src\index.ts:1621:12)
    at Module.load (internal/modules/cjs/loader.js:950:32)
    at Function.Module._load (internal/modules/cjs/loader.js:790:12)
    at Module.require (internal/modules/cjs/loader.js:974:19)
2023-04-25 19:09:58 error: uncaughtException: тип Unable to compile TypeScript:
[96msrc/middlewares/fileValidation.middleware.ts[0m:[93m10[0m:[93m36[0m - [91merror[0m[90m TS1109: [0mExpression expected.

[7m10[0m         if(fileData[key][0].size > ))
[7m  [0m [91m                                   ~[0m
[96msrc/middlewares/fileValidation.middleware.ts[0m:[93m10[0m:[93m37[0m - [91merror[0m[90m TS1109: [0mExpression expected.

[7m10[0m         if(fileData[key][0].size > ))
[7m  [0m [91m                                    ~[0m

TSError: тип Unable to compile TypeScript:
[96msrc/middlewares/fileValidation.middleware.ts[0m:[93m10[0m:[93m36[0m - [91merror[0m[90m TS1109: [0mExpression expected.

[7m10[0m         if(fileData[key][0].size > ))
[7m  [0m [91m                                   ~[0m
[96msrc/middlewares/fileValidation.middleware.ts[0m:[93m10[0m:[93m37[0m - [91merror[0m[90m TS1109: [0mExpression expected.

[7m10[0m         if(fileData[key][0].size > ))
[7m  [0m [91m                                    ~[0m

    at createTSError (C:\Users\Devops3\Documents\Projects\feetflight\node_modules\ts-node\src\index.ts:859:12)
    at reportTSError (C:\Users\Devops3\Documents\Projects\feetflight\node_modules\ts-node\src\index.ts:863:19)
    at C:\Users\Devops3\Documents\Projects\feetflight\node_modules\ts-node\src\index.ts:1379:34
    at Object.compile (C:\Users\Devops3\Documents\Projects\feetflight\node_modules\ts-node\src\index.ts:1458:13)
    at Module.m._compile (C:\Users\Devops3\Documents\Projects\feetflight\node_modules\ts-node\src\index.ts:1617:30)
    at Module._extensions..js (internal/modules/cjs/loader.js:1114:10)
    at Object.require.extensions.<computed> [as .ts] (C:\Users\Devops3\Documents\Projects\feetflight\node_modules\ts-node\src\index.ts:1621:12)
    at Module.load (internal/modules/cjs/loader.js:950:32)
    at Function.Module._load (internal/modules/cjs/loader.js:790:12)
    at Module.require (internal/modules/cjs/loader.js:974:19)
2023-04-25 19:10:03 error: uncaughtException: тип Unable to compile TypeScript:
[96msrc/middlewares/fileValidation.middleware.ts[0m:[93m10[0m:[93m41[0m - [91merror[0m[90m TS1109: [0mExpression expected.

[7m10[0m         if(fileData[key][0].size > 5000))
[7m  [0m [91m                                        ~[0m

TSError: тип Unable to compile TypeScript:
[96msrc/middlewares/fileValidation.middleware.ts[0m:[93m10[0m:[93m41[0m - [91merror[0m[90m TS1109: [0mExpression expected.

[7m10[0m         if(fileData[key][0].size > 5000))
[7m  [0m [91m                                        ~[0m

    at createTSError (C:\Users\Devops3\Documents\Projects\feetflight\node_modules\ts-node\src\index.ts:859:12)
    at reportTSError (C:\Users\Devops3\Documents\Projects\feetflight\node_modules\ts-node\src\index.ts:863:19)
    at C:\Users\Devops3\Documents\Projects\feetflight\node_modules\ts-node\src\index.ts:1379:34
    at Object.compile (C:\Users\Devops3\Documents\Projects\feetflight\node_modules\ts-node\src\index.ts:1458:13)
    at Module.m._compile (C:\Users\Devops3\Documents\Projects\feetflight\node_modules\ts-node\src\index.ts:1617:30)
    at Module._extensions..js (internal/modules/cjs/loader.js:1114:10)
    at Object.require.extensions.<computed> [as .ts] (C:\Users\Devops3\Documents\Projects\feetflight\node_modules\ts-node\src\index.ts:1621:12)
    at Module.load (internal/modules/cjs/loader.js:950:32)
    at Function.Module._load (internal/modules/cjs/loader.js:790:12)
    at Module.require (internal/modules/cjs/loader.js:974:19)
2023-04-25 19:10:25 error: uncaughtException: тип Unable to compile TypeScript:
[96msrc/middlewares/fileValidation.middleware.ts[0m:[93m10[0m:[93m41[0m - [91merror[0m[90m TS1109: [0mExpression expected.

[7m10[0m         if(fileData[key][0].size > 2000))
[7m  [0m [91m                                        ~[0m

TSError: тип Unable to compile TypeScript:
[96msrc/middlewares/fileValidation.middleware.ts[0m:[93m10[0m:[93m41[0m - [91merror[0m[90m TS1109: [0mExpression expected.

[7m10[0m         if(fileData[key][0].size > 2000))
[7m  [0m [91m                                        ~[0m

    at createTSError (C:\Users\Devops3\Documents\Projects\feetflight\node_modules\ts-node\src\index.ts:859:12)
    at reportTSError (C:\Users\Devops3\Documents\Projects\feetflight\node_modules\ts-node\src\index.ts:863:19)
    at C:\Users\Devops3\Documents\Projects\feetflight\node_modules\ts-node\src\index.ts:1379:34
    at Object.compile (C:\Users\Devops3\Documents\Projects\feetflight\node_modules\ts-node\src\index.ts:1458:13)
    at Module.m._compile (C:\Users\Devops3\Documents\Projects\feetflight\node_modules\ts-node\src\index.ts:1617:30)
    at Module._extensions..js (internal/modules/cjs/loader.js:1114:10)
    at Object.require.extensions.<computed> [as .ts] (C:\Users\Devops3\Documents\Projects\feetflight\node_modules\ts-node\src\index.ts:1621:12)
    at Module.load (internal/modules/cjs/loader.js:950:32)
    at Function.Module._load (internal/modules/cjs/loader.js:790:12)
    at Module.require (internal/modules/cjs/loader.js:974:19)
2023-04-25 19:10:27 error: uncaughtException: тип Unable to compile TypeScript:
[96msrc/middlewares/fileValidation.middleware.ts[0m:[93m10[0m:[93m42[0m - [91merror[0m[90m TS1109: [0mExpression expected.

[7m10[0m         if(fileData[key][0].size > 20000))
[7m  [0m [91m                                         ~[0m

TSError: тип Unable to compile TypeScript:
[96msrc/middlewares/fileValidation.middleware.ts[0m:[93m10[0m:[93m42[0m - [91merror[0m[90m TS1109: [0mExpression expected.

[7m10[0m         if(fileData[key][0].size > 20000))
[7m  [0m [91m                                         ~[0m

    at createTSError (C:\Users\Devops3\Documents\Projects\feetflight\node_modules\ts-node\src\index.ts:859:12)
    at reportTSError (C:\Users\Devops3\Documents\Projects\feetflight\node_modules\ts-node\src\index.ts:863:19)
    at C:\Users\Devops3\Documents\Projects\feetflight\node_modules\ts-node\src\index.ts:1379:34
    at Object.compile (C:\Users\Devops3\Documents\Projects\feetflight\node_modules\ts-node\src\index.ts:1458:13)
    at Module.m._compile (C:\Users\Devops3\Documents\Projects\feetflight\node_modules\ts-node\src\index.ts:1617:30)
    at Module._extensions..js (internal/modules/cjs/loader.js:1114:10)
    at Object.require.extensions.<computed> [as .ts] (C:\Users\Devops3\Documents\Projects\feetflight\node_modules\ts-node\src\index.ts:1621:12)
    at Module.load (internal/modules/cjs/loader.js:950:32)
    at Function.Module._load (internal/modules/cjs/loader.js:790:12)
    at Module.require (internal/modules/cjs/loader.js:974:19)
2023-04-25 19:10:40 error: uncaughtException: тип Unable to compile TypeScript:
[96msrc/middlewares/fileValidation.middleware.ts[0m:[93m10[0m:[93m43[0m - [91merror[0m[90m TS1109: [0mExpression expected.

[7m10[0m         if(fileData[key][0].size > 200000))
[7m  [0m [91m                                          ~[0m

TSError: тип Unable to compile TypeScript:
[96msrc/middlewares/fileValidation.middleware.ts[0m:[93m10[0m:[93m43[0m - [91merror[0m[90m TS1109: [0mExpression expected.

[7m10[0m         if(fileData[key][0].size > 200000))
[7m  [0m [91m                                          ~[0m

    at createTSError (C:\Users\Devops3\Documents\Projects\feetflight\node_modules\ts-node\src\index.ts:859:12)
    at reportTSError (C:\Users\Devops3\Documents\Projects\feetflight\node_modules\ts-node\src\index.ts:863:19)
    at C:\Users\Devops3\Documents\Projects\feetflight\node_modules\ts-node\src\index.ts:1379:34
    at Object.compile (C:\Users\Devops3\Documents\Projects\feetflight\node_modules\ts-node\src\index.ts:1458:13)
    at Module.m._compile (C:\Users\Devops3\Documents\Projects\feetflight\node_modules\ts-node\src\index.ts:1617:30)
    at Module._extensions..js (internal/modules/cjs/loader.js:1114:10)
    at Object.require.extensions.<computed> [as .ts] (C:\Users\Devops3\Documents\Projects\feetflight\node_modules\ts-node\src\index.ts:1621:12)
    at Module.load (internal/modules/cjs/loader.js:950:32)
    at Function.Module._load (internal/modules/cjs/loader.js:790:12)
    at Module.require (internal/modules/cjs/loader.js:974:19)
2023-04-25 19:10:42 error: uncaughtException: тип Unable to compile TypeScript:
[96msrc/middlewares/fileValidation.middleware.ts[0m:[93m10[0m:[93m43[0m - [91merror[0m[90m TS1109: [0mExpression expected.

[7m10[0m         if(fileData[key][0].size > 200000))
[7m  [0m [91m                                          ~[0m

TSError: тип Unable to compile TypeScript:
[96msrc/middlewares/fileValidation.middleware.ts[0m:[93m10[0m:[93m43[0m - [91merror[0m[90m TS1109: [0mExpression expected.

[7m10[0m         if(fileData[key][0].size > 200000))
[7m  [0m [91m                                          ~[0m

    at createTSError (C:\Users\Devops3\Documents\Projects\feetflight\node_modules\ts-node\src\index.ts:859:12)
    at reportTSError (C:\Users\Devops3\Documents\Projects\feetflight\node_modules\ts-node\src\index.ts:863:19)
    at C:\Users\Devops3\Documents\Projects\feetflight\node_modules\ts-node\src\index.ts:1379:34
    at Object.compile (C:\Users\Devops3\Documents\Projects\feetflight\node_modules\ts-node\src\index.ts:1458:13)
    at Module.m._compile (C:\Users\Devops3\Documents\Projects\feetflight\node_modules\ts-node\src\index.ts:1617:30)
    at Module._extensions..js (internal/modules/cjs/loader.js:1114:10)
    at Object.require.extensions.<computed> [as .ts] (C:\Users\Devops3\Documents\Projects\feetflight\node_modules\ts-node\src\index.ts:1621:12)
    at Module.load (internal/modules/cjs/loader.js:950:32)
    at Function.Module._load (internal/modules/cjs/loader.js:790:12)
    at Module.require (internal/modules/cjs/loader.js:974:19)
2023-04-25 19:10:51 error: uncaughtException: тип Unable to compile TypeScript:
[96msrc/middlewares/fileValidation.middleware.ts[0m:[93m10[0m:[93m43[0m - [91merror[0m[90m TS1109: [0mExpression expected.

[7m10[0m         if(fileData[key][0].size > 200000))
[7m  [0m [91m                                          ~[0m

TSError: тип Unable to compile TypeScript:
[96msrc/middlewares/fileValidation.middleware.ts[0m:[93m10[0m:[93m43[0m - [91merror[0m[90m TS1109: [0mExpression expected.

[7m10[0m         if(fileData[key][0].size > 200000))
[7m  [0m [91m                                          ~[0m

    at createTSError (C:\Users\Devops3\Documents\Projects\feetflight\node_modules\ts-node\src\index.ts:859:12)
    at reportTSError (C:\Users\Devops3\Documents\Projects\feetflight\node_modules\ts-node\src\index.ts:863:19)
    at C:\Users\Devops3\Documents\Projects\feetflight\node_modules\ts-node\src\index.ts:1379:34
    at Object.compile (C:\Users\Devops3\Documents\Projects\feetflight\node_modules\ts-node\src\index.ts:1458:13)
    at Module.m._compile (C:\Users\Devops3\Documents\Projects\feetflight\node_modules\ts-node\src\index.ts:1617:30)
    at Module._extensions..js (internal/modules/cjs/loader.js:1114:10)
    at Object.require.extensions.<computed> [as .ts] (C:\Users\Devops3\Documents\Projects\feetflight\node_modules\ts-node\src\index.ts:1621:12)
    at Module.load (internal/modules/cjs/loader.js:950:32)
    at Function.Module._load (internal/modules/cjs/loader.js:790:12)
    at Module.require (internal/modules/cjs/loader.js:974:19)
2023-04-25 19:11:12 error: uncaughtException: тип Unable to compile TypeScript:
[96msrc/middlewares/fileValidation.middleware.ts[0m:[93m10[0m:[93m43[0m - [91merror[0m[90m TS1109: [0mExpression expected.

[7m10[0m         if(fileData[key][0].size > 200000)) next(new HttpException(404, 'file needed'));
[7m  [0m [91m                                          ~[0m

TSError: тип Unable to compile TypeScript:
[96msrc/middlewares/fileValidation.middleware.ts[0m:[93m10[0m:[93m43[0m - [91merror[0m[90m TS1109: [0mExpression expected.

[7m10[0m         if(fileData[key][0].size > 200000)) next(new HttpException(404, 'file needed'));
[7m  [0m [91m                                          ~[0m

    at createTSError (C:\Users\Devops3\Documents\Projects\feetflight\node_modules\ts-node\src\index.ts:859:12)
    at reportTSError (C:\Users\Devops3\Documents\Projects\feetflight\node_modules\ts-node\src\index.ts:863:19)
    at C:\Users\Devops3\Documents\Projects\feetflight\node_modules\ts-node\src\index.ts:1379:34
    at Object.compile (C:\Users\Devops3\Documents\Projects\feetflight\node_modules\ts-node\src\index.ts:1458:13)
    at Module.m._compile (C:\Users\Devops3\Documents\Projects\feetflight\node_modules\ts-node\src\index.ts:1617:30)
    at Module._extensions..js (internal/modules/cjs/loader.js:1114:10)
    at Object.require.extensions.<computed> [as .ts] (C:\Users\Devops3\Documents\Projects\feetflight\node_modules\ts-node\src\index.ts:1621:12)
    at Module.load (internal/modules/cjs/loader.js:950:32)
    at Function.Module._load (internal/modules/cjs/loader.js:790:12)
    at Module.require (internal/modules/cjs/loader.js:974:19)
2023-04-25 19:13:54 error: uncaughtException: тип Unable to compile TypeScript:
[96msrc/middlewares/fileValidation.middleware.ts[0m:[93m10[0m:[93m85[0m - [91merror[0m[90m TS1002: [0mUnterminated string literal.

[7m10[0m         if (fileData[key][0].size > 2000000) return next(new HttpException(401, '));
[7m  [0m [91m                                                                                    [0m
[96msrc/middlewares/fileValidation.middleware.ts[0m:[93m11[0m:[93m9[0m - [91merror[0m[90m TS1005: [0m',' expected.

[7m11[0m         next();
[7m  [0m [91m        ~~~~[0m
[96msrc/middlewares/fileValidation.middleware.ts[0m:[93m11[0m:[93m15[0m - [91merror[0m[90m TS1005: [0m')' expected.

[7m11[0m         next();
[7m  [0m [91m              ~[0m

TSError: тип Unable to compile TypeScript:
[96msrc/middlewares/fileValidation.middleware.ts[0m:[93m10[0m:[93m85[0m - [91merror[0m[90m TS1002: [0mUnterminated string literal.

[7m10[0m         if (fileData[key][0].size > 2000000) return next(new HttpException(401, '));
[7m  [0m [91m                                                                                    [0m
[96msrc/middlewares/fileValidation.middleware.ts[0m:[93m11[0m:[93m9[0m - [91merror[0m[90m TS1005: [0m',' expected.

[7m11[0m         next();
[7m  [0m [91m        ~~~~[0m
[96msrc/middlewares/fileValidation.middleware.ts[0m:[93m11[0m:[93m15[0m - [91merror[0m[90m TS1005: [0m')' expected.

[7m11[0m         next();
[7m  [0m [91m              ~[0m

    at createTSError (C:\Users\Devops3\Documents\Projects\feetflight\node_modules\ts-node\src\index.ts:859:12)
    at reportTSError (C:\Users\Devops3\Documents\Projects\feetflight\node_modules\ts-node\src\index.ts:863:19)
    at C:\Users\Devops3\Documents\Projects\feetflight\node_modules\ts-node\src\index.ts:1379:34
    at Object.compile (C:\Users\Devops3\Documents\Projects\feetflight\node_modules\ts-node\src\index.ts:1458:13)
    at Module.m._compile (C:\Users\Devops3\Documents\Projects\feetflight\node_modules\ts-node\src\index.ts:1617:30)
    at Module._extensions..js (internal/modules/cjs/loader.js:1114:10)
    at Object.require.extensions.<computed> [as .ts] (C:\Users\Devops3\Documents\Projects\feetflight\node_modules\ts-node\src\index.ts:1621:12)
    at Module.load (internal/modules/cjs/loader.js:950:32)
    at Function.Module._load (internal/modules/cjs/loader.js:790:12)
    at Module.require (internal/modules/cjs/loader.js:974:19)
2023-04-25 19:14:32 error: uncaughtException: тип Unable to compile TypeScript:
[96msrc/middlewares/fileValidation.middleware.ts[0m:[93m10[0m:[93m84[0m - [91merror[0m[90m TS1109: [0mExpression expected.

[7m10[0m         if (fileData[key][0].size > 2000000) return next(new HttpException(401, `${}`));
[7m  [0m [91m                                                                                   ~[0m

TSError: тип Unable to compile TypeScript:
[96msrc/middlewares/fileValidation.middleware.ts[0m:[93m10[0m:[93m84[0m - [91merror[0m[90m TS1109: [0mExpression expected.

[7m10[0m         if (fileData[key][0].size > 2000000) return next(new HttpException(401, `${}`));
[7m  [0m [91m                                                                                   ~[0m

    at createTSError (C:\Users\Devops3\Documents\Projects\feetflight\node_modules\ts-node\src\index.ts:859:12)
    at reportTSError (C:\Users\Devops3\Documents\Projects\feetflight\node_modules\ts-node\src\index.ts:863:19)
    at C:\Users\Devops3\Documents\Projects\feetflight\node_modules\ts-node\src\index.ts:1379:34
    at Object.compile (C:\Users\Devops3\Documents\Projects\feetflight\node_modules\ts-node\src\index.ts:1458:13)
    at Module.m._compile (C:\Users\Devops3\Documents\Projects\feetflight\node_modules\ts-node\src\index.ts:1617:30)
    at Module._extensions..js (internal/modules/cjs/loader.js:1114:10)
    at Object.require.extensions.<computed> [as .ts] (C:\Users\Devops3\Documents\Projects\feetflight\node_modules\ts-node\src\index.ts:1621:12)
    at Module.load (internal/modules/cjs/loader.js:950:32)
    at Function.Module._load (internal/modules/cjs/loader.js:790:12)
    at Module.require (internal/modules/cjs/loader.js:974:19)
2023-04-25 19:15:41 error: uncaughtException: тип Unable to compile TypeScript:
[96msrc/middlewares/fileValidation.middleware.ts[0m:[93m13[0m:[93m15[0m - [91merror[0m[90m TS1109: [0mExpression expected.

[7m13[0m     } else if() else {
[7m  [0m [91m              ~[0m
[96msrc/middlewares/fileValidation.middleware.ts[0m:[93m13[0m:[93m17[0m - [91merror[0m[90m TS1109: [0mExpression expected.

[7m13[0m     } else if() else {
[7m  [0m [91m                ~~~~[0m

TSError: тип Unable to compile TypeScript:
[96msrc/middlewares/fileValidation.middleware.ts[0m:[93m13[0m:[93m15[0m - [91merror[0m[90m TS1109: [0mExpression expected.

[7m13[0m     } else if() else {
[7m  [0m [91m              ~[0m
[96msrc/middlewares/fileValidation.middleware.ts[0m:[93m13[0m:[93m17[0m - [91merror[0m[90m TS1109: [0mExpression expected.

[7m13[0m     } else if() else {
[7m  [0m [91m                ~~~~[0m

    at createTSError (C:\Users\Devops3\Documents\Projects\feetflight\node_modules\ts-node\src\index.ts:859:12)
    at reportTSError (C:\Users\Devops3\Documents\Projects\feetflight\node_modules\ts-node\src\index.ts:863:19)
    at C:\Users\Devops3\Documents\Projects\feetflight\node_modules\ts-node\src\index.ts:1379:34
    at Object.compile (C:\Users\Devops3\Documents\Projects\feetflight\node_modules\ts-node\src\index.ts:1458:13)
    at Module.m._compile (C:\Users\Devops3\Documents\Projects\feetflight\node_modules\ts-node\src\index.ts:1617:30)
    at Module._extensions..js (internal/modules/cjs/loader.js:1114:10)
    at Object.require.extensions.<computed> [as .ts] (C:\Users\Devops3\Documents\Projects\feetflight\node_modules\ts-node\src\index.ts:1621:12)
    at Module.load (internal/modules/cjs/loader.js:950:32)
    at Function.Module._load (internal/modules/cjs/loader.js:790:12)
    at Module.require (internal/modules/cjs/loader.js:974:19)
2023-04-25 19:15:53 error: uncaughtException: тип Unable to compile TypeScript:
[96msrc/middlewares/fileValidation.middleware.ts[0m:[93m13[0m:[93m25[0m - [91merror[0m[90m TS1109: [0mExpression expected.

[7m13[0m     } else if(req.file) else {
[7m  [0m [91m                        ~~~~[0m

TSError: тип Unable to compile TypeScript:
[96msrc/middlewares/fileValidation.middleware.ts[0m:[93m13[0m:[93m25[0m - [91merror[0m[90m TS1109: [0mExpression expected.

[7m13[0m     } else if(req.file) else {
[7m  [0m [91m                        ~~~~[0m

    at createTSError (C:\Users\Devops3\Documents\Projects\feetflight\node_modules\ts-node\src\index.ts:859:12)
    at reportTSError (C:\Users\Devops3\Documents\Projects\feetflight\node_modules\ts-node\src\index.ts:863:19)
    at C:\Users\Devops3\Documents\Projects\feetflight\node_modules\ts-node\src\index.ts:1379:34
    at Object.compile (C:\Users\Devops3\Documents\Projects\feetflight\node_modules\ts-node\src\index.ts:1458:13)
    at Module.m._compile (C:\Users\Devops3\Documents\Projects\feetflight\node_modules\ts-node\src\index.ts:1617:30)
    at Module._extensions..js (internal/modules/cjs/loader.js:1114:10)
    at Object.require.extensions.<computed> [as .ts] (C:\Users\Devops3\Documents\Projects\feetflight\node_modules\ts-node\src\index.ts:1621:12)
    at Module.load (internal/modules/cjs/loader.js:950:32)
    at Function.Module._load (internal/modules/cjs/loader.js:790:12)
    at Module.require (internal/modules/cjs/loader.js:974:19)
2023-04-25 19:21:47 error: [POST] /users/upload/avatar/cus_NmLXh0ms2IoGSe >> StatusCode:: 401, Message:: undefined is too large
2023-04-25 19:23:00 error: [POST] /users/upload/avatar/cus_NmLXh0ms2IoGSe >> StatusCode:: 401, Message:: avatar is too large
2023-04-25 19:24:54 error: uncaughtException: Unexpected token ';'
C:\Users\Devops3\Documents\Projects\feetflight\src\middlewares\fileValidation.middleware.ts:8
            const ;
                  ^

SyntaxError: Unexpected token ';'
    at wrapSafe (internal/modules/cjs/loader.js:1001:16)
    at Module._compile (internal/modules/cjs/loader.js:1049:27)
    at Module.m._compile (C:\Users\Devops3\Documents\Projects\feetflight\node_modules\ts-node\src\index.ts:1618:23)
    at Module._extensions..js (internal/modules/cjs/loader.js:1114:10)
    at Object.require.extensions.<computed> [as .ts] (C:\Users\Devops3\Documents\Projects\feetflight\node_modules\ts-node\src\index.ts:1621:12)
    at Module.load (internal/modules/cjs/loader.js:950:32)
    at Function.Module._load (internal/modules/cjs/loader.js:790:12)
    at Module.require (internal/modules/cjs/loader.js:974:19)
    at require (internal/modules/cjs/helpers.js:101:18)
    at Object.<anonymous> (C:\Users\Devops3\Documents\Projects\feetflight\src\routes\users.route.ts:5:1)
2023-04-25 19:25:06 error: uncaughtException: Missing initializer in const declaration
C:\Users\Devops3\Documents\Projects\feetflight\src\middlewares\fileValidation.middleware.ts:8
            const files;
                  ^^^^^

SyntaxError: Missing initializer in const declaration
    at wrapSafe (internal/modules/cjs/loader.js:1001:16)
    at Module._compile (internal/modules/cjs/loader.js:1049:27)
    at Module.m._compile (C:\Users\Devops3\Documents\Projects\feetflight\node_modules\ts-node\src\index.ts:1618:23)
    at Module._extensions..js (internal/modules/cjs/loader.js:1114:10)
    at Object.require.extensions.<computed> [as .ts] (C:\Users\Devops3\Documents\Projects\feetflight\node_modules\ts-node\src\index.ts:1621:12)
    at Module.load (internal/modules/cjs/loader.js:950:32)
    at Function.Module._load (internal/modules/cjs/loader.js:790:12)
    at Module.require (internal/modules/cjs/loader.js:974:19)
    at require (internal/modules/cjs/helpers.js:101:18)
    at Object.<anonymous> (C:\Users\Devops3\Documents\Projects\feetflight\src\routes\users.route.ts:5:1)
2023-04-25 19:26:16 error: uncaughtException: тип Unable to compile TypeScript:
[96msrc/middlewares/fileValidation.middleware.ts[0m:[93m13[0m:[93m10[0m - [91merror[0m[90m TS1109: [0mExpression expected.

[7m13[0m       if()
[7m  [0m [91m         ~[0m
[96msrc/middlewares/fileValidation.middleware.ts[0m:[93m14[0m:[93m5[0m - [91merror[0m[90m TS1109: [0mExpression expected.

[7m14[0m     } else if (req.file) {
[7m  [0m [91m    ~[0m

TSError: тип Unable to compile TypeScript:
[96msrc/middlewares/fileValidation.middleware.ts[0m:[93m13[0m:[93m10[0m - [91merror[0m[90m TS1109: [0mExpression expected.

[7m13[0m       if()
[7m  [0m [91m         ~[0m
[96msrc/middlewares/fileValidation.middleware.ts[0m:[93m14[0m:[93m5[0m - [91merror[0m[90m TS1109: [0mExpression expected.

[7m14[0m     } else if (req.file) {
[7m  [0m [91m    ~[0m

    at createTSError (C:\Users\Devops3\Documents\Projects\feetflight\node_modules\ts-node\src\index.ts:859:12)
    at reportTSError (C:\Users\Devops3\Documents\Projects\feetflight\node_modules\ts-node\src\index.ts:863:19)
    at C:\Users\Devops3\Documents\Projects\feetflight\node_modules\ts-node\src\index.ts:1379:34
    at Object.compile (C:\Users\Devops3\Documents\Projects\feetflight\node_modules\ts-node\src\index.ts:1458:13)
    at Module.m._compile (C:\Users\Devops3\Documents\Projects\feetflight\node_modules\ts-node\src\index.ts:1617:30)
    at Module._extensions..js (internal/modules/cjs/loader.js:1114:10)
    at Object.require.extensions.<computed> [as .ts] (C:\Users\Devops3\Documents\Projects\feetflight\node_modules\ts-node\src\index.ts:1621:12)
    at Module.load (internal/modules/cjs/loader.js:950:32)
    at Function.Module._load (internal/modules/cjs/loader.js:790:12)
    at Module.require (internal/modules/cjs/loader.js:974:19)
2023-04-25 19:26:30 error: uncaughtException: тип Unable to compile TypeScript:
[96msrc/middlewares/fileValidation.middleware.ts[0m:[93m14[0m:[93m5[0m - [91merror[0m[90m TS1109: [0mExpression expected.

[7m14[0m     } else if (req.file) {
[7m  [0m [91m    ~[0m

TSError: тип Unable to compile TypeScript:
[96msrc/middlewares/fileValidation.middleware.ts[0m:[93m14[0m:[93m5[0m - [91merror[0m[90m TS1109: [0mExpression expected.

[7m14[0m     } else if (req.file) {
[7m  [0m [91m    ~[0m

    at createTSError (C:\Users\Devops3\Documents\Projects\feetflight\node_modules\ts-node\src\index.ts:859:12)
    at reportTSError (C:\Users\Devops3\Documents\Projects\feetflight\node_modules\ts-node\src\index.ts:863:19)
    at C:\Users\Devops3\Documents\Projects\feetflight\node_modules\ts-node\src\index.ts:1379:34
    at Object.compile (C:\Users\Devops3\Documents\Projects\feetflight\node_modules\ts-node\src\index.ts:1458:13)
    at Module.m._compile (C:\Users\Devops3\Documents\Projects\feetflight\node_modules\ts-node\src\index.ts:1617:30)
    at Module._extensions..js (internal/modules/cjs/loader.js:1114:10)
    at Object.require.extensions.<computed> [as .ts] (C:\Users\Devops3\Documents\Projects\feetflight\node_modules\ts-node\src\index.ts:1621:12)
    at Module.load (internal/modules/cjs/loader.js:950:32)
    at Function.Module._load (internal/modules/cjs/loader.js:790:12)
    at Module.require (internal/modules/cjs/loader.js:974:19)
2023-04-25 19:27:49 error: uncaughtException: тип Unable to compile TypeScript:
[96msrc/middlewares/fileValidation.middleware.ts[0m:[93m14[0m:[93m60[0m - [91merror[0m[90m TS1005: [0m'}' expected.

[7m14[0m         next(new HttpException(401, `${filfileeData[key][0]eData.fieldname} too large`))
[7m  [0m [91m                                                           ~~~~~[0m
[96msrc/middlewares/fileValidation.middleware.ts[0m:[93m14[0m:[93m75[0m - [91merror[0m[90m TS1005: [0m',' expected.

[7m14[0m         next(new HttpException(401, `${filfileeData[key][0]eData.fieldname} too large`))
[7m  [0m [91m                                                                          ~[0m
[96msrc/middlewares/fileValidation.middleware.ts[0m:[93m14[0m:[93m77[0m - [91merror[0m[90m TS1434: [0mUnexpected keyword or identifier.

[7m14[0m         next(new HttpException(401, `${filfileeData[key][0]eData.fieldname} too large`))
[7m  [0m [91m                                                                            ~~~[0m
[96msrc/middlewares/fileValidation.middleware.ts[0m:[93m14[0m:[93m86[0m - [91merror[0m[90m TS1443: [0mModule declaration names may only use ' or " quoted strings.

[7m 14[0m         next(new HttpException(401, `${filfileeData[key][0]eData.fieldname} too large`))
[7m   [0m [91m                                                                                     ~~~[0m
[7m 15[0m       }
[7m   [0m [91m~~~~~~~[0m
[7m...[0m 
[7m 17[0m       const fileData = req.file;
[7m   [0m [91m~~~~~~~~~~~~~~~~~~~~~~~~~~~~~~~~[0m
[7m 18[0m       if (fileData.size > 2000000) return next(new HttpException(401, `${fileData.fieldname} is too large`));
[7m   [0m [91m~~~~~~~~~~~~~~~~~~~~~~~~~~~~~~~~~~~~~~~~~~~~~~~~~~~~~~~~~~~~~~~~~~~~~~~[0m
[96msrc/middlewares/fileValidation.middleware.ts[0m:[93m18[0m:[93m72[0m - [91merror[0m[90m TS1434: [0mUnexpected keyword or identifier.

[7m18[0m       if (fileData.size > 2000000) return next(new HttpException(401, `${fileData.fieldname} is too large`));
[7m  [0m [91m                                                                       ~[0m
[96msrc/middlewares/fileValidation.middleware.ts[0m:[93m18[0m:[93m94[0m - [91merror[0m[90m TS1228: [0mA type predicate is only allowed in return type position for functions and methods.

[7m18[0m       if (fileData.size > 2000000) return next(new HttpException(401, `${fileData.fieldname} is too large`));
[7m  [0m [91m                                                                                             ~~~~~~[0m
[96msrc/middlewares/fileValidation.middleware.ts[0m:[93m18[0m:[93m97[0m - [91merror[0m[90m TS1434: [0mUnexpected keyword or identifier.

[7m18[0m       if (fileData.size > 2000000) return next(new HttpException(401, `${fileData.fieldname} is too large`));
[7m  [0m [91m                                                                                                ~~~[0m
[96msrc/middlewares/fileValidation.middleware.ts[0m:[93m29[0m:[93m1[0m - [91merror[0m[90m TS1160: [0mUnterminated template literal.

[7m29[0m 
[7m  [0m [91m[0m

TSError: тип Unable to compile TypeScript:
[96msrc/middlewares/fileValidation.middleware.ts[0m:[93m14[0m:[93m60[0m - [91merror[0m[90m TS1005: [0m'}' expected.

[7m14[0m         next(new HttpException(401, `${filfileeData[key][0]eData.fieldname} too large`))
[7m  [0m [91m                                                           ~~~~~[0m
[96msrc/middlewares/fileValidation.middleware.ts[0m:[93m14[0m:[93m75[0m - [91merror[0m[90m TS1005: [0m',' expected.

[7m14[0m         next(new HttpException(401, `${filfileeData[key][0]eData.fieldname} too large`))
[7m  [0m [91m                                                                          ~[0m
[96msrc/middlewares/fileValidation.middleware.ts[0m:[93m14[0m:[93m77[0m - [91merror[0m[90m TS1434: [0mUnexpected keyword or identifier.

[7m14[0m         next(new HttpException(401, `${filfileeData[key][0]eData.fieldname} too large`))
[7m  [0m [91m                                                                            ~~~[0m
[96msrc/middlewares/fileValidation.middleware.ts[0m:[93m14[0m:[93m86[0m - [91merror[0m[90m TS1443: [0mModule declaration names may only use ' or " quoted strings.

[7m 14[0m         next(new HttpException(401, `${filfileeData[key][0]eData.fieldname} too large`))
[7m   [0m [91m                                                                                     ~~~[0m
[7m 15[0m       }
[7m   [0m [91m~~~~~~~[0m
[7m...[0m 
[7m 17[0m       const fileData = req.file;
[7m   [0m [91m~~~~~~~~~~~~~~~~~~~~~~~~~~~~~~~~[0m
[7m 18[0m       if (fileData.size > 2000000) return next(new HttpException(401, `${fileData.fieldname} is too large`));
[7m   [0m [91m~~~~~~~~~~~~~~~~~~~~~~~~~~~~~~~~~~~~~~~~~~~~~~~~~~~~~~~~~~~~~~~~~~~~~~~[0m
[96msrc/middlewares/fileValidation.middleware.ts[0m:[93m18[0m:[93m72[0m - [91merror[0m[90m TS1434: [0mUnexpected keyword or identifier.

[7m18[0m       if (fileData.size > 2000000) return next(new HttpException(401, `${fileData.fieldname} is too large`));
[7m  [0m [91m                                                                       ~[0m
[96msrc/middlewares/fileValidation.middleware.ts[0m:[93m18[0m:[93m94[0m - [91merror[0m[90m TS1228: [0mA type predicate is only allowed in return type position for functions and methods.

[7m18[0m       if (fileData.size > 2000000) return next(new HttpException(401, `${fileData.fieldname} is too large`));
[7m  [0m [91m                                                                                             ~~~~~~[0m
[96msrc/middlewares/fileValidation.middleware.ts[0m:[93m18[0m:[93m97[0m - [91merror[0m[90m TS1434: [0mUnexpected keyword or identifier.

[7m18[0m       if (fileData.size > 2000000) return next(new HttpException(401, `${fileData.fieldname} is too large`));
[7m  [0m [91m                                                                                                ~~~[0m
[96msrc/middlewares/fileValidation.middleware.ts[0m:[93m29[0m:[93m1[0m - [91merror[0m[90m TS1160: [0mUnterminated template literal.

[7m29[0m 
[7m  [0m [91m[0m

    at createTSError (C:\Users\Devops3\Documents\Projects\feetflight\node_modules\ts-node\src\index.ts:859:12)
    at reportTSError (C:\Users\Devops3\Documents\Projects\feetflight\node_modules\ts-node\src\index.ts:863:19)
    at C:\Users\Devops3\Documents\Projects\feetflight\node_modules\ts-node\src\index.ts:1379:34
    at Object.compile (C:\Users\Devops3\Documents\Projects\feetflight\node_modules\ts-node\src\index.ts:1458:13)
    at Module.m._compile (C:\Users\Devops3\Documents\Projects\feetflight\node_modules\ts-node\src\index.ts:1617:30)
    at Module._extensions..js (internal/modules/cjs/loader.js:1114:10)
    at Object.require.extensions.<computed> [as .ts] (C:\Users\Devops3\Documents\Projects\feetflight\node_modules\ts-node\src\index.ts:1621:12)
    at Module.load (internal/modules/cjs/loader.js:950:32)
    at Function.Module._load (internal/modules/cjs/loader.js:790:12)
    at Module.require (internal/modules/cjs/loader.js:974:19)
