2023-04-05 11:45:49 error: uncaughtException: listen EADDRINUSE: address already in use :::3000
Error: listen EADDRINUSE: address already in use :::3000
    at Server.setupListenHandle [as _listen2] (net.js:1331:16)
    at listenInCluster (net.js:1379:12)
    at Server.listen (net.js:1465:7)
    at Function.listen (C:\Users\Devops3\Documents\Projects\feetflight\node_modules\express\lib\application.js:635:24)
    at App.listen (C:\Users\Devops3\Documents\Projects\feetflight\src\app.ts:45:14)
    at Object.<anonymous> (C:\Users\Devops3\Documents\Projects\feetflight\src\server.ts:13:5)
    at Module._compile (internal/modules/cjs/loader.js:1085:14)
    at Module.m._compile (C:\Users\Devops3\Documents\Projects\feetflight\node_modules\ts-node\src\index.ts:1618:23)
    at Module._extensions..js (internal/modules/cjs/loader.js:1114:10)
    at Object.require.extensions.<computed> [as .ts] (C:\Users\Devops3\Documents\Projects\feetflight\node_modules\ts-node\src\index.ts:1621:12)
2023-04-05 11:52:45 error: uncaughtException: тип Unable to compile TypeScript:
[96msrc/controllers/post.controller.ts[0m:[93m33[0m:[93m51[0m - [91merror[0m[90m TS1003: [0mIdentifier expected.

[7m33[0m       console.log(req.headers['stripe-signature'].);
[7m  [0m [91m                                                  ~[0m

TSError: тип Unable to compile TypeScript:
[96msrc/controllers/post.controller.ts[0m:[93m33[0m:[93m51[0m - [91merror[0m[90m TS1003: [0mIdentifier expected.

[7m33[0m       console.log(req.headers['stripe-signature'].);
[7m  [0m [91m                                                  ~[0m

    at createTSError (C:\Users\Devops3\Documents\Projects\feetflight\node_modules\ts-node\src\index.ts:859:12)
    at reportTSError (C:\Users\Devops3\Documents\Projects\feetflight\node_modules\ts-node\src\index.ts:863:19)
    at C:\Users\Devops3\Documents\Projects\feetflight\node_modules\ts-node\src\index.ts:1379:34
    at Object.compile (C:\Users\Devops3\Documents\Projects\feetflight\node_modules\ts-node\src\index.ts:1458:13)
    at Module.m._compile (C:\Users\Devops3\Documents\Projects\feetflight\node_modules\ts-node\src\index.ts:1617:30)
    at Module._extensions..js (internal/modules/cjs/loader.js:1114:10)
    at Object.require.extensions.<computed> [as .ts] (C:\Users\Devops3\Documents\Projects\feetflight\node_modules\ts-node\src\index.ts:1621:12)
    at Module.load (internal/modules/cjs/loader.js:950:32)
    at Function.Module._load (internal/modules/cjs/loader.js:790:12)
    at Module.require (internal/modules/cjs/loader.js:974:19)
2023-04-05 12:00:12 error: uncaughtException: тип Unable to compile TypeScript:
[96msrc/controllers/post.controller.ts[0m:[93m24[0m:[93m7[0m - [91merror[0m[90m TS1435: [0mUnknown keyword or identifier. Did you mean 'const'?

[7m24[0m       onst buf = Buffer.from([1, 2, 3]);
[7m  [0m [91m      ~~~~[0m

TSError: тип Unable to compile TypeScript:
[96msrc/controllers/post.controller.ts[0m:[93m24[0m:[93m7[0m - [91merror[0m[90m TS1435: [0mUnknown keyword or identifier. Did you mean 'const'?

[7m24[0m       onst buf = Buffer.from([1, 2, 3]);
[7m  [0m [91m      ~~~~[0m

    at createTSError (C:\Users\Devops3\Documents\Projects\feetflight\node_modules\ts-node\src\index.ts:859:12)
    at reportTSError (C:\Users\Devops3\Documents\Projects\feetflight\node_modules\ts-node\src\index.ts:863:19)
    at C:\Users\Devops3\Documents\Projects\feetflight\node_modules\ts-node\src\index.ts:1379:34
    at Object.compile (C:\Users\Devops3\Documents\Projects\feetflight\node_modules\ts-node\src\index.ts:1458:13)
    at Module.m._compile (C:\Users\Devops3\Documents\Projects\feetflight\node_modules\ts-node\src\index.ts:1617:30)
    at Module._extensions..js (internal/modules/cjs/loader.js:1114:10)
    at Object.require.extensions.<computed> [as .ts] (C:\Users\Devops3\Documents\Projects\feetflight\node_modules\ts-node\src\index.ts:1621:12)
    at Module.load (internal/modules/cjs/loader.js:950:32)
    at Function.Module._load (internal/modules/cjs/loader.js:790:12)
    at Module.require (internal/modules/cjs/loader.js:974:19)
2023-04-05 12:00:21 error: uncaughtException: тип Unable to compile TypeScript:
[96msrc/controllers/post.controller.ts[0m:[93m34[0m:[93m7[0m - [91merror[0m[90m TS1435: [0mUnknown keyword or identifier. Did you mean 'const'?

[7m34[0m       onst buf = Buffer.from([1, 2, 3]);
[7m  [0m [91m      ~~~~[0m

TSError: тип Unable to compile TypeScript:
[96msrc/controllers/post.controller.ts[0m:[93m34[0m:[93m7[0m - [91merror[0m[90m TS1435: [0mUnknown keyword or identifier. Did you mean 'const'?

[7m34[0m       onst buf = Buffer.from([1, 2, 3]);
[7m  [0m [91m      ~~~~[0m

    at createTSError (C:\Users\Devops3\Documents\Projects\feetflight\node_modules\ts-node\src\index.ts:859:12)
    at reportTSError (C:\Users\Devops3\Documents\Projects\feetflight\node_modules\ts-node\src\index.ts:863:19)
    at C:\Users\Devops3\Documents\Projects\feetflight\node_modules\ts-node\src\index.ts:1379:34
    at Object.compile (C:\Users\Devops3\Documents\Projects\feetflight\node_modules\ts-node\src\index.ts:1458:13)
    at Module.m._compile (C:\Users\Devops3\Documents\Projects\feetflight\node_modules\ts-node\src\index.ts:1617:30)
    at Module._extensions..js (internal/modules/cjs/loader.js:1114:10)
    at Object.require.extensions.<computed> [as .ts] (C:\Users\Devops3\Documents\Projects\feetflight\node_modules\ts-node\src\index.ts:1621:12)
    at Module.load (internal/modules/cjs/loader.js:950:32)
    at Function.Module._load (internal/modules/cjs/loader.js:790:12)
    at Module.require (internal/modules/cjs/loader.js:974:19)
2023-04-05 12:00:58 error: [POST] /post/webhook >> StatusCode:: 500, Message:: The first argument must be of type string or an instance of Buffer, ArrayBuffer, or Array or an Array-like Object. Received an instance of Object
2023-04-05 12:00:58 error: [POST] /post/webhook >> StatusCode:: 500, Message:: The first argument must be of type string or an instance of Buffer, ArrayBuffer, or Array or an Array-like Object. Received an instance of Object
2023-04-05 12:00:59 error: [POST] /post/webhook >> StatusCode:: 500, Message:: The first argument must be of type string or an instance of Buffer, ArrayBuffer, or Array or an Array-like Object. Received an instance of Object
2023-04-05 12:06:04 error: uncaughtException: тип Unable to compile TypeScript:
[96msrc/controllers/post.controller.ts[0m:[93m34[0m:[93m7[0m - [91merror[0m[90m TS1435: [0mUnknown keyword or identifier. Did you mean 'const'?

[7m34[0m       onst buf = Buffer.from([1, 2, 3]);
[7m  [0m [91m      ~~~~[0m

TSError: тип Unable to compile TypeScript:
[96msrc/controllers/post.controller.ts[0m:[93m34[0m:[93m7[0m - [91merror[0m[90m TS1435: [0mUnknown keyword or identifier. Did you mean 'const'?

[7m34[0m       onst buf = Buffer.from([1, 2, 3]);
[7m  [0m [91m      ~~~~[0m

    at createTSError (C:\Users\Devops3\Documents\Projects\feetflight\node_modules\ts-node\src\index.ts:859:12)
    at reportTSError (C:\Users\Devops3\Documents\Projects\feetflight\node_modules\ts-node\src\index.ts:863:19)
    at C:\Users\Devops3\Documents\Projects\feetflight\node_modules\ts-node\src\index.ts:1379:34
    at Object.compile (C:\Users\Devops3\Documents\Projects\feetflight\node_modules\ts-node\src\index.ts:1458:13)
    at Module.m._compile (C:\Users\Devops3\Documents\Projects\feetflight\node_modules\ts-node\src\index.ts:1617:30)
    at Module._extensions..js (internal/modules/cjs/loader.js:1114:10)
    at Object.require.extensions.<computed> [as .ts] (C:\Users\Devops3\Documents\Projects\feetflight\node_modules\ts-node\src\index.ts:1621:12)
    at Module.load (internal/modules/cjs/loader.js:950:32)
    at Function.Module._load (internal/modules/cjs/loader.js:790:12)
    at Module.require (internal/modules/cjs/loader.js:974:19)
2023-04-05 12:08:22 error: uncaughtException: тип Unable to compile TypeScript:
[96msrc/controllers/post.controller.ts[0m:[93m33[0m:[93m55[0m - [91merror[0m[90m TS1003: [0mIdentifier expected.

[7m33[0m       let signature = req.headers['stripe-signature'].;
[7m  [0m [91m                                                      ~[0m

TSError: тип Unable to compile TypeScript:
[96msrc/controllers/post.controller.ts[0m:[93m33[0m:[93m55[0m - [91merror[0m[90m TS1003: [0mIdentifier expected.

[7m33[0m       let signature = req.headers['stripe-signature'].;
[7m  [0m [91m                                                      ~[0m

    at createTSError (C:\Users\Devops3\Documents\Projects\feetflight\node_modules\ts-node\src\index.ts:859:12)
    at reportTSError (C:\Users\Devops3\Documents\Projects\feetflight\node_modules\ts-node\src\index.ts:863:19)
    at C:\Users\Devops3\Documents\Projects\feetflight\node_modules\ts-node\src\index.ts:1379:34
    at Object.compile (C:\Users\Devops3\Documents\Projects\feetflight\node_modules\ts-node\src\index.ts:1458:13)
    at Module.m._compile (C:\Users\Devops3\Documents\Projects\feetflight\node_modules\ts-node\src\index.ts:1617:30)
    at Module._extensions..js (internal/modules/cjs/loader.js:1114:10)
    at Object.require.extensions.<computed> [as .ts] (C:\Users\Devops3\Documents\Projects\feetflight\node_modules\ts-node\src\index.ts:1621:12)
    at Module.load (internal/modules/cjs/loader.js:950:32)
    at Function.Module._load (internal/modules/cjs/loader.js:790:12)
    at Module.require (internal/modules/cjs/loader.js:974:19)
2023-04-05 12:10:12 error: [POST] /post/webhook >> StatusCode:: 500, Message:: The first argument must be of type string or an instance of Buffer, ArrayBuffer, or Array or an Array-like Object. Received an instance of Object
2023-04-05 12:10:12 error: [POST] /post/webhook >> StatusCode:: 500, Message:: The first argument must be of type string or an instance of Buffer, ArrayBuffer, or Array or an Array-like Object. Received an instance of Object
2023-04-05 12:10:13 error: [POST] /post/webhook >> StatusCode:: 500, Message:: The first argument must be of type string or an instance of Buffer, ArrayBuffer, or Array or an Array-like Object. Received an instance of Object
2023-04-05 12:10:33 error: [POST] /post/webhook >> StatusCode:: 500, Message:: The first argument must be of type string or an instance of Buffer, ArrayBuffer, or Array or an Array-like Object. Received an instance of Object
2023-04-05 12:10:33 error: [POST] /post/webhook >> StatusCode:: 500, Message:: The first argument must be of type string or an instance of Buffer, ArrayBuffer, or Array or an Array-like Object. Received an instance of Object
2023-04-05 12:10:33 error: [POST] /post/webhook >> StatusCode:: 500, Message:: The first argument must be of type string or an instance of Buffer, ArrayBuffer, or Array or an Array-like Object. Received an instance of Object
2023-04-05 12:13:38 error: uncaughtException: Identifier 'event' has already been declared
C:\Users\Devops3\Documents\Projects\feetflight\src\services\post.service.ts:85
        let event;
            ^

SyntaxError: Identifier 'event' has already been declared
    at wrapSafe (internal/modules/cjs/loader.js:1001:16)
    at Module._compile (internal/modules/cjs/loader.js:1049:27)
    at Module.m._compile (C:\Users\Devops3\Documents\Projects\feetflight\node_modules\ts-node\src\index.ts:1618:23)
    at Module._extensions..js (internal/modules/cjs/loader.js:1114:10)
    at Object.require.extensions.<computed> [as .ts] (C:\Users\Devops3\Documents\Projects\feetflight\node_modules\ts-node\src\index.ts:1621:12)
    at Module.load (internal/modules/cjs/loader.js:950:32)
    at Function.Module._load (internal/modules/cjs/loader.js:790:12)
    at Module.require (internal/modules/cjs/loader.js:974:19)
    at require (internal/modules/cjs/helpers.js:101:18)
    at Object.<anonymous> (C:\Users\Devops3\Documents\Projects\feetflight\src\controllers\post.controller.ts:2:1)
2023-04-05 12:14:31 error: [POST] /post/webhook >> StatusCode:: 500, Message:: Cannot read property 'type' of undefined
2023-04-05 12:14:31 error: [POST] /post/webhook >> StatusCode:: 500, Message:: Cannot read property 'type' of undefined
2023-04-05 12:14:31 error: [POST] /post/webhook >> StatusCode:: 500, Message:: Cannot read property 'type' of undefined
2023-04-05 12:16:22 error: [POST] /post/webhook >> StatusCode:: 500, Message:: Cannot read property 'type' of undefined
2023-04-05 12:16:22 error: [POST] /post/webhook >> StatusCode:: 500, Message:: Cannot read property 'type' of undefined
2023-04-05 12:16:23 error: [POST] /post/webhook >> StatusCode:: 500, Message:: Cannot read property 'type' of undefined
2023-04-05 12:17:04 error: [POST] /post/webhook >> StatusCode:: 500, Message:: Cannot read property 'type' of undefined
2023-04-05 12:17:04 error: [POST] /post/webhook >> StatusCode:: 500, Message:: Cannot read property 'type' of undefined
2023-04-05 12:17:04 error: [POST] /post/webhook >> StatusCode:: 500, Message:: Cannot read property 'type' of undefined
2023-04-05 12:19:05 error: uncaughtException: тип Unable to compile TypeScript:
[96msrc/controllers/post.controller.ts[0m:[93m32[0m:[93m31[0m - [91merror[0m[90m TS1005: [0m',' expected.

[7m32[0m       let event = await buffe req;
[7m  [0m [91m                              ~~~[0m

TSError: тип Unable to compile TypeScript:
[96msrc/controllers/post.controller.ts[0m:[93m32[0m:[93m31[0m - [91merror[0m[90m TS1005: [0m',' expected.

[7m32[0m       let event = await buffe req;
[7m  [0m [91m                              ~~~[0m

    at createTSError (C:\Users\Devops3\Documents\Projects\feetflight\node_modules\ts-node\src\index.ts:859:12)
    at reportTSError (C:\Users\Devops3\Documents\Projects\feetflight\node_modules\ts-node\src\index.ts:863:19)
    at C:\Users\Devops3\Documents\Projects\feetflight\node_modules\ts-node\src\index.ts:1379:34
    at Object.compile (C:\Users\Devops3\Documents\Projects\feetflight\node_modules\ts-node\src\index.ts:1458:13)
    at Module.m._compile (C:\Users\Devops3\Documents\Projects\feetflight\node_modules\ts-node\src\index.ts:1617:30)
    at Module._extensions..js (internal/modules/cjs/loader.js:1114:10)
    at Object.require.extensions.<computed> [as .ts] (C:\Users\Devops3\Documents\Projects\feetflight\node_modules\ts-node\src\index.ts:1621:12)
    at Module.load (internal/modules/cjs/loader.js:950:32)
    at Function.Module._load (internal/modules/cjs/loader.js:790:12)
    at Module.require (internal/modules/cjs/loader.js:974:19)
2023-04-05 12:19:07 error: uncaughtException: тип Unable to compile TypeScript:
[96msrc/controllers/post.controller.ts[0m:[93m32[0m:[93m31[0m - [91merror[0m[90m TS1005: [0m',' expected.

[7m32[0m       let event = await buffe req;
[7m  [0m [91m                              ~~~[0m

TSError: тип Unable to compile TypeScript:
[96msrc/controllers/post.controller.ts[0m:[93m32[0m:[93m31[0m - [91merror[0m[90m TS1005: [0m',' expected.

[7m32[0m       let event = await buffe req;
[7m  [0m [91m                              ~~~[0m

    at createTSError (C:\Users\Devops3\Documents\Projects\feetflight\node_modules\ts-node\src\index.ts:859:12)
    at reportTSError (C:\Users\Devops3\Documents\Projects\feetflight\node_modules\ts-node\src\index.ts:863:19)
    at C:\Users\Devops3\Documents\Projects\feetflight\node_modules\ts-node\src\index.ts:1379:34
    at Object.compile (C:\Users\Devops3\Documents\Projects\feetflight\node_modules\ts-node\src\index.ts:1458:13)
    at Module.m._compile (C:\Users\Devops3\Documents\Projects\feetflight\node_modules\ts-node\src\index.ts:1617:30)
    at Module._extensions..js (internal/modules/cjs/loader.js:1114:10)
    at Object.require.extensions.<computed> [as .ts] (C:\Users\Devops3\Documents\Projects\feetflight\node_modules\ts-node\src\index.ts:1621:12)
    at Module.load (internal/modules/cjs/loader.js:950:32)
    at Function.Module._load (internal/modules/cjs/loader.js:790:12)
    at Module.require (internal/modules/cjs/loader.js:974:19)
2023-04-05 12:19:12 error: uncaughtException: тип Unable to compile TypeScript:
[96msrc/controllers/post.controller.ts[0m:[93m32[0m:[93m34[0m - [91merror[0m[90m TS1005: [0m',' expected.

[7m32[0m       let event = await Buffer() req;
[7m  [0m [91m                                 ~~~[0m

TSError: тип Unable to compile TypeScript:
[96msrc/controllers/post.controller.ts[0m:[93m32[0m:[93m34[0m - [91merror[0m[90m TS1005: [0m',' expected.

[7m32[0m       let event = await Buffer() req;
[7m  [0m [91m                                 ~~~[0m

    at createTSError (C:\Users\Devops3\Documents\Projects\feetflight\node_modules\ts-node\src\index.ts:859:12)
    at reportTSError (C:\Users\Devops3\Documents\Projects\feetflight\node_modules\ts-node\src\index.ts:863:19)
    at C:\Users\Devops3\Documents\Projects\feetflight\node_modules\ts-node\src\index.ts:1379:34
    at Object.compile (C:\Users\Devops3\Documents\Projects\feetflight\node_modules\ts-node\src\index.ts:1458:13)
    at Module.m._compile (C:\Users\Devops3\Documents\Projects\feetflight\node_modules\ts-node\src\index.ts:1617:30)
    at Module._extensions..js (internal/modules/cjs/loader.js:1114:10)
    at Object.require.extensions.<computed> [as .ts] (C:\Users\Devops3\Documents\Projects\feetflight\node_modules\ts-node\src\index.ts:1621:12)
    at Module.load (internal/modules/cjs/loader.js:950:32)
    at Function.Module._load (internal/modules/cjs/loader.js:790:12)
    at Module.require (internal/modules/cjs/loader.js:974:19)
2023-04-05 12:32:49 error: uncaughtException: тип Unable to compile TypeScript:
[96msrc/routes/post.route.ts[0m:[93m7[0m:[93m1[0m - [91merror[0m[90m TS1005: [0m'=' expected.

[7m7[0m class postRoute implements Routes {
[7m [0m [91m~~~~~[0m

TSError: тип Unable to compile TypeScript:
[96msrc/routes/post.route.ts[0m:[93m7[0m:[93m1[0m - [91merror[0m[90m TS1005: [0m'=' expected.

[7m7[0m class postRoute implements Routes {
[7m [0m [91m~~~~~[0m

    at createTSError (C:\Users\Devops3\Documents\Projects\feetflight\node_modules\ts-node\src\index.ts:859:12)
    at reportTSError (C:\Users\Devops3\Documents\Projects\feetflight\node_modules\ts-node\src\index.ts:863:19)
    at C:\Users\Devops3\Documents\Projects\feetflight\node_modules\ts-node\src\index.ts:1379:34
    at Object.compile (C:\Users\Devops3\Documents\Projects\feetflight\node_modules\ts-node\src\index.ts:1458:13)
    at Module.m._compile (C:\Users\Devops3\Documents\Projects\feetflight\node_modules\ts-node\src\index.ts:1617:30)
    at Module._extensions..js (internal/modules/cjs/loader.js:1114:10)
    at Object.require.extensions.<computed> [as .ts] (C:\Users\Devops3\Documents\Projects\feetflight\node_modules\ts-node\src\index.ts:1621:12)
    at Module.load (internal/modules/cjs/loader.js:950:32)
    at Function.Module._load (internal/modules/cjs/loader.js:790:12)
    at Module.require (internal/modules/cjs/loader.js:974:19)
2023-04-05 12:32:51 error: uncaughtException: тип Unable to compile TypeScript:
[96msrc/routes/post.route.ts[0m:[93m7[0m:[93m1[0m - [91merror[0m[90m TS1005: [0m'=' expected.

[7m7[0m class postRoute implements Routes {
[7m [0m [91m~~~~~[0m

TSError: тип Unable to compile TypeScript:
[96msrc/routes/post.route.ts[0m:[93m7[0m:[93m1[0m - [91merror[0m[90m TS1005: [0m'=' expected.

[7m7[0m class postRoute implements Routes {
[7m [0m [91m~~~~~[0m

    at createTSError (C:\Users\Devops3\Documents\Projects\feetflight\node_modules\ts-node\src\index.ts:859:12)
    at reportTSError (C:\Users\Devops3\Documents\Projects\feetflight\node_modules\ts-node\src\index.ts:863:19)
    at C:\Users\Devops3\Documents\Projects\feetflight\node_modules\ts-node\src\index.ts:1379:34
    at Object.compile (C:\Users\Devops3\Documents\Projects\feetflight\node_modules\ts-node\src\index.ts:1458:13)
    at Module.m._compile (C:\Users\Devops3\Documents\Projects\feetflight\node_modules\ts-node\src\index.ts:1617:30)
    at Module._extensions..js (internal/modules/cjs/loader.js:1114:10)
    at Object.require.extensions.<computed> [as .ts] (C:\Users\Devops3\Documents\Projects\feetflight\node_modules\ts-node\src\index.ts:1621:12)
    at Module.load (internal/modules/cjs/loader.js:950:32)
    at Function.Module._load (internal/modules/cjs/loader.js:790:12)
    at Module.require (internal/modules/cjs/loader.js:974:19)
2023-04-05 12:32:55 error: uncaughtException: тип Unable to compile TypeScript:
[96msrc/routes/post.route.ts[0m:[93m7[0m:[93m1[0m - [91merror[0m[90m TS1005: [0m'=' expected.

[7m7[0m class postRoute implements Routes {
[7m [0m [91m~~~~~[0m

TSError: тип Unable to compile TypeScript:
[96msrc/routes/post.route.ts[0m:[93m7[0m:[93m1[0m - [91merror[0m[90m TS1005: [0m'=' expected.

[7m7[0m class postRoute implements Routes {
[7m [0m [91m~~~~~[0m

    at createTSError (C:\Users\Devops3\Documents\Projects\feetflight\node_modules\ts-node\src\index.ts:859:12)
    at reportTSError (C:\Users\Devops3\Documents\Projects\feetflight\node_modules\ts-node\src\index.ts:863:19)
    at C:\Users\Devops3\Documents\Projects\feetflight\node_modules\ts-node\src\index.ts:1379:34
    at Object.compile (C:\Users\Devops3\Documents\Projects\feetflight\node_modules\ts-node\src\index.ts:1458:13)
    at Module.m._compile (C:\Users\Devops3\Documents\Projects\feetflight\node_modules\ts-node\src\index.ts:1617:30)
    at Module._extensions..js (internal/modules/cjs/loader.js:1114:10)
    at Object.require.extensions.<computed> [as .ts] (C:\Users\Devops3\Documents\Projects\feetflight\node_modules\ts-node\src\index.ts:1621:12)
    at Module.load (internal/modules/cjs/loader.js:950:32)
    at Function.Module._load (internal/modules/cjs/loader.js:790:12)
    at Module.require (internal/modules/cjs/loader.js:974:19)
2023-04-05 12:33:17 error: uncaughtException: тип Unable to compile TypeScript:
[96msrc/routes/post.route.ts[0m:[93m20[0m:[93m57[0m - [91merror[0m[90m TS1003: [0mIdentifier expected.

[7m20[0m     this.router.post(`${this.path}/webhook`, bodyparser., this.postController.webhook);
[7m  [0m [91m                                                        ~[0m

TSError: тип Unable to compile TypeScript:
[96msrc/routes/post.route.ts[0m:[93m20[0m:[93m57[0m - [91merror[0m[90m TS1003: [0mIdentifier expected.

[7m20[0m     this.router.post(`${this.path}/webhook`, bodyparser., this.postController.webhook);
[7m  [0m [91m                                                        ~[0m

    at createTSError (C:\Users\Devops3\Documents\Projects\feetflight\node_modules\ts-node\src\index.ts:859:12)
    at reportTSError (C:\Users\Devops3\Documents\Projects\feetflight\node_modules\ts-node\src\index.ts:863:19)
    at C:\Users\Devops3\Documents\Projects\feetflight\node_modules\ts-node\src\index.ts:1379:34
    at Object.compile (C:\Users\Devops3\Documents\Projects\feetflight\node_modules\ts-node\src\index.ts:1458:13)
    at Module.m._compile (C:\Users\Devops3\Documents\Projects\feetflight\node_modules\ts-node\src\index.ts:1617:30)
    at Module._extensions..js (internal/modules/cjs/loader.js:1114:10)
    at Object.require.extensions.<computed> [as .ts] (C:\Users\Devops3\Documents\Projects\feetflight\node_modules\ts-node\src\index.ts:1621:12)
    at Module.load (internal/modules/cjs/loader.js:950:32)
    at Function.Module._load (internal/modules/cjs/loader.js:790:12)
    at Module.require (internal/modules/cjs/loader.js:974:19)
2023-04-05 12:33:19 error: uncaughtException: тип Unable to compile TypeScript:
[96msrc/routes/post.route.ts[0m:[93m20[0m:[93m57[0m - [91merror[0m[90m TS1003: [0mIdentifier expected.

[7m20[0m     this.router.post(`${this.path}/webhook`, bodyparser., this.postController.webhook);
[7m  [0m [91m                                                        ~[0m

TSError: тип Unable to compile TypeScript:
[96msrc/routes/post.route.ts[0m:[93m20[0m:[93m57[0m - [91merror[0m[90m TS1003: [0mIdentifier expected.

[7m20[0m     this.router.post(`${this.path}/webhook`, bodyparser., this.postController.webhook);
[7m  [0m [91m                                                        ~[0m

    at createTSError (C:\Users\Devops3\Documents\Projects\feetflight\node_modules\ts-node\src\index.ts:859:12)
    at reportTSError (C:\Users\Devops3\Documents\Projects\feetflight\node_modules\ts-node\src\index.ts:863:19)
    at C:\Users\Devops3\Documents\Projects\feetflight\node_modules\ts-node\src\index.ts:1379:34
    at Object.compile (C:\Users\Devops3\Documents\Projects\feetflight\node_modules\ts-node\src\index.ts:1458:13)
    at Module.m._compile (C:\Users\Devops3\Documents\Projects\feetflight\node_modules\ts-node\src\index.ts:1617:30)
    at Module._extensions..js (internal/modules/cjs/loader.js:1114:10)
    at Object.require.extensions.<computed> [as .ts] (C:\Users\Devops3\Documents\Projects\feetflight\node_modules\ts-node\src\index.ts:1621:12)
    at Module.load (internal/modules/cjs/loader.js:950:32)
    at Function.Module._load (internal/modules/cjs/loader.js:790:12)
    at Module.require (internal/modules/cjs/loader.js:974:19)
2023-04-05 12:33:50 error: [POST] /post/webhook >> StatusCode:: 500, Message:: The first argument must be of type string or an instance of Buffer, ArrayBuffer, or Array or an Array-like Object. Received an instance of IncomingMessage
2023-04-05 12:33:50 error: [POST] /post/webhook >> StatusCode:: 500, Message:: The first argument must be of type string or an instance of Buffer, ArrayBuffer, or Array or an Array-like Object. Received an instance of IncomingMessage
2023-04-05 12:33:50 error: [POST] /post/webhook >> StatusCode:: 500, Message:: The first argument must be of type string or an instance of Buffer, ArrayBuffer, or Array or an Array-like Object. Received an instance of IncomingMessage
2023-04-05 12:34:23 error: [POST] /post/webhook >> StatusCode:: 500, Message:: Cannot read property 'type' of undefined
2023-04-05 12:34:23 error: [POST] /post/webhook >> StatusCode:: 500, Message:: Cannot read property 'type' of undefined
2023-04-05 12:34:23 error: [POST] /post/webhook >> StatusCode:: 500, Message:: Cannot read property 'type' of undefined
2023-04-05 12:37:23 error: uncaughtException: Identifier 'event' has already been declared
C:\Users\Devops3\Documents\Projects\feetflight\src\controllers\post.controller.ts:36
                let event;
                    ^

SyntaxError: Identifier 'event' has already been declared
    at wrapSafe (internal/modules/cjs/loader.js:1001:16)
    at Module._compile (internal/modules/cjs/loader.js:1049:27)
    at Module.m._compile (C:\Users\Devops3\Documents\Projects\feetflight\node_modules\ts-node\src\index.ts:1618:23)
    at Module._extensions..js (internal/modules/cjs/loader.js:1114:10)
    at Object.require.extensions.<computed> [as .ts] (C:\Users\Devops3\Documents\Projects\feetflight\node_modules\ts-node\src\index.ts:1621:12)
    at Module.load (internal/modules/cjs/loader.js:950:32)
    at Function.Module._load (internal/modules/cjs/loader.js:790:12)
    at Module.require (internal/modules/cjs/loader.js:974:19)
    at require (internal/modules/cjs/helpers.js:101:18)
    at Object.<anonymous> (C:\Users\Devops3\Documents\Projects\feetflight\src\routes\post.route.ts:2:1)
2023-04-05 12:37:27 error: uncaughtException: Identifier 'event' has already been declared
C:\Users\Devops3\Documents\Projects\feetflight\src\controllers\post.controller.ts:36
                let event;
                    ^

SyntaxError: Identifier 'event' has already been declared
    at wrapSafe (internal/modules/cjs/loader.js:1001:16)
    at Module._compile (internal/modules/cjs/loader.js:1049:27)
    at Module.m._compile (C:\Users\Devops3\Documents\Projects\feetflight\node_modules\ts-node\src\index.ts:1618:23)
    at Module._extensions..js (internal/modules/cjs/loader.js:1114:10)
    at Object.require.extensions.<computed> [as .ts] (C:\Users\Devops3\Documents\Projects\feetflight\node_modules\ts-node\src\index.ts:1621:12)
    at Module.load (internal/modules/cjs/loader.js:950:32)
    at Function.Module._load (internal/modules/cjs/loader.js:790:12)
    at Module.require (internal/modules/cjs/loader.js:974:19)
    at require (internal/modules/cjs/helpers.js:101:18)
    at Object.<anonymous> (C:\Users\Devops3\Documents\Projects\feetflight\src\routes\post.route.ts:2:1)
2023-04-05 12:38:04 error: [POST] /post/webhook >> StatusCode:: 500, Message:: Cannot read property 'type' of undefined
2023-04-05 12:38:04 error: [POST] /post/webhook >> StatusCode:: 500, Message:: Cannot read property 'type' of undefined
2023-04-05 12:38:04 error: [POST] /post/webhook >> StatusCode:: 500, Message:: Cannot read property 'type' of undefined
2023-04-05 12:39:02 error: [POST] /post/webhook >> StatusCode:: 500, Message:: Cannot read property 'type' of undefined
2023-04-05 12:39:02 error: [POST] /post/webhook >> StatusCode:: 500, Message:: Cannot read property 'type' of undefined
2023-04-05 12:39:02 error: [POST] /post/webhook >> StatusCode:: 500, Message:: Cannot read property 'type' of undefined
2023-04-05 12:39:42 error: [POST] /post/webhook >> StatusCode:: 500, Message:: Cannot read property 'type' of undefined
2023-04-05 12:39:42 error: [POST] /post/webhook >> StatusCode:: 500, Message:: Cannot read property 'type' of undefined
2023-04-05 12:39:42 error: [POST] /post/webhook >> StatusCode:: 500, Message:: Cannot read property 'type' of undefined
2023-04-05 12:40:06 error: [POST] /post/webhook >> StatusCode:: 500, Message:: Cannot read property 'type' of undefined
2023-04-05 12:40:06 error: [POST] /post/webhook >> StatusCode:: 500, Message:: Cannot read property 'type' of undefined
2023-04-05 12:40:06 error: [POST] /post/webhook >> StatusCode:: 500, Message:: Cannot read property 'type' of undefined
2023-04-05 12:40:30 error: [POST] /post/webhook >> StatusCode:: 500, Message:: Cannot read property 'type' of undefined
2023-04-05 12:40:30 error: [POST] /post/webhook >> StatusCode:: 500, Message:: Cannot read property 'type' of undefined
2023-04-05 12:40:30 error: [POST] /post/webhook >> StatusCode:: 500, Message:: Cannot read property 'type' of undefined
2023-04-05 12:44:08 error: [POST] /post/webhook >> StatusCode:: 500, Message:: Cannot read property 'type' of undefined
2023-04-05 12:44:08 error: [POST] /post/webhook >> StatusCode:: 500, Message:: Cannot read property 'type' of undefined
2023-04-05 12:44:08 error: [POST] /post/webhook >> StatusCode:: 500, Message:: Cannot read property 'type' of undefined
2023-04-05 12:46:20 error: uncaughtException: тип Unable to compile TypeScript:
[96msrc/controllers/post.controller.ts[0m:[93m35[0m:[93m11[0m - [91merror[0m[90m TS1005: [0m',' expected.

[7m35[0m       let signature = req.headers['stripe-signature'];
[7m  [0m [91m          ~~~~~~~~~[0m

TSError: тип Unable to compile TypeScript:
[96msrc/controllers/post.controller.ts[0m:[93m35[0m:[93m11[0m - [91merror[0m[90m TS1005: [0m',' expected.

[7m35[0m       let signature = req.headers['stripe-signature'];
[7m  [0m [91m          ~~~~~~~~~[0m

    at createTSError (C:\Users\Devops3\Documents\Projects\feetflight\node_modules\ts-node\src\index.ts:859:12)
    at reportTSError (C:\Users\Devops3\Documents\Projects\feetflight\node_modules\ts-node\src\index.ts:863:19)
    at C:\Users\Devops3\Documents\Projects\feetflight\node_modules\ts-node\src\index.ts:1379:34
    at Object.compile (C:\Users\Devops3\Documents\Projects\feetflight\node_modules\ts-node\src\index.ts:1458:13)
    at Module.m._compile (C:\Users\Devops3\Documents\Projects\feetflight\node_modules\ts-node\src\index.ts:1617:30)
    at Module._extensions..js (internal/modules/cjs/loader.js:1114:10)
    at Object.require.extensions.<computed> [as .ts] (C:\Users\Devops3\Documents\Projects\feetflight\node_modules\ts-node\src\index.ts:1621:12)
    at Module.load (internal/modules/cjs/loader.js:950:32)
    at Function.Module._load (internal/modules/cjs/loader.js:790:12)
    at Module.require (internal/modules/cjs/loader.js:974:19)
2023-04-05 12:46:45 error: [POST] /post/webhook >> StatusCode:: 500, Message:: The first argument must be of type string or an instance of Buffer, ArrayBuffer, or Array or an Array-like Object. Received an instance of Object
2023-04-05 12:46:45 error: [POST] /post/webhook >> StatusCode:: 500, Message:: The first argument must be of type string or an instance of Buffer, ArrayBuffer, or Array or an Array-like Object. Received an instance of Object
2023-04-05 12:46:45 error: [POST] /post/webhook >> StatusCode:: 500, Message:: The first argument must be of type string or an instance of Buffer, ArrayBuffer, or Array or an Array-like Object. Received an instance of Object
2023-04-05 12:47:34 error: uncaughtException: тип Unable to compile TypeScript:
[96msrc/controllers/post.controller.ts[0m:[93m33[0m:[93m37[0m - [91merror[0m[90m TS1003: [0mIdentifier expected.

[7m33[0m       const payload = req.body.data.;
[7m  [0m [91m                                    ~[0m

TSError: тип Unable to compile TypeScript:
[96msrc/controllers/post.controller.ts[0m:[93m33[0m:[93m37[0m - [91merror[0m[90m TS1003: [0mIdentifier expected.

[7m33[0m       const payload = req.body.data.;
[7m  [0m [91m                                    ~[0m

    at createTSError (C:\Users\Devops3\Documents\Projects\feetflight\node_modules\ts-node\src\index.ts:859:12)
    at reportTSError (C:\Users\Devops3\Documents\Projects\feetflight\node_modules\ts-node\src\index.ts:863:19)
    at C:\Users\Devops3\Documents\Projects\feetflight\node_modules\ts-node\src\index.ts:1379:34
    at Object.compile (C:\Users\Devops3\Documents\Projects\feetflight\node_modules\ts-node\src\index.ts:1458:13)
    at Module.m._compile (C:\Users\Devops3\Documents\Projects\feetflight\node_modules\ts-node\src\index.ts:1617:30)
    at Module._extensions..js (internal/modules/cjs/loader.js:1114:10)
    at Object.require.extensions.<computed> [as .ts] (C:\Users\Devops3\Documents\Projects\feetflight\node_modules\ts-node\src\index.ts:1621:12)
    at Module.load (internal/modules/cjs/loader.js:950:32)
    at Function.Module._load (internal/modules/cjs/loader.js:790:12)
    at Module.require (internal/modules/cjs/loader.js:974:19)
2023-04-05 12:47:43 error: uncaughtException: тип Unable to compile TypeScript:
[96msrc/controllers/post.controller.ts[0m:[93m33[0m:[93m37[0m - [91merror[0m[90m TS1003: [0mIdentifier expected.

[7m33[0m       const payload = req.body.data.;
[7m  [0m [91m                                    ~[0m

TSError: тип Unable to compile TypeScript:
[96msrc/controllers/post.controller.ts[0m:[93m33[0m:[93m37[0m - [91merror[0m[90m TS1003: [0mIdentifier expected.

[7m33[0m       const payload = req.body.data.;
[7m  [0m [91m                                    ~[0m

    at createTSError (C:\Users\Devops3\Documents\Projects\feetflight\node_modules\ts-node\src\index.ts:859:12)
    at reportTSError (C:\Users\Devops3\Documents\Projects\feetflight\node_modules\ts-node\src\index.ts:863:19)
    at C:\Users\Devops3\Documents\Projects\feetflight\node_modules\ts-node\src\index.ts:1379:34
    at Object.compile (C:\Users\Devops3\Documents\Projects\feetflight\node_modules\ts-node\src\index.ts:1458:13)
    at Module.m._compile (C:\Users\Devops3\Documents\Projects\feetflight\node_modules\ts-node\src\index.ts:1617:30)
    at Module._extensions..js (internal/modules/cjs/loader.js:1114:10)
    at Object.require.extensions.<computed> [as .ts] (C:\Users\Devops3\Documents\Projects\feetflight\node_modules\ts-node\src\index.ts:1621:12)
    at Module.load (internal/modules/cjs/loader.js:950:32)
    at Function.Module._load (internal/modules/cjs/loader.js:790:12)
    at Module.require (internal/modules/cjs/loader.js:974:19)
2023-04-05 12:47:45 error: uncaughtException: тип Unable to compile TypeScript:
[96msrc/controllers/post.controller.ts[0m:[93m33[0m:[93m37[0m - [91merror[0m[90m TS1003: [0mIdentifier expected.

[7m33[0m       const payload = req.body.data.;
[7m  [0m [91m                                    ~[0m

TSError: тип Unable to compile TypeScript:
[96msrc/controllers/post.controller.ts[0m:[93m33[0m:[93m37[0m - [91merror[0m[90m TS1003: [0mIdentifier expected.

[7m33[0m       const payload = req.body.data.;
[7m  [0m [91m                                    ~[0m

    at createTSError (C:\Users\Devops3\Documents\Projects\feetflight\node_modules\ts-node\src\index.ts:859:12)
    at reportTSError (C:\Users\Devops3\Documents\Projects\feetflight\node_modules\ts-node\src\index.ts:863:19)
    at C:\Users\Devops3\Documents\Projects\feetflight\node_modules\ts-node\src\index.ts:1379:34
    at Object.compile (C:\Users\Devops3\Documents\Projects\feetflight\node_modules\ts-node\src\index.ts:1458:13)
    at Module.m._compile (C:\Users\Devops3\Documents\Projects\feetflight\node_modules\ts-node\src\index.ts:1617:30)
    at Module._extensions..js (internal/modules/cjs/loader.js:1114:10)
    at Object.require.extensions.<computed> [as .ts] (C:\Users\Devops3\Documents\Projects\feetflight\node_modules\ts-node\src\index.ts:1621:12)
    at Module.load (internal/modules/cjs/loader.js:950:32)
    at Function.Module._load (internal/modules/cjs/loader.js:790:12)
    at Module.require (internal/modules/cjs/loader.js:974:19)
2023-04-05 12:47:55 error: [POST] /post/webhook >> StatusCode:: 500, Message:: The first argument must be of type string or an instance of Buffer, ArrayBuffer, or Array or an Array-like Object. Received an instance of Object
2023-04-05 12:47:55 error: [POST] /post/webhook >> StatusCode:: 500, Message:: The first argument must be of type string or an instance of Buffer, ArrayBuffer, or Array or an Array-like Object. Received an instance of Object
2023-04-05 12:47:55 error: [POST] /post/webhook >> StatusCode:: 500, Message:: The first argument must be of type string or an instance of Buffer, ArrayBuffer, or Array or an Array-like Object. Received an instance of Object
2023-04-05 12:48:07 error: uncaughtException: тип Unable to compile TypeScript:
[96msrc/controllers/post.controller.ts[0m:[93m34[0m:[93m26[0m - [91merror[0m[90m TS1003: [0mIdentifier expected.

[7m34[0m       const buf = Buffer.(payload);
[7m  [0m [91m                         ~[0m

TSError: тип Unable to compile TypeScript:
[96msrc/controllers/post.controller.ts[0m:[93m34[0m:[93m26[0m - [91merror[0m[90m TS1003: [0mIdentifier expected.

[7m34[0m       const buf = Buffer.(payload);
[7m  [0m [91m                         ~[0m

    at createTSError (C:\Users\Devops3\Documents\Projects\feetflight\node_modules\ts-node\src\index.ts:859:12)
    at reportTSError (C:\Users\Devops3\Documents\Projects\feetflight\node_modules\ts-node\src\index.ts:863:19)
    at C:\Users\Devops3\Documents\Projects\feetflight\node_modules\ts-node\src\index.ts:1379:34
    at Object.compile (C:\Users\Devops3\Documents\Projects\feetflight\node_modules\ts-node\src\index.ts:1458:13)
    at Module.m._compile (C:\Users\Devops3\Documents\Projects\feetflight\node_modules\ts-node\src\index.ts:1617:30)
    at Module._extensions..js (internal/modules/cjs/loader.js:1114:10)
    at Object.require.extensions.<computed> [as .ts] (C:\Users\Devops3\Documents\Projects\feetflight\node_modules\ts-node\src\index.ts:1621:12)
    at Module.load (internal/modules/cjs/loader.js:950:32)
    at Function.Module._load (internal/modules/cjs/loader.js:790:12)
    at Module.require (internal/modules/cjs/loader.js:974:19)
2023-04-05 12:48:44 error: [POST] /post/webhook >> StatusCode:: 500, Message:: The first argument must be of type string or an instance of Buffer, ArrayBuffer, or Array or an Array-like Object. Received an instance of Object
2023-04-05 12:48:44 error: [POST] /post/webhook >> StatusCode:: 500, Message:: The first argument must be of type string or an instance of Buffer, ArrayBuffer, or Array or an Array-like Object. Received an instance of Object
2023-04-05 12:48:44 error: [POST] /post/webhook >> StatusCode:: 500, Message:: The first argument must be of type string or an instance of Buffer, ArrayBuffer, or Array or an Array-like Object. Received an instance of Object
2023-04-05 12:49:11 error: [POST] /post/webhook >> StatusCode:: 500, Message:: The first argument must be of type string or an instance of Buffer, ArrayBuffer, or Array or an Array-like Object. Received an instance of Object
2023-04-05 12:49:11 error: [POST] /post/webhook >> StatusCode:: 500, Message:: The first argument must be of type string or an instance of Buffer, ArrayBuffer, or Array or an Array-like Object. Received an instance of Object
2023-04-05 12:49:11 error: [POST] /post/webhook >> StatusCode:: 500, Message:: The first argument must be of type string or an instance of Buffer, ArrayBuffer, or Array or an Array-like Object. Received an instance of Object
2023-04-05 12:50:23 error: [POST] /post/webhook >> StatusCode:: 500, Message:: Cannot read property 'type' of undefined
2023-04-05 12:50:23 error: [POST] /post/webhook >> StatusCode:: 500, Message:: Cannot read property 'type' of undefined
2023-04-05 12:50:23 error: [POST] /post/webhook >> StatusCode:: 500, Message:: Cannot read property 'type' of undefined
2023-04-05 12:55:20 error: uncaughtException: тип Unable to compile TypeScript:
[96msrc/routes/post.route.ts[0m:[93m20[0m:[93m80[0m - [91merror[0m[90m TS1005: [0m':' expected.

[7m20[0m     this.router.post(`${this.path}/webhook`, bodyparser.raw({"application/json"}), this.postController.webhook);
[7m  [0m [91m                                                                               ~[0m

TSError: тип Unable to compile TypeScript:
[96msrc/routes/post.route.ts[0m:[93m20[0m:[93m80[0m - [91merror[0m[90m TS1005: [0m':' expected.

[7m20[0m     this.router.post(`${this.path}/webhook`, bodyparser.raw({"application/json"}), this.postController.webhook);
[7m  [0m [91m                                                                               ~[0m

    at createTSError (C:\Users\Devops3\Documents\Projects\feetflight\node_modules\ts-node\src\index.ts:859:12)
    at reportTSError (C:\Users\Devops3\Documents\Projects\feetflight\node_modules\ts-node\src\index.ts:863:19)
    at C:\Users\Devops3\Documents\Projects\feetflight\node_modules\ts-node\src\index.ts:1379:34
    at Object.compile (C:\Users\Devops3\Documents\Projects\feetflight\node_modules\ts-node\src\index.ts:1458:13)
    at Module.m._compile (C:\Users\Devops3\Documents\Projects\feetflight\node_modules\ts-node\src\index.ts:1617:30)
    at Module._extensions..js (internal/modules/cjs/loader.js:1114:10)
    at Object.require.extensions.<computed> [as .ts] (C:\Users\Devops3\Documents\Projects\feetflight\node_modules\ts-node\src\index.ts:1621:12)
    at Module.load (internal/modules/cjs/loader.js:950:32)
    at Function.Module._load (internal/modules/cjs/loader.js:790:12)
    at Module.require (internal/modules/cjs/loader.js:974:19)
2023-04-05 12:56:06 error: [POST] /post/webhook >> StatusCode:: 500, Message:: Cannot read property 'type' of undefined
2023-04-05 12:56:06 error: [POST] /post/webhook >> StatusCode:: 500, Message:: Cannot read property 'type' of undefined
2023-04-05 12:56:06 error: [POST] /post/webhook >> StatusCode:: 500, Message:: Cannot read property 'type' of undefined
2023-04-05 13:00:29 error: uncaughtException: тип Unable to compile TypeScript:
[96msrc/controllers/post.controller.ts[0m:[93m33[0m:[93m23[0m - [91merror[0m[90m TS1109: [0mExpression expected.

[7m33[0m       const payload = ;
[7m  [0m [91m                      ~[0m

TSError: тип Unable to compile TypeScript:
[96msrc/controllers/post.controller.ts[0m:[93m33[0m:[93m23[0m - [91merror[0m[90m TS1109: [0mExpression expected.

[7m33[0m       const payload = ;
[7m  [0m [91m                      ~[0m

    at createTSError (C:\Users\Devops3\Documents\Projects\feetflight\node_modules\ts-node\src\index.ts:859:12)
    at reportTSError (C:\Users\Devops3\Documents\Projects\feetflight\node_modules\ts-node\src\index.ts:863:19)
    at C:\Users\Devops3\Documents\Projects\feetflight\node_modules\ts-node\src\index.ts:1379:34
    at Object.compile (C:\Users\Devops3\Documents\Projects\feetflight\node_modules\ts-node\src\index.ts:1458:13)
    at Module.m._compile (C:\Users\Devops3\Documents\Projects\feetflight\node_modules\ts-node\src\index.ts:1617:30)
    at Module._extensions..js (internal/modules/cjs/loader.js:1114:10)
    at Object.require.extensions.<computed> [as .ts] (C:\Users\Devops3\Documents\Projects\feetflight\node_modules\ts-node\src\index.ts:1621:12)
    at Module.load (internal/modules/cjs/loader.js:950:32)
    at Function.Module._load (internal/modules/cjs/loader.js:790:12)
    at Module.require (internal/modules/cjs/loader.js:974:19)
2023-04-05 13:00:39 error: [POST] /post/webhook >> StatusCode:: 500, Message:: Cannot read property 'type' of undefined
2023-04-05 13:00:39 error: [POST] /post/webhook >> StatusCode:: 500, Message:: Cannot read property 'type' of undefined
2023-04-05 13:00:40 error: [POST] /post/webhook >> StatusCode:: 500, Message:: Cannot read property 'type' of undefined
2023-04-05 13:04:29 error: [POST] /post/webhook >> StatusCode:: 500, Message:: Cannot read property 'type' of undefined
2023-04-05 13:04:29 error: [POST] /post/webhook >> StatusCode:: 500, Message:: Cannot read property 'type' of undefined
2023-04-05 13:04:29 error: [POST] /post/webhook >> StatusCode:: 500, Message:: Cannot read property 'type' of undefined
2023-04-05 13:14:18 error: uncaughtException: Identifier 'event' has already been declared
C:\Users\Devops3\Documents\Projects\feetflight\src\controllers\post.controller.ts:48
                let event;
                    ^

SyntaxError: Identifier 'event' has already been declared
    at wrapSafe (internal/modules/cjs/loader.js:1001:16)
    at Module._compile (internal/modules/cjs/loader.js:1049:27)
    at Module.m._compile (C:\Users\Devops3\Documents\Projects\feetflight\node_modules\ts-node\src\index.ts:1618:23)
    at Module._extensions..js (internal/modules/cjs/loader.js:1114:10)
    at Object.require.extensions.<computed> [as .ts] (C:\Users\Devops3\Documents\Projects\feetflight\node_modules\ts-node\src\index.ts:1621:12)
    at Module.load (internal/modules/cjs/loader.js:950:32)
    at Function.Module._load (internal/modules/cjs/loader.js:790:12)
    at Module.require (internal/modules/cjs/loader.js:974:19)
    at require (internal/modules/cjs/helpers.js:101:18)
    at Object.<anonymous> (C:\Users\Devops3\Documents\Projects\feetflight\src\routes\post.route.ts:2:1)
2023-04-05 13:18:42 error: uncaughtException: тип Unable to compile TypeScript:
[96msrc/controllers/post.controller.ts[0m:[93m32[0m:[93m5[0m - [91merror[0m[90m TS1068: [0mUnexpected token. A constructor, method, accessor, or property was expected.

[7m32[0m     try {
[7m  [0m [91m    ~~~[0m
[96msrc/controllers/post.controller.ts[0m:[93m60[0m:[93m3[0m - [91merror[0m[90m TS1128: [0mDeclaration or statement expected.

[7m60[0m   };
[7m  [0m [91m  ~[0m
[96msrc/controllers/post.controller.ts[0m:[93m62[0m:[93m3[0m - [91merror[0m[90m TS1128: [0mDeclaration or statement expected.

[7m62[0m   public getPostPictures = async (req: Request, res: Response, next: NextFunction): Promise<void> => {
[7m  [0m [91m  ~~~~~~[0m
[96msrc/controllers/post.controller.ts[0m:[93m73[0m:[93m3[0m - [91merror[0m[90m TS1128: [0mDeclaration or statement expected.

[7m73[0m   public updateViews = async (req: Request, res: Response, next: NextFunction): Promise<void> => {
[7m  [0m [91m  ~~~~~~[0m
[96msrc/controllers/post.controller.ts[0m:[93m84[0m:[93m3[0m - [91merror[0m[90m TS1128: [0mDeclaration or statement expected.

[7m84[0m   public likePost = async (req: Request, res: Response, next: NextFunction): Promise<void> => {
[7m  [0m [91m  ~~~~~~[0m
[96msrc/controllers/post.controller.ts[0m:[93m95[0m:[93m3[0m - [91merror[0m[90m TS1128: [0mDeclaration or statement expected.

[7m95[0m   public createPost = async (req: Request, res: Response, next: NextFunction): Promise<void> => {
[7m  [0m [91m  ~~~~~~[0m
[96msrc/controllers/post.controller.ts[0m:[93m106[0m:[93m1[0m - [91merror[0m[90m TS1128: [0mDeclaration or statement expected.

[7m106[0m }
[7m   [0m [91m~[0m

TSError: тип Unable to compile TypeScript:
[96msrc/controllers/post.controller.ts[0m:[93m32[0m:[93m5[0m - [91merror[0m[90m TS1068: [0mUnexpected token. A constructor, method, accessor, or property was expected.

[7m32[0m     try {
[7m  [0m [91m    ~~~[0m
[96msrc/controllers/post.controller.ts[0m:[93m60[0m:[93m3[0m - [91merror[0m[90m TS1128: [0mDeclaration or statement expected.

[7m60[0m   };
[7m  [0m [91m  ~[0m
[96msrc/controllers/post.controller.ts[0m:[93m62[0m:[93m3[0m - [91merror[0m[90m TS1128: [0mDeclaration or statement expected.

[7m62[0m   public getPostPictures = async (req: Request, res: Response, next: NextFunction): Promise<void> => {
[7m  [0m [91m  ~~~~~~[0m
[96msrc/controllers/post.controller.ts[0m:[93m73[0m:[93m3[0m - [91merror[0m[90m TS1128: [0mDeclaration or statement expected.

[7m73[0m   public updateViews = async (req: Request, res: Response, next: NextFunction): Promise<void> => {
[7m  [0m [91m  ~~~~~~[0m
[96msrc/controllers/post.controller.ts[0m:[93m84[0m:[93m3[0m - [91merror[0m[90m TS1128: [0mDeclaration or statement expected.

[7m84[0m   public likePost = async (req: Request, res: Response, next: NextFunction): Promise<void> => {
[7m  [0m [91m  ~~~~~~[0m
[96msrc/controllers/post.controller.ts[0m:[93m95[0m:[93m3[0m - [91merror[0m[90m TS1128: [0mDeclaration or statement expected.

[7m95[0m   public createPost = async (req: Request, res: Response, next: NextFunction): Promise<void> => {
[7m  [0m [91m  ~~~~~~[0m
[96msrc/controllers/post.controller.ts[0m:[93m106[0m:[93m1[0m - [91merror[0m[90m TS1128: [0mDeclaration or statement expected.

[7m106[0m }
[7m   [0m [91m~[0m

    at createTSError (C:\Users\Devops3\Documents\Projects\feetflight\node_modules\ts-node\src\index.ts:859:12)
    at reportTSError (C:\Users\Devops3\Documents\Projects\feetflight\node_modules\ts-node\src\index.ts:863:19)
    at C:\Users\Devops3\Documents\Projects\feetflight\node_modules\ts-node\src\index.ts:1379:34
    at Object.compile (C:\Users\Devops3\Documents\Projects\feetflight\node_modules\ts-node\src\index.ts:1458:13)
    at Module.m._compile (C:\Users\Devops3\Documents\Projects\feetflight\node_modules\ts-node\src\index.ts:1617:30)
    at Module._extensions..js (internal/modules/cjs/loader.js:1114:10)
    at Object.require.extensions.<computed> [as .ts] (C:\Users\Devops3\Documents\Projects\feetflight\node_modules\ts-node\src\index.ts:1621:12)
    at Module.load (internal/modules/cjs/loader.js:950:32)
    at Function.Module._load (internal/modules/cjs/loader.js:790:12)
    at Module.require (internal/modules/cjs/loader.js:974:19)
2023-04-05 13:20:22 error: uncaughtException: тип Unable to compile TypeScript:
[96msrc/controllers/post.controller.ts[0m:[93m33[0m:[93m34[0m - [91merror[0m[90m TS1003: [0mIdentifier expected.

[7m33[0m       const payload = Buffer(req.);
[7m  [0m [91m                                 ~[0m

TSError: тип Unable to compile TypeScript:
[96msrc/controllers/post.controller.ts[0m:[93m33[0m:[93m34[0m - [91merror[0m[90m TS1003: [0mIdentifier expected.

[7m33[0m       const payload = Buffer(req.);
[7m  [0m [91m                                 ~[0m

    at createTSError (C:\Users\Devops3\Documents\Projects\feetflight\node_modules\ts-node\src\index.ts:859:12)
    at reportTSError (C:\Users\Devops3\Documents\Projects\feetflight\node_modules\ts-node\src\index.ts:863:19)
    at C:\Users\Devops3\Documents\Projects\feetflight\node_modules\ts-node\src\index.ts:1379:34
    at Object.compile (C:\Users\Devops3\Documents\Projects\feetflight\node_modules\ts-node\src\index.ts:1458:13)
    at Module.m._compile (C:\Users\Devops3\Documents\Projects\feetflight\node_modules\ts-node\src\index.ts:1617:30)
    at Module._extensions..js (internal/modules/cjs/loader.js:1114:10)
    at Object.require.extensions.<computed> [as .ts] (C:\Users\Devops3\Documents\Projects\feetflight\node_modules\ts-node\src\index.ts:1621:12)
    at Module.load (internal/modules/cjs/loader.js:950:32)
    at Function.Module._load (internal/modules/cjs/loader.js:790:12)
    at Module.require (internal/modules/cjs/loader.js:974:19)
2023-04-05 13:39:22 error: uncaughtException: Unexpected token ';'
C:\Users\Devops3\Documents\Projects\feetflight\src\controllers\post.controller.ts:45
                const ;
                      ^

SyntaxError: Unexpected token ';'
    at wrapSafe (internal/modules/cjs/loader.js:1001:16)
    at Module._compile (internal/modules/cjs/loader.js:1049:27)
    at Module.m._compile (C:\Users\Devops3\Documents\Projects\feetflight\node_modules\ts-node\src\index.ts:1618:23)
    at Module._extensions..js (internal/modules/cjs/loader.js:1114:10)
    at Object.require.extensions.<computed> [as .ts] (C:\Users\Devops3\Documents\Projects\feetflight\node_modules\ts-node\src\index.ts:1621:12)
    at Module.load (internal/modules/cjs/loader.js:950:32)
    at Function.Module._load (internal/modules/cjs/loader.js:790:12)
    at Module.require (internal/modules/cjs/loader.js:974:19)
    at require (internal/modules/cjs/helpers.js:101:18)
    at Object.<anonymous> (C:\Users\Devops3\Documents\Projects\feetflight\src\routes\post.route.ts:2:1)
2023-04-05 13:42:19 error: uncaughtException: тип Unable to compile TypeScript:
[96msrc/controllers/post.controller.ts[0m:[93m45[0m:[93m7[0m - [91merror[0m[90m TS1005: [0m',' expected.

[7m45[0m     } catch (error) {
[7m  [0m [91m      ~~~~~[0m
[96msrc/controllers/post.controller.ts[0m:[93m48[0m:[93m4[0m - [91merror[0m[90m TS1472: [0m'catch' or 'finally' expected.

[7m48[0m   };
[7m  [0m [91m   ~[0m
[96msrc/controllers/post.controller.ts[0m:[93m50[0m:[93m3[0m - [91merror[0m[90m TS1128: [0mDeclaration or statement expected.

[7m50[0m   public webhook = async (req: Request, res: Response, next: NextFunction): Promise<void> => {
[7m  [0m [91m  ~~~~~~[0m

TSError: тип Unable to compile TypeScript:
[96msrc/controllers/post.controller.ts[0m:[93m45[0m:[93m7[0m - [91merror[0m[90m TS1005: [0m',' expected.

[7m45[0m     } catch (error) {
[7m  [0m [91m      ~~~~~[0m
[96msrc/controllers/post.controller.ts[0m:[93m48[0m:[93m4[0m - [91merror[0m[90m TS1472: [0m'catch' or 'finally' expected.

[7m48[0m   };
[7m  [0m [91m   ~[0m
[96msrc/controllers/post.controller.ts[0m:[93m50[0m:[93m3[0m - [91merror[0m[90m TS1128: [0mDeclaration or statement expected.

[7m50[0m   public webhook = async (req: Request, res: Response, next: NextFunction): Promise<void> => {
[7m  [0m [91m  ~~~~~~[0m

    at createTSError (C:\Users\Devops3\Documents\Projects\feetflight\node_modules\ts-node\src\index.ts:859:12)
    at reportTSError (C:\Users\Devops3\Documents\Projects\feetflight\node_modules\ts-node\src\index.ts:863:19)
    at C:\Users\Devops3\Documents\Projects\feetflight\node_modules\ts-node\src\index.ts:1379:34
    at Object.compile (C:\Users\Devops3\Documents\Projects\feetflight\node_modules\ts-node\src\index.ts:1458:13)
    at Module.m._compile (C:\Users\Devops3\Documents\Projects\feetflight\node_modules\ts-node\src\index.ts:1617:30)
    at Module._extensions..js (internal/modules/cjs/loader.js:1114:10)
    at Object.require.extensions.<computed> [as .ts] (C:\Users\Devops3\Documents\Projects\feetflight\node_modules\ts-node\src\index.ts:1621:12)
    at Module.load (internal/modules/cjs/loader.js:950:32)
    at Function.Module._load (internal/modules/cjs/loader.js:790:12)
    at Module.require (internal/modules/cjs/loader.js:974:19)
2023-04-05 13:42:22 error: uncaughtException: тип Unable to compile TypeScript:
[96msrc/controllers/post.controller.ts[0m:[93m43[0m:[93m7[0m - [91merror[0m[90m TS1005: [0m',' expected.

[7m43[0m     } catch (error) {
[7m  [0m [91m      ~~~~~[0m

TSError: тип Unable to compile TypeScript:
[96msrc/controllers/post.controller.ts[0m:[93m43[0m:[93m7[0m - [91merror[0m[90m TS1005: [0m',' expected.

[7m43[0m     } catch (error) {
[7m  [0m [91m      ~~~~~[0m

    at createTSError (C:\Users\Devops3\Documents\Projects\feetflight\node_modules\ts-node\src\index.ts:859:12)
    at reportTSError (C:\Users\Devops3\Documents\Projects\feetflight\node_modules\ts-node\src\index.ts:863:19)
    at C:\Users\Devops3\Documents\Projects\feetflight\node_modules\ts-node\src\index.ts:1379:34
    at Object.compile (C:\Users\Devops3\Documents\Projects\feetflight\node_modules\ts-node\src\index.ts:1458:13)
    at Module.m._compile (C:\Users\Devops3\Documents\Projects\feetflight\node_modules\ts-node\src\index.ts:1617:30)
    at Module._extensions..js (internal/modules/cjs/loader.js:1114:10)
    at Object.require.extensions.<computed> [as .ts] (C:\Users\Devops3\Documents\Projects\feetflight\node_modules\ts-node\src\index.ts:1621:12)
    at Module.load (internal/modules/cjs/loader.js:950:32)
    at Function.Module._load (internal/modules/cjs/loader.js:790:12)
    at Module.require (internal/modules/cjs/loader.js:974:19)
2023-04-05 13:42:28 error: uncaughtException: тип Unable to compile TypeScript:
[96msrc/controllers/post.controller.ts[0m:[93m43[0m:[93m4[0m - [91merror[0m[90m TS1005: [0m')' expected.

[7m43[0m   };
[7m  [0m [91m   ~[0m
[96msrc/controllers/post.controller.ts[0m:[93m45[0m:[93m3[0m - [91merror[0m[90m TS1128: [0mDeclaration or statement expected.

[7m45[0m   public webhook = async (req: Request, res: Response, next: NextFunction): Promise<void> => {
[7m  [0m [91m  ~~~~~~[0m

TSError: тип Unable to compile TypeScript:
[96msrc/controllers/post.controller.ts[0m:[93m43[0m:[93m4[0m - [91merror[0m[90m TS1005: [0m')' expected.

[7m43[0m   };
[7m  [0m [91m   ~[0m
[96msrc/controllers/post.controller.ts[0m:[93m45[0m:[93m3[0m - [91merror[0m[90m TS1128: [0mDeclaration or statement expected.

[7m45[0m   public webhook = async (req: Request, res: Response, next: NextFunction): Promise<void> => {
[7m  [0m [91m  ~~~~~~[0m

    at createTSError (C:\Users\Devops3\Documents\Projects\feetflight\node_modules\ts-node\src\index.ts:859:12)
    at reportTSError (C:\Users\Devops3\Documents\Projects\feetflight\node_modules\ts-node\src\index.ts:863:19)
    at C:\Users\Devops3\Documents\Projects\feetflight\node_modules\ts-node\src\index.ts:1379:34
    at Object.compile (C:\Users\Devops3\Documents\Projects\feetflight\node_modules\ts-node\src\index.ts:1458:13)
    at Module.m._compile (C:\Users\Devops3\Documents\Projects\feetflight\node_modules\ts-node\src\index.ts:1617:30)
    at Module._extensions..js (internal/modules/cjs/loader.js:1114:10)
    at Object.require.extensions.<computed> [as .ts] (C:\Users\Devops3\Documents\Projects\feetflight\node_modules\ts-node\src\index.ts:1621:12)
    at Module.load (internal/modules/cjs/loader.js:950:32)
    at Function.Module._load (internal/modules/cjs/loader.js:790:12)
    at Module.require (internal/modules/cjs/loader.js:974:19)
2023-04-05 13:42:33 error: uncaughtException: тип Unable to compile TypeScript:
[96msrc/controllers/post.controller.ts[0m:[93m43[0m:[93m7[0m - [91merror[0m[90m TS1005: [0m',' expected.

[7m43[0m     } catch (error) {
[7m  [0m [91m      ~~~~~[0m

TSError: тип Unable to compile TypeScript:
[96msrc/controllers/post.controller.ts[0m:[93m43[0m:[93m7[0m - [91merror[0m[90m TS1005: [0m',' expected.

[7m43[0m     } catch (error) {
[7m  [0m [91m      ~~~~~[0m

    at createTSError (C:\Users\Devops3\Documents\Projects\feetflight\node_modules\ts-node\src\index.ts:859:12)
    at reportTSError (C:\Users\Devops3\Documents\Projects\feetflight\node_modules\ts-node\src\index.ts:863:19)
    at C:\Users\Devops3\Documents\Projects\feetflight\node_modules\ts-node\src\index.ts:1379:34
    at Object.compile (C:\Users\Devops3\Documents\Projects\feetflight\node_modules\ts-node\src\index.ts:1458:13)
    at Module.m._compile (C:\Users\Devops3\Documents\Projects\feetflight\node_modules\ts-node\src\index.ts:1617:30)
    at Module._extensions..js (internal/modules/cjs/loader.js:1114:10)
    at Object.require.extensions.<computed> [as .ts] (C:\Users\Devops3\Documents\Projects\feetflight\node_modules\ts-node\src\index.ts:1621:12)
    at Module.load (internal/modules/cjs/loader.js:950:32)
    at Function.Module._load (internal/modules/cjs/loader.js:790:12)
    at Module.require (internal/modules/cjs/loader.js:974:19)
2023-04-05 13:42:36 error: uncaughtException: тип Unable to compile TypeScript:
[96msrc/controllers/post.controller.ts[0m:[93m44[0m:[93m3[0m - [91merror[0m[90m TS1005: [0m',' expected.

[7m44[0m   };
[7m  [0m [91m  ~[0m

TSError: тип Unable to compile TypeScript:
[96msrc/controllers/post.controller.ts[0m:[93m44[0m:[93m3[0m - [91merror[0m[90m TS1005: [0m',' expected.

[7m44[0m   };
[7m  [0m [91m  ~[0m

    at createTSError (C:\Users\Devops3\Documents\Projects\feetflight\node_modules\ts-node\src\index.ts:859:12)
    at reportTSError (C:\Users\Devops3\Documents\Projects\feetflight\node_modules\ts-node\src\index.ts:863:19)
    at C:\Users\Devops3\Documents\Projects\feetflight\node_modules\ts-node\src\index.ts:1379:34
    at Object.compile (C:\Users\Devops3\Documents\Projects\feetflight\node_modules\ts-node\src\index.ts:1458:13)
    at Module.m._compile (C:\Users\Devops3\Documents\Projects\feetflight\node_modules\ts-node\src\index.ts:1617:30)
    at Module._extensions..js (internal/modules/cjs/loader.js:1114:10)
    at Object.require.extensions.<computed> [as .ts] (C:\Users\Devops3\Documents\Projects\feetflight\node_modules\ts-node\src\index.ts:1621:12)
    at Module.load (internal/modules/cjs/loader.js:950:32)
    at Function.Module._load (internal/modules/cjs/loader.js:790:12)
    at Module.require (internal/modules/cjs/loader.js:974:19)
2023-04-05 13:42:51 error: uncaughtException: тип Unable to compile TypeScript:
[96msrc/controllers/post.controller.ts[0m:[93m46[0m:[93m4[0m - [91merror[0m[90m TS1472: [0m'catch' or 'finally' expected.

[7m46[0m   };
[7m  [0m [91m   ~[0m
[96msrc/controllers/post.controller.ts[0m:[93m48[0m:[93m3[0m - [91merror[0m[90m TS1128: [0mDeclaration or statement expected.

[7m48[0m   public webhook = async (req: Request, res: Response, next: NextFunction): Promise<void> => {
[7m  [0m [91m  ~~~~~~[0m

TSError: тип Unable to compile TypeScript:
[96msrc/controllers/post.controller.ts[0m:[93m46[0m:[93m4[0m - [91merror[0m[90m TS1472: [0m'catch' or 'finally' expected.

[7m46[0m   };
[7m  [0m [91m   ~[0m
[96msrc/controllers/post.controller.ts[0m:[93m48[0m:[93m3[0m - [91merror[0m[90m TS1128: [0mDeclaration or statement expected.

[7m48[0m   public webhook = async (req: Request, res: Response, next: NextFunction): Promise<void> => {
[7m  [0m [91m  ~~~~~~[0m

    at createTSError (C:\Users\Devops3\Documents\Projects\feetflight\node_modules\ts-node\src\index.ts:859:12)
    at reportTSError (C:\Users\Devops3\Documents\Projects\feetflight\node_modules\ts-node\src\index.ts:863:19)
    at C:\Users\Devops3\Documents\Projects\feetflight\node_modules\ts-node\src\index.ts:1379:34
    at Object.compile (C:\Users\Devops3\Documents\Projects\feetflight\node_modules\ts-node\src\index.ts:1458:13)
    at Module.m._compile (C:\Users\Devops3\Documents\Projects\feetflight\node_modules\ts-node\src\index.ts:1617:30)
    at Module._extensions..js (internal/modules/cjs/loader.js:1114:10)
    at Object.require.extensions.<computed> [as .ts] (C:\Users\Devops3\Documents\Projects\feetflight\node_modules\ts-node\src\index.ts:1621:12)
    at Module.load (internal/modules/cjs/loader.js:950:32)
    at Function.Module._load (internal/modules/cjs/loader.js:790:12)
    at Module.require (internal/modules/cjs/loader.js:974:19)
2023-04-05 13:45:50 error: uncaughtException: тип Unable to compile TypeScript:
[96msrc/controllers/post.controller.ts[0m:[93m41[0m:[93m34[0m - [91merror[0m[90m TS1005: [0m')' expected.

[7m41[0m     req.on('error', console.log();
[7m  [0m [91m                                 ~[0m
[96msrc/controllers/post.controller.ts[0m:[93m42[0m:[93m5[0m - [91merror[0m[90m TS1128: [0mDeclaration or statement expected.

[7m42[0m     );
[7m  [0m [91m    ~[0m

TSError: тип Unable to compile TypeScript:
[96msrc/controllers/post.controller.ts[0m:[93m41[0m:[93m34[0m - [91merror[0m[90m TS1005: [0m')' expected.

[7m41[0m     req.on('error', console.log();
[7m  [0m [91m                                 ~[0m
[96msrc/controllers/post.controller.ts[0m:[93m42[0m:[93m5[0m - [91merror[0m[90m TS1128: [0mDeclaration or statement expected.

[7m42[0m     );
[7m  [0m [91m    ~[0m

    at createTSError (C:\Users\Devops3\Documents\Projects\feetflight\node_modules\ts-node\src\index.ts:859:12)
    at reportTSError (C:\Users\Devops3\Documents\Projects\feetflight\node_modules\ts-node\src\index.ts:863:19)
    at C:\Users\Devops3\Documents\Projects\feetflight\node_modules\ts-node\src\index.ts:1379:34
    at Object.compile (C:\Users\Devops3\Documents\Projects\feetflight\node_modules\ts-node\src\index.ts:1458:13)
    at Module.m._compile (C:\Users\Devops3\Documents\Projects\feetflight\node_modules\ts-node\src\index.ts:1617:30)
    at Module._extensions..js (internal/modules/cjs/loader.js:1114:10)
    at Object.require.extensions.<computed> [as .ts] (C:\Users\Devops3\Documents\Projects\feetflight\node_modules\ts-node\src\index.ts:1621:12)
    at Module.load (internal/modules/cjs/loader.js:950:32)
    at Function.Module._load (internal/modules/cjs/loader.js:790:12)
    at Module.require (internal/modules/cjs/loader.js:974:19)
2023-04-05 13:45:54 error: uncaughtException: тип Unable to compile TypeScript:
[96msrc/controllers/post.controller.ts[0m:[93m42[0m:[93m5[0m - [91merror[0m[90m TS1128: [0mDeclaration or statement expected.

[7m42[0m     );
[7m  [0m [91m    ~[0m

TSError: тип Unable to compile TypeScript:
[96msrc/controllers/post.controller.ts[0m:[93m42[0m:[93m5[0m - [91merror[0m[90m TS1128: [0mDeclaration or statement expected.

[7m42[0m     );
[7m  [0m [91m    ~[0m

    at createTSError (C:\Users\Devops3\Documents\Projects\feetflight\node_modules\ts-node\src\index.ts:859:12)
    at reportTSError (C:\Users\Devops3\Documents\Projects\feetflight\node_modules\ts-node\src\index.ts:863:19)
    at C:\Users\Devops3\Documents\Projects\feetflight\node_modules\ts-node\src\index.ts:1379:34
    at Object.compile (C:\Users\Devops3\Documents\Projects\feetflight\node_modules\ts-node\src\index.ts:1458:13)
    at Module.m._compile (C:\Users\Devops3\Documents\Projects\feetflight\node_modules\ts-node\src\index.ts:1617:30)
    at Module._extensions..js (internal/modules/cjs/loader.js:1114:10)
    at Object.require.extensions.<computed> [as .ts] (C:\Users\Devops3\Documents\Projects\feetflight\node_modules\ts-node\src\index.ts:1621:12)
    at Module.load (internal/modules/cjs/loader.js:950:32)
    at Function.Module._load (internal/modules/cjs/loader.js:790:12)
    at Module.require (internal/modules/cjs/loader.js:974:19)
2023-04-05 13:45:58 error: uncaughtException: тип Unable to compile TypeScript:
[96msrc/controllers/post.controller.ts[0m:[93m41[0m:[93m39[0m - [91merror[0m[90m TS1005: [0m')' expected.

[7m41[0m     req.on('error', console.log(error);
[7m  [0m [91m                                      ~[0m
[96msrc/controllers/post.controller.ts[0m:[93m42[0m:[93m5[0m - [91merror[0m[90m TS1128: [0mDeclaration or statement expected.

[7m42[0m     );
[7m  [0m [91m    ~[0m

TSError: тип Unable to compile TypeScript:
[96msrc/controllers/post.controller.ts[0m:[93m41[0m:[93m39[0m - [91merror[0m[90m TS1005: [0m')' expected.

[7m41[0m     req.on('error', console.log(error);
[7m  [0m [91m                                      ~[0m
[96msrc/controllers/post.controller.ts[0m:[93m42[0m:[93m5[0m - [91merror[0m[90m TS1128: [0mDeclaration or statement expected.

[7m42[0m     );
[7m  [0m [91m    ~[0m

    at createTSError (C:\Users\Devops3\Documents\Projects\feetflight\node_modules\ts-node\src\index.ts:859:12)
    at reportTSError (C:\Users\Devops3\Documents\Projects\feetflight\node_modules\ts-node\src\index.ts:863:19)
    at C:\Users\Devops3\Documents\Projects\feetflight\node_modules\ts-node\src\index.ts:1379:34
    at Object.compile (C:\Users\Devops3\Documents\Projects\feetflight\node_modules\ts-node\src\index.ts:1458:13)
    at Module.m._compile (C:\Users\Devops3\Documents\Projects\feetflight\node_modules\ts-node\src\index.ts:1617:30)
    at Module._extensions..js (internal/modules/cjs/loader.js:1114:10)
    at Object.require.extensions.<computed> [as .ts] (C:\Users\Devops3\Documents\Projects\feetflight\node_modules\ts-node\src\index.ts:1621:12)
    at Module.load (internal/modules/cjs/loader.js:950:32)
    at Function.Module._load (internal/modules/cjs/loader.js:790:12)
    at Module.require (internal/modules/cjs/loader.js:974:19)
2023-04-05 14:16:46 error: uncaughtException: bodyparser is not defined
ReferenceError: bodyparser is not defined
    at postRoute.initializeRoutes (C:\Users\Devops3\Documents\Projects\feetflight\src\routes\post.route.ts:19:46)
    at new postRoute (C:\Users\Devops3\Documents\Projects\feetflight\src\routes\post.route.ts:12:10)
    at Object.<anonymous> (C:\Users\Devops3\Documents\Projects\feetflight\src\server.ts:11:75)
    at Module._compile (internal/modules/cjs/loader.js:1085:14)
    at Module.m._compile (C:\Users\Devops3\Documents\Projects\feetflight\node_modules\ts-node\src\index.ts:1618:23)
    at Module._extensions..js (internal/modules/cjs/loader.js:1114:10)
    at Object.require.extensions.<computed> [as .ts] (C:\Users\Devops3\Documents\Projects\feetflight\node_modules\ts-node\src\index.ts:1621:12)
    at Module.load (internal/modules/cjs/loader.js:950:32)
    at Function.Module._load (internal/modules/cjs/loader.js:790:12)
    at Function.executeUserEntryPoint [as runMain] (internal/modules/run_main.js:75:12)
2023-04-05 14:32:37 error: uncaughtException: Route.get() requires a callback function but got a [object Undefined]
Error: Route.get() requires a callback function but got a [object Undefined]
    at Route.<computed> [as get] (C:\Users\Devops3\Documents\Projects\feetflight\node_modules\express\lib\router\route.js:211:15)
    at Function.proto.<computed> [as get] (C:\Users\Devops3\Documents\Projects\feetflight\node_modules\express\lib\router\index.js:521:19)
    at postRoute.initializeRoutes (C:\Users\Devops3\Documents\Projects\feetflight\src\routes\post.route.ts:16:17)
    at new postRoute (C:\Users\Devops3\Documents\Projects\feetflight\src\routes\post.route.ts:12:10)
    at Object.<anonymous> (C:\Users\Devops3\Documents\Projects\feetflight\src\server.ts:11:75)
    at Module._compile (internal/modules/cjs/loader.js:1085:14)
    at Module.m._compile (C:\Users\Devops3\Documents\Projects\feetflight\node_modules\ts-node\src\index.ts:1618:23)
    at Module._extensions..js (internal/modules/cjs/loader.js:1114:10)
    at Object.require.extensions.<computed> [as .ts] (C:\Users\Devops3\Documents\Projects\feetflight\node_modules\ts-node\src\index.ts:1621:12)
    at Module.load (internal/modules/cjs/loader.js:950:32)
2023-04-05 14:32:58 error: uncaughtException: тип Unable to compile TypeScript:
[96msrc/routes/post.route.ts[0m:[93m18[0m:[93m49[0m - [91merror[0m[90m TS1135: [0mArgument expression expected.

[7m18[0m     this.router.get(`${this.path}/pictures/:id`,, this.postController.getPostPictures);
[7m  [0m [91m                                                ~[0m

TSError: тип Unable to compile TypeScript:
[96msrc/routes/post.route.ts[0m:[93m18[0m:[93m49[0m - [91merror[0m[90m TS1135: [0mArgument expression expected.

[7m18[0m     this.router.get(`${this.path}/pictures/:id`,, this.postController.getPostPictures);
[7m  [0m [91m                                                ~[0m

    at createTSError (C:\Users\Devops3\Documents\Projects\feetflight\node_modules\ts-node\src\index.ts:859:12)
    at reportTSError (C:\Users\Devops3\Documents\Projects\feetflight\node_modules\ts-node\src\index.ts:863:19)
    at C:\Users\Devops3\Documents\Projects\feetflight\node_modules\ts-node\src\index.ts:1379:34
    at Object.compile (C:\Users\Devops3\Documents\Projects\feetflight\node_modules\ts-node\src\index.ts:1458:13)
    at Module.m._compile (C:\Users\Devops3\Documents\Projects\feetflight\node_modules\ts-node\src\index.ts:1617:30)
    at Module._extensions..js (internal/modules/cjs/loader.js:1114:10)
    at Object.require.extensions.<computed> [as .ts] (C:\Users\Devops3\Documents\Projects\feetflight\node_modules\ts-node\src\index.ts:1621:12)
    at Module.load (internal/modules/cjs/loader.js:950:32)
    at Function.Module._load (internal/modules/cjs/loader.js:790:12)
    at Module.require (internal/modules/cjs/loader.js:974:19)
2023-04-05 14:48:03 error: uncaughtException: Cannot read property 'app' of undefined
TypeError: Cannot read property 'app' of undefined
    at App.initializeRoutes (C:\Users\Devops3\Documents\Projects\feetflight\src\app.ts:82:10)
    at new App (C:\Users\Devops3\Documents\Projects\feetflight\src\app.ts:39:10)
    at Object.<anonymous> (C:\Users\Devops3\Documents\Projects\feetflight\src\server.ts:11:13)
    at Module._compile (internal/modules/cjs/loader.js:1085:14)
    at Module.m._compile (C:\Users\Devops3\Documents\Projects\feetflight\node_modules\ts-node\src\index.ts:1618:23)
    at Module._extensions..js (internal/modules/cjs/loader.js:1114:10)
    at Object.require.extensions.<computed> [as .ts] (C:\Users\Devops3\Documents\Projects\feetflight\node_modules\ts-node\src\index.ts:1621:12)
    at Module.load (internal/modules/cjs/loader.js:950:32)
    at Function.Module._load (internal/modules/cjs/loader.js:790:12)
    at Function.executeUserEntryPoint [as runMain] (internal/modules/run_main.js:75:12)
2023-04-05 14:48:06 error: uncaughtException: app.use() requires a middleware function
TypeError: app.use() requires a middleware function
    at Function.use (C:\Users\Devops3\Documents\Projects\feetflight\node_modules\express\lib\application.js:217:11)
    at App.initializeRoutes (C:\Users\Devops3\Documents\Projects\feetflight\src\app.ts:81:14)
    at new App (C:\Users\Devops3\Documents\Projects\feetflight\src\app.ts:39:10)
    at Object.<anonymous> (C:\Users\Devops3\Documents\Projects\feetflight\src\server.ts:11:13)
    at Module._compile (internal/modules/cjs/loader.js:1085:14)
    at Module.m._compile (C:\Users\Devops3\Documents\Projects\feetflight\node_modules\ts-node\src\index.ts:1618:23)
    at Module._extensions..js (internal/modules/cjs/loader.js:1114:10)
    at Object.require.extensions.<computed> [as .ts] (C:\Users\Devops3\Documents\Projects\feetflight\node_modules\ts-node\src\index.ts:1621:12)
    at Module.load (internal/modules/cjs/loader.js:950:32)
    at Function.Module._load (internal/modules/cjs/loader.js:790:12)
2023-04-05 14:48:15 error: uncaughtException: Cannot read property 'length' of undefined
TypeError: Cannot read property 'length' of undefined
    at pathtoRegexp (C:\Users\Devops3\Documents\Projects\feetflight\node_modules\path-to-regexp\index.js:63:49)
    at new Layer (C:\Users\Devops3\Documents\Projects\feetflight\node_modules\express\lib\router\layer.js:45:17)
    at Function.route (C:\Users\Devops3\Documents\Projects\feetflight\node_modules\express\lib\router\index.js:505:15)
    at Function.app.<computed> [as post] (C:\Users\Devops3\Documents\Projects\feetflight\node_modules\express\lib\application.js:498:30)
    at App.initializeRoutes (C:\Users\Devops3\Documents\Projects\feetflight\src\app.ts:81:14)
    at new App (C:\Users\Devops3\Documents\Projects\feetflight\src\app.ts:39:10)
    at Object.<anonymous> (C:\Users\Devops3\Documents\Projects\feetflight\src\server.ts:11:13)
    at Module._compile (internal/modules/cjs/loader.js:1085:14)
    at Module.m._compile (C:\Users\Devops3\Documents\Projects\feetflight\node_modules\ts-node\src\index.ts:1618:23)
    at Module._extensions..js (internal/modules/cjs/loader.js:1114:10)
2023-04-05 14:49:26 error: uncaughtException: this.lazyrouter is not a function
TypeError: this.lazyrouter is not a function
    at new app.<computed> (C:\Users\Devops3\Documents\Projects\feetflight\node_modules\express\lib\application.js:496:10)
    at App.initializeRoutes (C:\Users\Devops3\Documents\Projects\feetflight\src\app.ts:81:24)
    at new App (C:\Users\Devops3\Documents\Projects\feetflight\src\app.ts:39:10)
    at Object.<anonymous> (C:\Users\Devops3\Documents\Projects\feetflight\src\server.ts:11:13)
    at Module._compile (internal/modules/cjs/loader.js:1085:14)
    at Module.m._compile (C:\Users\Devops3\Documents\Projects\feetflight\node_modules\ts-node\src\index.ts:1618:23)
    at Module._extensions..js (internal/modules/cjs/loader.js:1114:10)
    at Object.require.extensions.<computed> [as .ts] (C:\Users\Devops3\Documents\Projects\feetflight\node_modules\ts-node\src\index.ts:1621:12)
    at Module.load (internal/modules/cjs/loader.js:950:32)
    at Function.Module._load (internal/modules/cjs/loader.js:790:12)
2023-04-05 14:49:29 error: uncaughtException: pos is not defined
ReferenceError: pos is not defined
    at App.initializeRoutes (C:\Users\Devops3\Documents\Projects\feetflight\src\app.ts:81:24)
    at new App (C:\Users\Devops3\Documents\Projects\feetflight\src\app.ts:39:10)
    at Object.<anonymous> (C:\Users\Devops3\Documents\Projects\feetflight\src\server.ts:11:13)
    at Module._compile (internal/modules/cjs/loader.js:1085:14)
    at Module.m._compile (C:\Users\Devops3\Documents\Projects\feetflight\node_modules\ts-node\src\index.ts:1618:23)
    at Module._extensions..js (internal/modules/cjs/loader.js:1114:10)
    at Object.require.extensions.<computed> [as .ts] (C:\Users\Devops3\Documents\Projects\feetflight\node_modules\ts-node\src\index.ts:1621:12)
    at Module.load (internal/modules/cjs/loader.js:950:32)
    at Function.Module._load (internal/modules/cjs/loader.js:790:12)
    at Function.executeUserEntryPoint [as runMain] (internal/modules/run_main.js:75:12)
2023-04-05 14:49:48 error: uncaughtException: Route.post() requires a callback function but got a [object Promise]
Error: Route.post() requires a callback function but got a [object Promise]
    at Route.<computed> [as post] (C:\Users\Devops3\Documents\Projects\feetflight\node_modules\express\lib\router\route.js:211:15)
    at Function.app.<computed> [as post] (C:\Users\Devops3\Documents\Projects\feetflight\node_modules\express\lib\application.js:499:19)
    at App.initializeRoutes (C:\Users\Devops3\Documents\Projects\feetflight\src\app.ts:83:14)
    at new App (C:\Users\Devops3\Documents\Projects\feetflight\src\app.ts:40:10)
    at Object.<anonymous> (C:\Users\Devops3\Documents\Projects\feetflight\src\server.ts:11:13)
    at Module._compile (internal/modules/cjs/loader.js:1085:14)
    at Module.m._compile (C:\Users\Devops3\Documents\Projects\feetflight\node_modules\ts-node\src\index.ts:1618:23)
    at Module._extensions..js (internal/modules/cjs/loader.js:1114:10)
    at Object.require.extensions.<computed> [as .ts] (C:\Users\Devops3\Documents\Projects\feetflight\node_modules\ts-node\src\index.ts:1621:12)
    at Module.load (internal/modules/cjs/loader.js:950:32)
2023-04-05 14:49:53 error: uncaughtException: Route.post() requires a callback function but got a [object Promise]
Error: Route.post() requires a callback function but got a [object Promise]
    at Route.<computed> [as post] (C:\Users\Devops3\Documents\Projects\feetflight\node_modules\express\lib\router\route.js:211:15)
    at Function.app.<computed> [as post] (C:\Users\Devops3\Documents\Projects\feetflight\node_modules\express\lib\application.js:499:19)
    at App.initializeRoutes (C:\Users\Devops3\Documents\Projects\feetflight\src\app.ts:83:14)
    at new App (C:\Users\Devops3\Documents\Projects\feetflight\src\app.ts:40:10)
    at Object.<anonymous> (C:\Users\Devops3\Documents\Projects\feetflight\src\server.ts:11:13)
    at Module._compile (internal/modules/cjs/loader.js:1085:14)
    at Module.m._compile (C:\Users\Devops3\Documents\Projects\feetflight\node_modules\ts-node\src\index.ts:1618:23)
    at Module._extensions..js (internal/modules/cjs/loader.js:1114:10)
    at Object.require.extensions.<computed> [as .ts] (C:\Users\Devops3\Documents\Projects\feetflight\node_modules\ts-node\src\index.ts:1621:12)
    at Module.load (internal/modules/cjs/loader.js:950:32)
2023-04-05 14:54:16 error: uncaughtException: this.app.an is not a function
TypeError: this.app.an is not a function
    at App.initializeRoutes (C:\Users\Devops3\Documents\Projects\feetflight\src\app.ts:83:14)
    at new App (C:\Users\Devops3\Documents\Projects\feetflight\src\app.ts:40:10)
    at Object.<anonymous> (C:\Users\Devops3\Documents\Projects\feetflight\src\server.ts:11:13)
    at Module._compile (internal/modules/cjs/loader.js:1085:14)
    at Module.m._compile (C:\Users\Devops3\Documents\Projects\feetflight\node_modules\ts-node\src\index.ts:1618:23)
    at Module._extensions..js (internal/modules/cjs/loader.js:1114:10)
    at Object.require.extensions.<computed> [as .ts] (C:\Users\Devops3\Documents\Projects\feetflight\node_modules\ts-node\src\index.ts:1621:12)
    at Module.load (internal/modules/cjs/loader.js:950:32)
    at Function.Module._load (internal/modules/cjs/loader.js:790:12)
    at Function.executeUserEntryPoint [as runMain] (internal/modules/run_main.js:75:12)
2023-04-05 14:54:21 error: uncaughtException: this.app.ge is not a function
TypeError: this.app.ge is not a function
    at App.initializeRoutes (C:\Users\Devops3\Documents\Projects\feetflight\src\app.ts:83:14)
    at new App (C:\Users\Devops3\Documents\Projects\feetflight\src\app.ts:40:10)
    at Object.<anonymous> (C:\Users\Devops3\Documents\Projects\feetflight\src\server.ts:11:13)
    at Module._compile (internal/modules/cjs/loader.js:1085:14)
    at Module.m._compile (C:\Users\Devops3\Documents\Projects\feetflight\node_modules\ts-node\src\index.ts:1618:23)
    at Module._extensions..js (internal/modules/cjs/loader.js:1114:10)
    at Object.require.extensions.<computed> [as .ts] (C:\Users\Devops3\Documents\Projects\feetflight\node_modules\ts-node\src\index.ts:1621:12)
    at Module.load (internal/modules/cjs/loader.js:950:32)
    at Function.Module._load (internal/modules/cjs/loader.js:790:12)
    at Function.executeUserEntryPoint [as runMain] (internal/modules/run_main.js:75:12)
2023-04-05 14:54:24 error: uncaughtException: this.app.pa is not a function
TypeError: this.app.pa is not a function
    at App.initializeRoutes (C:\Users\Devops3\Documents\Projects\feetflight\src\app.ts:83:14)
    at new App (C:\Users\Devops3\Documents\Projects\feetflight\src\app.ts:40:10)
    at Object.<anonymous> (C:\Users\Devops3\Documents\Projects\feetflight\src\server.ts:11:13)
    at Module._compile (internal/modules/cjs/loader.js:1085:14)
    at Module.m._compile (C:\Users\Devops3\Documents\Projects\feetflight\node_modules\ts-node\src\index.ts:1618:23)
    at Module._extensions..js (internal/modules/cjs/loader.js:1114:10)
    at Object.require.extensions.<computed> [as .ts] (C:\Users\Devops3\Documents\Projects\feetflight\node_modules\ts-node\src\index.ts:1621:12)
    at Module.load (internal/modules/cjs/loader.js:950:32)
    at Function.Module._load (internal/modules/cjs/loader.js:790:12)
    at Function.executeUserEntryPoint [as runMain] (internal/modules/run_main.js:75:12)
2023-04-05 14:59:12 error: uncaughtException: тип Unable to compile TypeScript:
[96msrc/routes/post.route.ts[0m:[93m19[0m:[93m89[0m - [91merror[0m[90m TS1005: [0m',' expected.

[7m19[0m     this.router.post(`${this.path}/webhook`, [Express.raw({type: "application/json"}),] this.postController.webhook);
[7m  [0m [91m                                                                                        ~~~~[0m

TSError: тип Unable to compile TypeScript:
[96msrc/routes/post.route.ts[0m:[93m19[0m:[93m89[0m - [91merror[0m[90m TS1005: [0m',' expected.

[7m19[0m     this.router.post(`${this.path}/webhook`, [Express.raw({type: "application/json"}),] this.postController.webhook);
[7m  [0m [91m                                                                                        ~~~~[0m

    at createTSError (C:\Users\Devops3\Documents\Projects\feetflight\node_modules\ts-node\src\index.ts:859:12)
    at reportTSError (C:\Users\Devops3\Documents\Projects\feetflight\node_modules\ts-node\src\index.ts:863:19)
    at C:\Users\Devops3\Documents\Projects\feetflight\node_modules\ts-node\src\index.ts:1379:34
    at Object.compile (C:\Users\Devops3\Documents\Projects\feetflight\node_modules\ts-node\src\index.ts:1458:13)
    at Module.m._compile (C:\Users\Devops3\Documents\Projects\feetflight\node_modules\ts-node\src\index.ts:1617:30)
    at Module._extensions..js (internal/modules/cjs/loader.js:1114:10)
    at Object.require.extensions.<computed> [as .ts] (C:\Users\Devops3\Documents\Projects\feetflight\node_modules\ts-node\src\index.ts:1621:12)
    at Module.load (internal/modules/cjs/loader.js:950:32)
    at Function.Module._load (internal/modules/cjs/loader.js:790:12)
    at Module.require (internal/modules/cjs/loader.js:974:19)
2023-04-05 14:59:18 error: uncaughtException: тип Unable to compile TypeScript:
[96msrc/routes/post.route.ts[0m:[93m19[0m:[93m88[0m - [91merror[0m[90m TS1005: [0m',' expected.

[7m19[0m     this.router.post(`${this.path}/webhook`, [Express.raw({type: "application/json"})] this.postController.webhook);
[7m  [0m [91m                                                                                       ~~~~[0m

TSError: тип Unable to compile TypeScript:
[96msrc/routes/post.route.ts[0m:[93m19[0m:[93m88[0m - [91merror[0m[90m TS1005: [0m',' expected.

[7m19[0m     this.router.post(`${this.path}/webhook`, [Express.raw({type: "application/json"})] this.postController.webhook);
[7m  [0m [91m                                                                                       ~~~~[0m

    at createTSError (C:\Users\Devops3\Documents\Projects\feetflight\node_modules\ts-node\src\index.ts:859:12)
    at reportTSError (C:\Users\Devops3\Documents\Projects\feetflight\node_modules\ts-node\src\index.ts:863:19)
    at C:\Users\Devops3\Documents\Projects\feetflight\node_modules\ts-node\src\index.ts:1379:34
    at Object.compile (C:\Users\Devops3\Documents\Projects\feetflight\node_modules\ts-node\src\index.ts:1458:13)
    at Module.m._compile (C:\Users\Devops3\Documents\Projects\feetflight\node_modules\ts-node\src\index.ts:1617:30)
    at Module._extensions..js (internal/modules/cjs/loader.js:1114:10)
    at Object.require.extensions.<computed> [as .ts] (C:\Users\Devops3\Documents\Projects\feetflight\node_modules\ts-node\src\index.ts:1621:12)
    at Module.load (internal/modules/cjs/loader.js:950:32)
    at Function.Module._load (internal/modules/cjs/loader.js:790:12)
    at Module.require (internal/modules/cjs/loader.js:974:19)
2023-04-05 14:59:22 error: uncaughtException: тип Unable to compile TypeScript:
[96msrc/routes/post.route.ts[0m:[93m19[0m:[93m88[0m - [91merror[0m[90m TS1005: [0m',' expected.

[7m19[0m     this.router.post(`${this.path}/webhook`, [Express.raw({type: "application/json"})] this.postController.webhook);
[7m  [0m [91m                                                                                       ~~~~[0m

TSError: тип Unable to compile TypeScript:
[96msrc/routes/post.route.ts[0m:[93m19[0m:[93m88[0m - [91merror[0m[90m TS1005: [0m',' expected.

[7m19[0m     this.router.post(`${this.path}/webhook`, [Express.raw({type: "application/json"})] this.postController.webhook);
[7m  [0m [91m                                                                                       ~~~~[0m

    at createTSError (C:\Users\Devops3\Documents\Projects\feetflight\node_modules\ts-node\src\index.ts:859:12)
    at reportTSError (C:\Users\Devops3\Documents\Projects\feetflight\node_modules\ts-node\src\index.ts:863:19)
    at C:\Users\Devops3\Documents\Projects\feetflight\node_modules\ts-node\src\index.ts:1379:34
    at Object.compile (C:\Users\Devops3\Documents\Projects\feetflight\node_modules\ts-node\src\index.ts:1458:13)
    at Module.m._compile (C:\Users\Devops3\Documents\Projects\feetflight\node_modules\ts-node\src\index.ts:1617:30)
    at Module._extensions..js (internal/modules/cjs/loader.js:1114:10)
    at Object.require.extensions.<computed> [as .ts] (C:\Users\Devops3\Documents\Projects\feetflight\node_modules\ts-node\src\index.ts:1621:12)
    at Module.load (internal/modules/cjs/loader.js:950:32)
    at Function.Module._load (internal/modules/cjs/loader.js:790:12)
    at Module.require (internal/modules/cjs/loader.js:974:19)
2023-04-05 14:59:50 error: uncaughtException: тип Unable to compile TypeScript:
[96msrc/routes/post.route.ts[0m:[93m19[0m:[93m55[0m - [91merror[0m[90m TS1003: [0mIdentifier expected.

[7m19[0m     this.router.post(`${this.path}/webhook`, [Express.],  this.postController.webhook);
[7m  [0m [91m                                                      ~[0m

TSError: тип Unable to compile TypeScript:
[96msrc/routes/post.route.ts[0m:[93m19[0m:[93m55[0m - [91merror[0m[90m TS1003: [0mIdentifier expected.

[7m19[0m     this.router.post(`${this.path}/webhook`, [Express.],  this.postController.webhook);
[7m  [0m [91m                                                      ~[0m

    at createTSError (C:\Users\Devops3\Documents\Projects\feetflight\node_modules\ts-node\src\index.ts:859:12)
    at reportTSError (C:\Users\Devops3\Documents\Projects\feetflight\node_modules\ts-node\src\index.ts:863:19)
    at C:\Users\Devops3\Documents\Projects\feetflight\node_modules\ts-node\src\index.ts:1379:34
    at Object.compile (C:\Users\Devops3\Documents\Projects\feetflight\node_modules\ts-node\src\index.ts:1458:13)
    at Module.m._compile (C:\Users\Devops3\Documents\Projects\feetflight\node_modules\ts-node\src\index.ts:1617:30)
    at Module._extensions..js (internal/modules/cjs/loader.js:1114:10)
    at Object.require.extensions.<computed> [as .ts] (C:\Users\Devops3\Documents\Projects\feetflight\node_modules\ts-node\src\index.ts:1621:12)
    at Module.load (internal/modules/cjs/loader.js:950:32)
    at Function.Module._load (internal/modules/cjs/loader.js:790:12)
    at Module.require (internal/modules/cjs/loader.js:974:19)
2023-04-05 15:02:21 error: uncaughtException: тип Unable to compile TypeScript:
[96msrc/routes/post.route.ts[0m:[93m19[0m:[93m68[0m - [91merror[0m[90m TS1005: [0m',' expected.

[7m19[0m     this.router.post(`${this.path}/webhook`, [Express.raw({type: ""application/octet-stream"})], this.postController.webhook);
[7m  [0m [91m                                                                   ~~~~~~~~~~~[0m
[96msrc/routes/post.route.ts[0m:[93m19[0m:[93m79[0m - [91merror[0m[90m TS1005: [0m',' expected.

[7m19[0m     this.router.post(`${this.path}/webhook`, [Express.raw({type: ""application/octet-stream"})], this.postController.webhook);
[7m  [0m [91m                                                                              ~[0m
[96msrc/routes/post.route.ts[0m:[93m19[0m:[93m127[0m - [91merror[0m[90m TS1002: [0mUnterminated string literal.

[7m19[0m     this.router.post(`${this.path}/webhook`, [Express.raw({type: ""application/octet-stream"})], this.postController.webhook);
[7m  [0m [91m                                                                                                                              [0m
[96msrc/routes/post.route.ts[0m:[93m19[0m:[93m92[0m - [91merror[0m[90m TS1005: [0m',' expected.

[7m19[0m     this.router.post(`${this.path}/webhook`, [Express.raw({type: ""application/octet-stream"})], this.postController.webhook);
[7m  [0m [91m                                                                                           ~~~~~~~~~~~~~~~~~~~~~~~~~~~~~~~~~~~[0m
[96msrc/routes/post.route.ts[0m:[93m20[0m:[93m5[0m - [91merror[0m[90m TS1005: [0m',' expected.

[7m20[0m     this.router.post(`${this.path}/:id`, this.postController.createPost);
[7m  [0m [91m    ~~~~[0m
[96msrc/routes/post.route.ts[0m:[93m20[0m:[93m73[0m - [91merror[0m[90m TS1005: [0m')' expected.

[7m20[0m     this.router.post(`${this.path}/:id`, this.postController.createPost);
[7m  [0m [91m                                                                        ~[0m

TSError: тип Unable to compile TypeScript:
[96msrc/routes/post.route.ts[0m:[93m19[0m:[93m68[0m - [91merror[0m[90m TS1005: [0m',' expected.

[7m19[0m     this.router.post(`${this.path}/webhook`, [Express.raw({type: ""application/octet-stream"})], this.postController.webhook);
[7m  [0m [91m                                                                   ~~~~~~~~~~~[0m
[96msrc/routes/post.route.ts[0m:[93m19[0m:[93m79[0m - [91merror[0m[90m TS1005: [0m',' expected.

[7m19[0m     this.router.post(`${this.path}/webhook`, [Express.raw({type: ""application/octet-stream"})], this.postController.webhook);
[7m  [0m [91m                                                                              ~[0m
[96msrc/routes/post.route.ts[0m:[93m19[0m:[93m127[0m - [91merror[0m[90m TS1002: [0mUnterminated string literal.

[7m19[0m     this.router.post(`${this.path}/webhook`, [Express.raw({type: ""application/octet-stream"})], this.postController.webhook);
[7m  [0m [91m                                                                                                                              [0m
[96msrc/routes/post.route.ts[0m:[93m19[0m:[93m92[0m - [91merror[0m[90m TS1005: [0m',' expected.

[7m19[0m     this.router.post(`${this.path}/webhook`, [Express.raw({type: ""application/octet-stream"})], this.postController.webhook);
[7m  [0m [91m                                                                                           ~~~~~~~~~~~~~~~~~~~~~~~~~~~~~~~~~~~[0m
[96msrc/routes/post.route.ts[0m:[93m20[0m:[93m5[0m - [91merror[0m[90m TS1005: [0m',' expected.

[7m20[0m     this.router.post(`${this.path}/:id`, this.postController.createPost);
[7m  [0m [91m    ~~~~[0m
[96msrc/routes/post.route.ts[0m:[93m20[0m:[93m73[0m - [91merror[0m[90m TS1005: [0m')' expected.

[7m20[0m     this.router.post(`${this.path}/:id`, this.postController.createPost);
[7m  [0m [91m                                                                        ~[0m

    at createTSError (C:\Users\Devops3\Documents\Projects\feetflight\node_modules\ts-node\src\index.ts:859:12)
    at reportTSError (C:\Users\Devops3\Documents\Projects\feetflight\node_modules\ts-node\src\index.ts:863:19)
    at C:\Users\Devops3\Documents\Projects\feetflight\node_modules\ts-node\src\index.ts:1379:34
    at Object.compile (C:\Users\Devops3\Documents\Projects\feetflight\node_modules\ts-node\src\index.ts:1458:13)
    at Module.m._compile (C:\Users\Devops3\Documents\Projects\feetflight\node_modules\ts-node\src\index.ts:1617:30)
    at Module._extensions..js (internal/modules/cjs/loader.js:1114:10)
    at Object.require.extensions.<computed> [as .ts] (C:\Users\Devops3\Documents\Projects\feetflight\node_modules\ts-node\src\index.ts:1621:12)
    at Module.load (internal/modules/cjs/loader.js:950:32)
    at Function.Module._load (internal/modules/cjs/loader.js:790:12)
    at Module.require (internal/modules/cjs/loader.js:974:19)
2023-04-05 15:02:24 error: uncaughtException: тип Unable to compile TypeScript:
[96msrc/routes/post.route.ts[0m:[93m19[0m:[93m125[0m - [91merror[0m[90m TS1002: [0mUnterminated string literal.

[7m19[0m     this.router.post(`${this.path}/webhook`, [Express.raw({type: application/octet-stream"})], this.postController.webhook);
[7m  [0m [91m                                                                                                                            [0m
[96msrc/routes/post.route.ts[0m:[93m19[0m:[93m90[0m - [91merror[0m[90m TS1005: [0m',' expected.

[7m19[0m     this.router.post(`${this.path}/webhook`, [Express.raw({type: application/octet-stream"})], this.postController.webhook);
[7m  [0m [91m                                                                                         ~~~~~~~~~~~~~~~~~~~~~~~~~~~~~~~~~~~[0m
[96msrc/routes/post.route.ts[0m:[93m20[0m:[93m5[0m - [91merror[0m[90m TS1005: [0m':' expected.

[7m20[0m     this.router.post(`${this.path}/:id`, this.postController.createPost);
[7m  [0m [91m    ~~~~[0m
[96msrc/routes/post.route.ts[0m:[93m20[0m:[93m73[0m - [91merror[0m[90m TS1005: [0m',' expected.

[7m20[0m     this.router.post(`${this.path}/:id`, this.postController.createPost);
[7m  [0m [91m                                                                        ~[0m
[96msrc/routes/post.route.ts[0m:[93m21[0m:[93m9[0m - [91merror[0m[90m TS1005: [0m':' expected.

[7m21[0m     this.router.post(`${this.path}/likes/:id`, this.postController.likePost);
[7m  [0m [91m        ~[0m
[96msrc/routes/post.route.ts[0m:[93m21[0m:[93m77[0m - [91merror[0m[90m TS1005: [0m',' expected.

[7m21[0m     this.router.post(`${this.path}/likes/:id`, this.postController.likePost);
[7m  [0m [91m                                                                            ~[0m
[96msrc/routes/post.route.ts[0m:[93m22[0m:[93m9[0m - [91merror[0m[90m TS1005: [0m':' expected.

[7m22[0m     this.router.put(`${this.path}/views/:id`, this.postController.updateViews);
[7m  [0m [91m        ~[0m
[96msrc/routes/post.route.ts[0m:[93m22[0m:[93m79[0m - [91merror[0m[90m TS1005: [0m',' expected.

[7m22[0m     this.router.put(`${this.path}/views/:id`, this.postController.updateViews);
[7m  [0m [91m                                                                              ~[0m
[96msrc/routes/post.route.ts[0m:[93m24[0m:[93m1[0m - [91merror[0m[90m TS1005: [0m',' expected.

[7m24[0m }
[7m  [0m [91m~[0m
[96msrc/routes/post.route.ts[0m:[93m26[0m:[93m1[0m - [91merror[0m[90m TS1434: [0mUnexpected keyword or identifier.

[7m26[0m export default postRoute;
[7m  [0m [91m~~~~~~[0m
[96msrc/routes/post.route.ts[0m:[93m26[0m:[93m8[0m - [91merror[0m[90m TS1434: [0mUnexpected keyword or identifier.

[7m26[0m export default postRoute;
[7m  [0m [91m       ~~~~~~~[0m
[96msrc/routes/post.route.ts[0m:[93m27[0m:[93m1[0m - [91merror[0m[90m TS1005: [0m'}' expected.

[7m27[0m 
[7m  [0m [91m[0m

TSError: тип Unable to compile TypeScript:
[96msrc/routes/post.route.ts[0m:[93m19[0m:[93m125[0m - [91merror[0m[90m TS1002: [0mUnterminated string literal.

[7m19[0m     this.router.post(`${this.path}/webhook`, [Express.raw({type: application/octet-stream"})], this.postController.webhook);
[7m  [0m [91m                                                                                                                            [0m
[96msrc/routes/post.route.ts[0m:[93m19[0m:[93m90[0m - [91merror[0m[90m TS1005: [0m',' expected.

[7m19[0m     this.router.post(`${this.path}/webhook`, [Express.raw({type: application/octet-stream"})], this.postController.webhook);
[7m  [0m [91m                                                                                         ~~~~~~~~~~~~~~~~~~~~~~~~~~~~~~~~~~~[0m
[96msrc/routes/post.route.ts[0m:[93m20[0m:[93m5[0m - [91merror[0m[90m TS1005: [0m':' expected.

[7m20[0m     this.router.post(`${this.path}/:id`, this.postController.createPost);
[7m  [0m [91m    ~~~~[0m
[96msrc/routes/post.route.ts[0m:[93m20[0m:[93m73[0m - [91merror[0m[90m TS1005: [0m',' expected.

[7m20[0m     this.router.post(`${this.path}/:id`, this.postController.createPost);
[7m  [0m [91m                                                                        ~[0m
[96msrc/routes/post.route.ts[0m:[93m21[0m:[93m9[0m - [91merror[0m[90m TS1005: [0m':' expected.

[7m21[0m     this.router.post(`${this.path}/likes/:id`, this.postController.likePost);
[7m  [0m [91m        ~[0m
[96msrc/routes/post.route.ts[0m:[93m21[0m:[93m77[0m - [91merror[0m[90m TS1005: [0m',' expected.

[7m21[0m     this.router.post(`${this.path}/likes/:id`, this.postController.likePost);
[7m  [0m [91m                                                                            ~[0m
[96msrc/routes/post.route.ts[0m:[93m22[0m:[93m9[0m - [91merror[0m[90m TS1005: [0m':' expected.

[7m22[0m     this.router.put(`${this.path}/views/:id`, this.postController.updateViews);
[7m  [0m [91m        ~[0m
[96msrc/routes/post.route.ts[0m:[93m22[0m:[93m79[0m - [91merror[0m[90m TS1005: [0m',' expected.

[7m22[0m     this.router.put(`${this.path}/views/:id`, this.postController.updateViews);
[7m  [0m [91m                                                                              ~[0m
[96msrc/routes/post.route.ts[0m:[93m24[0m:[93m1[0m - [91merror[0m[90m TS1005: [0m',' expected.

[7m24[0m }
[7m  [0m [91m~[0m
[96msrc/routes/post.route.ts[0m:[93m26[0m:[93m1[0m - [91merror[0m[90m TS1434: [0mUnexpected keyword or identifier.

[7m26[0m export default postRoute;
[7m  [0m [91m~~~~~~[0m
[96msrc/routes/post.route.ts[0m:[93m26[0m:[93m8[0m - [91merror[0m[90m TS1434: [0mUnexpected keyword or identifier.

[7m26[0m export default postRoute;
[7m  [0m [91m       ~~~~~~~[0m
[96msrc/routes/post.route.ts[0m:[93m27[0m:[93m1[0m - [91merror[0m[90m TS1005: [0m'}' expected.

[7m27[0m 
[7m  [0m [91m[0m

    at createTSError (C:\Users\Devops3\Documents\Projects\feetflight\node_modules\ts-node\src\index.ts:859:12)
    at reportTSError (C:\Users\Devops3\Documents\Projects\feetflight\node_modules\ts-node\src\index.ts:863:19)
    at C:\Users\Devops3\Documents\Projects\feetflight\node_modules\ts-node\src\index.ts:1379:34
    at Object.compile (C:\Users\Devops3\Documents\Projects\feetflight\node_modules\ts-node\src\index.ts:1458:13)
    at Module.m._compile (C:\Users\Devops3\Documents\Projects\feetflight\node_modules\ts-node\src\index.ts:1617:30)
    at Module._extensions..js (internal/modules/cjs/loader.js:1114:10)
    at Object.require.extensions.<computed> [as .ts] (C:\Users\Devops3\Documents\Projects\feetflight\node_modules\ts-node\src\index.ts:1621:12)
    at Module.load (internal/modules/cjs/loader.js:950:32)
    at Function.Module._load (internal/modules/cjs/loader.js:790:12)
    at Module.require (internal/modules/cjs/loader.js:974:19)
2023-04-05 15:03:34 error: uncaughtException: тип Unable to compile TypeScript:
[96msrc/routes/post.route.ts[0m:[93m19[0m:[93m126[0m - [91merror[0m[90m TS1161: [0mUnterminated regular expression literal.

[7m19[0m     this.router.post(`${this.path}/webhook`, [Express.raw({type: "application/octet-stream"})], this.postController.webhook*/);
[7m  [0m [91m                                                                                                                             [0m
[96msrc/routes/post.route.ts[0m:[93m20[0m:[93m5[0m - [91merror[0m[90m TS1005: [0m',' expected.

[7m20[0m     this.router.post(`${this.path}/:id`, this.postController.createPost);
[7m  [0m [91m    ~~~~[0m
[96msrc/routes/post.route.ts[0m:[93m20[0m:[93m73[0m - [91merror[0m[90m TS1005: [0m')' expected.

[7m20[0m     this.router.post(`${this.path}/:id`, this.postController.createPost);
[7m  [0m [91m                                                                        ~[0m

TSError: тип Unable to compile TypeScript:
[96msrc/routes/post.route.ts[0m:[93m19[0m:[93m126[0m - [91merror[0m[90m TS1161: [0mUnterminated regular expression literal.

[7m19[0m     this.router.post(`${this.path}/webhook`, [Express.raw({type: "application/octet-stream"})], this.postController.webhook*/);
[7m  [0m [91m                                                                                                                             [0m
[96msrc/routes/post.route.ts[0m:[93m20[0m:[93m5[0m - [91merror[0m[90m TS1005: [0m',' expected.

[7m20[0m     this.router.post(`${this.path}/:id`, this.postController.createPost);
[7m  [0m [91m    ~~~~[0m
[96msrc/routes/post.route.ts[0m:[93m20[0m:[93m73[0m - [91merror[0m[90m TS1005: [0m')' expected.

[7m20[0m     this.router.post(`${this.path}/:id`, this.postController.createPost);
[7m  [0m [91m                                                                        ~[0m

    at createTSError (C:\Users\Devops3\Documents\Projects\feetflight\node_modules\ts-node\src\index.ts:859:12)
    at reportTSError (C:\Users\Devops3\Documents\Projects\feetflight\node_modules\ts-node\src\index.ts:863:19)
    at C:\Users\Devops3\Documents\Projects\feetflight\node_modules\ts-node\src\index.ts:1379:34
    at Object.compile (C:\Users\Devops3\Documents\Projects\feetflight\node_modules\ts-node\src\index.ts:1458:13)
    at Module.m._compile (C:\Users\Devops3\Documents\Projects\feetflight\node_modules\ts-node\src\index.ts:1617:30)
    at Module._extensions..js (internal/modules/cjs/loader.js:1114:10)
    at Object.require.extensions.<computed> [as .ts] (C:\Users\Devops3\Documents\Projects\feetflight\node_modules\ts-node\src\index.ts:1621:12)
    at Module.load (internal/modules/cjs/loader.js:950:32)
    at Function.Module._load (internal/modules/cjs/loader.js:790:12)
    at Module.require (internal/modules/cjs/loader.js:974:19)
2023-04-05 15:03:46 error: uncaughtException: тип Unable to compile TypeScript:
[96msrc/routes/post.route.ts[0m:[93m19[0m:[93m137[0m - [91merror[0m[90m TS1005: [0m'(' expected.

[7m19[0m     this.router.post(`${this.path}/webhook`, [Express.raw({type: "application/octet-stream"})],function  /*this.postController.webhook*/);
[7m  [0m [91m                                                                                                                                        ~[0m

TSError: тип Unable to compile TypeScript:
[96msrc/routes/post.route.ts[0m:[93m19[0m:[93m137[0m - [91merror[0m[90m TS1005: [0m'(' expected.

[7m19[0m     this.router.post(`${this.path}/webhook`, [Express.raw({type: "application/octet-stream"})],function  /*this.postController.webhook*/);
[7m  [0m [91m                                                                                                                                        ~[0m

    at createTSError (C:\Users\Devops3\Documents\Projects\feetflight\node_modules\ts-node\src\index.ts:859:12)
    at reportTSError (C:\Users\Devops3\Documents\Projects\feetflight\node_modules\ts-node\src\index.ts:863:19)
    at C:\Users\Devops3\Documents\Projects\feetflight\node_modules\ts-node\src\index.ts:1379:34
    at Object.compile (C:\Users\Devops3\Documents\Projects\feetflight\node_modules\ts-node\src\index.ts:1458:13)
    at Module.m._compile (C:\Users\Devops3\Documents\Projects\feetflight\node_modules\ts-node\src\index.ts:1617:30)
    at Module._extensions..js (internal/modules/cjs/loader.js:1114:10)
    at Object.require.extensions.<computed> [as .ts] (C:\Users\Devops3\Documents\Projects\feetflight\node_modules\ts-node\src\index.ts:1621:12)
    at Module.load (internal/modules/cjs/loader.js:950:32)
    at Function.Module._load (internal/modules/cjs/loader.js:790:12)
    at Module.require (internal/modules/cjs/loader.js:974:19)
2023-04-05 15:04:42 error: uncaughtException: тип Unable to compile TypeScript:
[96msrc/routes/post.route.ts[0m:[93m19[0m:[93m139[0m - [91merror[0m[90m TS1005: [0m'{' expected.

[7m19[0m     this.router.post(`${this.path}/webhook`, [Express.raw({type: "application/octet-stream"})],function () /*this.postController.webhook*/);
[7m  [0m [91m                                                                                                                                          ~[0m

TSError: тип Unable to compile TypeScript:
[96msrc/routes/post.route.ts[0m:[93m19[0m:[93m139[0m - [91merror[0m[90m TS1005: [0m'{' expected.

[7m19[0m     this.router.post(`${this.path}/webhook`, [Express.raw({type: "application/octet-stream"})],function () /*this.postController.webhook*/);
[7m  [0m [91m                                                                                                                                          ~[0m

    at createTSError (C:\Users\Devops3\Documents\Projects\feetflight\node_modules\ts-node\src\index.ts:859:12)
    at reportTSError (C:\Users\Devops3\Documents\Projects\feetflight\node_modules\ts-node\src\index.ts:863:19)
    at C:\Users\Devops3\Documents\Projects\feetflight\node_modules\ts-node\src\index.ts:1379:34
    at Object.compile (C:\Users\Devops3\Documents\Projects\feetflight\node_modules\ts-node\src\index.ts:1458:13)
    at Module.m._compile (C:\Users\Devops3\Documents\Projects\feetflight\node_modules\ts-node\src\index.ts:1617:30)
    at Module._extensions..js (internal/modules/cjs/loader.js:1114:10)
    at Object.require.extensions.<computed> [as .ts] (C:\Users\Devops3\Documents\Projects\feetflight\node_modules\ts-node\src\index.ts:1621:12)
    at Module.load (internal/modules/cjs/loader.js:950:32)
    at Function.Module._load (internal/modules/cjs/loader.js:790:12)
    at Module.require (internal/modules/cjs/loader.js:974:19)
2023-04-05 15:11:08 error: uncaughtException: тип Unable to compile TypeScript:
[96msrc/controllers/post.controller.ts[0m:[93m38[0m:[93m110[0m - [91merror[0m[90m TS1005: [0m')' expected.

[7m38[0m         event = stripe.webhooks.constructEvent(new Buffer(req.body, signature, process.env.WEBHOOK_SIGNATURE);
[7m  [0m [91m                                                                                                             ~[0m

TSError: тип Unable to compile TypeScript:
[96msrc/controllers/post.controller.ts[0m:[93m38[0m:[93m110[0m - [91merror[0m[90m TS1005: [0m')' expected.

[7m38[0m         event = stripe.webhooks.constructEvent(new Buffer(req.body, signature, process.env.WEBHOOK_SIGNATURE);
[7m  [0m [91m                                                                                                             ~[0m

    at createTSError (C:\Users\Devops3\Documents\Projects\feetflight\node_modules\ts-node\src\index.ts:859:12)
    at reportTSError (C:\Users\Devops3\Documents\Projects\feetflight\node_modules\ts-node\src\index.ts:863:19)
    at C:\Users\Devops3\Documents\Projects\feetflight\node_modules\ts-node\src\index.ts:1379:34
    at Object.compile (C:\Users\Devops3\Documents\Projects\feetflight\node_modules\ts-node\src\index.ts:1458:13)
    at Module.m._compile (C:\Users\Devops3\Documents\Projects\feetflight\node_modules\ts-node\src\index.ts:1617:30)
    at Module._extensions..js (internal/modules/cjs/loader.js:1114:10)
    at Object.require.extensions.<computed> [as .ts] (C:\Users\Devops3\Documents\Projects\feetflight\node_modules\ts-node\src\index.ts:1621:12)
    at Module.load (internal/modules/cjs/loader.js:950:32)
    at Function.Module._load (internal/modules/cjs/loader.js:790:12)
    at Module.require (internal/modules/cjs/loader.js:974:19)
2023-04-05 15:11:29 error: uncaughtException: тип Unable to compile TypeScript:
[96msrc/routes/post.route.ts[0m:[93m22[0m:[93m40[0m - [91merror[0m[90m TS1161: [0mUnterminated regular expression literal.

[7m22[0m     }*/ /*this.postController.webhook*/);
[7m  [0m [91m                                       [0m
[96msrc/routes/post.route.ts[0m:[93m23[0m:[93m5[0m - [91merror[0m[90m TS1005: [0m',' expected.

[7m23[0m     this.router.post(`${this.path}/:id`, this.postController.createPost);
[7m  [0m [91m    ~~~~[0m
[96msrc/routes/post.route.ts[0m:[93m23[0m:[93m73[0m - [91merror[0m[90m TS1005: [0m')' expected.

[7m23[0m     this.router.post(`${this.path}/:id`, this.postController.createPost);
[7m  [0m [91m                                                                        ~[0m

TSError: тип Unable to compile TypeScript:
[96msrc/routes/post.route.ts[0m:[93m22[0m:[93m40[0m - [91merror[0m[90m TS1161: [0mUnterminated regular expression literal.

[7m22[0m     }*/ /*this.postController.webhook*/);
[7m  [0m [91m                                       [0m
[96msrc/routes/post.route.ts[0m:[93m23[0m:[93m5[0m - [91merror[0m[90m TS1005: [0m',' expected.

[7m23[0m     this.router.post(`${this.path}/:id`, this.postController.createPost);
[7m  [0m [91m    ~~~~[0m
[96msrc/routes/post.route.ts[0m:[93m23[0m:[93m73[0m - [91merror[0m[90m TS1005: [0m')' expected.

[7m23[0m     this.router.post(`${this.path}/:id`, this.postController.createPost);
[7m  [0m [91m                                                                        ~[0m

    at createTSError (C:\Users\Devops3\Documents\Projects\feetflight\node_modules\ts-node\src\index.ts:859:12)
    at reportTSError (C:\Users\Devops3\Documents\Projects\feetflight\node_modules\ts-node\src\index.ts:863:19)
    at C:\Users\Devops3\Documents\Projects\feetflight\node_modules\ts-node\src\index.ts:1379:34
    at Object.compile (C:\Users\Devops3\Documents\Projects\feetflight\node_modules\ts-node\src\index.ts:1458:13)
    at Module.m._compile (C:\Users\Devops3\Documents\Projects\feetflight\node_modules\ts-node\src\index.ts:1617:30)
    at Module._extensions..js (internal/modules/cjs/loader.js:1114:10)
    at Object.require.extensions.<computed> [as .ts] (C:\Users\Devops3\Documents\Projects\feetflight\node_modules\ts-node\src\index.ts:1621:12)
    at Module.load (internal/modules/cjs/loader.js:950:32)
    at Function.Module._load (internal/modules/cjs/loader.js:790:12)
    at Module.require (internal/modules/cjs/loader.js:974:19)
2023-04-05 15:13:02 error: uncaughtException: тип Unable to compile TypeScript:
[96msrc/controllers/post.controller.ts[0m:[93m38[0m:[93m101[0m - [91merror[0m[90m TS1005: [0m';' expected.

[7m38[0m         event = stripe.webhooks.constructEvent(JSreq.body), signature, process.env.WEBHOOK_SIGNATURE);
[7m  [0m [91m                                                                                                    ~[0m

TSError: тип Unable to compile TypeScript:
[96msrc/controllers/post.controller.ts[0m:[93m38[0m:[93m101[0m - [91merror[0m[90m TS1005: [0m';' expected.

[7m38[0m         event = stripe.webhooks.constructEvent(JSreq.body), signature, process.env.WEBHOOK_SIGNATURE);
[7m  [0m [91m                                                                                                    ~[0m

    at createTSError (C:\Users\Devops3\Documents\Projects\feetflight\node_modules\ts-node\src\index.ts:859:12)
    at reportTSError (C:\Users\Devops3\Documents\Projects\feetflight\node_modules\ts-node\src\index.ts:863:19)
    at C:\Users\Devops3\Documents\Projects\feetflight\node_modules\ts-node\src\index.ts:1379:34
    at Object.compile (C:\Users\Devops3\Documents\Projects\feetflight\node_modules\ts-node\src\index.ts:1458:13)
    at Module.m._compile (C:\Users\Devops3\Documents\Projects\feetflight\node_modules\ts-node\src\index.ts:1617:30)
    at Module._extensions..js (internal/modules/cjs/loader.js:1114:10)
    at Object.require.extensions.<computed> [as .ts] (C:\Users\Devops3\Documents\Projects\feetflight\node_modules\ts-node\src\index.ts:1621:12)
    at Module.load (internal/modules/cjs/loader.js:950:32)
    at Function.Module._load (internal/modules/cjs/loader.js:790:12)
    at Module.require (internal/modules/cjs/loader.js:974:19)
2023-04-05 15:13:08 error: uncaughtException: тип Unable to compile TypeScript:
[96msrc/controllers/post.controller.ts[0m:[93m38[0m:[93m113[0m - [91merror[0m[90m TS1005: [0m';' expected.

[7m38[0m         event = stripe.webhooks.constructEvent(JSON.stringifyreq.body), signature, process.env.WEBHOOK_SIGNATURE);
[7m  [0m [91m                                                                                                                ~[0m

TSError: тип Unable to compile TypeScript:
[96msrc/controllers/post.controller.ts[0m:[93m38[0m:[93m113[0m - [91merror[0m[90m TS1005: [0m';' expected.

[7m38[0m         event = stripe.webhooks.constructEvent(JSON.stringifyreq.body), signature, process.env.WEBHOOK_SIGNATURE);
[7m  [0m [91m                                                                                                                ~[0m

    at createTSError (C:\Users\Devops3\Documents\Projects\feetflight\node_modules\ts-node\src\index.ts:859:12)
    at reportTSError (C:\Users\Devops3\Documents\Projects\feetflight\node_modules\ts-node\src\index.ts:863:19)
    at C:\Users\Devops3\Documents\Projects\feetflight\node_modules\ts-node\src\index.ts:1379:34
    at Object.compile (C:\Users\Devops3\Documents\Projects\feetflight\node_modules\ts-node\src\index.ts:1458:13)
    at Module.m._compile (C:\Users\Devops3\Documents\Projects\feetflight\node_modules\ts-node\src\index.ts:1617:30)
    at Module._extensions..js (internal/modules/cjs/loader.js:1114:10)
    at Object.require.extensions.<computed> [as .ts] (C:\Users\Devops3\Documents\Projects\feetflight\node_modules\ts-node\src\index.ts:1621:12)
    at Module.load (internal/modules/cjs/loader.js:950:32)
    at Function.Module._load (internal/modules/cjs/loader.js:790:12)
    at Module.require (internal/modules/cjs/loader.js:974:19)
2023-04-05 15:13:52 error: uncaughtException: тип Unable to compile TypeScript:
[96msrc/controllers/post.controller.ts[0m:[93m38[0m:[93m126[0m - [91merror[0m[90m TS1005: [0m')' expected.

[7m38[0m         event = stripe.webhooks.constructEvent(new Buffer(JSON.stringify(req.body), signature, process.env.WEBHOOK_SIGNATURE);
[7m  [0m [91m                                                                                                                             ~[0m

TSError: тип Unable to compile TypeScript:
[96msrc/controllers/post.controller.ts[0m:[93m38[0m:[93m126[0m - [91merror[0m[90m TS1005: [0m')' expected.

[7m38[0m         event = stripe.webhooks.constructEvent(new Buffer(JSON.stringify(req.body), signature, process.env.WEBHOOK_SIGNATURE);
[7m  [0m [91m                                                                                                                             ~[0m

    at createTSError (C:\Users\Devops3\Documents\Projects\feetflight\node_modules\ts-node\src\index.ts:859:12)
    at reportTSError (C:\Users\Devops3\Documents\Projects\feetflight\node_modules\ts-node\src\index.ts:863:19)
    at C:\Users\Devops3\Documents\Projects\feetflight\node_modules\ts-node\src\index.ts:1379:34
    at Object.compile (C:\Users\Devops3\Documents\Projects\feetflight\node_modules\ts-node\src\index.ts:1458:13)
    at Module.m._compile (C:\Users\Devops3\Documents\Projects\feetflight\node_modules\ts-node\src\index.ts:1617:30)
    at Module._extensions..js (internal/modules/cjs/loader.js:1114:10)
    at Object.require.extensions.<computed> [as .ts] (C:\Users\Devops3\Documents\Projects\feetflight\node_modules\ts-node\src\index.ts:1621:12)
    at Module.load (internal/modules/cjs/loader.js:950:32)
    at Function.Module._load (internal/modules/cjs/loader.js:790:12)
    at Module.require (internal/modules/cjs/loader.js:974:19)
2023-04-05 15:14:22 error: uncaughtException: тип Unable to compile TypeScript:
[96msrc/controllers/post.controller.ts[0m:[93m38[0m:[93m115[0m - [91merror[0m[90m TS1005: [0m';' expected.

[7m38[0m         event = stripe.webhooks.constructEvent(JSON.stringify(req.body)), signature, process.env.WEBHOOK_SIGNATURE);
[7m  [0m [91m                                                                                                                  ~[0m

TSError: тип Unable to compile TypeScript:
[96msrc/controllers/post.controller.ts[0m:[93m38[0m:[93m115[0m - [91merror[0m[90m TS1005: [0m';' expected.

[7m38[0m         event = stripe.webhooks.constructEvent(JSON.stringify(req.body)), signature, process.env.WEBHOOK_SIGNATURE);
[7m  [0m [91m                                                                                                                  ~[0m

    at createTSError (C:\Users\Devops3\Documents\Projects\feetflight\node_modules\ts-node\src\index.ts:859:12)
    at reportTSError (C:\Users\Devops3\Documents\Projects\feetflight\node_modules\ts-node\src\index.ts:863:19)
    at C:\Users\Devops3\Documents\Projects\feetflight\node_modules\ts-node\src\index.ts:1379:34
    at Object.compile (C:\Users\Devops3\Documents\Projects\feetflight\node_modules\ts-node\src\index.ts:1458:13)
    at Module.m._compile (C:\Users\Devops3\Documents\Projects\feetflight\node_modules\ts-node\src\index.ts:1617:30)
    at Module._extensions..js (internal/modules/cjs/loader.js:1114:10)
    at Object.require.extensions.<computed> [as .ts] (C:\Users\Devops3\Documents\Projects\feetflight\node_modules\ts-node\src\index.ts:1621:12)
    at Module.load (internal/modules/cjs/loader.js:950:32)
    at Function.Module._load (internal/modules/cjs/loader.js:790:12)
    at Module.require (internal/modules/cjs/loader.js:974:19)
2023-04-05 15:15:08 error: uncaughtException: тип Unable to compile TypeScript:
[96msrc/controllers/post.controller.ts[0m:[93m38[0m:[93m67[0m - [91merror[0m[90m TS1003: [0mIdentifier expected.

[7m38[0m         event = stripe.webhooks.constructEvent(JSON.stringify(req.), signature, process.env.WEBHOOK_SIGNATURE);
[7m  [0m [91m                                                                  ~[0m

TSError: тип Unable to compile TypeScript:
[96msrc/controllers/post.controller.ts[0m:[93m38[0m:[93m67[0m - [91merror[0m[90m TS1003: [0mIdentifier expected.

[7m38[0m         event = stripe.webhooks.constructEvent(JSON.stringify(req.), signature, process.env.WEBHOOK_SIGNATURE);
[7m  [0m [91m                                                                  ~[0m

    at createTSError (C:\Users\Devops3\Documents\Projects\feetflight\node_modules\ts-node\src\index.ts:859:12)
    at reportTSError (C:\Users\Devops3\Documents\Projects\feetflight\node_modules\ts-node\src\index.ts:863:19)
    at C:\Users\Devops3\Documents\Projects\feetflight\node_modules\ts-node\src\index.ts:1379:34
    at Object.compile (C:\Users\Devops3\Documents\Projects\feetflight\node_modules\ts-node\src\index.ts:1458:13)
    at Module.m._compile (C:\Users\Devops3\Documents\Projects\feetflight\node_modules\ts-node\src\index.ts:1617:30)
    at Module._extensions..js (internal/modules/cjs/loader.js:1114:10)
    at Object.require.extensions.<computed> [as .ts] (C:\Users\Devops3\Documents\Projects\feetflight\node_modules\ts-node\src\index.ts:1621:12)
    at Module.load (internal/modules/cjs/loader.js:950:32)
    at Function.Module._load (internal/modules/cjs/loader.js:790:12)
    at Module.require (internal/modules/cjs/loader.js:974:19)
2023-04-05 15:18:59 error: uncaughtException: Cannot read property 'initializeMiddlewares' of undefined
TypeError: Cannot read property 'initializeMiddlewares' of undefined
    at new App (C:\Users\Devops3\Documents\Projects\feetflight\src\app.ts:41:10)
    at Object.<anonymous> (C:\Users\Devops3\Documents\Projects\feetflight\src\server.ts:11:13)
    at Module._compile (internal/modules/cjs/loader.js:1085:14)
    at Module.m._compile (C:\Users\Devops3\Documents\Projects\feetflight\node_modules\ts-node\src\index.ts:1618:23)
    at Module._extensions..js (internal/modules/cjs/loader.js:1114:10)
    at Object.require.extensions.<computed> [as .ts] (C:\Users\Devops3\Documents\Projects\feetflight\node_modules\ts-node\src\index.ts:1621:12)
    at Module.load (internal/modules/cjs/loader.js:950:32)
    at Function.Module._load (internal/modules/cjs/loader.js:790:12)
    at Function.executeUserEntryPoint [as runMain] (internal/modules/run_main.js:75:12)
    at phase4 (C:\Users\Devops3\Documents\Projects\feetflight\node_modules\ts-node\src\bin.ts:649:14)
2023-04-05 15:19:57 error: uncaughtException: Route.post() requires a callback function but got a [object Object]
Error: Route.post() requires a callback function but got a [object Object]
    at Route.<computed> [as post] (C:\Users\Devops3\Documents\Projects\feetflight\node_modules\express\lib\router\route.js:211:15)
    at Function.app.<computed> [as post] (C:\Users\Devops3\Documents\Projects\feetflight\node_modules\express\lib\application.js:499:19)
    at new App (C:\Users\Devops3\Documents\Projects\feetflight\src\app.ts:39:14)
    at Object.<anonymous> (C:\Users\Devops3\Documents\Projects\feetflight\src\server.ts:11:13)
    at Module._compile (internal/modules/cjs/loader.js:1085:14)
    at Module.m._compile (C:\Users\Devops3\Documents\Projects\feetflight\node_modules\ts-node\src\index.ts:1618:23)
    at Module._extensions..js (internal/modules/cjs/loader.js:1114:10)
    at Object.require.extensions.<computed> [as .ts] (C:\Users\Devops3\Documents\Projects\feetflight\node_modules\ts-node\src\index.ts:1621:12)
    at Module.load (internal/modules/cjs/loader.js:950:32)
    at Function.Module._load (internal/modules/cjs/loader.js:790:12)
2023-04-05 15:20:02 error: uncaughtException: Route.post() requires a callback function but got a [object Object]
Error: Route.post() requires a callback function but got a [object Object]
    at Route.<computed> [as post] (C:\Users\Devops3\Documents\Projects\feetflight\node_modules\express\lib\router\route.js:211:15)
    at Function.app.<computed> [as post] (C:\Users\Devops3\Documents\Projects\feetflight\node_modules\express\lib\application.js:499:19)
    at new App (C:\Users\Devops3\Documents\Projects\feetflight\src\app.ts:39:14)
    at Object.<anonymous> (C:\Users\Devops3\Documents\Projects\feetflight\src\server.ts:11:13)
    at Module._compile (internal/modules/cjs/loader.js:1085:14)
    at Module.m._compile (C:\Users\Devops3\Documents\Projects\feetflight\node_modules\ts-node\src\index.ts:1618:23)
    at Module._extensions..js (internal/modules/cjs/loader.js:1114:10)
    at Object.require.extensions.<computed> [as .ts] (C:\Users\Devops3\Documents\Projects\feetflight\node_modules\ts-node\src\index.ts:1621:12)
    at Module.load (internal/modules/cjs/loader.js:950:32)
    at Function.Module._load (internal/modules/cjs/loader.js:790:12)
2023-04-05 15:20:08 error: uncaughtException: Route.post() requires a callback function but got a [object Object]
Error: Route.post() requires a callback function but got a [object Object]
    at Route.<computed> [as post] (C:\Users\Devops3\Documents\Projects\feetflight\node_modules\express\lib\router\route.js:211:15)
    at Function.app.<computed> [as post] (C:\Users\Devops3\Documents\Projects\feetflight\node_modules\express\lib\application.js:499:19)
    at new App (C:\Users\Devops3\Documents\Projects\feetflight\src\app.ts:39:14)
    at Object.<anonymous> (C:\Users\Devops3\Documents\Projects\feetflight\src\server.ts:11:13)
    at Module._compile (internal/modules/cjs/loader.js:1085:14)
    at Module.m._compile (C:\Users\Devops3\Documents\Projects\feetflight\node_modules\ts-node\src\index.ts:1618:23)
    at Module._extensions..js (internal/modules/cjs/loader.js:1114:10)
    at Object.require.extensions.<computed> [as .ts] (C:\Users\Devops3\Documents\Projects\feetflight\node_modules\ts-node\src\index.ts:1621:12)
    at Module.load (internal/modules/cjs/loader.js:950:32)
    at Function.Module._load (internal/modules/cjs/loader.js:790:12)
2023-04-05 15:20:35 error: uncaughtException: postcontroller is not defined
ReferenceError: postcontroller is not defined
    at new App (C:\Users\Devops3\Documents\Projects\feetflight\src\app.ts:33:31)
    at Object.<anonymous> (C:\Users\Devops3\Documents\Projects\feetflight\src\server.ts:11:13)
    at Module._compile (internal/modules/cjs/loader.js:1085:14)
    at Module.m._compile (C:\Users\Devops3\Documents\Projects\feetflight\node_modules\ts-node\src\index.ts:1618:23)
    at Module._extensions..js (internal/modules/cjs/loader.js:1114:10)
    at Object.require.extensions.<computed> [as .ts] (C:\Users\Devops3\Documents\Projects\feetflight\node_modules\ts-node\src\index.ts:1621:12)
    at Module.load (internal/modules/cjs/loader.js:950:32)
    at Function.Module._load (internal/modules/cjs/loader.js:790:12)
    at Function.executeUserEntryPoint [as runMain] (internal/modules/run_main.js:75:12)
    at phase4 (C:\Users\Devops3\Documents\Projects\feetflight\node_modules\ts-node\src\bin.ts:649:14)
2023-04-05 15:20:38 error: uncaughtException: postcontroller is not defined
ReferenceError: postcontroller is not defined
    at new App (C:\Users\Devops3\Documents\Projects\feetflight\src\app.ts:33:31)
    at Object.<anonymous> (C:\Users\Devops3\Documents\Projects\feetflight\src\server.ts:11:13)
    at Module._compile (internal/modules/cjs/loader.js:1085:14)
    at Module.m._compile (C:\Users\Devops3\Documents\Projects\feetflight\node_modules\ts-node\src\index.ts:1618:23)
    at Module._extensions..js (internal/modules/cjs/loader.js:1114:10)
    at Object.require.extensions.<computed> [as .ts] (C:\Users\Devops3\Documents\Projects\feetflight\node_modules\ts-node\src\index.ts:1621:12)
    at Module.load (internal/modules/cjs/loader.js:950:32)
    at Function.Module._load (internal/modules/cjs/loader.js:790:12)
    at Function.executeUserEntryPoint [as runMain] (internal/modules/run_main.js:75:12)
    at phase4 (C:\Users\Devops3\Documents\Projects\feetflight\node_modules\ts-node\src\bin.ts:649:14)
2023-04-05 15:21:15 error: uncaughtException: postcontroller is not defined
ReferenceError: postcontroller is not defined
    at new App (C:\Users\Devops3\Documents\Projects\feetflight\src\app.ts:33:31)
    at Object.<anonymous> (C:\Users\Devops3\Documents\Projects\feetflight\src\server.ts:11:13)
    at Module._compile (internal/modules/cjs/loader.js:1085:14)
    at Module.m._compile (C:\Users\Devops3\Documents\Projects\feetflight\node_modules\ts-node\src\index.ts:1618:23)
    at Module._extensions..js (internal/modules/cjs/loader.js:1114:10)
    at Object.require.extensions.<computed> [as .ts] (C:\Users\Devops3\Documents\Projects\feetflight\node_modules\ts-node\src\index.ts:1621:12)
    at Module.load (internal/modules/cjs/loader.js:950:32)
    at Function.Module._load (internal/modules/cjs/loader.js:790:12)
    at Function.executeUserEntryPoint [as runMain] (internal/modules/run_main.js:75:12)
    at phase4 (C:\Users\Devops3\Documents\Projects\feetflight\node_modules\ts-node\src\bin.ts:649:14)
2023-04-05 15:21:46 error: uncaughtException: Route.post() requires a callback function but got a [object Undefined]
Error: Route.post() requires a callback function but got a [object Undefined]
    at Route.<computed> [as post] (C:\Users\Devops3\Documents\Projects\feetflight\node_modules\express\lib\router\route.js:211:15)
    at Function.app.<computed> [as post] (C:\Users\Devops3\Documents\Projects\feetflight\node_modules\express\lib\application.js:499:19)
    at new App (C:\Users\Devops3\Documents\Projects\feetflight\src\app.ts:40:14)
    at Object.<anonymous> (C:\Users\Devops3\Documents\Projects\feetflight\src\server.ts:11:13)
    at Module._compile (internal/modules/cjs/loader.js:1085:14)
    at Module.m._compile (C:\Users\Devops3\Documents\Projects\feetflight\node_modules\ts-node\src\index.ts:1618:23)
    at Module._extensions..js (internal/modules/cjs/loader.js:1114:10)
    at Object.require.extensions.<computed> [as .ts] (C:\Users\Devops3\Documents\Projects\feetflight\node_modules\ts-node\src\index.ts:1621:12)
    at Module.load (internal/modules/cjs/loader.js:950:32)
    at Function.Module._load (internal/modules/cjs/loader.js:790:12)
2023-04-05 15:22:13 error: uncaughtException: Route.post() requires a callback function but got a [object Undefined]
Error: Route.post() requires a callback function but got a [object Undefined]
    at Route.<computed> [as post] (C:\Users\Devops3\Documents\Projects\feetflight\node_modules\express\lib\router\route.js:211:15)
    at Function.app.<computed> [as post] (C:\Users\Devops3\Documents\Projects\feetflight\node_modules\express\lib\application.js:499:19)
    at new App (C:\Users\Devops3\Documents\Projects\feetflight\src\app.ts:40:14)
    at Object.<anonymous> (C:\Users\Devops3\Documents\Projects\feetflight\src\server.ts:11:13)
    at Module._compile (internal/modules/cjs/loader.js:1085:14)
    at Module.m._compile (C:\Users\Devops3\Documents\Projects\feetflight\node_modules\ts-node\src\index.ts:1618:23)
    at Module._extensions..js (internal/modules/cjs/loader.js:1114:10)
    at Object.require.extensions.<computed> [as .ts] (C:\Users\Devops3\Documents\Projects\feetflight\node_modules\ts-node\src\index.ts:1621:12)
    at Module.load (internal/modules/cjs/loader.js:950:32)
    at Function.Module._load (internal/modules/cjs/loader.js:790:12)
2023-04-05 15:22:18 error: uncaughtException: postcontroller is not defined
ReferenceError: postcontroller is not defined
    at new App (C:\Users\Devops3\Documents\Projects\feetflight\src\app.ts:40:31)
    at Object.<anonymous> (C:\Users\Devops3\Documents\Projects\feetflight\src\server.ts:11:13)
    at Module._compile (internal/modules/cjs/loader.js:1085:14)
    at Module.m._compile (C:\Users\Devops3\Documents\Projects\feetflight\node_modules\ts-node\src\index.ts:1618:23)
    at Module._extensions..js (internal/modules/cjs/loader.js:1114:10)
    at Object.require.extensions.<computed> [as .ts] (C:\Users\Devops3\Documents\Projects\feetflight\node_modules\ts-node\src\index.ts:1621:12)
    at Module.load (internal/modules/cjs/loader.js:950:32)
    at Function.Module._load (internal/modules/cjs/loader.js:790:12)
    at Function.executeUserEntryPoint [as runMain] (internal/modules/run_main.js:75:12)
    at phase4 (C:\Users\Devops3\Documents\Projects\feetflight\node_modules\ts-node\src\bin.ts:649:14)
2023-04-05 15:23:15 error: uncaughtException: Route.post() requires a callback function but got a [object Object]
Error: Route.post() requires a callback function but got a [object Object]
    at Route.<computed> [as post] (C:\Users\Devops3\Documents\Projects\feetflight\node_modules\express\lib\router\route.js:211:15)
    at Function.app.<computed> [as post] (C:\Users\Devops3\Documents\Projects\feetflight\node_modules\express\lib\application.js:499:19)
    at new App (C:\Users\Devops3\Documents\Projects\feetflight\src\app.ts:38:14)
    at Object.<anonymous> (C:\Users\Devops3\Documents\Projects\feetflight\src\server.ts:11:13)
    at Module._compile (internal/modules/cjs/loader.js:1085:14)
    at Module.m._compile (C:\Users\Devops3\Documents\Projects\feetflight\node_modules\ts-node\src\index.ts:1618:23)
    at Module._extensions..js (internal/modules/cjs/loader.js:1114:10)
    at Object.require.extensions.<computed> [as .ts] (C:\Users\Devops3\Documents\Projects\feetflight\node_modules\ts-node\src\index.ts:1621:12)
    at Module.load (internal/modules/cjs/loader.js:950:32)
    at Function.Module._load (internal/modules/cjs/loader.js:790:12)
2023-04-05 15:23:19 error: uncaughtException: Route.post() requires a callback function but got a [object Object]
Error: Route.post() requires a callback function but got a [object Object]
    at Route.<computed> [as post] (C:\Users\Devops3\Documents\Projects\feetflight\node_modules\express\lib\router\route.js:211:15)
    at Function.app.<computed> [as post] (C:\Users\Devops3\Documents\Projects\feetflight\node_modules\express\lib\application.js:499:19)
    at new App (C:\Users\Devops3\Documents\Projects\feetflight\src\app.ts:38:14)
    at Object.<anonymous> (C:\Users\Devops3\Documents\Projects\feetflight\src\server.ts:11:13)
    at Module._compile (internal/modules/cjs/loader.js:1085:14)
    at Module.m._compile (C:\Users\Devops3\Documents\Projects\feetflight\node_modules\ts-node\src\index.ts:1618:23)
    at Module._extensions..js (internal/modules/cjs/loader.js:1114:10)
    at Object.require.extensions.<computed> [as .ts] (C:\Users\Devops3\Documents\Projects\feetflight\node_modules\ts-node\src\index.ts:1621:12)
    at Module.load (internal/modules/cjs/loader.js:950:32)
    at Function.Module._load (internal/modules/cjs/loader.js:790:12)
2023-04-05 15:23:49 error: uncaughtException: PostController is not defined
ReferenceError: PostController is not defined
    at new App (C:\Users\Devops3\Documents\Projects\feetflight\src\app.ts:33:32)
    at Object.<anonymous> (C:\Users\Devops3\Documents\Projects\feetflight\src\server.ts:11:13)
    at Module._compile (internal/modules/cjs/loader.js:1085:14)
    at Module.m._compile (C:\Users\Devops3\Documents\Projects\feetflight\node_modules\ts-node\src\index.ts:1618:23)
    at Module._extensions..js (internal/modules/cjs/loader.js:1114:10)
    at Object.require.extensions.<computed> [as .ts] (C:\Users\Devops3\Documents\Projects\feetflight\node_modules\ts-node\src\index.ts:1621:12)
    at Module.load (internal/modules/cjs/loader.js:950:32)
    at Function.Module._load (internal/modules/cjs/loader.js:790:12)
    at Function.executeUserEntryPoint [as runMain] (internal/modules/run_main.js:75:12)
    at phase4 (C:\Users\Devops3\Documents\Projects\feetflight\node_modules\ts-node\src\bin.ts:649:14)
2023-04-05 15:23:53 error: uncaughtException: PostController is not defined
ReferenceError: PostController is not defined
    at new App (C:\Users\Devops3\Documents\Projects\feetflight\src\app.ts:33:32)
    at Object.<anonymous> (C:\Users\Devops3\Documents\Projects\feetflight\src\server.ts:11:13)
    at Module._compile (internal/modules/cjs/loader.js:1085:14)
    at Module.m._compile (C:\Users\Devops3\Documents\Projects\feetflight\node_modules\ts-node\src\index.ts:1618:23)
    at Module._extensions..js (internal/modules/cjs/loader.js:1114:10)
    at Object.require.extensions.<computed> [as .ts] (C:\Users\Devops3\Documents\Projects\feetflight\node_modules\ts-node\src\index.ts:1621:12)
    at Module.load (internal/modules/cjs/loader.js:950:32)
    at Function.Module._load (internal/modules/cjs/loader.js:790:12)
    at Function.executeUserEntryPoint [as runMain] (internal/modules/run_main.js:75:12)
    at phase4 (C:\Users\Devops3\Documents\Projects\feetflight\node_modules\ts-node\src\bin.ts:649:14)
2023-04-05 15:26:38 error: uncaughtException: Route.post() requires a callback function but got a [object Object]
Error: Route.post() requires a callback function but got a [object Object]
    at Route.<computed> [as post] (C:\Users\Devops3\Documents\Projects\feetflight\node_modules\express\lib\router\route.js:211:15)
    at Function.app.<computed> [as post] (C:\Users\Devops3\Documents\Projects\feetflight\node_modules\express\lib\application.js:499:19)
    at new App (C:\Users\Devops3\Documents\Projects\feetflight\src\app.ts:39:14)
    at Object.<anonymous> (C:\Users\Devops3\Documents\Projects\feetflight\src\server.ts:11:13)
    at Module._compile (internal/modules/cjs/loader.js:1085:14)
    at Module.m._compile (C:\Users\Devops3\Documents\Projects\feetflight\node_modules\ts-node\src\index.ts:1618:23)
    at Module._extensions..js (internal/modules/cjs/loader.js:1114:10)
    at Object.require.extensions.<computed> [as .ts] (C:\Users\Devops3\Documents\Projects\feetflight\node_modules\ts-node\src\index.ts:1621:12)
    at Module.load (internal/modules/cjs/loader.js:950:32)
    at Function.Module._load (internal/modules/cjs/loader.js:790:12)
2023-04-05 15:26:49 error: uncaughtException: Route.post() requires a callback function but got a [object Undefined]
Error: Route.post() requires a callback function but got a [object Undefined]
    at Route.<computed> [as post] (C:\Users\Devops3\Documents\Projects\feetflight\node_modules\express\lib\router\route.js:211:15)
    at Function.app.<computed> [as post] (C:\Users\Devops3\Documents\Projects\feetflight\node_modules\express\lib\application.js:499:19)
    at new App (C:\Users\Devops3\Documents\Projects\feetflight\src\app.ts:39:14)
    at Object.<anonymous> (C:\Users\Devops3\Documents\Projects\feetflight\src\server.ts:11:13)
    at Module._compile (internal/modules/cjs/loader.js:1085:14)
    at Module.m._compile (C:\Users\Devops3\Documents\Projects\feetflight\node_modules\ts-node\src\index.ts:1618:23)
    at Module._extensions..js (internal/modules/cjs/loader.js:1114:10)
    at Object.require.extensions.<computed> [as .ts] (C:\Users\Devops3\Documents\Projects\feetflight\node_modules\ts-node\src\index.ts:1621:12)
    at Module.load (internal/modules/cjs/loader.js:950:32)
    at Function.Module._load (internal/modules/cjs/loader.js:790:12)
2023-04-05 15:55:57 error: uncaughtException: тип Unable to compile TypeScript:
[96msrc/services/users.service.ts[0m:[93m122[0m:[93m19[0m - [91merror[0m[90m TS1005: [0m',' expected.

[7m122[0m         metadata! {
[7m   [0m [91m                  ~[0m
[96msrc/services/users.service.ts[0m:[93m125[0m:[93m7[0m - [91merror[0m[90m TS1005: [0m',' expected.

[7m125[0m       });
[7m   [0m [91m      ~[0m
[96msrc/services/users.service.ts[0m:[93m125[0m:[93m8[0m - [91merror[0m[90m TS1472: [0m'catch' or 'finally' expected.

[7m125[0m       });
[7m   [0m [91m       ~[0m
[96msrc/services/users.service.ts[0m:[93m135[0m:[93m3[0m - [91merror[0m[90m TS1128: [0mDeclaration or statement expected.

[7m135[0m   public buyPost = async (postId, userId) => {
[7m   [0m [91m  ~~~~~~[0m
[96msrc/services/users.service.ts[0m:[93m160[0m:[93m3[0m - [91merror[0m[90m TS1128: [0mDeclaration or statement expected.

[7m160[0m   public async desactivateUser(userId: number): Promise<User[]> {
[7m   [0m [91m  ~~~~~~[0m
[96msrc/services/users.service.ts[0m:[93m160[0m:[93m10[0m - [91merror[0m[90m TS1434: [0mUnexpected keyword or identifier.

[7m160[0m   public async desactivateUser(userId: number): Promise<User[]> {
[7m   [0m [91m         ~~~~~[0m
[96msrc/services/users.service.ts[0m:[93m160[0m:[93m38[0m - [91merror[0m[90m TS1005: [0m',' expected.

[7m160[0m   public async desactivateUser(userId: number): Promise<User[]> {
[7m   [0m [91m                                     ~[0m
[96msrc/services/users.service.ts[0m:[93m160[0m:[93m47[0m - [91merror[0m[90m TS1005: [0m';' expected.

[7m160[0m   public async desactivateUser(userId: number): Promise<User[]> {
[7m   [0m [91m                                              ~[0m
[96msrc/services/users.service.ts[0m:[93m160[0m:[93m62[0m - [91merror[0m[90m TS1011: [0mAn element access expression should take an argument.

[7m160[0m   public async desactivateUser(userId: number): Promise<User[]> {
[7m   [0m [91m                                                             [0m
[96msrc/services/users.service.ts[0m:[93m161[0m:[93m11[0m - [91merror[0m[90m TS1005: [0m':' expected.

[7m161[0m     const desactivateUserSession = initializeDbConnection().session();
[7m   [0m [91m          ~~~~~~~~~~~~~~~~~~~~~~[0m
[96msrc/services/users.service.ts[0m:[93m161[0m:[93m70[0m - [91merror[0m[90m TS1005: [0m',' expected.

[7m161[0m     const desactivateUserSession = initializeDbConnection().session();
[7m   [0m [91m                                                                     ~[0m
[96msrc/services/users.service.ts[0m:[93m162[0m:[93m9[0m - [91merror[0m[90m TS1005: [0m':' expected.

[7m162[0m     try {
[7m   [0m [91m        ~[0m
[96msrc/services/users.service.ts[0m:[93m163[0m:[93m13[0m - [91merror[0m[90m TS1005: [0m':' expected.

[7m163[0m       const desactivatedUser = await desactivateUserSession.executeWrite(tx => tx.run('match (u:user {id: $userId}) set u.desactivated = true'));
[7m   [0m [91m            ~~~~~~~~~~~~~~~~[0m
[96msrc/services/users.service.ts[0m:[93m163[0m:[93m145[0m - [91merror[0m[90m TS1005: [0m',' expected.

[7m163[0m       const desactivatedUser = await desactivateUserSession.executeWrite(tx => tx.run('match (u:user {id: $userId}) set u.desactivated = true'));
[7m   [0m [91m                                                                                                                                                ~[0m
[96msrc/services/users.service.ts[0m:[93m164[0m:[93m14[0m - [91merror[0m[90m TS1005: [0m':' expected.

[7m164[0m       return desactivatedUser.records.map(record => record.get('u').properties)[0];
[7m   [0m [91m             ~~~~~~~~~~~~~~~~[0m
[96msrc/services/users.service.ts[0m:[93m164[0m:[93m83[0m - [91merror[0m[90m TS1005: [0m',' expected.

[7m164[0m       return desactivatedUser.records.map(record => record.get('u').properties)[0];
[7m   [0m [91m                                                                                  ~[0m
[96msrc/services/users.service.ts[0m:[93m165[0m:[93m7[0m - [91merror[0m[90m TS1005: [0m',' expected.

[7m165[0m     } catch (error) {
[7m   [0m [91m      ~~~~~[0m
[96msrc/services/users.service.ts[0m:[93m169[0m:[93m1[0m - [91merror[0m[90m TS1128: [0mDeclaration or statement expected.

[7m169[0m }
[7m   [0m [91m~[0m

TSError: тип Unable to compile TypeScript:
[96msrc/services/users.service.ts[0m:[93m122[0m:[93m19[0m - [91merror[0m[90m TS1005: [0m',' expected.

[7m122[0m         metadata! {
[7m   [0m [91m                  ~[0m
[96msrc/services/users.service.ts[0m:[93m125[0m:[93m7[0m - [91merror[0m[90m TS1005: [0m',' expected.

[7m125[0m       });
[7m   [0m [91m      ~[0m
[96msrc/services/users.service.ts[0m:[93m125[0m:[93m8[0m - [91merror[0m[90m TS1472: [0m'catch' or 'finally' expected.

[7m125[0m       });
[7m   [0m [91m       ~[0m
[96msrc/services/users.service.ts[0m:[93m135[0m:[93m3[0m - [91merror[0m[90m TS1128: [0mDeclaration or statement expected.

[7m135[0m   public buyPost = async (postId, userId) => {
[7m   [0m [91m  ~~~~~~[0m
[96msrc/services/users.service.ts[0m:[93m160[0m:[93m3[0m - [91merror[0m[90m TS1128: [0mDeclaration or statement expected.

[7m160[0m   public async desactivateUser(userId: number): Promise<User[]> {
[7m   [0m [91m  ~~~~~~[0m
[96msrc/services/users.service.ts[0m:[93m160[0m:[93m10[0m - [91merror[0m[90m TS1434: [0mUnexpected keyword or identifier.

[7m160[0m   public async desactivateUser(userId: number): Promise<User[]> {
[7m   [0m [91m         ~~~~~[0m
[96msrc/services/users.service.ts[0m:[93m160[0m:[93m38[0m - [91merror[0m[90m TS1005: [0m',' expected.

[7m160[0m   public async desactivateUser(userId: number): Promise<User[]> {
[7m   [0m [91m                                     ~[0m
[96msrc/services/users.service.ts[0m:[93m160[0m:[93m47[0m - [91merror[0m[90m TS1005: [0m';' expected.

[7m160[0m   public async desactivateUser(userId: number): Promise<User[]> {
[7m   [0m [91m                                              ~[0m
[96msrc/services/users.service.ts[0m:[93m160[0m:[93m62[0m - [91merror[0m[90m TS1011: [0mAn element access expression should take an argument.

[7m160[0m   public async desactivateUser(userId: number): Promise<User[]> {
[7m   [0m [91m                                                             [0m
[96msrc/services/users.service.ts[0m:[93m161[0m:[93m11[0m - [91merror[0m[90m TS1005: [0m':' expected.

[7m161[0m     const desactivateUserSession = initializeDbConnection().session();
[7m   [0m [91m          ~~~~~~~~~~~~~~~~~~~~~~[0m
[96msrc/services/users.service.ts[0m:[93m161[0m:[93m70[0m - [91merror[0m[90m TS1005: [0m',' expected.

[7m161[0m     const desactivateUserSession = initializeDbConnection().session();
[7m   [0m [91m                                                                     ~[0m
[96msrc/services/users.service.ts[0m:[93m162[0m:[93m9[0m - [91merror[0m[90m TS1005: [0m':' expected.

[7m162[0m     try {
[7m   [0m [91m        ~[0m
[96msrc/services/users.service.ts[0m:[93m163[0m:[93m13[0m - [91merror[0m[90m TS1005: [0m':' expected.

[7m163[0m       const desactivatedUser = await desactivateUserSession.executeWrite(tx => tx.run('match (u:user {id: $userId}) set u.desactivated = true'));
[7m   [0m [91m            ~~~~~~~~~~~~~~~~[0m
[96msrc/services/users.service.ts[0m:[93m163[0m:[93m145[0m - [91merror[0m[90m TS1005: [0m',' expected.

[7m163[0m       const desactivatedUser = await desactivateUserSession.executeWrite(tx => tx.run('match (u:user {id: $userId}) set u.desactivated = true'));
[7m   [0m [91m                                                                                                                                                ~[0m
[96msrc/services/users.service.ts[0m:[93m164[0m:[93m14[0m - [91merror[0m[90m TS1005: [0m':' expected.

[7m164[0m       return desactivatedUser.records.map(record => record.get('u').properties)[0];
[7m   [0m [91m             ~~~~~~~~~~~~~~~~[0m
[96msrc/services/users.service.ts[0m:[93m164[0m:[93m83[0m - [91merror[0m[90m TS1005: [0m',' expected.

[7m164[0m       return desactivatedUser.records.map(record => record.get('u').properties)[0];
[7m   [0m [91m                                                                                  ~[0m
[96msrc/services/users.service.ts[0m:[93m165[0m:[93m7[0m - [91merror[0m[90m TS1005: [0m',' expected.

[7m165[0m     } catch (error) {
[7m   [0m [91m      ~~~~~[0m
[96msrc/services/users.service.ts[0m:[93m169[0m:[93m1[0m - [91merror[0m[90m TS1128: [0mDeclaration or statement expected.

[7m169[0m }
[7m   [0m [91m~[0m

    at createTSError (C:\Users\Devops3\Documents\Projects\feetflight\node_modules\ts-node\src\index.ts:859:12)
    at reportTSError (C:\Users\Devops3\Documents\Projects\feetflight\node_modules\ts-node\src\index.ts:863:19)
    at C:\Users\Devops3\Documents\Projects\feetflight\node_modules\ts-node\src\index.ts:1379:34
    at Object.compile (C:\Users\Devops3\Documents\Projects\feetflight\node_modules\ts-node\src\index.ts:1458:13)
    at Module.m._compile (C:\Users\Devops3\Documents\Projects\feetflight\node_modules\ts-node\src\index.ts:1617:30)
    at Module._extensions..js (internal/modules/cjs/loader.js:1114:10)
    at Object.require.extensions.<computed> [as .ts] (C:\Users\Devops3\Documents\Projects\feetflight\node_modules\ts-node\src\index.ts:1621:12)
    at Module.load (internal/modules/cjs/loader.js:950:32)
    at Function.Module._load (internal/modules/cjs/loader.js:790:12)
    at Module.require (internal/modules/cjs/loader.js:974:19)
2023-04-05 15:56:00 error: uncaughtException: тип Unable to compile TypeScript:
[96msrc/services/users.service.ts[0m:[93m122[0m:[93m19[0m - [91merror[0m[90m TS1005: [0m',' expected.

[7m122[0m         metadata! {}
[7m   [0m [91m                  ~[0m
[96msrc/services/users.service.ts[0m:[93m123[0m:[93m7[0m - [91merror[0m[90m TS1005: [0m',' expected.

[7m123[0m       });
[7m   [0m [91m      ~[0m
[96msrc/services/users.service.ts[0m:[93m123[0m:[93m8[0m - [91merror[0m[90m TS1472: [0m'catch' or 'finally' expected.

[7m123[0m       });
[7m   [0m [91m       ~[0m
[96msrc/services/users.service.ts[0m:[93m133[0m:[93m3[0m - [91merror[0m[90m TS1128: [0mDeclaration or statement expected.

[7m133[0m   public buyPost = async (postId, userId) => {
[7m   [0m [91m  ~~~~~~[0m
[96msrc/services/users.service.ts[0m:[93m158[0m:[93m3[0m - [91merror[0m[90m TS1128: [0mDeclaration or statement expected.

[7m158[0m   public async desactivateUser(userId: number): Promise<User[]> {
[7m   [0m [91m  ~~~~~~[0m
[96msrc/services/users.service.ts[0m:[93m158[0m:[93m10[0m - [91merror[0m[90m TS1434: [0mUnexpected keyword or identifier.

[7m158[0m   public async desactivateUser(userId: number): Promise<User[]> {
[7m   [0m [91m         ~~~~~[0m
[96msrc/services/users.service.ts[0m:[93m158[0m:[93m38[0m - [91merror[0m[90m TS1005: [0m',' expected.

[7m158[0m   public async desactivateUser(userId: number): Promise<User[]> {
[7m   [0m [91m                                     ~[0m
[96msrc/services/users.service.ts[0m:[93m158[0m:[93m47[0m - [91merror[0m[90m TS1005: [0m';' expected.

[7m158[0m   public async desactivateUser(userId: number): Promise<User[]> {
[7m   [0m [91m                                              ~[0m
[96msrc/services/users.service.ts[0m:[93m158[0m:[93m62[0m - [91merror[0m[90m TS1011: [0mAn element access expression should take an argument.

[7m158[0m   public async desactivateUser(userId: number): Promise<User[]> {
[7m   [0m [91m                                                             [0m
[96msrc/services/users.service.ts[0m:[93m159[0m:[93m11[0m - [91merror[0m[90m TS1005: [0m':' expected.

[7m159[0m     const desactivateUserSession = initializeDbConnection().session();
[7m   [0m [91m          ~~~~~~~~~~~~~~~~~~~~~~[0m
[96msrc/services/users.service.ts[0m:[93m159[0m:[93m70[0m - [91merror[0m[90m TS1005: [0m',' expected.

[7m159[0m     const desactivateUserSession = initializeDbConnection().session();
[7m   [0m [91m                                                                     ~[0m
[96msrc/services/users.service.ts[0m:[93m160[0m:[93m9[0m - [91merror[0m[90m TS1005: [0m':' expected.

[7m160[0m     try {
[7m   [0m [91m        ~[0m
[96msrc/services/users.service.ts[0m:[93m161[0m:[93m13[0m - [91merror[0m[90m TS1005: [0m':' expected.

[7m161[0m       const desactivatedUser = await desactivateUserSession.executeWrite(tx => tx.run('match (u:user {id: $userId}) set u.desactivated = true'));
[7m   [0m [91m            ~~~~~~~~~~~~~~~~[0m
[96msrc/services/users.service.ts[0m:[93m161[0m:[93m145[0m - [91merror[0m[90m TS1005: [0m',' expected.

[7m161[0m       const desactivatedUser = await desactivateUserSession.executeWrite(tx => tx.run('match (u:user {id: $userId}) set u.desactivated = true'));
[7m   [0m [91m                                                                                                                                                ~[0m
[96msrc/services/users.service.ts[0m:[93m162[0m:[93m14[0m - [91merror[0m[90m TS1005: [0m':' expected.

[7m162[0m       return desactivatedUser.records.map(record => record.get('u').properties)[0];
[7m   [0m [91m             ~~~~~~~~~~~~~~~~[0m
[96msrc/services/users.service.ts[0m:[93m162[0m:[93m83[0m - [91merror[0m[90m TS1005: [0m',' expected.

[7m162[0m       return desactivatedUser.records.map(record => record.get('u').properties)[0];
[7m   [0m [91m                                                                                  ~[0m
[96msrc/services/users.service.ts[0m:[93m163[0m:[93m7[0m - [91merror[0m[90m TS1005: [0m',' expected.

[7m163[0m     } catch (error) {
[7m   [0m [91m      ~~~~~[0m
[96msrc/services/users.service.ts[0m:[93m167[0m:[93m1[0m - [91merror[0m[90m TS1128: [0mDeclaration or statement expected.

[7m167[0m }
[7m   [0m [91m~[0m

TSError: тип Unable to compile TypeScript:
[96msrc/services/users.service.ts[0m:[93m122[0m:[93m19[0m - [91merror[0m[90m TS1005: [0m',' expected.

[7m122[0m         metadata! {}
[7m   [0m [91m                  ~[0m
[96msrc/services/users.service.ts[0m:[93m123[0m:[93m7[0m - [91merror[0m[90m TS1005: [0m',' expected.

[7m123[0m       });
[7m   [0m [91m      ~[0m
[96msrc/services/users.service.ts[0m:[93m123[0m:[93m8[0m - [91merror[0m[90m TS1472: [0m'catch' or 'finally' expected.

[7m123[0m       });
[7m   [0m [91m       ~[0m
[96msrc/services/users.service.ts[0m:[93m133[0m:[93m3[0m - [91merror[0m[90m TS1128: [0mDeclaration or statement expected.

[7m133[0m   public buyPost = async (postId, userId) => {
[7m   [0m [91m  ~~~~~~[0m
[96msrc/services/users.service.ts[0m:[93m158[0m:[93m3[0m - [91merror[0m[90m TS1128: [0mDeclaration or statement expected.

[7m158[0m   public async desactivateUser(userId: number): Promise<User[]> {
[7m   [0m [91m  ~~~~~~[0m
[96msrc/services/users.service.ts[0m:[93m158[0m:[93m10[0m - [91merror[0m[90m TS1434: [0mUnexpected keyword or identifier.

[7m158[0m   public async desactivateUser(userId: number): Promise<User[]> {
[7m   [0m [91m         ~~~~~[0m
[96msrc/services/users.service.ts[0m:[93m158[0m:[93m38[0m - [91merror[0m[90m TS1005: [0m',' expected.

[7m158[0m   public async desactivateUser(userId: number): Promise<User[]> {
[7m   [0m [91m                                     ~[0m
[96msrc/services/users.service.ts[0m:[93m158[0m:[93m47[0m - [91merror[0m[90m TS1005: [0m';' expected.

[7m158[0m   public async desactivateUser(userId: number): Promise<User[]> {
[7m   [0m [91m                                              ~[0m
[96msrc/services/users.service.ts[0m:[93m158[0m:[93m62[0m - [91merror[0m[90m TS1011: [0mAn element access expression should take an argument.

[7m158[0m   public async desactivateUser(userId: number): Promise<User[]> {
[7m   [0m [91m                                                             [0m
[96msrc/services/users.service.ts[0m:[93m159[0m:[93m11[0m - [91merror[0m[90m TS1005: [0m':' expected.

[7m159[0m     const desactivateUserSession = initializeDbConnection().session();
[7m   [0m [91m          ~~~~~~~~~~~~~~~~~~~~~~[0m
[96msrc/services/users.service.ts[0m:[93m159[0m:[93m70[0m - [91merror[0m[90m TS1005: [0m',' expected.

[7m159[0m     const desactivateUserSession = initializeDbConnection().session();
[7m   [0m [91m                                                                     ~[0m
[96msrc/services/users.service.ts[0m:[93m160[0m:[93m9[0m - [91merror[0m[90m TS1005: [0m':' expected.

[7m160[0m     try {
[7m   [0m [91m        ~[0m
[96msrc/services/users.service.ts[0m:[93m161[0m:[93m13[0m - [91merror[0m[90m TS1005: [0m':' expected.

[7m161[0m       const desactivatedUser = await desactivateUserSession.executeWrite(tx => tx.run('match (u:user {id: $userId}) set u.desactivated = true'));
[7m   [0m [91m            ~~~~~~~~~~~~~~~~[0m
[96msrc/services/users.service.ts[0m:[93m161[0m:[93m145[0m - [91merror[0m[90m TS1005: [0m',' expected.

[7m161[0m       const desactivatedUser = await desactivateUserSession.executeWrite(tx => tx.run('match (u:user {id: $userId}) set u.desactivated = true'));
[7m   [0m [91m                                                                                                                                                ~[0m
[96msrc/services/users.service.ts[0m:[93m162[0m:[93m14[0m - [91merror[0m[90m TS1005: [0m':' expected.

[7m162[0m       return desactivatedUser.records.map(record => record.get('u').properties)[0];
[7m   [0m [91m             ~~~~~~~~~~~~~~~~[0m
[96msrc/services/users.service.ts[0m:[93m162[0m:[93m83[0m - [91merror[0m[90m TS1005: [0m',' expected.

[7m162[0m       return desactivatedUser.records.map(record => record.get('u').properties)[0];
[7m   [0m [91m                                                                                  ~[0m
[96msrc/services/users.service.ts[0m:[93m163[0m:[93m7[0m - [91merror[0m[90m TS1005: [0m',' expected.

[7m163[0m     } catch (error) {
[7m   [0m [91m      ~~~~~[0m
[96msrc/services/users.service.ts[0m:[93m167[0m:[93m1[0m - [91merror[0m[90m TS1128: [0mDeclaration or statement expected.

[7m167[0m }
[7m   [0m [91m~[0m

    at createTSError (C:\Users\Devops3\Documents\Projects\feetflight\node_modules\ts-node\src\index.ts:859:12)
    at reportTSError (C:\Users\Devops3\Documents\Projects\feetflight\node_modules\ts-node\src\index.ts:863:19)
    at C:\Users\Devops3\Documents\Projects\feetflight\node_modules\ts-node\src\index.ts:1379:34
    at Object.compile (C:\Users\Devops3\Documents\Projects\feetflight\node_modules\ts-node\src\index.ts:1458:13)
    at Module.m._compile (C:\Users\Devops3\Documents\Projects\feetflight\node_modules\ts-node\src\index.ts:1617:30)
    at Module._extensions..js (internal/modules/cjs/loader.js:1114:10)
    at Object.require.extensions.<computed> [as .ts] (C:\Users\Devops3\Documents\Projects\feetflight\node_modules\ts-node\src\index.ts:1621:12)
    at Module.load (internal/modules/cjs/loader.js:950:32)
    at Function.Module._load (internal/modules/cjs/loader.js:790:12)
    at Module.require (internal/modules/cjs/loader.js:974:19)
2023-04-05 15:57:40 error: uncaughtException: тип Unable to compile TypeScript:
[96msrc/services/users.service.ts[0m:[93m124[0m:[93m9[0m - [91merror[0m[90m TS1109: [0mExpression expected.

[7m124[0m         }
[7m   [0m [91m        ~[0m

TSError: тип Unable to compile TypeScript:
[96msrc/services/users.service.ts[0m:[93m124[0m:[93m9[0m - [91merror[0m[90m TS1109: [0mExpression expected.

[7m124[0m         }
[7m   [0m [91m        ~[0m

    at createTSError (C:\Users\Devops3\Documents\Projects\feetflight\node_modules\ts-node\src\index.ts:859:12)
    at reportTSError (C:\Users\Devops3\Documents\Projects\feetflight\node_modules\ts-node\src\index.ts:863:19)
    at C:\Users\Devops3\Documents\Projects\feetflight\node_modules\ts-node\src\index.ts:1379:34
    at Object.compile (C:\Users\Devops3\Documents\Projects\feetflight\node_modules\ts-node\src\index.ts:1458:13)
    at Module.m._compile (C:\Users\Devops3\Documents\Projects\feetflight\node_modules\ts-node\src\index.ts:1617:30)
    at Module._extensions..js (internal/modules/cjs/loader.js:1114:10)
    at Object.require.extensions.<computed> [as .ts] (C:\Users\Devops3\Documents\Projects\feetflight\node_modules\ts-node\src\index.ts:1621:12)
    at Module.load (internal/modules/cjs/loader.js:950:32)
    at Function.Module._load (internal/modules/cjs/loader.js:790:12)
    at Module.require (internal/modules/cjs/loader.js:974:19)
2023-04-05 16:03:18 error: uncaughtException: тип Unable to compile TypeScript:
[96msrc/services/users.service.ts[0m:[93m126[0m:[93m19[0m - [91merror[0m[90m TS1005: [0m',' expected.

[7m126[0m           saleData.data.posts
[7m   [0m [91m                  ~[0m

TSError: тип Unable to compile TypeScript:
[96msrc/services/users.service.ts[0m:[93m126[0m:[93m19[0m - [91merror[0m[90m TS1005: [0m',' expected.

[7m126[0m           saleData.data.posts
[7m   [0m [91m                  ~[0m

    at createTSError (C:\Users\Devops3\Documents\Projects\feetflight\node_modules\ts-node\src\index.ts:859:12)
    at reportTSError (C:\Users\Devops3\Documents\Projects\feetflight\node_modules\ts-node\src\index.ts:863:19)
    at C:\Users\Devops3\Documents\Projects\feetflight\node_modules\ts-node\src\index.ts:1379:34
    at Object.compile (C:\Users\Devops3\Documents\Projects\feetflight\node_modules\ts-node\src\index.ts:1458:13)
    at Module.m._compile (C:\Users\Devops3\Documents\Projects\feetflight\node_modules\ts-node\src\index.ts:1617:30)
    at Module._extensions..js (internal/modules/cjs/loader.js:1114:10)
    at Object.require.extensions.<computed> [as .ts] (C:\Users\Devops3\Documents\Projects\feetflight\node_modules\ts-node\src\index.ts:1621:12)
    at Module.load (internal/modules/cjs/loader.js:950:32)
    at Function.Module._load (internal/modules/cjs/loader.js:790:12)
    at Module.require (internal/modules/cjs/loader.js:974:19)
2023-04-05 17:03:15 error: uncaughtException: тип Unable to compile TypeScript:
[96msrc/services/users.service.ts[0m:[93m126[0m:[93m19[0m - [91merror[0m[90m TS1005: [0m',' expected.

[7m126[0m           saleData.data.posts
[7m   [0m [91m                  ~[0m

TSError: тип Unable to compile TypeScript:
[96msrc/services/users.service.ts[0m:[93m126[0m:[93m19[0m - [91merror[0m[90m TS1005: [0m',' expected.

[7m126[0m           saleData.data.posts
[7m   [0m [91m                  ~[0m

    at createTSError (C:\Users\Devops3\Documents\Projects\feetflight\node_modules\ts-node\src\index.ts:859:12)
    at reportTSError (C:\Users\Devops3\Documents\Projects\feetflight\node_modules\ts-node\src\index.ts:863:19)
    at C:\Users\Devops3\Documents\Projects\feetflight\node_modules\ts-node\src\index.ts:1379:34
    at Object.compile (C:\Users\Devops3\Documents\Projects\feetflight\node_modules\ts-node\src\index.ts:1458:13)
    at Module.m._compile (C:\Users\Devops3\Documents\Projects\feetflight\node_modules\ts-node\src\index.ts:1617:30)
    at Module._extensions..js (internal/modules/cjs/loader.js:1114:10)
    at Object.require.extensions.<computed> [as .ts] (C:\Users\Devops3\Documents\Projects\feetflight\node_modules\ts-node\src\index.ts:1621:12)
    at Module.load (internal/modules/cjs/loader.js:950:32)
    at Function.Module._load (internal/modules/cjs/loader.js:790:12)
    at Module.require (internal/modules/cjs/loader.js:974:19)
2023-04-05 17:03:17 error: uncaughtException: тип Unable to compile TypeScript:
[96msrc/services/users.service.ts[0m:[93m126[0m:[93m19[0m - [91merror[0m[90m TS1005: [0m',' expected.

[7m126[0m           saleData.data.posts.
[7m   [0m [91m                  ~[0m
[96msrc/services/users.service.ts[0m:[93m127[0m:[93m9[0m - [91merror[0m[90m TS1003: [0mIdentifier expected.

[7m127[0m         }
[7m   [0m [91m        ~[0m

TSError: тип Unable to compile TypeScript:
[96msrc/services/users.service.ts[0m:[93m126[0m:[93m19[0m - [91merror[0m[90m TS1005: [0m',' expected.

[7m126[0m           saleData.data.posts.
[7m   [0m [91m                  ~[0m
[96msrc/services/users.service.ts[0m:[93m127[0m:[93m9[0m - [91merror[0m[90m TS1003: [0mIdentifier expected.

[7m127[0m         }
[7m   [0m [91m        ~[0m

    at createTSError (C:\Users\Devops3\Documents\Projects\feetflight\node_modules\ts-node\src\index.ts:859:12)
    at reportTSError (C:\Users\Devops3\Documents\Projects\feetflight\node_modules\ts-node\src\index.ts:863:19)
    at C:\Users\Devops3\Documents\Projects\feetflight\node_modules\ts-node\src\index.ts:1379:34
    at Object.compile (C:\Users\Devops3\Documents\Projects\feetflight\node_modules\ts-node\src\index.ts:1458:13)
    at Module.m._compile (C:\Users\Devops3\Documents\Projects\feetflight\node_modules\ts-node\src\index.ts:1617:30)
    at Module._extensions..js (internal/modules/cjs/loader.js:1114:10)
    at Object.require.extensions.<computed> [as .ts] (C:\Users\Devops3\Documents\Projects\feetflight\node_modules\ts-node\src\index.ts:1621:12)
    at Module.load (internal/modules/cjs/loader.js:950:32)
    at Function.Module._load (internal/modules/cjs/loader.js:790:12)
    at Module.require (internal/modules/cjs/loader.js:974:19)
2023-04-05 17:03:20 error: uncaughtException: тип Unable to compile TypeScript:
[96msrc/services/users.service.ts[0m:[93m126[0m:[93m19[0m - [91merror[0m[90m TS1005: [0m',' expected.

[7m126[0m           saleData.data.posts.map()
[7m   [0m [91m                  ~[0m

TSError: тип Unable to compile TypeScript:
[96msrc/services/users.service.ts[0m:[93m126[0m:[93m19[0m - [91merror[0m[90m TS1005: [0m',' expected.

[7m126[0m           saleData.data.posts.map()
[7m   [0m [91m                  ~[0m

    at createTSError (C:\Users\Devops3\Documents\Projects\feetflight\node_modules\ts-node\src\index.ts:859:12)
    at reportTSError (C:\Users\Devops3\Documents\Projects\feetflight\node_modules\ts-node\src\index.ts:863:19)
    at C:\Users\Devops3\Documents\Projects\feetflight\node_modules\ts-node\src\index.ts:1379:34
    at Object.compile (C:\Users\Devops3\Documents\Projects\feetflight\node_modules\ts-node\src\index.ts:1458:13)
    at Module.m._compile (C:\Users\Devops3\Documents\Projects\feetflight\node_modules\ts-node\src\index.ts:1617:30)
    at Module._extensions..js (internal/modules/cjs/loader.js:1114:10)
    at Object.require.extensions.<computed> [as .ts] (C:\Users\Devops3\Documents\Projects\feetflight\node_modules\ts-node\src\index.ts:1621:12)
    at Module.load (internal/modules/cjs/loader.js:950:32)
    at Function.Module._load (internal/modules/cjs/loader.js:790:12)
    at Module.require (internal/modules/cjs/loader.js:974:19)
2023-04-05 17:03:24 error: uncaughtException: тип Unable to compile TypeScript:
[96msrc/services/users.service.ts[0m:[93m126[0m:[93m19[0m - [91merror[0m[90m TS1005: [0m',' expected.

[7m126[0m           saleData.data.posts.map(post => {
[7m   [0m [91m                  ~[0m

TSError: тип Unable to compile TypeScript:
[96msrc/services/users.service.ts[0m:[93m126[0m:[93m19[0m - [91merror[0m[90m TS1005: [0m',' expected.

[7m126[0m           saleData.data.posts.map(post => {
[7m   [0m [91m                  ~[0m

    at createTSError (C:\Users\Devops3\Documents\Projects\feetflight\node_modules\ts-node\src\index.ts:859:12)
    at reportTSError (C:\Users\Devops3\Documents\Projects\feetflight\node_modules\ts-node\src\index.ts:863:19)
    at C:\Users\Devops3\Documents\Projects\feetflight\node_modules\ts-node\src\index.ts:1379:34
    at Object.compile (C:\Users\Devops3\Documents\Projects\feetflight\node_modules\ts-node\src\index.ts:1458:13)
    at Module.m._compile (C:\Users\Devops3\Documents\Projects\feetflight\node_modules\ts-node\src\index.ts:1617:30)
    at Module._extensions..js (internal/modules/cjs/loader.js:1114:10)
    at Object.require.extensions.<computed> [as .ts] (C:\Users\Devops3\Documents\Projects\feetflight\node_modules\ts-node\src\index.ts:1621:12)
    at Module.load (internal/modules/cjs/loader.js:950:32)
    at Function.Module._load (internal/modules/cjs/loader.js:790:12)
    at Module.require (internal/modules/cjs/loader.js:974:19)
2023-04-05 17:03:58 error: uncaughtException: тип Unable to compile TypeScript:
[96msrc/services/users.service.ts[0m:[93m126[0m:[93m19[0m - [91merror[0m[90m TS1005: [0m',' expected.

[7m126[0m           saleData.data.posts.map(post => {
[7m   [0m [91m                  ~[0m

TSError: тип Unable to compile TypeScript:
[96msrc/services/users.service.ts[0m:[93m126[0m:[93m19[0m - [91merror[0m[90m TS1005: [0m',' expected.

[7m126[0m           saleData.data.posts.map(post => {
[7m   [0m [91m                  ~[0m

    at createTSError (C:\Users\Devops3\Documents\Projects\feetflight\node_modules\ts-node\src\index.ts:859:12)
    at reportTSError (C:\Users\Devops3\Documents\Projects\feetflight\node_modules\ts-node\src\index.ts:863:19)
    at C:\Users\Devops3\Documents\Projects\feetflight\node_modules\ts-node\src\index.ts:1379:34
    at Object.compile (C:\Users\Devops3\Documents\Projects\feetflight\node_modules\ts-node\src\index.ts:1458:13)
    at Module.m._compile (C:\Users\Devops3\Documents\Projects\feetflight\node_modules\ts-node\src\index.ts:1617:30)
    at Module._extensions..js (internal/modules/cjs/loader.js:1114:10)
    at Object.require.extensions.<computed> [as .ts] (C:\Users\Devops3\Documents\Projects\feetflight\node_modules\ts-node\src\index.ts:1621:12)
    at Module.load (internal/modules/cjs/loader.js:950:32)
    at Function.Module._load (internal/modules/cjs/loader.js:790:12)
    at Module.require (internal/modules/cjs/loader.js:974:19)
2023-04-05 17:04:21 error: uncaughtException: тип Unable to compile TypeScript:
[96msrc/services/users.service.ts[0m:[93m129[0m:[93m9[0m - [91merror[0m[90m TS1005: [0m':' expected.

[7m129[0m         }
[7m   [0m [91m        ~[0m

TSError: тип Unable to compile TypeScript:
[96msrc/services/users.service.ts[0m:[93m129[0m:[93m9[0m - [91merror[0m[90m TS1005: [0m':' expected.

[7m129[0m         }
[7m   [0m [91m        ~[0m

    at createTSError (C:\Users\Devops3\Documents\Projects\feetflight\node_modules\ts-node\src\index.ts:859:12)
    at reportTSError (C:\Users\Devops3\Documents\Projects\feetflight\node_modules\ts-node\src\index.ts:863:19)
    at C:\Users\Devops3\Documents\Projects\feetflight\node_modules\ts-node\src\index.ts:1379:34
    at Object.compile (C:\Users\Devops3\Documents\Projects\feetflight\node_modules\ts-node\src\index.ts:1458:13)
    at Module.m._compile (C:\Users\Devops3\Documents\Projects\feetflight\node_modules\ts-node\src\index.ts:1617:30)
    at Module._extensions..js (internal/modules/cjs/loader.js:1114:10)
    at Object.require.extensions.<computed> [as .ts] (C:\Users\Devops3\Documents\Projects\feetflight\node_modules\ts-node\src\index.ts:1621:12)
    at Module.load (internal/modules/cjs/loader.js:950:32)
    at Function.Module._load (internal/modules/cjs/loader.js:790:12)
    at Module.require (internal/modules/cjs/loader.js:974:19)
2023-04-05 17:04:50 error: uncaughtException: тип Unable to compile TypeScript:
[96msrc/services/users.service.ts[0m:[93m129[0m:[93m9[0m - [91merror[0m[90m TS1005: [0m':' expected.

[7m129[0m         }
[7m   [0m [91m        ~[0m

TSError: тип Unable to compile TypeScript:
[96msrc/services/users.service.ts[0m:[93m129[0m:[93m9[0m - [91merror[0m[90m TS1005: [0m':' expected.

[7m129[0m         }
[7m   [0m [91m        ~[0m

    at createTSError (C:\Users\Devops3\Documents\Projects\feetflight\node_modules\ts-node\src\index.ts:859:12)
    at reportTSError (C:\Users\Devops3\Documents\Projects\feetflight\node_modules\ts-node\src\index.ts:863:19)
    at C:\Users\Devops3\Documents\Projects\feetflight\node_modules\ts-node\src\index.ts:1379:34
    at Object.compile (C:\Users\Devops3\Documents\Projects\feetflight\node_modules\ts-node\src\index.ts:1458:13)
    at Module.m._compile (C:\Users\Devops3\Documents\Projects\feetflight\node_modules\ts-node\src\index.ts:1617:30)
    at Module._extensions..js (internal/modules/cjs/loader.js:1114:10)
    at Object.require.extensions.<computed> [as .ts] (C:\Users\Devops3\Documents\Projects\feetflight\node_modules\ts-node\src\index.ts:1621:12)
    at Module.load (internal/modules/cjs/loader.js:950:32)
    at Function.Module._load (internal/modules/cjs/loader.js:790:12)
    at Module.require (internal/modules/cjs/loader.js:974:19)
2023-04-05 17:05:07 error: uncaughtException: тип Unable to compile TypeScript:
[96msrc/services/users.service.ts[0m:[93m126[0m:[93m19[0m - [91merror[0m[90m TS1005: [0m',' expected.

[7m126[0m           saleData.data.posts.map(post => {
[7m   [0m [91m                  ~[0m

TSError: тип Unable to compile TypeScript:
[96msrc/services/users.service.ts[0m:[93m126[0m:[93m19[0m - [91merror[0m[90m TS1005: [0m',' expected.

[7m126[0m           saleData.data.posts.map(post => {
[7m   [0m [91m                  ~[0m

    at createTSError (C:\Users\Devops3\Documents\Projects\feetflight\node_modules\ts-node\src\index.ts:859:12)
    at reportTSError (C:\Users\Devops3\Documents\Projects\feetflight\node_modules\ts-node\src\index.ts:863:19)
    at C:\Users\Devops3\Documents\Projects\feetflight\node_modules\ts-node\src\index.ts:1379:34
    at Object.compile (C:\Users\Devops3\Documents\Projects\feetflight\node_modules\ts-node\src\index.ts:1458:13)
    at Module.m._compile (C:\Users\Devops3\Documents\Projects\feetflight\node_modules\ts-node\src\index.ts:1617:30)
    at Module._extensions..js (internal/modules/cjs/loader.js:1114:10)
    at Object.require.extensions.<computed> [as .ts] (C:\Users\Devops3\Documents\Projects\feetflight\node_modules\ts-node\src\index.ts:1621:12)
    at Module.load (internal/modules/cjs/loader.js:950:32)
    at Function.Module._load (internal/modules/cjs/loader.js:790:12)
    at Module.require (internal/modules/cjs/loader.js:974:19)
2023-04-05 17:05:12 error: uncaughtException: тип Unable to compile TypeScript:
[96msrc/services/users.service.ts[0m:[93m126[0m:[93m18[0m - [91merror[0m[90m TS1005: [0m',' expected.

[7m126[0m           posts! saleData.data.posts.map(post => {
[7m   [0m [91m                 ~~~~~~~~[0m
[96msrc/services/users.service.ts[0m:[93m126[0m:[93m26[0m - [91merror[0m[90m TS1005: [0m',' expected.

[7m126[0m           posts! saleData.data.posts.map(post => {
[7m   [0m [91m                         ~[0m

TSError: тип Unable to compile TypeScript:
[96msrc/services/users.service.ts[0m:[93m126[0m:[93m18[0m - [91merror[0m[90m TS1005: [0m',' expected.

[7m126[0m           posts! saleData.data.posts.map(post => {
[7m   [0m [91m                 ~~~~~~~~[0m
[96msrc/services/users.service.ts[0m:[93m126[0m:[93m26[0m - [91merror[0m[90m TS1005: [0m',' expected.

[7m126[0m           posts! saleData.data.posts.map(post => {
[7m   [0m [91m                         ~[0m

    at createTSError (C:\Users\Devops3\Documents\Projects\feetflight\node_modules\ts-node\src\index.ts:859:12)
    at reportTSError (C:\Users\Devops3\Documents\Projects\feetflight\node_modules\ts-node\src\index.ts:863:19)
    at C:\Users\Devops3\Documents\Projects\feetflight\node_modules\ts-node\src\index.ts:1379:34
    at Object.compile (C:\Users\Devops3\Documents\Projects\feetflight\node_modules\ts-node\src\index.ts:1458:13)
    at Module.m._compile (C:\Users\Devops3\Documents\Projects\feetflight\node_modules\ts-node\src\index.ts:1617:30)
    at Module._extensions..js (internal/modules/cjs/loader.js:1114:10)
    at Object.require.extensions.<computed> [as .ts] (C:\Users\Devops3\Documents\Projects\feetflight\node_modules\ts-node\src\index.ts:1621:12)
    at Module.load (internal/modules/cjs/loader.js:950:32)
    at Function.Module._load (internal/modules/cjs/loader.js:790:12)
    at Module.require (internal/modules/cjs/loader.js:974:19)
2023-04-05 17:05:15 error: uncaughtException: тип Unable to compile TypeScript:
[96msrc/services/users.service.ts[0m:[93m126[0m:[93m16[0m - [91merror[0m[90m TS1005: [0m',' expected.

[7m126[0m           posts; saleData.data.posts.map(post => {
[7m   [0m [91m               ~[0m
[96msrc/services/users.service.ts[0m:[93m126[0m:[93m26[0m - [91merror[0m[90m TS1005: [0m',' expected.

[7m126[0m           posts; saleData.data.posts.map(post => {
[7m   [0m [91m                         ~[0m

TSError: тип Unable to compile TypeScript:
[96msrc/services/users.service.ts[0m:[93m126[0m:[93m16[0m - [91merror[0m[90m TS1005: [0m',' expected.

[7m126[0m           posts; saleData.data.posts.map(post => {
[7m   [0m [91m               ~[0m
[96msrc/services/users.service.ts[0m:[93m126[0m:[93m26[0m - [91merror[0m[90m TS1005: [0m',' expected.

[7m126[0m           posts; saleData.data.posts.map(post => {
[7m   [0m [91m                         ~[0m

    at createTSError (C:\Users\Devops3\Documents\Projects\feetflight\node_modules\ts-node\src\index.ts:859:12)
    at reportTSError (C:\Users\Devops3\Documents\Projects\feetflight\node_modules\ts-node\src\index.ts:863:19)
    at C:\Users\Devops3\Documents\Projects\feetflight\node_modules\ts-node\src\index.ts:1379:34
    at Object.compile (C:\Users\Devops3\Documents\Projects\feetflight\node_modules\ts-node\src\index.ts:1458:13)
    at Module.m._compile (C:\Users\Devops3\Documents\Projects\feetflight\node_modules\ts-node\src\index.ts:1617:30)
    at Module._extensions..js (internal/modules/cjs/loader.js:1114:10)
    at Object.require.extensions.<computed> [as .ts] (C:\Users\Devops3\Documents\Projects\feetflight\node_modules\ts-node\src\index.ts:1621:12)
    at Module.load (internal/modules/cjs/loader.js:950:32)
    at Function.Module._load (internal/modules/cjs/loader.js:790:12)
    at Module.require (internal/modules/cjs/loader.js:974:19)
2023-04-05 17:06:24 error: uncaughtException: Unexpected token ';'
C:\Users\Devops3\Documents\Projects\feetflight\src\services\users.service.ts:128
            const ;
                  ^

SyntaxError: Unexpected token ';'
    at wrapSafe (internal/modules/cjs/loader.js:1001:16)
    at Module._compile (internal/modules/cjs/loader.js:1049:27)
    at Module.m._compile (C:\Users\Devops3\Documents\Projects\feetflight\node_modules\ts-node\src\index.ts:1618:23)
    at Module._extensions..js (internal/modules/cjs/loader.js:1114:10)
    at Object.require.extensions.<computed> [as .ts] (C:\Users\Devops3\Documents\Projects\feetflight\node_modules\ts-node\src\index.ts:1621:12)
    at Module.load (internal/modules/cjs/loader.js:950:32)
    at Function.Module._load (internal/modules/cjs/loader.js:790:12)
    at Module.require (internal/modules/cjs/loader.js:974:19)
    at require (internal/modules/cjs/helpers.js:101:18)
    at Object.<anonymous> (C:\Users\Devops3\Documents\Projects\feetflight\src\controllers\users.controller.ts:4:1)
2023-04-05 17:12:39 error: uncaughtException: тип Unable to compile TypeScript:
[96msrc/services/users.service.ts[0m:[93m123[0m:[93m19[0m - [91merror[0m[90m TS1005: [0m',' expected.

[7m123[0m           saleData.data.posts.map(post => {
[7m   [0m [91m                  ~[0m

TSError: тип Unable to compile TypeScript:
[96msrc/services/users.service.ts[0m:[93m123[0m:[93m19[0m - [91merror[0m[90m TS1005: [0m',' expected.

[7m123[0m           saleData.data.posts.map(post => {
[7m   [0m [91m                  ~[0m

    at createTSError (C:\Users\Devops3\Documents\Projects\feetflight\node_modules\ts-node\src\index.ts:859:12)
    at reportTSError (C:\Users\Devops3\Documents\Projects\feetflight\node_modules\ts-node\src\index.ts:863:19)
    at C:\Users\Devops3\Documents\Projects\feetflight\node_modules\ts-node\src\index.ts:1379:34
    at Object.compile (C:\Users\Devops3\Documents\Projects\feetflight\node_modules\ts-node\src\index.ts:1458:13)
    at Module.m._compile (C:\Users\Devops3\Documents\Projects\feetflight\node_modules\ts-node\src\index.ts:1617:30)
    at Module._extensions..js (internal/modules/cjs/loader.js:1114:10)
    at Object.require.extensions.<computed> [as .ts] (C:\Users\Devops3\Documents\Projects\feetflight\node_modules\ts-node\src\index.ts:1621:12)
    at Module.load (internal/modules/cjs/loader.js:950:32)
    at Function.Module._load (internal/modules/cjs/loader.js:790:12)
    at Module.require (internal/modules/cjs/loader.js:974:19)
2023-04-05 17:13:20 error: uncaughtException: тип Unable to compile TypeScript:
[96msrc/services/users.service.ts[0m:[93m126[0m:[93m9[0m - [91merror[0m[90m TS1005: [0m':' expected.

[7m126[0m         }
[7m   [0m [91m        ~[0m

TSError: тип Unable to compile TypeScript:
[96msrc/services/users.service.ts[0m:[93m126[0m:[93m9[0m - [91merror[0m[90m TS1005: [0m':' expected.

[7m126[0m         }
[7m   [0m [91m        ~[0m

    at createTSError (C:\Users\Devops3\Documents\Projects\feetflight\node_modules\ts-node\src\index.ts:859:12)
    at reportTSError (C:\Users\Devops3\Documents\Projects\feetflight\node_modules\ts-node\src\index.ts:863:19)
    at C:\Users\Devops3\Documents\Projects\feetflight\node_modules\ts-node\src\index.ts:1379:34
    at Object.compile (C:\Users\Devops3\Documents\Projects\feetflight\node_modules\ts-node\src\index.ts:1458:13)
    at Module.m._compile (C:\Users\Devops3\Documents\Projects\feetflight\node_modules\ts-node\src\index.ts:1617:30)
    at Module._extensions..js (internal/modules/cjs/loader.js:1114:10)
    at Object.require.extensions.<computed> [as .ts] (C:\Users\Devops3\Documents\Projects\feetflight\node_modules\ts-node\src\index.ts:1621:12)
    at Module.load (internal/modules/cjs/loader.js:950:32)
    at Function.Module._load (internal/modules/cjs/loader.js:790:12)
    at Module.require (internal/modules/cjs/loader.js:974:19)
2023-04-05 17:13:35 error: uncaughtException: тип Unable to compile TypeScript:
[96msrc/services/users.service.ts[0m:[93m124[0m:[93m9[0m - [91merror[0m[90m TS1005: [0m']' expected.

[7m124[0m         }
[7m   [0m [91m        ~[0m

TSError: тип Unable to compile TypeScript:
[96msrc/services/users.service.ts[0m:[93m124[0m:[93m9[0m - [91merror[0m[90m TS1005: [0m']' expected.

[7m124[0m         }
[7m   [0m [91m        ~[0m

    at createTSError (C:\Users\Devops3\Documents\Projects\feetflight\node_modules\ts-node\src\index.ts:859:12)
    at reportTSError (C:\Users\Devops3\Documents\Projects\feetflight\node_modules\ts-node\src\index.ts:863:19)
    at C:\Users\Devops3\Documents\Projects\feetflight\node_modules\ts-node\src\index.ts:1379:34
    at Object.compile (C:\Users\Devops3\Documents\Projects\feetflight\node_modules\ts-node\src\index.ts:1458:13)
    at Module.m._compile (C:\Users\Devops3\Documents\Projects\feetflight\node_modules\ts-node\src\index.ts:1617:30)
    at Module._extensions..js (internal/modules/cjs/loader.js:1114:10)
    at Object.require.extensions.<computed> [as .ts] (C:\Users\Devops3\Documents\Projects\feetflight\node_modules\ts-node\src\index.ts:1621:12)
    at Module.load (internal/modules/cjs/loader.js:950:32)
    at Function.Module._load (internal/modules/cjs/loader.js:790:12)
    at Module.require (internal/modules/cjs/loader.js:974:19)
2023-04-05 17:13:47 error: uncaughtException: тип Unable to compile TypeScript:
[96msrc/services/users.service.ts[0m:[93m123[0m:[93m19[0m - [91merror[0m[90m TS1005: [0m',' expected.

[7m123[0m           saleData.data.posts
[7m   [0m [91m                  ~[0m

TSError: тип Unable to compile TypeScript:
[96msrc/services/users.service.ts[0m:[93m123[0m:[93m19[0m - [91merror[0m[90m TS1005: [0m',' expected.

[7m123[0m           saleData.data.posts
[7m   [0m [91m                  ~[0m

    at createTSError (C:\Users\Devops3\Documents\Projects\feetflight\node_modules\ts-node\src\index.ts:859:12)
    at reportTSError (C:\Users\Devops3\Documents\Projects\feetflight\node_modules\ts-node\src\index.ts:863:19)
    at C:\Users\Devops3\Documents\Projects\feetflight\node_modules\ts-node\src\index.ts:1379:34
    at Object.compile (C:\Users\Devops3\Documents\Projects\feetflight\node_modules\ts-node\src\index.ts:1458:13)
    at Module.m._compile (C:\Users\Devops3\Documents\Projects\feetflight\node_modules\ts-node\src\index.ts:1617:30)
    at Module._extensions..js (internal/modules/cjs/loader.js:1114:10)
    at Object.require.extensions.<computed> [as .ts] (C:\Users\Devops3\Documents\Projects\feetflight\node_modules\ts-node\src\index.ts:1621:12)
    at Module.load (internal/modules/cjs/loader.js:950:32)
    at Function.Module._load (internal/modules/cjs/loader.js:790:12)
    at Module.require (internal/modules/cjs/loader.js:974:19)
2023-04-05 17:13:57 error: uncaughtException: тип Unable to compile TypeScript:
[96msrc/services/users.service.ts[0m:[93m123[0m:[93m27[0m - [91merror[0m[90m TS1005: [0m',' expected.

[7m123[0m           posts: {saleData.data.posts}
[7m   [0m [91m                          ~[0m

TSError: тип Unable to compile TypeScript:
[96msrc/services/users.service.ts[0m:[93m123[0m:[93m27[0m - [91merror[0m[90m TS1005: [0m',' expected.

[7m123[0m           posts: {saleData.data.posts}
[7m   [0m [91m                          ~[0m

    at createTSError (C:\Users\Devops3\Documents\Projects\feetflight\node_modules\ts-node\src\index.ts:859:12)
    at reportTSError (C:\Users\Devops3\Documents\Projects\feetflight\node_modules\ts-node\src\index.ts:863:19)
    at C:\Users\Devops3\Documents\Projects\feetflight\node_modules\ts-node\src\index.ts:1379:34
    at Object.compile (C:\Users\Devops3\Documents\Projects\feetflight\node_modules\ts-node\src\index.ts:1458:13)
    at Module.m._compile (C:\Users\Devops3\Documents\Projects\feetflight\node_modules\ts-node\src\index.ts:1617:30)
    at Module._extensions..js (internal/modules/cjs/loader.js:1114:10)
    at Object.require.extensions.<computed> [as .ts] (C:\Users\Devops3\Documents\Projects\feetflight\node_modules\ts-node\src\index.ts:1621:12)
    at Module.load (internal/modules/cjs/loader.js:950:32)
    at Function.Module._load (internal/modules/cjs/loader.js:790:12)
    at Module.require (internal/modules/cjs/loader.js:974:19)
2023-04-05 17:14:05 error: uncaughtException: тип Unable to compile TypeScript:
[96msrc/services/users.service.ts[0m:[93m123[0m:[93m32[0m - [91merror[0m[90m TS1005: [0m',' expected.

[7m123[0m           posts: { postsaleData.data.posts}
[7m   [0m [91m                               ~[0m

TSError: тип Unable to compile TypeScript:
[96msrc/services/users.service.ts[0m:[93m123[0m:[93m32[0m - [91merror[0m[90m TS1005: [0m',' expected.

[7m123[0m           posts: { postsaleData.data.posts}
[7m   [0m [91m                               ~[0m

    at createTSError (C:\Users\Devops3\Documents\Projects\feetflight\node_modules\ts-node\src\index.ts:859:12)
    at reportTSError (C:\Users\Devops3\Documents\Projects\feetflight\node_modules\ts-node\src\index.ts:863:19)
    at C:\Users\Devops3\Documents\Projects\feetflight\node_modules\ts-node\src\index.ts:1379:34
    at Object.compile (C:\Users\Devops3\Documents\Projects\feetflight\node_modules\ts-node\src\index.ts:1458:13)
    at Module.m._compile (C:\Users\Devops3\Documents\Projects\feetflight\node_modules\ts-node\src\index.ts:1617:30)
    at Module._extensions..js (internal/modules/cjs/loader.js:1114:10)
    at Object.require.extensions.<computed> [as .ts] (C:\Users\Devops3\Documents\Projects\feetflight\node_modules\ts-node\src\index.ts:1621:12)
    at Module.load (internal/modules/cjs/loader.js:950:32)
    at Function.Module._load (internal/modules/cjs/loader.js:790:12)
    at Module.require (internal/modules/cjs/loader.js:974:19)
2023-04-05 17:14:57 error: uncaughtException: тип Unable to compile TypeScript:
[96msrc/services/users.service.ts[0m:[93m123[0m:[93m18[0m - [91merror[0m[90m TS1109: [0mExpression expected.

[7m123[0m           posts: ,
[7m   [0m [91m                 ~[0m

TSError: тип Unable to compile TypeScript:
[96msrc/services/users.service.ts[0m:[93m123[0m:[93m18[0m - [91merror[0m[90m TS1109: [0mExpression expected.

[7m123[0m           posts: ,
[7m   [0m [91m                 ~[0m

    at createTSError (C:\Users\Devops3\Documents\Projects\feetflight\node_modules\ts-node\src\index.ts:859:12)
    at reportTSError (C:\Users\Devops3\Documents\Projects\feetflight\node_modules\ts-node\src\index.ts:863:19)
    at C:\Users\Devops3\Documents\Projects\feetflight\node_modules\ts-node\src\index.ts:1379:34
    at Object.compile (C:\Users\Devops3\Documents\Projects\feetflight\node_modules\ts-node\src\index.ts:1458:13)
    at Module.m._compile (C:\Users\Devops3\Documents\Projects\feetflight\node_modules\ts-node\src\index.ts:1617:30)
    at Module._extensions..js (internal/modules/cjs/loader.js:1114:10)
    at Object.require.extensions.<computed> [as .ts] (C:\Users\Devops3\Documents\Projects\feetflight\node_modules\ts-node\src\index.ts:1621:12)
    at Module.load (internal/modules/cjs/loader.js:950:32)
    at Function.Module._load (internal/modules/cjs/loader.js:790:12)
    at Module.require (internal/modules/cjs/loader.js:974:19)
2023-04-05 17:15:08 error: uncaughtException: тип Unable to compile TypeScript:
[96msrc/services/users.service.ts[0m:[93m125[0m:[93m8[0m - [91merror[0m[90m TS1005: [0m',' expected.

[7m125[0m       });
[7m   [0m [91m       ~[0m

TSError: тип Unable to compile TypeScript:
[96msrc/services/users.service.ts[0m:[93m125[0m:[93m8[0m - [91merror[0m[90m TS1005: [0m',' expected.

[7m125[0m       });
[7m   [0m [91m       ~[0m

    at createTSError (C:\Users\Devops3\Documents\Projects\feetflight\node_modules\ts-node\src\index.ts:859:12)
    at reportTSError (C:\Users\Devops3\Documents\Projects\feetflight\node_modules\ts-node\src\index.ts:863:19)
    at C:\Users\Devops3\Documents\Projects\feetflight\node_modules\ts-node\src\index.ts:1379:34
    at Object.compile (C:\Users\Devops3\Documents\Projects\feetflight\node_modules\ts-node\src\index.ts:1458:13)
    at Module.m._compile (C:\Users\Devops3\Documents\Projects\feetflight\node_modules\ts-node\src\index.ts:1617:30)
    at Module._extensions..js (internal/modules/cjs/loader.js:1114:10)
    at Object.require.extensions.<computed> [as .ts] (C:\Users\Devops3\Documents\Projects\feetflight\node_modules\ts-node\src\index.ts:1621:12)
    at Module.load (internal/modules/cjs/loader.js:950:32)
    at Function.Module._load (internal/modules/cjs/loader.js:790:12)
    at Module.require (internal/modules/cjs/loader.js:974:19)
2023-04-05 17:15:35 error: uncaughtException: тип Unable to compile TypeScript:
[96msrc/services/users.service.ts[0m:[93m123[0m:[93m38[0m - [91merror[0m[90m TS1003: [0mIdentifier expected.

[7m123[0m           posts: saleData.data.posts.,
[7m   [0m [91m                                     ~[0m

TSError: тип Unable to compile TypeScript:
[96msrc/services/users.service.ts[0m:[93m123[0m:[93m38[0m - [91merror[0m[90m TS1003: [0mIdentifier expected.

[7m123[0m           posts: saleData.data.posts.,
[7m   [0m [91m                                     ~[0m

    at createTSError (C:\Users\Devops3\Documents\Projects\feetflight\node_modules\ts-node\src\index.ts:859:12)
    at reportTSError (C:\Users\Devops3\Documents\Projects\feetflight\node_modules\ts-node\src\index.ts:863:19)
    at C:\Users\Devops3\Documents\Projects\feetflight\node_modules\ts-node\src\index.ts:1379:34
    at Object.compile (C:\Users\Devops3\Documents\Projects\feetflight\node_modules\ts-node\src\index.ts:1458:13)
    at Module.m._compile (C:\Users\Devops3\Documents\Projects\feetflight\node_modules\ts-node\src\index.ts:1617:30)
    at Module._extensions..js (internal/modules/cjs/loader.js:1114:10)
    at Object.require.extensions.<computed> [as .ts] (C:\Users\Devops3\Documents\Projects\feetflight\node_modules\ts-node\src\index.ts:1621:12)
    at Module.load (internal/modules/cjs/loader.js:950:32)
    at Function.Module._load (internal/modules/cjs/loader.js:790:12)
    at Module.require (internal/modules/cjs/loader.js:974:19)
2023-04-05 17:16:07 error: uncaughtException: тип Unable to compile TypeScript:
[96msrc/services/users.service.ts[0m:[93m123[0m:[93m7[0m - [91merror[0m[90m TS1109: [0mExpression expected.

[7m123[0m       });
[7m   [0m [91m      ~[0m

TSError: тип Unable to compile TypeScript:
[96msrc/services/users.service.ts[0m:[93m123[0m:[93m7[0m - [91merror[0m[90m TS1109: [0mExpression expected.

[7m123[0m       });
[7m   [0m [91m      ~[0m

    at createTSError (C:\Users\Devops3\Documents\Projects\feetflight\node_modules\ts-node\src\index.ts:859:12)
    at reportTSError (C:\Users\Devops3\Documents\Projects\feetflight\node_modules\ts-node\src\index.ts:863:19)
    at C:\Users\Devops3\Documents\Projects\feetflight\node_modules\ts-node\src\index.ts:1379:34
    at Object.compile (C:\Users\Devops3\Documents\Projects\feetflight\node_modules\ts-node\src\index.ts:1458:13)
    at Module.m._compile (C:\Users\Devops3\Documents\Projects\feetflight\node_modules\ts-node\src\index.ts:1617:30)
    at Module._extensions..js (internal/modules/cjs/loader.js:1114:10)
    at Object.require.extensions.<computed> [as .ts] (C:\Users\Devops3\Documents\Projects\feetflight\node_modules\ts-node\src\index.ts:1621:12)
    at Module.load (internal/modules/cjs/loader.js:950:32)
    at Function.Module._load (internal/modules/cjs/loader.js:790:12)
    at Module.require (internal/modules/cjs/loader.js:974:19)
2023-04-05 17:19:46 error: uncaughtException: Identifier 'custumer' has already been declared
C:\Users\Devops3\Documents\Projects\feetflight\src\services\auth.service.ts:73
                    const custumer = await stripe.customers.create({
                          ^

SyntaxError: Identifier 'custumer' has already been declared
    at wrapSafe (internal/modules/cjs/loader.js:1001:16)
    at Module._compile (internal/modules/cjs/loader.js:1049:27)
    at Module.m._compile (C:\Users\Devops3\Documents\Projects\feetflight\node_modules\ts-node\src\index.ts:1618:23)
    at Module._extensions..js (internal/modules/cjs/loader.js:1114:10)
    at Object.require.extensions.<computed> [as .ts] (C:\Users\Devops3\Documents\Projects\feetflight\node_modules\ts-node\src\index.ts:1621:12)
    at Module.load (internal/modules/cjs/loader.js:950:32)
    at Function.Module._load (internal/modules/cjs/loader.js:790:12)
    at Module.require (internal/modules/cjs/loader.js:974:19)
    at require (internal/modules/cjs/helpers.js:101:18)
    at Object.<anonymous> (C:\Users\Devops3\Documents\Projects\feetflight\src\controllers\auth.controller.ts:4:1)
2023-04-05 17:19:58 error: uncaughtException: тип Unable to compile TypeScript:
[96msrc/services/auth.service.ts[0m:[93m81[0m:[93m18[0m - [91merror[0m[90m TS1134: [0mVariable declaration expected.

[7m81[0m           const  = await stripe.customers.create({
[7m  [0m [91m                 ~[0m
[96msrc/services/auth.service.ts[0m:[93m81[0m:[93m26[0m - [91merror[0m[90m TS1005: [0m',' expected.

[7m81[0m           const  = await stripe.customers.create({
[7m  [0m [91m                         ~~~~~~[0m
[96msrc/services/auth.service.ts[0m:[93m81[0m:[93m32[0m - [91merror[0m[90m TS1005: [0m',' expected.

[7m81[0m           const  = await stripe.customers.create({
[7m  [0m [91m                               ~[0m
[96msrc/services/auth.service.ts[0m:[93m81[0m:[93m42[0m - [91merror[0m[90m TS1005: [0m',' expected.

[7m81[0m           const  = await stripe.customers.create({
[7m  [0m [91m                                         ~[0m
[96msrc/services/auth.service.ts[0m:[93m81[0m:[93m49[0m - [91merror[0m[90m TS1005: [0m',' expected.

[7m81[0m           const  = await stripe.customers.create({
[7m  [0m [91m                                                ~[0m

TSError: тип Unable to compile TypeScript:
[96msrc/services/auth.service.ts[0m:[93m81[0m:[93m18[0m - [91merror[0m[90m TS1134: [0mVariable declaration expected.

[7m81[0m           const  = await stripe.customers.create({
[7m  [0m [91m                 ~[0m
[96msrc/services/auth.service.ts[0m:[93m81[0m:[93m26[0m - [91merror[0m[90m TS1005: [0m',' expected.

[7m81[0m           const  = await stripe.customers.create({
[7m  [0m [91m                         ~~~~~~[0m
[96msrc/services/auth.service.ts[0m:[93m81[0m:[93m32[0m - [91merror[0m[90m TS1005: [0m',' expected.

[7m81[0m           const  = await stripe.customers.create({
[7m  [0m [91m                               ~[0m
[96msrc/services/auth.service.ts[0m:[93m81[0m:[93m42[0m - [91merror[0m[90m TS1005: [0m',' expected.

[7m81[0m           const  = await stripe.customers.create({
[7m  [0m [91m                                         ~[0m
[96msrc/services/auth.service.ts[0m:[93m81[0m:[93m49[0m - [91merror[0m[90m TS1005: [0m',' expected.

[7m81[0m           const  = await stripe.customers.create({
[7m  [0m [91m                                                ~[0m

    at createTSError (C:\Users\Devops3\Documents\Projects\feetflight\node_modules\ts-node\src\index.ts:859:12)
    at reportTSError (C:\Users\Devops3\Documents\Projects\feetflight\node_modules\ts-node\src\index.ts:863:19)
    at C:\Users\Devops3\Documents\Projects\feetflight\node_modules\ts-node\src\index.ts:1379:34
    at Object.compile (C:\Users\Devops3\Documents\Projects\feetflight\node_modules\ts-node\src\index.ts:1458:13)
    at Module.m._compile (C:\Users\Devops3\Documents\Projects\feetflight\node_modules\ts-node\src\index.ts:1617:30)
    at Module._extensions..js (internal/modules/cjs/loader.js:1114:10)
    at Object.require.extensions.<computed> [as .ts] (C:\Users\Devops3\Documents\Projects\feetflight\node_modules\ts-node\src\index.ts:1621:12)
    at Module.load (internal/modules/cjs/loader.js:950:32)
    at Function.Module._load (internal/modules/cjs/loader.js:790:12)
    at Module.require (internal/modules/cjs/loader.js:974:19)
2023-04-05 17:27:44 error: uncaughtException: тип Unable to compile TypeScript:
[96msrc/services/auth.service.ts[0m:[93m31[0m:[93m53[0m - [91merror[0m[90m TS1109: [0mExpression expected.

[7m31[0m           if (!userData.data.subscriptionPrice  ||  || !userData.data.identityPhoto || !userData.data.city) return { message: 'data missing' };
[7m  [0m [91m                                                    ~~[0m

TSError: тип Unable to compile TypeScript:
[96msrc/services/auth.service.ts[0m:[93m31[0m:[93m53[0m - [91merror[0m[90m TS1109: [0mExpression expected.

[7m31[0m           if (!userData.data.subscriptionPrice  ||  || !userData.data.identityPhoto || !userData.data.city) return { message: 'data missing' };
[7m  [0m [91m                                                    ~~[0m

    at createTSError (C:\Users\Devops3\Documents\Projects\feetflight\node_modules\ts-node\src\index.ts:859:12)
    at reportTSError (C:\Users\Devops3\Documents\Projects\feetflight\node_modules\ts-node\src\index.ts:863:19)
    at C:\Users\Devops3\Documents\Projects\feetflight\node_modules\ts-node\src\index.ts:1379:34
    at Object.compile (C:\Users\Devops3\Documents\Projects\feetflight\node_modules\ts-node\src\index.ts:1458:13)
    at Module.m._compile (C:\Users\Devops3\Documents\Projects\feetflight\node_modules\ts-node\src\index.ts:1617:30)
    at Module._extensions..js (internal/modules/cjs/loader.js:1114:10)
    at Object.require.extensions.<computed> [as .ts] (C:\Users\Devops3\Documents\Projects\feetflight\node_modules\ts-node\src\index.ts:1621:12)
    at Module.load (internal/modules/cjs/loader.js:950:32)
    at Function.Module._load (internal/modules/cjs/loader.js:790:12)
    at Module.require (internal/modules/cjs/loader.js:974:19)
2023-04-05 17:46:21 error: uncaughtException: тип Unable to compile TypeScript:
[96msrc/services/users.service.ts[0m:[93m145[0m:[93m20[0m - [91merror[0m[90m TS1005: [0m',' expected.

[7m145[0m       const  await buyPostSession.executeWrite(tx =>
[7m   [0m [91m                   ~~~~~~~~~~~~~~[0m
[96msrc/services/users.service.ts[0m:[93m145[0m:[93m34[0m - [91merror[0m[90m TS1005: [0m',' expected.

[7m145[0m       const  await buyPostSession.executeWrite(tx =>
[7m   [0m [91m                                 ~[0m
[96msrc/services/users.service.ts[0m:[93m145[0m:[93m47[0m - [91merror[0m[90m TS1005: [0m',' expected.

[7m145[0m       const  await buyPostSession.executeWrite(tx =>
[7m   [0m [91m                                              ~[0m
[96msrc/services/users.service.ts[0m:[93m150[0m:[93m7[0m - [91merror[0m[90m TS1109: [0mExpression expected.

[7m150[0m       );
[7m   [0m [91m      ~[0m

TSError: тип Unable to compile TypeScript:
[96msrc/services/users.service.ts[0m:[93m145[0m:[93m20[0m - [91merror[0m[90m TS1005: [0m',' expected.

[7m145[0m       const  await buyPostSession.executeWrite(tx =>
[7m   [0m [91m                   ~~~~~~~~~~~~~~[0m
[96msrc/services/users.service.ts[0m:[93m145[0m:[93m34[0m - [91merror[0m[90m TS1005: [0m',' expected.

[7m145[0m       const  await buyPostSession.executeWrite(tx =>
[7m   [0m [91m                                 ~[0m
[96msrc/services/users.service.ts[0m:[93m145[0m:[93m47[0m - [91merror[0m[90m TS1005: [0m',' expected.

[7m145[0m       const  await buyPostSession.executeWrite(tx =>
[7m   [0m [91m                                              ~[0m
[96msrc/services/users.service.ts[0m:[93m150[0m:[93m7[0m - [91merror[0m[90m TS1109: [0mExpression expected.

[7m150[0m       );
[7m   [0m [91m      ~[0m

    at createTSError (C:\Users\Devops3\Documents\Projects\feetflight\node_modules\ts-node\src\index.ts:859:12)
    at reportTSError (C:\Users\Devops3\Documents\Projects\feetflight\node_modules\ts-node\src\index.ts:863:19)
    at C:\Users\Devops3\Documents\Projects\feetflight\node_modules\ts-node\src\index.ts:1379:34
    at Object.compile (C:\Users\Devops3\Documents\Projects\feetflight\node_modules\ts-node\src\index.ts:1458:13)
    at Module.m._compile (C:\Users\Devops3\Documents\Projects\feetflight\node_modules\ts-node\src\index.ts:1617:30)
    at Module._extensions..js (internal/modules/cjs/loader.js:1114:10)
    at Object.require.extensions.<computed> [as .ts] (C:\Users\Devops3\Documents\Projects\feetflight\node_modules\ts-node\src\index.ts:1621:12)
    at Module.load (internal/modules/cjs/loader.js:950:32)
    at Function.Module._load (internal/modules/cjs/loader.js:790:12)
    at Module.require (internal/modules/cjs/loader.js:974:19)
2023-04-05 17:47:25 error: uncaughtException: тип Unable to compile TypeScript:
[96msrc/services/users.service.ts[0m:[93m151[0m:[93m50[0m - [91merror[0m[90m TS1003: [0mIdentifier expected.

[7m151[0m       return seller.records.map(record => record.)
[7m   [0m [91m                                                 ~[0m

TSError: тип Unable to compile TypeScript:
[96msrc/services/users.service.ts[0m:[93m151[0m:[93m50[0m - [91merror[0m[90m TS1003: [0mIdentifier expected.

[7m151[0m       return seller.records.map(record => record.)
[7m   [0m [91m                                                 ~[0m

    at createTSError (C:\Users\Devops3\Documents\Projects\feetflight\node_modules\ts-node\src\index.ts:859:12)
    at reportTSError (C:\Users\Devops3\Documents\Projects\feetflight\node_modules\ts-node\src\index.ts:863:19)
    at C:\Users\Devops3\Documents\Projects\feetflight\node_modules\ts-node\src\index.ts:1379:34
    at Object.compile (C:\Users\Devops3\Documents\Projects\feetflight\node_modules\ts-node\src\index.ts:1458:13)
    at Module.m._compile (C:\Users\Devops3\Documents\Projects\feetflight\node_modules\ts-node\src\index.ts:1617:30)
    at Module._extensions..js (internal/modules/cjs/loader.js:1114:10)
    at Object.require.extensions.<computed> [as .ts] (C:\Users\Devops3\Documents\Projects\feetflight\node_modules\ts-node\src\index.ts:1621:12)
    at Module.load (internal/modules/cjs/loader.js:950:32)
    at Function.Module._load (internal/modules/cjs/loader.js:790:12)
    at Module.require (internal/modules/cjs/loader.js:974:19)
2023-04-05 17:47:54 error: uncaughtException: тип Unable to compile TypeScript:
[96msrc/services/users.service.ts[0m:[93m106[0m:[93m16[0m - [91merror[0m[90m TS1389: [0m'this' is not allowed as a variable declaration name.

[7m106[0m         const  this.buyPost(post.id, userId);
[7m   [0m [91m               ~~~~[0m

TSError: тип Unable to compile TypeScript:
[96msrc/services/users.service.ts[0m:[93m106[0m:[93m16[0m - [91merror[0m[90m TS1389: [0m'this' is not allowed as a variable declaration name.

[7m106[0m         const  this.buyPost(post.id, userId);
[7m   [0m [91m               ~~~~[0m

    at createTSError (C:\Users\Devops3\Documents\Projects\feetflight\node_modules\ts-node\src\index.ts:859:12)
    at reportTSError (C:\Users\Devops3\Documents\Projects\feetflight\node_modules\ts-node\src\index.ts:863:19)
    at C:\Users\Devops3\Documents\Projects\feetflight\node_modules\ts-node\src\index.ts:1379:34
    at Object.compile (C:\Users\Devops3\Documents\Projects\feetflight\node_modules\ts-node\src\index.ts:1458:13)
    at Module.m._compile (C:\Users\Devops3\Documents\Projects\feetflight\node_modules\ts-node\src\index.ts:1617:30)
    at Module._extensions..js (internal/modules/cjs/loader.js:1114:10)
    at Object.require.extensions.<computed> [as .ts] (C:\Users\Devops3\Documents\Projects\feetflight\node_modules\ts-node\src\index.ts:1621:12)
    at Module.load (internal/modules/cjs/loader.js:950:32)
    at Function.Module._load (internal/modules/cjs/loader.js:790:12)
    at Module.require (internal/modules/cjs/loader.js:974:19)
