2023-09-11 12:31:26 error: uncaughtException: тип Unable to compile TypeScript:
[96msrc/services/users.service.ts[0m:[93m251[0m:[93m48[0m - [91merror[0m[90m TS1002: [0mUnterminated string literal.

[7m251[0m       return {message: 'canceled subscription};
[7m   [0m [91m                                               [0m
[96msrc/services/users.service.ts[0m:[93m252[0m:[93m7[0m - [91merror[0m[90m TS1005: [0m';' expected.

[7m252[0m     } catch (error) {
[7m   [0m [91m      ~~~~~[0m
[96msrc/services/users.service.ts[0m:[93m257[0m:[93m4[0m - [91merror[0m[90m TS1472: [0m'catch' or 'finally' expected.

[7m257[0m   };
[7m   [0m [91m   ~[0m
[96msrc/services/users.service.ts[0m:[93m259[0m:[93m3[0m - [91merror[0m[90m TS1128: [0mDeclaration or statement expected.

[7m259[0m   public checkForSale = async (userId: string, postId: string) => {
[7m   [0m [91m  ~~~~~~[0m

TSError: тип Unable to compile TypeScript:
[96msrc/services/users.service.ts[0m:[93m251[0m:[93m48[0m - [91merror[0m[90m TS1002: [0mUnterminated string literal.

[7m251[0m       return {message: 'canceled subscription};
[7m   [0m [91m                                               [0m
[96msrc/services/users.service.ts[0m:[93m252[0m:[93m7[0m - [91merror[0m[90m TS1005: [0m';' expected.

[7m252[0m     } catch (error) {
[7m   [0m [91m      ~~~~~[0m
[96msrc/services/users.service.ts[0m:[93m257[0m:[93m4[0m - [91merror[0m[90m TS1472: [0m'catch' or 'finally' expected.

[7m257[0m   };
[7m   [0m [91m   ~[0m
[96msrc/services/users.service.ts[0m:[93m259[0m:[93m3[0m - [91merror[0m[90m TS1128: [0mDeclaration or statement expected.

[7m259[0m   public checkForSale = async (userId: string, postId: string) => {
[7m   [0m [91m  ~~~~~~[0m

    at createTSError (C:\Users\Devops3\Documents\Projects\feetflight\feetflight\node_modules\ts-node\src\index.ts:859:12)
    at reportTSError (C:\Users\Devops3\Documents\Projects\feetflight\feetflight\node_modules\ts-node\src\index.ts:863:19)
    at C:\Users\Devops3\Documents\Projects\feetflight\feetflight\node_modules\ts-node\src\index.ts:1379:34
    at Object.compile (C:\Users\Devops3\Documents\Projects\feetflight\feetflight\node_modules\ts-node\src\index.ts:1458:13)
    at Module.m._compile (C:\Users\Devops3\Documents\Projects\feetflight\feetflight\node_modules\ts-node\src\index.ts:1617:30)
    at Module._extensions..js (node:internal/modules/cjs/loader:1310:10)
    at Object.require.extensions.<computed> [as .ts] (C:\Users\Devops3\Documents\Projects\feetflight\feetflight\node_modules\ts-node\src\index.ts:1621:12)
    at Module.load (node:internal/modules/cjs/loader:1119:32)
    at Function.Module._load (node:internal/modules/cjs/loader:960:12)
    at Module.require (node:internal/modules/cjs/loader:1143:19)
