2023-03-05 16:06:28 error: uncaughtException: тип Unable to compile TypeScript:
[96msrc/services/post.service.ts[0m:[93m38[0m:[93m3[0m - [91merror[0m[90m TS1128: [0mDeclaration or statement expected.

[7m38[0m   public async createPost(userId, postData) {
[7m  [0m [91m  ~~~~~~[0m

TSError: тип Unable to compile TypeScript:
[96msrc/services/post.service.ts[0m:[93m38[0m:[93m3[0m - [91merror[0m[90m TS1128: [0mDeclaration or statement expected.

[7m38[0m   public async createPost(userId, postData) {
[7m  [0m [91m  ~~~~~~[0m

    at createTSError (C:\Users\diguo\Documents\feetflight\default\node_modules\ts-node\src\index.ts:859:12)
    at reportTSError (C:\Users\diguo\Documents\feetflight\default\node_modules\ts-node\src\index.ts:863:19)
    at C:\Users\diguo\Documents\feetflight\default\node_modules\ts-node\src\index.ts:1379:34
    at Object.compile (C:\Users\diguo\Documents\feetflight\default\node_modules\ts-node\src\index.ts:1458:13)
    at Module.m._compile (C:\Users\diguo\Documents\feetflight\default\node_modules\ts-node\src\index.ts:1617:30)
    at Module._extensions..js (node:internal/modules/cjs/loader:1159:10)
    at Object.require.extensions.<computed> [as .ts] (C:\Users\diguo\Documents\feetflight\default\node_modules\ts-node\src\index.ts:1621:12)
    at Module.load (node:internal/modules/cjs/loader:981:32)
    at Function.Module._load (node:internal/modules/cjs/loader:822:12)
    at Module.require (node:internal/modules/cjs/loader:1005:19)
2023-03-05 16:06:46 error: uncaughtException: тип Unable to compile TypeScript:
[96msrc/services/post.service.ts[0m:[93m38[0m:[93m3[0m - [91merror[0m[90m TS1128: [0mDeclaration or statement expected.

[7m38[0m   public async createPost(userId, postData) {
[7m  [0m [91m  ~~~~~~[0m

TSError: тип Unable to compile TypeScript:
[96msrc/services/post.service.ts[0m:[93m38[0m:[93m3[0m - [91merror[0m[90m TS1128: [0mDeclaration or statement expected.

[7m38[0m   public async createPost(userId, postData) {
[7m  [0m [91m  ~~~~~~[0m

    at createTSError (C:\Users\diguo\Documents\feetflight\default\node_modules\ts-node\src\index.ts:859:12)
    at reportTSError (C:\Users\diguo\Documents\feetflight\default\node_modules\ts-node\src\index.ts:863:19)
    at C:\Users\diguo\Documents\feetflight\default\node_modules\ts-node\src\index.ts:1379:34
    at Object.compile (C:\Users\diguo\Documents\feetflight\default\node_modules\ts-node\src\index.ts:1458:13)
    at Module.m._compile (C:\Users\diguo\Documents\feetflight\default\node_modules\ts-node\src\index.ts:1617:30)
    at Module._extensions..js (node:internal/modules/cjs/loader:1159:10)
    at Object.require.extensions.<computed> [as .ts] (C:\Users\diguo\Documents\feetflight\default\node_modules\ts-node\src\index.ts:1621:12)
    at Module.load (node:internal/modules/cjs/loader:981:32)
    at Function.Module._load (node:internal/modules/cjs/loader:822:12)
    at Module.require (node:internal/modules/cjs/loader:1005:19)
2023-03-05 16:14:13 error: uncaughtException: Route.get() requires a callback function but got a [object Undefined]
Error: Route.get() requires a callback function but got a [object Undefined]
    at Route.<computed> [as get] (C:\Users\diguo\Documents\feetflight\default\node_modules\express\lib\router\route.js:211:15)
    at Function.proto.<computed> [as get] (C:\Users\diguo\Documents\feetflight\default\node_modules\express\lib\router\index.js:521:19)
    at postRoute.initializeRoutes (C:\Users\diguo\Documents\feetflight\default\src\routes\post.route.ts:15:17)
    at new postRoute (C:\Users\diguo\Documents\feetflight\default\src\routes\post.route.ts:11:10)
    at Object.<anonymous> (C:\Users\diguo\Documents\feetflight\default\src\server.ts:10:75)
    at Module._compile (node:internal/modules/cjs/loader:1105:14)
    at Module.m._compile (C:\Users\diguo\Documents\feetflight\default\node_modules\ts-node\src\index.ts:1618:23)
    at Module._extensions..js (node:internal/modules/cjs/loader:1159:10)
    at Object.require.extensions.<computed> [as .ts] (C:\Users\diguo\Documents\feetflight\default\node_modules\ts-node\src\index.ts:1621:12)
    at Module.load (node:internal/modules/cjs/loader:981:32)
2023-03-05 16:14:37 error: uncaughtException: Route.get() requires a callback function but got a [object Undefined]
Error: Route.get() requires a callback function but got a [object Undefined]
    at Route.<computed> [as get] (C:\Users\diguo\Documents\feetflight\default\node_modules\express\lib\router\route.js:211:15)
    at Function.proto.<computed> [as get] (C:\Users\diguo\Documents\feetflight\default\node_modules\express\lib\router\index.js:521:19)
    at postRoute.initializeRoutes (C:\Users\diguo\Documents\feetflight\default\src\routes\post.route.ts:15:17)
    at new postRoute (C:\Users\diguo\Documents\feetflight\default\src\routes\post.route.ts:11:10)
    at Object.<anonymous> (C:\Users\diguo\Documents\feetflight\default\src\server.ts:10:75)
    at Module._compile (node:internal/modules/cjs/loader:1105:14)
    at Module.m._compile (C:\Users\diguo\Documents\feetflight\default\node_modules\ts-node\src\index.ts:1618:23)
    at Module._extensions..js (node:internal/modules/cjs/loader:1159:10)
    at Object.require.extensions.<computed> [as .ts] (C:\Users\diguo\Documents\feetflight\default\node_modules\ts-node\src\index.ts:1621:12)
    at Module.load (node:internal/modules/cjs/loader:981:32)
2023-03-05 18:27:11 error: uncaughtException: Route.get() requires a callback function but got a [object Undefined]
Error: Route.get() requires a callback function but got a [object Undefined]
    at Route.<computed> [as get] (C:\Users\diguo\Documents\feetflight\default\node_modules\express\lib\router\route.js:211:15)
    at Function.proto.<computed> [as get] (C:\Users\diguo\Documents\feetflight\default\node_modules\express\lib\router\index.js:521:19)
    at postRoute.initializeRoutes (C:\Users\diguo\Documents\feetflight\default\src\routes\post.route.ts:16:17)
    at new postRoute (C:\Users\diguo\Documents\feetflight\default\src\routes\post.route.ts:11:10)
    at Object.<anonymous> (C:\Users\diguo\Documents\feetflight\default\src\server.ts:10:75)
    at Module._compile (node:internal/modules/cjs/loader:1105:14)
    at Module.m._compile (C:\Users\diguo\Documents\feetflight\default\node_modules\ts-node\src\index.ts:1618:23)
    at Module._extensions..js (node:internal/modules/cjs/loader:1159:10)
    at Object.require.extensions.<computed> [as .ts] (C:\Users\diguo\Documents\feetflight\default\node_modules\ts-node\src\index.ts:1621:12)
    at Module.load (node:internal/modules/cjs/loader:981:32)
2023-03-05 18:28:47 error: uncaughtException: Route.get() requires a callback function but got a [object Undefined]
Error: Route.get() requires a callback function but got a [object Undefined]
    at Route.<computed> [as get] (C:\Users\diguo\Documents\feetflight\default\node_modules\express\lib\router\route.js:211:15)
    at Function.proto.<computed> [as get] (C:\Users\diguo\Documents\feetflight\default\node_modules\express\lib\router\index.js:521:19)
    at postRoute.initializeRoutes (C:\Users\diguo\Documents\feetflight\default\src\routes\post.route.ts:16:17)
    at new postRoute (C:\Users\diguo\Documents\feetflight\default\src\routes\post.route.ts:11:10)
    at Object.<anonymous> (C:\Users\diguo\Documents\feetflight\default\src\server.ts:10:75)
    at Module._compile (node:internal/modules/cjs/loader:1105:14)
    at Module.m._compile (C:\Users\diguo\Documents\feetflight\default\node_modules\ts-node\src\index.ts:1618:23)
    at Module._extensions..js (node:internal/modules/cjs/loader:1159:10)
    at Object.require.extensions.<computed> [as .ts] (C:\Users\diguo\Documents\feetflight\default\node_modules\ts-node\src\index.ts:1621:12)
    at Module.load (node:internal/modules/cjs/loader:981:32)
