2023-04-18 13:02:36 error: uncaughtException: Identifier 'subscriptionPlans' has already been declared
C:\Users\Devops3\Documents\Projects\feetflight\src\services\seller.service.ts:46
            const subscriptionPlans = await Promise.all(createdSubscriptionPlans);
                  ^

SyntaxError: Identifier 'subscriptionPlans' has already been declared
    at wrapSafe (internal/modules/cjs/loader.js:1001:16)
    at Module._compile (internal/modules/cjs/loader.js:1049:27)
    at Module.m._compile (C:\Users\Devops3\Documents\Projects\feetflight\node_modules\ts-node\src\index.ts:1618:23)
    at Module._extensions..js (internal/modules/cjs/loader.js:1114:10)
    at Object.require.extensions.<computed> [as .ts] (C:\Users\Devops3\Documents\Projects\feetflight\node_modules\ts-node\src\index.ts:1621:12)
    at Module.load (internal/modules/cjs/loader.js:950:32)
    at Function.Module._load (internal/modules/cjs/loader.js:790:12)
    at Module.require (internal/modules/cjs/loader.js:974:19)
    at require (internal/modules/cjs/helpers.js:101:18)
    at Object.<anonymous> (C:\Users\Devops3\Documents\Projects\feetflight\src\controllers\seller.controller.ts:2:1)
2023-04-18 13:02:41 error: uncaughtException: Identifier 'subscriptionPlans' has already been declared
C:\Users\Devops3\Documents\Projects\feetflight\src\services\seller.service.ts:46
            const subscriptionPlans = await Promise.all(createdSubscriptionPlans);
                  ^

SyntaxError: Identifier 'subscriptionPlans' has already been declared
    at wrapSafe (internal/modules/cjs/loader.js:1001:16)
    at Module._compile (internal/modules/cjs/loader.js:1049:27)
    at Module.m._compile (C:\Users\Devops3\Documents\Projects\feetflight\node_modules\ts-node\src\index.ts:1618:23)
    at Module._extensions..js (internal/modules/cjs/loader.js:1114:10)
    at Object.require.extensions.<computed> [as .ts] (C:\Users\Devops3\Documents\Projects\feetflight\node_modules\ts-node\src\index.ts:1621:12)
    at Module.load (internal/modules/cjs/loader.js:950:32)
    at Function.Module._load (internal/modules/cjs/loader.js:790:12)
    at Module.require (internal/modules/cjs/loader.js:974:19)
    at require (internal/modules/cjs/helpers.js:101:18)
    at Object.<anonymous> (C:\Users\Devops3\Documents\Projects\feetflight\src\controllers\seller.controller.ts:2:1)
2023-04-18 13:02:48 error: uncaughtException: тип Unable to compile TypeScript:
[96msrc/services/seller.service.ts[0m:[93m30[0m:[93m8[0m - [91merror[0m[90m TS1472: [0m'catch' or 'finally' expected.

[7m30[0m       });
[7m  [0m [91m       ~[0m
[96msrc/services/seller.service.ts[0m:[93m40[0m:[93m3[0m - [91merror[0m[90m TS1128: [0mDeclaration or statement expected.

[7m40[0m   public createSubscribePlan = async (subscriptionPlanPrice: string, subscriptionPlanTitle: string, userId: string) => {
[7m  [0m [91m  ~~~~~~[0m
[96msrc/services/seller.service.ts[0m:[93m61[0m:[93m1[0m - [91merror[0m[90m TS1128: [0mDeclaration or statement expected.

[7m61[0m }
[7m  [0m [91m~[0m

TSError: тип Unable to compile TypeScript:
[96msrc/services/seller.service.ts[0m:[93m30[0m:[93m8[0m - [91merror[0m[90m TS1472: [0m'catch' or 'finally' expected.

[7m30[0m       });
[7m  [0m [91m       ~[0m
[96msrc/services/seller.service.ts[0m:[93m40[0m:[93m3[0m - [91merror[0m[90m TS1128: [0mDeclaration or statement expected.

[7m40[0m   public createSubscribePlan = async (subscriptionPlanPrice: string, subscriptionPlanTitle: string, userId: string) => {
[7m  [0m [91m  ~~~~~~[0m
[96msrc/services/seller.service.ts[0m:[93m61[0m:[93m1[0m - [91merror[0m[90m TS1128: [0mDeclaration or statement expected.

[7m61[0m }
[7m  [0m [91m~[0m

    at createTSError (C:\Users\Devops3\Documents\Projects\feetflight\node_modules\ts-node\src\index.ts:859:12)
    at reportTSError (C:\Users\Devops3\Documents\Projects\feetflight\node_modules\ts-node\src\index.ts:863:19)
    at C:\Users\Devops3\Documents\Projects\feetflight\node_modules\ts-node\src\index.ts:1379:34
    at Object.compile (C:\Users\Devops3\Documents\Projects\feetflight\node_modules\ts-node\src\index.ts:1458:13)
    at Module.m._compile (C:\Users\Devops3\Documents\Projects\feetflight\node_modules\ts-node\src\index.ts:1617:30)
    at Module._extensions..js (internal/modules/cjs/loader.js:1114:10)
    at Object.require.extensions.<computed> [as .ts] (C:\Users\Devops3\Documents\Projects\feetflight\node_modules\ts-node\src\index.ts:1621:12)
    at Module.load (internal/modules/cjs/loader.js:950:32)
    at Function.Module._load (internal/modules/cjs/loader.js:790:12)
    at Module.require (internal/modules/cjs/loader.js:974:19)
2023-04-18 13:02:51 error: uncaughtException: тип Unable to compile TypeScript:
[96msrc/services/seller.service.ts[0m:[93m29[0m:[93m9[0m - [91merror[0m[90m TS1109: [0mExpression expected.

[7m29[0m         return this.createSubscribePlan(subscriptionPlan.subscriptionPlanPrice, subscriptionPlan.subscriptionPlanTitle, userId);
[7m  [0m [91m        ~~~~~~[0m
[96msrc/services/seller.service.ts[0m:[93m30[0m:[93m8[0m - [91merror[0m[90m TS1472: [0m'catch' or 'finally' expected.

[7m30[0m       });
[7m  [0m [91m       ~[0m
[96msrc/services/seller.service.ts[0m:[93m40[0m:[93m3[0m - [91merror[0m[90m TS1128: [0mDeclaration or statement expected.

[7m40[0m   public createSubscribePlan = async (subscriptionPlanPrice: string, subscriptionPlanTitle: string, userId: string) => {
[7m  [0m [91m  ~~~~~~[0m
[96msrc/services/seller.service.ts[0m:[93m61[0m:[93m1[0m - [91merror[0m[90m TS1128: [0mDeclaration or statement expected.

[7m61[0m }
[7m  [0m [91m~[0m

TSError: тип Unable to compile TypeScript:
[96msrc/services/seller.service.ts[0m:[93m29[0m:[93m9[0m - [91merror[0m[90m TS1109: [0mExpression expected.

[7m29[0m         return this.createSubscribePlan(subscriptionPlan.subscriptionPlanPrice, subscriptionPlan.subscriptionPlanTitle, userId);
[7m  [0m [91m        ~~~~~~[0m
[96msrc/services/seller.service.ts[0m:[93m30[0m:[93m8[0m - [91merror[0m[90m TS1472: [0m'catch' or 'finally' expected.

[7m30[0m       });
[7m  [0m [91m       ~[0m
[96msrc/services/seller.service.ts[0m:[93m40[0m:[93m3[0m - [91merror[0m[90m TS1128: [0mDeclaration or statement expected.

[7m40[0m   public createSubscribePlan = async (subscriptionPlanPrice: string, subscriptionPlanTitle: string, userId: string) => {
[7m  [0m [91m  ~~~~~~[0m
[96msrc/services/seller.service.ts[0m:[93m61[0m:[93m1[0m - [91merror[0m[90m TS1128: [0mDeclaration or statement expected.

[7m61[0m }
[7m  [0m [91m~[0m

    at createTSError (C:\Users\Devops3\Documents\Projects\feetflight\node_modules\ts-node\src\index.ts:859:12)
    at reportTSError (C:\Users\Devops3\Documents\Projects\feetflight\node_modules\ts-node\src\index.ts:863:19)
    at C:\Users\Devops3\Documents\Projects\feetflight\node_modules\ts-node\src\index.ts:1379:34
    at Object.compile (C:\Users\Devops3\Documents\Projects\feetflight\node_modules\ts-node\src\index.ts:1458:13)
    at Module.m._compile (C:\Users\Devops3\Documents\Projects\feetflight\node_modules\ts-node\src\index.ts:1617:30)
    at Module._extensions..js (internal/modules/cjs/loader.js:1114:10)
    at Object.require.extensions.<computed> [as .ts] (C:\Users\Devops3\Documents\Projects\feetflight\node_modules\ts-node\src\index.ts:1621:12)
    at Module.load (internal/modules/cjs/loader.js:950:32)
    at Function.Module._load (internal/modules/cjs/loader.js:790:12)
    at Module.require (internal/modules/cjs/loader.js:974:19)
2023-04-18 13:02:56 error: uncaughtException: тип Unable to compile TypeScript:
[96msrc/services/seller.service.ts[0m:[93m30[0m:[93m8[0m - [91merror[0m[90m TS1472: [0m'catch' or 'finally' expected.

[7m30[0m       });
[7m  [0m [91m       ~[0m
[96msrc/services/seller.service.ts[0m:[93m40[0m:[93m3[0m - [91merror[0m[90m TS1128: [0mDeclaration or statement expected.

[7m40[0m   public createSubscribePlan = async (subscriptionPlanPrice: string, subscriptionPlanTitle: string, userId: string) => {
[7m  [0m [91m  ~~~~~~[0m
[96msrc/services/seller.service.ts[0m:[93m61[0m:[93m1[0m - [91merror[0m[90m TS1128: [0mDeclaration or statement expected.

[7m61[0m }
[7m  [0m [91m~[0m

TSError: тип Unable to compile TypeScript:
[96msrc/services/seller.service.ts[0m:[93m30[0m:[93m8[0m - [91merror[0m[90m TS1472: [0m'catch' or 'finally' expected.

[7m30[0m       });
[7m  [0m [91m       ~[0m
[96msrc/services/seller.service.ts[0m:[93m40[0m:[93m3[0m - [91merror[0m[90m TS1128: [0mDeclaration or statement expected.

[7m40[0m   public createSubscribePlan = async (subscriptionPlanPrice: string, subscriptionPlanTitle: string, userId: string) => {
[7m  [0m [91m  ~~~~~~[0m
[96msrc/services/seller.service.ts[0m:[93m61[0m:[93m1[0m - [91merror[0m[90m TS1128: [0mDeclaration or statement expected.

[7m61[0m }
[7m  [0m [91m~[0m

    at createTSError (C:\Users\Devops3\Documents\Projects\feetflight\node_modules\ts-node\src\index.ts:859:12)
    at reportTSError (C:\Users\Devops3\Documents\Projects\feetflight\node_modules\ts-node\src\index.ts:863:19)
    at C:\Users\Devops3\Documents\Projects\feetflight\node_modules\ts-node\src\index.ts:1379:34
    at Object.compile (C:\Users\Devops3\Documents\Projects\feetflight\node_modules\ts-node\src\index.ts:1458:13)
    at Module.m._compile (C:\Users\Devops3\Documents\Projects\feetflight\node_modules\ts-node\src\index.ts:1617:30)
    at Module._extensions..js (internal/modules/cjs/loader.js:1114:10)
    at Object.require.extensions.<computed> [as .ts] (C:\Users\Devops3\Documents\Projects\feetflight\node_modules\ts-node\src\index.ts:1621:12)
    at Module.load (internal/modules/cjs/loader.js:950:32)
    at Function.Module._load (internal/modules/cjs/loader.js:790:12)
    at Module.require (internal/modules/cjs/loader.js:974:19)
2023-04-18 13:02:59 error: uncaughtException: Identifier 'subscriptionPlans' has already been declared
C:\Users\Devops3\Documents\Projects\feetflight\src\services\seller.service.ts:44
            const subscriptionPlans = await Promise.all(createdSubscriptionPlans);
                  ^

SyntaxError: Identifier 'subscriptionPlans' has already been declared
    at wrapSafe (internal/modules/cjs/loader.js:1001:16)
    at Module._compile (internal/modules/cjs/loader.js:1049:27)
    at Module.m._compile (C:\Users\Devops3\Documents\Projects\feetflight\node_modules\ts-node\src\index.ts:1618:23)
    at Module._extensions..js (internal/modules/cjs/loader.js:1114:10)
    at Object.require.extensions.<computed> [as .ts] (C:\Users\Devops3\Documents\Projects\feetflight\node_modules\ts-node\src\index.ts:1621:12)
    at Module.load (internal/modules/cjs/loader.js:950:32)
    at Function.Module._load (internal/modules/cjs/loader.js:790:12)
    at Module.require (internal/modules/cjs/loader.js:974:19)
    at require (internal/modules/cjs/helpers.js:101:18)
    at Object.<anonymous> (C:\Users\Devops3\Documents\Projects\feetflight\src\controllers\seller.controller.ts:2:1)
2023-04-18 13:03:02 error: uncaughtException: тип Unable to compile TypeScript:
[96msrc/services/seller.service.ts[0m:[93m30[0m:[93m7[0m - [91merror[0m[90m TS1109: [0mExpression expected.

[7m30[0m       const subscriptionPlans = await Promise.all(createdSubscriptionPlans);
[7m  [0m [91m      ~~~~~[0m

TSError: тип Unable to compile TypeScript:
[96msrc/services/seller.service.ts[0m:[93m30[0m:[93m7[0m - [91merror[0m[90m TS1109: [0mExpression expected.

[7m30[0m       const subscriptionPlans = await Promise.all(createdSubscriptionPlans);
[7m  [0m [91m      ~~~~~[0m

    at createTSError (C:\Users\Devops3\Documents\Projects\feetflight\node_modules\ts-node\src\index.ts:859:12)
    at reportTSError (C:\Users\Devops3\Documents\Projects\feetflight\node_modules\ts-node\src\index.ts:863:19)
    at C:\Users\Devops3\Documents\Projects\feetflight\node_modules\ts-node\src\index.ts:1379:34
    at Object.compile (C:\Users\Devops3\Documents\Projects\feetflight\node_modules\ts-node\src\index.ts:1458:13)
    at Module.m._compile (C:\Users\Devops3\Documents\Projects\feetflight\node_modules\ts-node\src\index.ts:1617:30)
    at Module._extensions..js (internal/modules/cjs/loader.js:1114:10)
    at Object.require.extensions.<computed> [as .ts] (C:\Users\Devops3\Documents\Projects\feetflight\node_modules\ts-node\src\index.ts:1621:12)
    at Module.load (internal/modules/cjs/loader.js:950:32)
    at Function.Module._load (internal/modules/cjs/loader.js:790:12)
    at Module.require (internal/modules/cjs/loader.js:974:19)
2023-04-18 13:03:11 error: uncaughtException: тип Unable to compile TypeScript:
[96msrc/services/seller.service.ts[0m:[93m28[0m:[93m33[0m - [91merror[0m[90m TS1109: [0mExpression expected.

[7m28[0m       const subscriptionPlans = const createSubscribePlansSession = initializeDbConnection().session();
[7m  [0m [91m                                ~~~~~[0m

TSError: тип Unable to compile TypeScript:
[96msrc/services/seller.service.ts[0m:[93m28[0m:[93m33[0m - [91merror[0m[90m TS1109: [0mExpression expected.

[7m28[0m       const subscriptionPlans = const createSubscribePlansSession = initializeDbConnection().session();
[7m  [0m [91m                                ~~~~~[0m

    at createTSError (C:\Users\Devops3\Documents\Projects\feetflight\node_modules\ts-node\src\index.ts:859:12)
    at reportTSError (C:\Users\Devops3\Documents\Projects\feetflight\node_modules\ts-node\src\index.ts:863:19)
    at C:\Users\Devops3\Documents\Projects\feetflight\node_modules\ts-node\src\index.ts:1379:34
    at Object.compile (C:\Users\Devops3\Documents\Projects\feetflight\node_modules\ts-node\src\index.ts:1458:13)
    at Module.m._compile (C:\Users\Devops3\Documents\Projects\feetflight\node_modules\ts-node\src\index.ts:1617:30)
    at Module._extensions..js (internal/modules/cjs/loader.js:1114:10)
    at Object.require.extensions.<computed> [as .ts] (C:\Users\Devops3\Documents\Projects\feetflight\node_modules\ts-node\src\index.ts:1621:12)
    at Module.load (internal/modules/cjs/loader.js:950:32)
    at Function.Module._load (internal/modules/cjs/loader.js:790:12)
    at Module.require (internal/modules/cjs/loader.js:974:19)
2023-04-18 13:03:17 error: uncaughtException: Identifier 'subscriptionPlans' has already been declared
C:\Users\Devops3\Documents\Projects\feetflight\src\services\seller.service.ts:44
            const subscriptionPlans = await Promise.all(createdSubscriptionPlans);
                  ^

SyntaxError: Identifier 'subscriptionPlans' has already been declared
    at wrapSafe (internal/modules/cjs/loader.js:1001:16)
    at Module._compile (internal/modules/cjs/loader.js:1049:27)
    at Module.m._compile (C:\Users\Devops3\Documents\Projects\feetflight\node_modules\ts-node\src\index.ts:1618:23)
    at Module._extensions..js (internal/modules/cjs/loader.js:1114:10)
    at Object.require.extensions.<computed> [as .ts] (C:\Users\Devops3\Documents\Projects\feetflight\node_modules\ts-node\src\index.ts:1621:12)
    at Module.load (internal/modules/cjs/loader.js:950:32)
    at Function.Module._load (internal/modules/cjs/loader.js:790:12)
    at Module.require (internal/modules/cjs/loader.js:974:19)
    at require (internal/modules/cjs/helpers.js:101:18)
    at Object.<anonymous> (C:\Users\Devops3\Documents\Projects\feetflight\src\controllers\seller.controller.ts:2:1)
2023-04-18 14:11:28 error: uncaughtException: тип Unable to compile TypeScript:
[96msrc/services/seller.service.ts[0m:[93m39[0m:[93m53[0m - [91merror[0m[90m TS1109: [0mExpression expected.

[7m39[0m       return subscriptionPlans.records.map(record =>=;
[7m  [0m [91m                                                    ~[0m
[96msrc/services/seller.service.ts[0m:[93m39[0m:[93m54[0m - [91merror[0m[90m TS1109: [0mExpression expected.

[7m39[0m       return subscriptionPlans.records.map(record =>=;
[7m  [0m [91m                                                     ~[0m

TSError: тип Unable to compile TypeScript:
[96msrc/services/seller.service.ts[0m:[93m39[0m:[93m53[0m - [91merror[0m[90m TS1109: [0mExpression expected.

[7m39[0m       return subscriptionPlans.records.map(record =>=;
[7m  [0m [91m                                                    ~[0m
[96msrc/services/seller.service.ts[0m:[93m39[0m:[93m54[0m - [91merror[0m[90m TS1109: [0mExpression expected.

[7m39[0m       return subscriptionPlans.records.map(record =>=;
[7m  [0m [91m                                                     ~[0m

    at createTSError (C:\Users\Devops3\Documents\Projects\feetflight\node_modules\ts-node\src\index.ts:859:12)
    at reportTSError (C:\Users\Devops3\Documents\Projects\feetflight\node_modules\ts-node\src\index.ts:863:19)
    at C:\Users\Devops3\Documents\Projects\feetflight\node_modules\ts-node\src\index.ts:1379:34
    at Object.compile (C:\Users\Devops3\Documents\Projects\feetflight\node_modules\ts-node\src\index.ts:1458:13)
    at Module.m._compile (C:\Users\Devops3\Documents\Projects\feetflight\node_modules\ts-node\src\index.ts:1617:30)
    at Module._extensions..js (internal/modules/cjs/loader.js:1114:10)
    at Object.require.extensions.<computed> [as .ts] (C:\Users\Devops3\Documents\Projects\feetflight\node_modules\ts-node\src\index.ts:1621:12)
    at Module.load (internal/modules/cjs/loader.js:950:32)
    at Function.Module._load (internal/modules/cjs/loader.js:790:12)
    at Module.require (internal/modules/cjs/loader.js:974:19)
2023-04-18 14:11:39 error: uncaughtException: тип Unable to compile TypeScript:
[96msrc/services/seller.service.ts[0m:[93m39[0m:[93m54[0m - [91merror[0m[90m TS1109: [0mExpression expected.

[7m39[0m       return subscriptionPlans.records.map(record => );
[7m  [0m [91m                                                     ~[0m

TSError: тип Unable to compile TypeScript:
[96msrc/services/seller.service.ts[0m:[93m39[0m:[93m54[0m - [91merror[0m[90m TS1109: [0mExpression expected.

[7m39[0m       return subscriptionPlans.records.map(record => );
[7m  [0m [91m                                                     ~[0m

    at createTSError (C:\Users\Devops3\Documents\Projects\feetflight\node_modules\ts-node\src\index.ts:859:12)
    at reportTSError (C:\Users\Devops3\Documents\Projects\feetflight\node_modules\ts-node\src\index.ts:863:19)
    at C:\Users\Devops3\Documents\Projects\feetflight\node_modules\ts-node\src\index.ts:1379:34
    at Object.compile (C:\Users\Devops3\Documents\Projects\feetflight\node_modules\ts-node\src\index.ts:1458:13)
    at Module.m._compile (C:\Users\Devops3\Documents\Projects\feetflight\node_modules\ts-node\src\index.ts:1617:30)
    at Module._extensions..js (internal/modules/cjs/loader.js:1114:10)
    at Object.require.extensions.<computed> [as .ts] (C:\Users\Devops3\Documents\Projects\feetflight\node_modules\ts-node\src\index.ts:1621:12)
    at Module.load (internal/modules/cjs/loader.js:950:32)
    at Function.Module._load (internal/modules/cjs/loader.js:790:12)
    at Module.require (internal/modules/cjs/loader.js:974:19)
2023-04-18 14:11:44 error: uncaughtException: тип Unable to compile TypeScript:
[96msrc/services/seller.service.ts[0m:[93m39[0m:[93m61[0m - [91merror[0m[90m TS1003: [0mIdentifier expected.

[7m39[0m       return subscriptionPlans.records.map(record => record.);
[7m  [0m [91m                                                            ~[0m

TSError: тип Unable to compile TypeScript:
[96msrc/services/seller.service.ts[0m:[93m39[0m:[93m61[0m - [91merror[0m[90m TS1003: [0mIdentifier expected.

[7m39[0m       return subscriptionPlans.records.map(record => record.);
[7m  [0m [91m                                                            ~[0m

    at createTSError (C:\Users\Devops3\Documents\Projects\feetflight\node_modules\ts-node\src\index.ts:859:12)
    at reportTSError (C:\Users\Devops3\Documents\Projects\feetflight\node_modules\ts-node\src\index.ts:863:19)
    at C:\Users\Devops3\Documents\Projects\feetflight\node_modules\ts-node\src\index.ts:1379:34
    at Object.compile (C:\Users\Devops3\Documents\Projects\feetflight\node_modules\ts-node\src\index.ts:1458:13)
    at Module.m._compile (C:\Users\Devops3\Documents\Projects\feetflight\node_modules\ts-node\src\index.ts:1617:30)
    at Module._extensions..js (internal/modules/cjs/loader.js:1114:10)
    at Object.require.extensions.<computed> [as .ts] (C:\Users\Devops3\Documents\Projects\feetflight\node_modules\ts-node\src\index.ts:1621:12)
    at Module.load (internal/modules/cjs/loader.js:950:32)
    at Function.Module._load (internal/modules/cjs/loader.js:790:12)
    at Module.require (internal/modules/cjs/loader.js:974:19)
2023-04-18 14:12:05 error: uncaughtException: тип Unable to compile TypeScript:
[96msrc/services/seller.service.ts[0m:[93m39[0m:[93m85[0m - [91merror[0m[90m TS1003: [0mIdentifier expected.

[7m39[0m       return subscriptionPlans.records.map(record => record.get("subscriptionPlan").);
[7m  [0m [91m                                                                                    ~[0m

TSError: тип Unable to compile TypeScript:
[96msrc/services/seller.service.ts[0m:[93m39[0m:[93m85[0m - [91merror[0m[90m TS1003: [0mIdentifier expected.

[7m39[0m       return subscriptionPlans.records.map(record => record.get("subscriptionPlan").);
[7m  [0m [91m                                                                                    ~[0m

    at createTSError (C:\Users\Devops3\Documents\Projects\feetflight\node_modules\ts-node\src\index.ts:859:12)
    at reportTSError (C:\Users\Devops3\Documents\Projects\feetflight\node_modules\ts-node\src\index.ts:863:19)
    at C:\Users\Devops3\Documents\Projects\feetflight\node_modules\ts-node\src\index.ts:1379:34
    at Object.compile (C:\Users\Devops3\Documents\Projects\feetflight\node_modules\ts-node\src\index.ts:1458:13)
    at Module.m._compile (C:\Users\Devops3\Documents\Projects\feetflight\node_modules\ts-node\src\index.ts:1617:30)
    at Module._extensions..js (internal/modules/cjs/loader.js:1114:10)
    at Object.require.extensions.<computed> [as .ts] (C:\Users\Devops3\Documents\Projects\feetflight\node_modules\ts-node\src\index.ts:1621:12)
    at Module.load (internal/modules/cjs/loader.js:950:32)
    at Function.Module._load (internal/modules/cjs/loader.js:790:12)
    at Module.require (internal/modules/cjs/loader.js:974:19)
2023-04-18 14:14:59 error: uncaughtException: Route.post() requires a callback function but got a [object Undefined]
Error: Route.post() requires a callback function but got a [object Undefined]
    at Route.<computed> [as post] (C:\Users\Devops3\Documents\Projects\feetflight\node_modules\express\lib\router\route.js:211:15)
    at Function.proto.<computed> [as post] (C:\Users\Devops3\Documents\Projects\feetflight\node_modules\express\lib\router\index.js:521:19)
    at UsersRoute.initializeRoutes (C:\Users\Devops3\Documents\Projects\feetflight\src\routes\users.route.ts:20:17)
    at new UsersRoute (C:\Users\Devops3\Documents\Projects\feetflight\src\routes\users.route.ts:13:10)
    at Object.<anonymous> (C:\Users\Devops3\Documents\Projects\feetflight\src\server.ts:12:40)
    at Module._compile (internal/modules/cjs/loader.js:1085:14)
    at Module.m._compile (C:\Users\Devops3\Documents\Projects\feetflight\node_modules\ts-node\src\index.ts:1618:23)
    at Module._extensions..js (internal/modules/cjs/loader.js:1114:10)
    at Object.require.extensions.<computed> [as .ts] (C:\Users\Devops3\Documents\Projects\feetflight\node_modules\ts-node\src\index.ts:1621:12)
    at Module.load (internal/modules/cjs/loader.js:950:32)
2023-04-18 14:15:14 error: uncaughtException: Route.post() requires a callback function but got a [object Undefined]
Error: Route.post() requires a callback function but got a [object Undefined]
    at Route.<computed> [as post] (C:\Users\Devops3\Documents\Projects\feetflight\node_modules\express\lib\router\route.js:211:15)
    at Function.proto.<computed> [as post] (C:\Users\Devops3\Documents\Projects\feetflight\node_modules\express\lib\router\index.js:521:19)
    at UsersRoute.initializeRoutes (C:\Users\Devops3\Documents\Projects\feetflight\src\routes\users.route.ts:20:17)
    at new UsersRoute (C:\Users\Devops3\Documents\Projects\feetflight\src\routes\users.route.ts:13:10)
    at Object.<anonymous> (C:\Users\Devops3\Documents\Projects\feetflight\src\server.ts:12:40)
    at Module._compile (internal/modules/cjs/loader.js:1085:14)
    at Module.m._compile (C:\Users\Devops3\Documents\Projects\feetflight\node_modules\ts-node\src\index.ts:1618:23)
    at Module._extensions..js (internal/modules/cjs/loader.js:1114:10)
    at Object.require.extensions.<computed> [as .ts] (C:\Users\Devops3\Documents\Projects\feetflight\node_modules\ts-node\src\index.ts:1621:12)
    at Module.load (internal/modules/cjs/loader.js:950:32)
2023-04-18 14:41:18 error: uncaughtException: тип Unable to compile TypeScript:
[96msrc/services/users.service.ts[0m:[93m157[0m:[93m12[0m - [91merror[0m[90m TS1134: [0mVariable declaration expected.

[7m157[0m     const  = initializeDbConnection().session();
[7m   [0m [91m           ~[0m
[96msrc/services/users.service.ts[0m:[93m157[0m:[93m36[0m - [91merror[0m[90m TS1005: [0m',' expected.

[7m157[0m     const  = initializeDbConnection().session();
[7m   [0m [91m                                   ~[0m
[96msrc/services/users.service.ts[0m:[93m157[0m:[93m37[0m - [91merror[0m[90m TS1109: [0mExpression expected.

[7m157[0m     const  = initializeDbConnection().session();
[7m   [0m [91m                                    ~[0m

TSError: тип Unable to compile TypeScript:
[96msrc/services/users.service.ts[0m:[93m157[0m:[93m12[0m - [91merror[0m[90m TS1134: [0mVariable declaration expected.

[7m157[0m     const  = initializeDbConnection().session();
[7m   [0m [91m           ~[0m
[96msrc/services/users.service.ts[0m:[93m157[0m:[93m36[0m - [91merror[0m[90m TS1005: [0m',' expected.

[7m157[0m     const  = initializeDbConnection().session();
[7m   [0m [91m                                   ~[0m
[96msrc/services/users.service.ts[0m:[93m157[0m:[93m37[0m - [91merror[0m[90m TS1109: [0mExpression expected.

[7m157[0m     const  = initializeDbConnection().session();
[7m   [0m [91m                                    ~[0m

    at createTSError (C:\Users\Devops3\Documents\Projects\feetflight\node_modules\ts-node\src\index.ts:859:12)
    at reportTSError (C:\Users\Devops3\Documents\Projects\feetflight\node_modules\ts-node\src\index.ts:863:19)
    at C:\Users\Devops3\Documents\Projects\feetflight\node_modules\ts-node\src\index.ts:1379:34
    at Object.compile (C:\Users\Devops3\Documents\Projects\feetflight\node_modules\ts-node\src\index.ts:1458:13)
    at Module.m._compile (C:\Users\Devops3\Documents\Projects\feetflight\node_modules\ts-node\src\index.ts:1617:30)
    at Module._extensions..js (internal/modules/cjs/loader.js:1114:10)
    at Object.require.extensions.<computed> [as .ts] (C:\Users\Devops3\Documents\Projects\feetflight\node_modules\ts-node\src\index.ts:1621:12)
    at Module.load (internal/modules/cjs/loader.js:950:32)
    at Function.Module._load (internal/modules/cjs/loader.js:790:12)
    at Module.require (internal/modules/cjs/loader.js:974:19)
2023-04-18 14:43:32 error: uncaughtException: тип Unable to compile TypeScript:
[96msrc/services/users.service.ts[0m:[93m161[0m:[93m5[0m - [91merror[0m[90m TS1003: [0mIdentifier expected.

[7m161[0m     } catch (error) {
[7m   [0m [91m    ~[0m

TSError: тип Unable to compile TypeScript:
[96msrc/services/users.service.ts[0m:[93m161[0m:[93m5[0m - [91merror[0m[90m TS1003: [0mIdentifier expected.

[7m161[0m     } catch (error) {
[7m   [0m [91m    ~[0m

    at createTSError (C:\Users\Devops3\Documents\Projects\feetflight\node_modules\ts-node\src\index.ts:859:12)
    at reportTSError (C:\Users\Devops3\Documents\Projects\feetflight\node_modules\ts-node\src\index.ts:863:19)
    at C:\Users\Devops3\Documents\Projects\feetflight\node_modules\ts-node\src\index.ts:1379:34
    at Object.compile (C:\Users\Devops3\Documents\Projects\feetflight\node_modules\ts-node\src\index.ts:1458:13)
    at Module.m._compile (C:\Users\Devops3\Documents\Projects\feetflight\node_modules\ts-node\src\index.ts:1617:30)
    at Module._extensions..js (internal/modules/cjs/loader.js:1114:10)
    at Object.require.extensions.<computed> [as .ts] (C:\Users\Devops3\Documents\Projects\feetflight\node_modules\ts-node\src\index.ts:1621:12)
    at Module.load (internal/modules/cjs/loader.js:950:32)
    at Function.Module._load (internal/modules/cjs/loader.js:790:12)
    at Module.require (internal/modules/cjs/loader.js:974:19)
2023-04-18 14:43:35 error: uncaughtException: тип Unable to compile TypeScript:
[96msrc/services/users.service.ts[0m:[93m161[0m:[93m5[0m - [91merror[0m[90m TS1003: [0mIdentifier expected.

[7m161[0m     } catch (error) {
[7m   [0m [91m    ~[0m

TSError: тип Unable to compile TypeScript:
[96msrc/services/users.service.ts[0m:[93m161[0m:[93m5[0m - [91merror[0m[90m TS1003: [0mIdentifier expected.

[7m161[0m     } catch (error) {
[7m   [0m [91m    ~[0m

    at createTSError (C:\Users\Devops3\Documents\Projects\feetflight\node_modules\ts-node\src\index.ts:859:12)
    at reportTSError (C:\Users\Devops3\Documents\Projects\feetflight\node_modules\ts-node\src\index.ts:863:19)
    at C:\Users\Devops3\Documents\Projects\feetflight\node_modules\ts-node\src\index.ts:1379:34
    at Object.compile (C:\Users\Devops3\Documents\Projects\feetflight\node_modules\ts-node\src\index.ts:1458:13)
    at Module.m._compile (C:\Users\Devops3\Documents\Projects\feetflight\node_modules\ts-node\src\index.ts:1617:30)
    at Module._extensions..js (internal/modules/cjs/loader.js:1114:10)
    at Object.require.extensions.<computed> [as .ts] (C:\Users\Devops3\Documents\Projects\feetflight\node_modules\ts-node\src\index.ts:1621:12)
    at Module.load (internal/modules/cjs/loader.js:950:32)
    at Function.Module._load (internal/modules/cjs/loader.js:790:12)
    at Module.require (internal/modules/cjs/loader.js:974:19)
2023-04-18 14:43:39 error: uncaughtException: тип Unable to compile TypeScript:
[96msrc/services/users.service.ts[0m:[93m160[0m:[93m7[0m - [91merror[0m[90m TS1434: [0mUnexpected keyword or identifier.

[7m160[0m       subscribed subscribeSession.
[7m   [0m [91m      ~~~~~~~~~~[0m
[96msrc/services/users.service.ts[0m:[93m161[0m:[93m5[0m - [91merror[0m[90m TS1003: [0mIdentifier expected.

[7m161[0m     } catch (error) {
[7m   [0m [91m    ~[0m

TSError: тип Unable to compile TypeScript:
[96msrc/services/users.service.ts[0m:[93m160[0m:[93m7[0m - [91merror[0m[90m TS1434: [0mUnexpected keyword or identifier.

[7m160[0m       subscribed subscribeSession.
[7m   [0m [91m      ~~~~~~~~~~[0m
[96msrc/services/users.service.ts[0m:[93m161[0m:[93m5[0m - [91merror[0m[90m TS1003: [0mIdentifier expected.

[7m161[0m     } catch (error) {
[7m   [0m [91m    ~[0m

    at createTSError (C:\Users\Devops3\Documents\Projects\feetflight\node_modules\ts-node\src\index.ts:859:12)
    at reportTSError (C:\Users\Devops3\Documents\Projects\feetflight\node_modules\ts-node\src\index.ts:863:19)
    at C:\Users\Devops3\Documents\Projects\feetflight\node_modules\ts-node\src\index.ts:1379:34
    at Object.compile (C:\Users\Devops3\Documents\Projects\feetflight\node_modules\ts-node\src\index.ts:1458:13)
    at Module.m._compile (C:\Users\Devops3\Documents\Projects\feetflight\node_modules\ts-node\src\index.ts:1617:30)
    at Module._extensions..js (internal/modules/cjs/loader.js:1114:10)
    at Object.require.extensions.<computed> [as .ts] (C:\Users\Devops3\Documents\Projects\feetflight\node_modules\ts-node\src\index.ts:1621:12)
    at Module.load (internal/modules/cjs/loader.js:950:32)
    at Function.Module._load (internal/modules/cjs/loader.js:790:12)
    at Module.require (internal/modules/cjs/loader.js:974:19)
2023-04-18 14:43:44 error: uncaughtException: тип Unable to compile TypeScript:
[96msrc/services/users.service.ts[0m:[93m160[0m:[93m26[0m - [91merror[0m[90m TS1005: [0m';' expected.

[7m160[0m       subscribed = awaot subscribeSession.
[7m   [0m [91m                         ~~~~~~~~~~~~~~~~[0m
[96msrc/services/users.service.ts[0m:[93m161[0m:[93m5[0m - [91merror[0m[90m TS1003: [0mIdentifier expected.

[7m161[0m     } catch (error) {
[7m   [0m [91m    ~[0m

TSError: тип Unable to compile TypeScript:
[96msrc/services/users.service.ts[0m:[93m160[0m:[93m26[0m - [91merror[0m[90m TS1005: [0m';' expected.

[7m160[0m       subscribed = awaot subscribeSession.
[7m   [0m [91m                         ~~~~~~~~~~~~~~~~[0m
[96msrc/services/users.service.ts[0m:[93m161[0m:[93m5[0m - [91merror[0m[90m TS1003: [0mIdentifier expected.

[7m161[0m     } catch (error) {
[7m   [0m [91m    ~[0m

    at createTSError (C:\Users\Devops3\Documents\Projects\feetflight\node_modules\ts-node\src\index.ts:859:12)
    at reportTSError (C:\Users\Devops3\Documents\Projects\feetflight\node_modules\ts-node\src\index.ts:863:19)
    at C:\Users\Devops3\Documents\Projects\feetflight\node_modules\ts-node\src\index.ts:1379:34
    at Object.compile (C:\Users\Devops3\Documents\Projects\feetflight\node_modules\ts-node\src\index.ts:1458:13)
    at Module.m._compile (C:\Users\Devops3\Documents\Projects\feetflight\node_modules\ts-node\src\index.ts:1617:30)
    at Module._extensions..js (internal/modules/cjs/loader.js:1114:10)
    at Object.require.extensions.<computed> [as .ts] (C:\Users\Devops3\Documents\Projects\feetflight\node_modules\ts-node\src\index.ts:1621:12)
    at Module.load (internal/modules/cjs/loader.js:950:32)
    at Function.Module._load (internal/modules/cjs/loader.js:790:12)
    at Module.require (internal/modules/cjs/loader.js:974:19)
2023-04-18 14:43:49 error: uncaughtException: тип Unable to compile TypeScript:
[96msrc/services/users.service.ts[0m:[93m161[0m:[93m5[0m - [91merror[0m[90m TS1003: [0mIdentifier expected.

[7m161[0m     } catch (error) {
[7m   [0m [91m    ~[0m

TSError: тип Unable to compile TypeScript:
[96msrc/services/users.service.ts[0m:[93m161[0m:[93m5[0m - [91merror[0m[90m TS1003: [0mIdentifier expected.

[7m161[0m     } catch (error) {
[7m   [0m [91m    ~[0m

    at createTSError (C:\Users\Devops3\Documents\Projects\feetflight\node_modules\ts-node\src\index.ts:859:12)
    at reportTSError (C:\Users\Devops3\Documents\Projects\feetflight\node_modules\ts-node\src\index.ts:863:19)
    at C:\Users\Devops3\Documents\Projects\feetflight\node_modules\ts-node\src\index.ts:1379:34
    at Object.compile (C:\Users\Devops3\Documents\Projects\feetflight\node_modules\ts-node\src\index.ts:1458:13)
    at Module.m._compile (C:\Users\Devops3\Documents\Projects\feetflight\node_modules\ts-node\src\index.ts:1617:30)
    at Module._extensions..js (internal/modules/cjs/loader.js:1114:10)
    at Object.require.extensions.<computed> [as .ts] (C:\Users\Devops3\Documents\Projects\feetflight\node_modules\ts-node\src\index.ts:1621:12)
    at Module.load (internal/modules/cjs/loader.js:950:32)
    at Function.Module._load (internal/modules/cjs/loader.js:790:12)
    at Module.require (internal/modules/cjs/loader.js:974:19)
2023-04-18 14:43:54 error: uncaughtException: тип Unable to compile TypeScript:
[96msrc/services/users.service.ts[0m:[93m161[0m:[93m5[0m - [91merror[0m[90m TS1003: [0mIdentifier expected.

[7m161[0m     } catch (error) {
[7m   [0m [91m    ~[0m

TSError: тип Unable to compile TypeScript:
[96msrc/services/users.service.ts[0m:[93m161[0m:[93m5[0m - [91merror[0m[90m TS1003: [0mIdentifier expected.

[7m161[0m     } catch (error) {
[7m   [0m [91m    ~[0m

    at createTSError (C:\Users\Devops3\Documents\Projects\feetflight\node_modules\ts-node\src\index.ts:859:12)
    at reportTSError (C:\Users\Devops3\Documents\Projects\feetflight\node_modules\ts-node\src\index.ts:863:19)
    at C:\Users\Devops3\Documents\Projects\feetflight\node_modules\ts-node\src\index.ts:1379:34
    at Object.compile (C:\Users\Devops3\Documents\Projects\feetflight\node_modules\ts-node\src\index.ts:1458:13)
    at Module.m._compile (C:\Users\Devops3\Documents\Projects\feetflight\node_modules\ts-node\src\index.ts:1617:30)
    at Module._extensions..js (internal/modules/cjs/loader.js:1114:10)
    at Object.require.extensions.<computed> [as .ts] (C:\Users\Devops3\Documents\Projects\feetflight\node_modules\ts-node\src\index.ts:1621:12)
    at Module.load (internal/modules/cjs/loader.js:950:32)
    at Function.Module._load (internal/modules/cjs/loader.js:790:12)
    at Module.require (internal/modules/cjs/loader.js:974:19)
2023-04-18 14:43:57 error: uncaughtException: тип Unable to compile TypeScript:
[96msrc/services/users.service.ts[0m:[93m161[0m:[93m5[0m - [91merror[0m[90m TS1003: [0mIdentifier expected.

[7m161[0m     } catch (error) {
[7m   [0m [91m    ~[0m

TSError: тип Unable to compile TypeScript:
[96msrc/services/users.service.ts[0m:[93m161[0m:[93m5[0m - [91merror[0m[90m TS1003: [0mIdentifier expected.

[7m161[0m     } catch (error) {
[7m   [0m [91m    ~[0m

    at createTSError (C:\Users\Devops3\Documents\Projects\feetflight\node_modules\ts-node\src\index.ts:859:12)
    at reportTSError (C:\Users\Devops3\Documents\Projects\feetflight\node_modules\ts-node\src\index.ts:863:19)
    at C:\Users\Devops3\Documents\Projects\feetflight\node_modules\ts-node\src\index.ts:1379:34
    at Object.compile (C:\Users\Devops3\Documents\Projects\feetflight\node_modules\ts-node\src\index.ts:1458:13)
    at Module.m._compile (C:\Users\Devops3\Documents\Projects\feetflight\node_modules\ts-node\src\index.ts:1617:30)
    at Module._extensions..js (internal/modules/cjs/loader.js:1114:10)
    at Object.require.extensions.<computed> [as .ts] (C:\Users\Devops3\Documents\Projects\feetflight\node_modules\ts-node\src\index.ts:1621:12)
    at Module.load (internal/modules/cjs/loader.js:950:32)
    at Function.Module._load (internal/modules/cjs/loader.js:790:12)
    at Module.require (internal/modules/cjs/loader.js:974:19)
2023-04-18 14:44:02 error: uncaughtException: тип Unable to compile TypeScript:
[96msrc/services/users.service.ts[0m:[93m161[0m:[93m5[0m - [91merror[0m[90m TS1003: [0mIdentifier expected.

[7m161[0m     } catch (error) {
[7m   [0m [91m    ~[0m

TSError: тип Unable to compile TypeScript:
[96msrc/services/users.service.ts[0m:[93m161[0m:[93m5[0m - [91merror[0m[90m TS1003: [0mIdentifier expected.

[7m161[0m     } catch (error) {
[7m   [0m [91m    ~[0m

    at createTSError (C:\Users\Devops3\Documents\Projects\feetflight\node_modules\ts-node\src\index.ts:859:12)
    at reportTSError (C:\Users\Devops3\Documents\Projects\feetflight\node_modules\ts-node\src\index.ts:863:19)
    at C:\Users\Devops3\Documents\Projects\feetflight\node_modules\ts-node\src\index.ts:1379:34
    at Object.compile (C:\Users\Devops3\Documents\Projects\feetflight\node_modules\ts-node\src\index.ts:1458:13)
    at Module.m._compile (C:\Users\Devops3\Documents\Projects\feetflight\node_modules\ts-node\src\index.ts:1617:30)
    at Module._extensions..js (internal/modules/cjs/loader.js:1114:10)
    at Object.require.extensions.<computed> [as .ts] (C:\Users\Devops3\Documents\Projects\feetflight\node_modules\ts-node\src\index.ts:1621:12)
    at Module.load (internal/modules/cjs/loader.js:950:32)
    at Function.Module._load (internal/modules/cjs/loader.js:790:12)
    at Module.require (internal/modules/cjs/loader.js:974:19)
2023-04-18 14:44:15 error: uncaughtException: тип Unable to compile TypeScript:
[96msrc/services/users.service.ts[0m:[93m160[0m:[93m72[0m - [91merror[0m[90m TS1109: [0mExpression expected.

[7m160[0m       const subscribed = await subscribeSession.writeTransaction(tx => )
[7m   [0m [91m                                                                       ~[0m

TSError: тип Unable to compile TypeScript:
[96msrc/services/users.service.ts[0m:[93m160[0m:[93m72[0m - [91merror[0m[90m TS1109: [0mExpression expected.

[7m160[0m       const subscribed = await subscribeSession.writeTransaction(tx => )
[7m   [0m [91m                                                                       ~[0m

    at createTSError (C:\Users\Devops3\Documents\Projects\feetflight\node_modules\ts-node\src\index.ts:859:12)
    at reportTSError (C:\Users\Devops3\Documents\Projects\feetflight\node_modules\ts-node\src\index.ts:863:19)
    at C:\Users\Devops3\Documents\Projects\feetflight\node_modules\ts-node\src\index.ts:1379:34
    at Object.compile (C:\Users\Devops3\Documents\Projects\feetflight\node_modules\ts-node\src\index.ts:1458:13)
    at Module.m._compile (C:\Users\Devops3\Documents\Projects\feetflight\node_modules\ts-node\src\index.ts:1617:30)
    at Module._extensions..js (internal/modules/cjs/loader.js:1114:10)
    at Object.require.extensions.<computed> [as .ts] (C:\Users\Devops3\Documents\Projects\feetflight\node_modules\ts-node\src\index.ts:1621:12)
    at Module.load (internal/modules/cjs/loader.js:950:32)
    at Function.Module._load (internal/modules/cjs/loader.js:790:12)
    at Module.require (internal/modules/cjs/loader.js:974:19)
2023-04-18 14:44:29 error: uncaughtException: тип Unable to compile TypeScript:
[96msrc/services/users.service.ts[0m:[93m161[0m:[93m22[0m - [91merror[0m[90m TS1109: [0mExpression expected.

[7m161[0m         tx.run(() => )
[7m   [0m [91m                     ~[0m

TSError: тип Unable to compile TypeScript:
[96msrc/services/users.service.ts[0m:[93m161[0m:[93m22[0m - [91merror[0m[90m TS1109: [0mExpression expected.

[7m161[0m         tx.run(() => )
[7m   [0m [91m                     ~[0m

    at createTSError (C:\Users\Devops3\Documents\Projects\feetflight\node_modules\ts-node\src\index.ts:859:12)
    at reportTSError (C:\Users\Devops3\Documents\Projects\feetflight\node_modules\ts-node\src\index.ts:863:19)
    at C:\Users\Devops3\Documents\Projects\feetflight\node_modules\ts-node\src\index.ts:1379:34
    at Object.compile (C:\Users\Devops3\Documents\Projects\feetflight\node_modules\ts-node\src\index.ts:1458:13)
    at Module.m._compile (C:\Users\Devops3\Documents\Projects\feetflight\node_modules\ts-node\src\index.ts:1617:30)
    at Module._extensions..js (internal/modules/cjs/loader.js:1114:10)
    at Object.require.extensions.<computed> [as .ts] (C:\Users\Devops3\Documents\Projects\feetflight\node_modules\ts-node\src\index.ts:1621:12)
    at Module.load (internal/modules/cjs/loader.js:950:32)
    at Function.Module._load (internal/modules/cjs/loader.js:790:12)
    at Module.require (internal/modules/cjs/loader.js:974:19)
2023-04-18 15:29:43 error: uncaughtException: тип Unable to compile TypeScript:
[96msrc/services/users.service.ts[0m:[93m160[0m:[93m10[0m - [91merror[0m[90m TS1109: [0mExpression expected.

[7m160[0m       if()
[7m   [0m [91m         ~[0m

TSError: тип Unable to compile TypeScript:
[96msrc/services/users.service.ts[0m:[93m160[0m:[93m10[0m - [91merror[0m[90m TS1109: [0mExpression expected.

[7m160[0m       if()
[7m   [0m [91m         ~[0m

    at createTSError (C:\Users\Devops3\Documents\Projects\feetflight\node_modules\ts-node\src\index.ts:859:12)
    at reportTSError (C:\Users\Devops3\Documents\Projects\feetflight\node_modules\ts-node\src\index.ts:863:19)
    at C:\Users\Devops3\Documents\Projects\feetflight\node_modules\ts-node\src\index.ts:1379:34
    at Object.compile (C:\Users\Devops3\Documents\Projects\feetflight\node_modules\ts-node\src\index.ts:1458:13)
    at Module.m._compile (C:\Users\Devops3\Documents\Projects\feetflight\node_modules\ts-node\src\index.ts:1617:30)
    at Module._extensions..js (internal/modules/cjs/loader.js:1114:10)
    at Object.require.extensions.<computed> [as .ts] (C:\Users\Devops3\Documents\Projects\feetflight\node_modules\ts-node\src\index.ts:1621:12)
    at Module.load (internal/modules/cjs/loader.js:950:32)
    at Function.Module._load (internal/modules/cjs/loader.js:790:12)
    at Module.require (internal/modules/cjs/loader.js:974:19)
2023-04-18 15:29:45 error: uncaughtException: Unexpected token 'const'
C:\Users\Devops3\Documents\Projects\feetflight\src\services\users.service.ts:41
                    const subscribed = await subscribeSession.writeTransaction(tx => {
                    ^^^^^

SyntaxError: Unexpected token 'const'
    at wrapSafe (internal/modules/cjs/loader.js:1001:16)
    at Module._compile (internal/modules/cjs/loader.js:1049:27)
    at Module.m._compile (C:\Users\Devops3\Documents\Projects\feetflight\node_modules\ts-node\src\index.ts:1618:23)
    at Module._extensions..js (internal/modules/cjs/loader.js:1114:10)
    at Object.require.extensions.<computed> [as .ts] (C:\Users\Devops3\Documents\Projects\feetflight\node_modules\ts-node\src\index.ts:1621:12)
    at Module.load (internal/modules/cjs/loader.js:950:32)
    at Function.Module._load (internal/modules/cjs/loader.js:790:12)
    at Module.require (internal/modules/cjs/loader.js:974:19)
    at require (internal/modules/cjs/helpers.js:101:18)
    at Object.<anonymous> (C:\Users\Devops3\Documents\Projects\feetflight\src\controllers\users.controller.ts:4:1)
2023-04-18 15:29:48 error: uncaughtException: тип Unable to compile TypeScript:
[96msrc/services/users.service.ts[0m:[93m160[0m:[93m10[0m - [91merror[0m[90m TS1109: [0mExpression expected.

[7m160[0m       if()
[7m   [0m [91m         ~[0m

TSError: тип Unable to compile TypeScript:
[96msrc/services/users.service.ts[0m:[93m160[0m:[93m10[0m - [91merror[0m[90m TS1109: [0mExpression expected.

[7m160[0m       if()
[7m   [0m [91m         ~[0m

    at createTSError (C:\Users\Devops3\Documents\Projects\feetflight\node_modules\ts-node\src\index.ts:859:12)
    at reportTSError (C:\Users\Devops3\Documents\Projects\feetflight\node_modules\ts-node\src\index.ts:863:19)
    at C:\Users\Devops3\Documents\Projects\feetflight\node_modules\ts-node\src\index.ts:1379:34
    at Object.compile (C:\Users\Devops3\Documents\Projects\feetflight\node_modules\ts-node\src\index.ts:1458:13)
    at Module.m._compile (C:\Users\Devops3\Documents\Projects\feetflight\node_modules\ts-node\src\index.ts:1617:30)
    at Module._extensions..js (internal/modules/cjs/loader.js:1114:10)
    at Object.require.extensions.<computed> [as .ts] (C:\Users\Devops3\Documents\Projects\feetflight\node_modules\ts-node\src\index.ts:1621:12)
    at Module.load (internal/modules/cjs/loader.js:950:32)
    at Function.Module._load (internal/modules/cjs/loader.js:790:12)
    at Module.require (internal/modules/cjs/loader.js:974:19)
2023-04-18 15:29:50 error: uncaughtException: тип Unable to compile TypeScript:
[96msrc/services/users.service.ts[0m:[93m161[0m:[93m10[0m - [91merror[0m[90m TS1109: [0mExpression expected.

[7m161[0m       if()
[7m   [0m [91m         ~[0m

TSError: тип Unable to compile TypeScript:
[96msrc/services/users.service.ts[0m:[93m161[0m:[93m10[0m - [91merror[0m[90m TS1109: [0mExpression expected.

[7m161[0m       if()
[7m   [0m [91m         ~[0m

    at createTSError (C:\Users\Devops3\Documents\Projects\feetflight\node_modules\ts-node\src\index.ts:859:12)
    at reportTSError (C:\Users\Devops3\Documents\Projects\feetflight\node_modules\ts-node\src\index.ts:863:19)
    at C:\Users\Devops3\Documents\Projects\feetflight\node_modules\ts-node\src\index.ts:1379:34
    at Object.compile (C:\Users\Devops3\Documents\Projects\feetflight\node_modules\ts-node\src\index.ts:1458:13)
    at Module.m._compile (C:\Users\Devops3\Documents\Projects\feetflight\node_modules\ts-node\src\index.ts:1617:30)
    at Module._extensions..js (internal/modules/cjs/loader.js:1114:10)
    at Object.require.extensions.<computed> [as .ts] (C:\Users\Devops3\Documents\Projects\feetflight\node_modules\ts-node\src\index.ts:1621:12)
    at Module.load (internal/modules/cjs/loader.js:950:32)
    at Function.Module._load (internal/modules/cjs/loader.js:790:12)
    at Module.require (internal/modules/cjs/loader.js:974:19)
2023-04-18 15:29:53 error: uncaughtException: тип Unable to compile TypeScript:
[96msrc/services/users.service.ts[0m:[93m161[0m:[93m10[0m - [91merror[0m[90m TS1109: [0mExpression expected.

[7m161[0m       if()
[7m   [0m [91m         ~[0m

TSError: тип Unable to compile TypeScript:
[96msrc/services/users.service.ts[0m:[93m161[0m:[93m10[0m - [91merror[0m[90m TS1109: [0mExpression expected.

[7m161[0m       if()
[7m   [0m [91m         ~[0m

    at createTSError (C:\Users\Devops3\Documents\Projects\feetflight\node_modules\ts-node\src\index.ts:859:12)
    at reportTSError (C:\Users\Devops3\Documents\Projects\feetflight\node_modules\ts-node\src\index.ts:863:19)
    at C:\Users\Devops3\Documents\Projects\feetflight\node_modules\ts-node\src\index.ts:1379:34
    at Object.compile (C:\Users\Devops3\Documents\Projects\feetflight\node_modules\ts-node\src\index.ts:1458:13)
    at Module.m._compile (C:\Users\Devops3\Documents\Projects\feetflight\node_modules\ts-node\src\index.ts:1617:30)
    at Module._extensions..js (internal/modules/cjs/loader.js:1114:10)
    at Object.require.extensions.<computed> [as .ts] (C:\Users\Devops3\Documents\Projects\feetflight\node_modules\ts-node\src\index.ts:1621:12)
    at Module.load (internal/modules/cjs/loader.js:950:32)
    at Function.Module._load (internal/modules/cjs/loader.js:790:12)
    at Module.require (internal/modules/cjs/loader.js:974:19)
2023-04-18 15:29:59 error: uncaughtException: тип Unable to compile TypeScript:
[96msrc/services/users.service.ts[0m:[93m161[0m:[93m10[0m - [91merror[0m[90m TS1109: [0mExpression expected.

[7m161[0m       if()
[7m   [0m [91m         ~[0m

TSError: тип Unable to compile TypeScript:
[96msrc/services/users.service.ts[0m:[93m161[0m:[93m10[0m - [91merror[0m[90m TS1109: [0mExpression expected.

[7m161[0m       if()
[7m   [0m [91m         ~[0m

    at createTSError (C:\Users\Devops3\Documents\Projects\feetflight\node_modules\ts-node\src\index.ts:859:12)
    at reportTSError (C:\Users\Devops3\Documents\Projects\feetflight\node_modules\ts-node\src\index.ts:863:19)
    at C:\Users\Devops3\Documents\Projects\feetflight\node_modules\ts-node\src\index.ts:1379:34
    at Object.compile (C:\Users\Devops3\Documents\Projects\feetflight\node_modules\ts-node\src\index.ts:1458:13)
    at Module.m._compile (C:\Users\Devops3\Documents\Projects\feetflight\node_modules\ts-node\src\index.ts:1617:30)
    at Module._extensions..js (internal/modules/cjs/loader.js:1114:10)
    at Object.require.extensions.<computed> [as .ts] (C:\Users\Devops3\Documents\Projects\feetflight\node_modules\ts-node\src\index.ts:1621:12)
    at Module.load (internal/modules/cjs/loader.js:950:32)
    at Function.Module._load (internal/modules/cjs/loader.js:790:12)
    at Module.require (internal/modules/cjs/loader.js:974:19)
2023-04-18 15:30:04 error: uncaughtException: тип Unable to compile TypeScript:
[96msrc/services/users.service.ts[0m:[93m161[0m:[93m7[0m - [91merror[0m[90m TS1109: [0mExpression expected.

[7m161[0m       if()
[7m   [0m [91m      ~~[0m
[96msrc/services/users.service.ts[0m:[93m161[0m:[93m10[0m - [91merror[0m[90m TS1109: [0mExpression expected.

[7m161[0m       if()
[7m   [0m [91m         ~[0m

TSError: тип Unable to compile TypeScript:
[96msrc/services/users.service.ts[0m:[93m161[0m:[93m7[0m - [91merror[0m[90m TS1109: [0mExpression expected.

[7m161[0m       if()
[7m   [0m [91m      ~~[0m
[96msrc/services/users.service.ts[0m:[93m161[0m:[93m10[0m - [91merror[0m[90m TS1109: [0mExpression expected.

[7m161[0m       if()
[7m   [0m [91m         ~[0m

    at createTSError (C:\Users\Devops3\Documents\Projects\feetflight\node_modules\ts-node\src\index.ts:859:12)
    at reportTSError (C:\Users\Devops3\Documents\Projects\feetflight\node_modules\ts-node\src\index.ts:863:19)
    at C:\Users\Devops3\Documents\Projects\feetflight\node_modules\ts-node\src\index.ts:1379:34
    at Object.compile (C:\Users\Devops3\Documents\Projects\feetflight\node_modules\ts-node\src\index.ts:1458:13)
    at Module.m._compile (C:\Users\Devops3\Documents\Projects\feetflight\node_modules\ts-node\src\index.ts:1617:30)
    at Module._extensions..js (internal/modules/cjs/loader.js:1114:10)
    at Object.require.extensions.<computed> [as .ts] (C:\Users\Devops3\Documents\Projects\feetflight\node_modules\ts-node\src\index.ts:1621:12)
    at Module.load (internal/modules/cjs/loader.js:950:32)
    at Function.Module._load (internal/modules/cjs/loader.js:790:12)
    at Module.require (internal/modules/cjs/loader.js:974:19)
2023-04-18 15:30:14 error: uncaughtException: тип Unable to compile TypeScript:
[96msrc/services/users.service.ts[0m:[93m161[0m:[93m10[0m - [91merror[0m[90m TS1109: [0mExpression expected.

[7m161[0m       if()
[7m   [0m [91m         ~[0m

TSError: тип Unable to compile TypeScript:
[96msrc/services/users.service.ts[0m:[93m161[0m:[93m10[0m - [91merror[0m[90m TS1109: [0mExpression expected.

[7m161[0m       if()
[7m   [0m [91m         ~[0m

    at createTSError (C:\Users\Devops3\Documents\Projects\feetflight\node_modules\ts-node\src\index.ts:859:12)
    at reportTSError (C:\Users\Devops3\Documents\Projects\feetflight\node_modules\ts-node\src\index.ts:863:19)
    at C:\Users\Devops3\Documents\Projects\feetflight\node_modules\ts-node\src\index.ts:1379:34
    at Object.compile (C:\Users\Devops3\Documents\Projects\feetflight\node_modules\ts-node\src\index.ts:1458:13)
    at Module.m._compile (C:\Users\Devops3\Documents\Projects\feetflight\node_modules\ts-node\src\index.ts:1617:30)
    at Module._extensions..js (internal/modules/cjs/loader.js:1114:10)
    at Object.require.extensions.<computed> [as .ts] (C:\Users\Devops3\Documents\Projects\feetflight\node_modules\ts-node\src\index.ts:1621:12)
    at Module.load (internal/modules/cjs/loader.js:950:32)
    at Function.Module._load (internal/modules/cjs/loader.js:790:12)
    at Module.require (internal/modules/cjs/loader.js:974:19)
2023-04-18 15:30:21 error: uncaughtException: тип Unable to compile TypeScript:
[96msrc/services/users.service.ts[0m:[93m161[0m:[93m10[0m - [91merror[0m[90m TS1109: [0mExpression expected.

[7m161[0m       if()
[7m   [0m [91m         ~[0m

TSError: тип Unable to compile TypeScript:
[96msrc/services/users.service.ts[0m:[93m161[0m:[93m10[0m - [91merror[0m[90m TS1109: [0mExpression expected.

[7m161[0m       if()
[7m   [0m [91m         ~[0m

    at createTSError (C:\Users\Devops3\Documents\Projects\feetflight\node_modules\ts-node\src\index.ts:859:12)
    at reportTSError (C:\Users\Devops3\Documents\Projects\feetflight\node_modules\ts-node\src\index.ts:863:19)
    at C:\Users\Devops3\Documents\Projects\feetflight\node_modules\ts-node\src\index.ts:1379:34
    at Object.compile (C:\Users\Devops3\Documents\Projects\feetflight\node_modules\ts-node\src\index.ts:1458:13)
    at Module.m._compile (C:\Users\Devops3\Documents\Projects\feetflight\node_modules\ts-node\src\index.ts:1617:30)
    at Module._extensions..js (internal/modules/cjs/loader.js:1114:10)
    at Object.require.extensions.<computed> [as .ts] (C:\Users\Devops3\Documents\Projects\feetflight\node_modules\ts-node\src\index.ts:1621:12)
    at Module.load (internal/modules/cjs/loader.js:950:32)
    at Function.Module._load (internal/modules/cjs/loader.js:790:12)
    at Module.require (internal/modules/cjs/loader.js:974:19)
2023-04-18 15:30:27 error: uncaughtException: тип Unable to compile TypeScript:
[96msrc/services/users.service.ts[0m:[93m161[0m:[93m10[0m - [91merror[0m[90m TS1109: [0mExpression expected.

[7m161[0m       if()
[7m   [0m [91m         ~[0m

TSError: тип Unable to compile TypeScript:
[96msrc/services/users.service.ts[0m:[93m161[0m:[93m10[0m - [91merror[0m[90m TS1109: [0mExpression expected.

[7m161[0m       if()
[7m   [0m [91m         ~[0m

    at createTSError (C:\Users\Devops3\Documents\Projects\feetflight\node_modules\ts-node\src\index.ts:859:12)
    at reportTSError (C:\Users\Devops3\Documents\Projects\feetflight\node_modules\ts-node\src\index.ts:863:19)
    at C:\Users\Devops3\Documents\Projects\feetflight\node_modules\ts-node\src\index.ts:1379:34
    at Object.compile (C:\Users\Devops3\Documents\Projects\feetflight\node_modules\ts-node\src\index.ts:1458:13)
    at Module.m._compile (C:\Users\Devops3\Documents\Projects\feetflight\node_modules\ts-node\src\index.ts:1617:30)
    at Module._extensions..js (internal/modules/cjs/loader.js:1114:10)
    at Object.require.extensions.<computed> [as .ts] (C:\Users\Devops3\Documents\Projects\feetflight\node_modules\ts-node\src\index.ts:1621:12)
    at Module.load (internal/modules/cjs/loader.js:950:32)
    at Function.Module._load (internal/modules/cjs/loader.js:790:12)
    at Module.require (internal/modules/cjs/loader.js:974:19)
2023-04-18 15:30:33 error: uncaughtException: тип Unable to compile TypeScript:
[96msrc/services/users.service.ts[0m:[93m161[0m:[93m10[0m - [91merror[0m[90m TS1109: [0mExpression expected.

[7m161[0m       if()
[7m   [0m [91m         ~[0m

TSError: тип Unable to compile TypeScript:
[96msrc/services/users.service.ts[0m:[93m161[0m:[93m10[0m - [91merror[0m[90m TS1109: [0mExpression expected.

[7m161[0m       if()
[7m   [0m [91m         ~[0m

    at createTSError (C:\Users\Devops3\Documents\Projects\feetflight\node_modules\ts-node\src\index.ts:859:12)
    at reportTSError (C:\Users\Devops3\Documents\Projects\feetflight\node_modules\ts-node\src\index.ts:863:19)
    at C:\Users\Devops3\Documents\Projects\feetflight\node_modules\ts-node\src\index.ts:1379:34
    at Object.compile (C:\Users\Devops3\Documents\Projects\feetflight\node_modules\ts-node\src\index.ts:1458:13)
    at Module.m._compile (C:\Users\Devops3\Documents\Projects\feetflight\node_modules\ts-node\src\index.ts:1617:30)
    at Module._extensions..js (internal/modules/cjs/loader.js:1114:10)
    at Object.require.extensions.<computed> [as .ts] (C:\Users\Devops3\Documents\Projects\feetflight\node_modules\ts-node\src\index.ts:1621:12)
    at Module.load (internal/modules/cjs/loader.js:950:32)
    at Function.Module._load (internal/modules/cjs/loader.js:790:12)
    at Module.require (internal/modules/cjs/loader.js:974:19)
2023-04-18 15:30:35 error: uncaughtException: тип Unable to compile TypeScript:
[96msrc/services/users.service.ts[0m:[93m161[0m:[93m10[0m - [91merror[0m[90m TS1109: [0mExpression expected.

[7m161[0m       if()
[7m   [0m [91m         ~[0m

TSError: тип Unable to compile TypeScript:
[96msrc/services/users.service.ts[0m:[93m161[0m:[93m10[0m - [91merror[0m[90m TS1109: [0mExpression expected.

[7m161[0m       if()
[7m   [0m [91m         ~[0m

    at createTSError (C:\Users\Devops3\Documents\Projects\feetflight\node_modules\ts-node\src\index.ts:859:12)
    at reportTSError (C:\Users\Devops3\Documents\Projects\feetflight\node_modules\ts-node\src\index.ts:863:19)
    at C:\Users\Devops3\Documents\Projects\feetflight\node_modules\ts-node\src\index.ts:1379:34
    at Object.compile (C:\Users\Devops3\Documents\Projects\feetflight\node_modules\ts-node\src\index.ts:1458:13)
    at Module.m._compile (C:\Users\Devops3\Documents\Projects\feetflight\node_modules\ts-node\src\index.ts:1617:30)
    at Module._extensions..js (internal/modules/cjs/loader.js:1114:10)
    at Object.require.extensions.<computed> [as .ts] (C:\Users\Devops3\Documents\Projects\feetflight\node_modules\ts-node\src\index.ts:1621:12)
    at Module.load (internal/modules/cjs/loader.js:950:32)
    at Function.Module._load (internal/modules/cjs/loader.js:790:12)
    at Module.require (internal/modules/cjs/loader.js:974:19)
2023-04-18 15:30:37 error: uncaughtException: тип Unable to compile TypeScript:
[96msrc/services/users.service.ts[0m:[93m161[0m:[93m10[0m - [91merror[0m[90m TS1109: [0mExpression expected.

[7m161[0m       if()
[7m   [0m [91m         ~[0m

TSError: тип Unable to compile TypeScript:
[96msrc/services/users.service.ts[0m:[93m161[0m:[93m10[0m - [91merror[0m[90m TS1109: [0mExpression expected.

[7m161[0m       if()
[7m   [0m [91m         ~[0m

    at createTSError (C:\Users\Devops3\Documents\Projects\feetflight\node_modules\ts-node\src\index.ts:859:12)
    at reportTSError (C:\Users\Devops3\Documents\Projects\feetflight\node_modules\ts-node\src\index.ts:863:19)
    at C:\Users\Devops3\Documents\Projects\feetflight\node_modules\ts-node\src\index.ts:1379:34
    at Object.compile (C:\Users\Devops3\Documents\Projects\feetflight\node_modules\ts-node\src\index.ts:1458:13)
    at Module.m._compile (C:\Users\Devops3\Documents\Projects\feetflight\node_modules\ts-node\src\index.ts:1617:30)
    at Module._extensions..js (internal/modules/cjs/loader.js:1114:10)
    at Object.require.extensions.<computed> [as .ts] (C:\Users\Devops3\Documents\Projects\feetflight\node_modules\ts-node\src\index.ts:1621:12)
    at Module.load (internal/modules/cjs/loader.js:950:32)
    at Function.Module._load (internal/modules/cjs/loader.js:790:12)
    at Module.require (internal/modules/cjs/loader.js:974:19)
2023-04-18 15:32:01 error: uncaughtException: тип Unable to compile TypeScript:
[96msrc/services/users.service.ts[0m:[93m161[0m:[93m10[0m - [91merror[0m[90m TS1109: [0mExpression expected.

[7m161[0m       if()
[7m   [0m [91m         ~[0m

TSError: тип Unable to compile TypeScript:
[96msrc/services/users.service.ts[0m:[93m161[0m:[93m10[0m - [91merror[0m[90m TS1109: [0mExpression expected.

[7m161[0m       if()
[7m   [0m [91m         ~[0m

    at createTSError (C:\Users\Devops3\Documents\Projects\feetflight\node_modules\ts-node\src\index.ts:859:12)
    at reportTSError (C:\Users\Devops3\Documents\Projects\feetflight\node_modules\ts-node\src\index.ts:863:19)
    at C:\Users\Devops3\Documents\Projects\feetflight\node_modules\ts-node\src\index.ts:1379:34
    at Object.compile (C:\Users\Devops3\Documents\Projects\feetflight\node_modules\ts-node\src\index.ts:1458:13)
    at Module.m._compile (C:\Users\Devops3\Documents\Projects\feetflight\node_modules\ts-node\src\index.ts:1617:30)
    at Module._extensions..js (internal/modules/cjs/loader.js:1114:10)
    at Object.require.extensions.<computed> [as .ts] (C:\Users\Devops3\Documents\Projects\feetflight\node_modules\ts-node\src\index.ts:1621:12)
    at Module.load (internal/modules/cjs/loader.js:950:32)
    at Function.Module._load (internal/modules/cjs/loader.js:790:12)
    at Module.require (internal/modules/cjs/loader.js:974:19)
2023-04-18 15:32:05 error: uncaughtException: тип Unable to compile TypeScript:
[96msrc/services/users.service.ts[0m:[93m161[0m:[93m10[0m - [91merror[0m[90m TS1109: [0mExpression expected.

[7m161[0m       if()
[7m   [0m [91m         ~[0m

TSError: тип Unable to compile TypeScript:
[96msrc/services/users.service.ts[0m:[93m161[0m:[93m10[0m - [91merror[0m[90m TS1109: [0mExpression expected.

[7m161[0m       if()
[7m   [0m [91m         ~[0m

    at createTSError (C:\Users\Devops3\Documents\Projects\feetflight\node_modules\ts-node\src\index.ts:859:12)
    at reportTSError (C:\Users\Devops3\Documents\Projects\feetflight\node_modules\ts-node\src\index.ts:863:19)
    at C:\Users\Devops3\Documents\Projects\feetflight\node_modules\ts-node\src\index.ts:1379:34
    at Object.compile (C:\Users\Devops3\Documents\Projects\feetflight\node_modules\ts-node\src\index.ts:1458:13)
    at Module.m._compile (C:\Users\Devops3\Documents\Projects\feetflight\node_modules\ts-node\src\index.ts:1617:30)
    at Module._extensions..js (internal/modules/cjs/loader.js:1114:10)
    at Object.require.extensions.<computed> [as .ts] (C:\Users\Devops3\Documents\Projects\feetflight\node_modules\ts-node\src\index.ts:1621:12)
    at Module.load (internal/modules/cjs/loader.js:950:32)
    at Function.Module._load (internal/modules/cjs/loader.js:790:12)
    at Module.require (internal/modules/cjs/loader.js:974:19)
2023-04-18 15:32:08 error: uncaughtException: тип Unable to compile TypeScript:
[96msrc/services/users.service.ts[0m:[93m161[0m:[93m10[0m - [91merror[0m[90m TS1109: [0mExpression expected.

[7m161[0m       if()
[7m   [0m [91m         ~[0m

TSError: тип Unable to compile TypeScript:
[96msrc/services/users.service.ts[0m:[93m161[0m:[93m10[0m - [91merror[0m[90m TS1109: [0mExpression expected.

[7m161[0m       if()
[7m   [0m [91m         ~[0m

    at createTSError (C:\Users\Devops3\Documents\Projects\feetflight\node_modules\ts-node\src\index.ts:859:12)
    at reportTSError (C:\Users\Devops3\Documents\Projects\feetflight\node_modules\ts-node\src\index.ts:863:19)
    at C:\Users\Devops3\Documents\Projects\feetflight\node_modules\ts-node\src\index.ts:1379:34
    at Object.compile (C:\Users\Devops3\Documents\Projects\feetflight\node_modules\ts-node\src\index.ts:1458:13)
    at Module.m._compile (C:\Users\Devops3\Documents\Projects\feetflight\node_modules\ts-node\src\index.ts:1617:30)
    at Module._extensions..js (internal/modules/cjs/loader.js:1114:10)
    at Object.require.extensions.<computed> [as .ts] (C:\Users\Devops3\Documents\Projects\feetflight\node_modules\ts-node\src\index.ts:1621:12)
    at Module.load (internal/modules/cjs/loader.js:950:32)
    at Function.Module._load (internal/modules/cjs/loader.js:790:12)
    at Module.require (internal/modules/cjs/loader.js:974:19)
2023-04-18 15:32:13 error: uncaughtException: тип Unable to compile TypeScript:
[96msrc/services/users.service.ts[0m:[93m161[0m:[93m10[0m - [91merror[0m[90m TS1109: [0mExpression expected.

[7m161[0m       if()
[7m   [0m [91m         ~[0m

TSError: тип Unable to compile TypeScript:
[96msrc/services/users.service.ts[0m:[93m161[0m:[93m10[0m - [91merror[0m[90m TS1109: [0mExpression expected.

[7m161[0m       if()
[7m   [0m [91m         ~[0m

    at createTSError (C:\Users\Devops3\Documents\Projects\feetflight\node_modules\ts-node\src\index.ts:859:12)
    at reportTSError (C:\Users\Devops3\Documents\Projects\feetflight\node_modules\ts-node\src\index.ts:863:19)
    at C:\Users\Devops3\Documents\Projects\feetflight\node_modules\ts-node\src\index.ts:1379:34
    at Object.compile (C:\Users\Devops3\Documents\Projects\feetflight\node_modules\ts-node\src\index.ts:1458:13)
    at Module.m._compile (C:\Users\Devops3\Documents\Projects\feetflight\node_modules\ts-node\src\index.ts:1617:30)
    at Module._extensions..js (internal/modules/cjs/loader.js:1114:10)
    at Object.require.extensions.<computed> [as .ts] (C:\Users\Devops3\Documents\Projects\feetflight\node_modules\ts-node\src\index.ts:1621:12)
    at Module.load (internal/modules/cjs/loader.js:950:32)
    at Function.Module._load (internal/modules/cjs/loader.js:790:12)
    at Module.require (internal/modules/cjs/loader.js:974:19)
2023-04-18 15:32:17 error: uncaughtException: тип Unable to compile TypeScript:
[96msrc/services/users.service.ts[0m:[93m161[0m:[93m10[0m - [91merror[0m[90m TS1109: [0mExpression expected.

[7m161[0m       if()
[7m   [0m [91m         ~[0m

TSError: тип Unable to compile TypeScript:
[96msrc/services/users.service.ts[0m:[93m161[0m:[93m10[0m - [91merror[0m[90m TS1109: [0mExpression expected.

[7m161[0m       if()
[7m   [0m [91m         ~[0m

    at createTSError (C:\Users\Devops3\Documents\Projects\feetflight\node_modules\ts-node\src\index.ts:859:12)
    at reportTSError (C:\Users\Devops3\Documents\Projects\feetflight\node_modules\ts-node\src\index.ts:863:19)
    at C:\Users\Devops3\Documents\Projects\feetflight\node_modules\ts-node\src\index.ts:1379:34
    at Object.compile (C:\Users\Devops3\Documents\Projects\feetflight\node_modules\ts-node\src\index.ts:1458:13)
    at Module.m._compile (C:\Users\Devops3\Documents\Projects\feetflight\node_modules\ts-node\src\index.ts:1617:30)
    at Module._extensions..js (internal/modules/cjs/loader.js:1114:10)
    at Object.require.extensions.<computed> [as .ts] (C:\Users\Devops3\Documents\Projects\feetflight\node_modules\ts-node\src\index.ts:1621:12)
    at Module.load (internal/modules/cjs/loader.js:950:32)
    at Function.Module._load (internal/modules/cjs/loader.js:790:12)
    at Module.require (internal/modules/cjs/loader.js:974:19)
2023-04-18 15:33:10 error: uncaughtException: тип Unable to compile TypeScript:
[96msrc/services/users.service.ts[0m:[93m161[0m:[93m10[0m - [91merror[0m[90m TS1109: [0mExpression expected.

[7m161[0m       if()
[7m   [0m [91m         ~[0m

TSError: тип Unable to compile TypeScript:
[96msrc/services/users.service.ts[0m:[93m161[0m:[93m10[0m - [91merror[0m[90m TS1109: [0mExpression expected.

[7m161[0m       if()
[7m   [0m [91m         ~[0m

    at createTSError (C:\Users\Devops3\Documents\Projects\feetflight\node_modules\ts-node\src\index.ts:859:12)
    at reportTSError (C:\Users\Devops3\Documents\Projects\feetflight\node_modules\ts-node\src\index.ts:863:19)
    at C:\Users\Devops3\Documents\Projects\feetflight\node_modules\ts-node\src\index.ts:1379:34
    at Object.compile (C:\Users\Devops3\Documents\Projects\feetflight\node_modules\ts-node\src\index.ts:1458:13)
    at Module.m._compile (C:\Users\Devops3\Documents\Projects\feetflight\node_modules\ts-node\src\index.ts:1617:30)
    at Module._extensions..js (internal/modules/cjs/loader.js:1114:10)
    at Object.require.extensions.<computed> [as .ts] (C:\Users\Devops3\Documents\Projects\feetflight\node_modules\ts-node\src\index.ts:1621:12)
    at Module.load (internal/modules/cjs/loader.js:950:32)
    at Function.Module._load (internal/modules/cjs/loader.js:790:12)
    at Module.require (internal/modules/cjs/loader.js:974:19)
2023-04-18 15:33:15 error: uncaughtException: тип Unable to compile TypeScript:
[96msrc/services/users.service.ts[0m:[93m161[0m:[93m10[0m - [91merror[0m[90m TS1109: [0mExpression expected.

[7m161[0m       if()
[7m   [0m [91m         ~[0m

TSError: тип Unable to compile TypeScript:
[96msrc/services/users.service.ts[0m:[93m161[0m:[93m10[0m - [91merror[0m[90m TS1109: [0mExpression expected.

[7m161[0m       if()
[7m   [0m [91m         ~[0m

    at createTSError (C:\Users\Devops3\Documents\Projects\feetflight\node_modules\ts-node\src\index.ts:859:12)
    at reportTSError (C:\Users\Devops3\Documents\Projects\feetflight\node_modules\ts-node\src\index.ts:863:19)
    at C:\Users\Devops3\Documents\Projects\feetflight\node_modules\ts-node\src\index.ts:1379:34
    at Object.compile (C:\Users\Devops3\Documents\Projects\feetflight\node_modules\ts-node\src\index.ts:1458:13)
    at Module.m._compile (C:\Users\Devops3\Documents\Projects\feetflight\node_modules\ts-node\src\index.ts:1617:30)
    at Module._extensions..js (internal/modules/cjs/loader.js:1114:10)
    at Object.require.extensions.<computed> [as .ts] (C:\Users\Devops3\Documents\Projects\feetflight\node_modules\ts-node\src\index.ts:1621:12)
    at Module.load (internal/modules/cjs/loader.js:950:32)
    at Function.Module._load (internal/modules/cjs/loader.js:790:12)
    at Module.require (internal/modules/cjs/loader.js:974:19)
2023-04-18 15:33:30 error: uncaughtException: тип Unable to compile TypeScript:
[96msrc/services/users.service.ts[0m:[93m161[0m:[93m10[0m - [91merror[0m[90m TS1109: [0mExpression expected.

[7m161[0m       if()
[7m   [0m [91m         ~[0m

TSError: тип Unable to compile TypeScript:
[96msrc/services/users.service.ts[0m:[93m161[0m:[93m10[0m - [91merror[0m[90m TS1109: [0mExpression expected.

[7m161[0m       if()
[7m   [0m [91m         ~[0m

    at createTSError (C:\Users\Devops3\Documents\Projects\feetflight\node_modules\ts-node\src\index.ts:859:12)
    at reportTSError (C:\Users\Devops3\Documents\Projects\feetflight\node_modules\ts-node\src\index.ts:863:19)
    at C:\Users\Devops3\Documents\Projects\feetflight\node_modules\ts-node\src\index.ts:1379:34
    at Object.compile (C:\Users\Devops3\Documents\Projects\feetflight\node_modules\ts-node\src\index.ts:1458:13)
    at Module.m._compile (C:\Users\Devops3\Documents\Projects\feetflight\node_modules\ts-node\src\index.ts:1617:30)
    at Module._extensions..js (internal/modules/cjs/loader.js:1114:10)
    at Object.require.extensions.<computed> [as .ts] (C:\Users\Devops3\Documents\Projects\feetflight\node_modules\ts-node\src\index.ts:1621:12)
    at Module.load (internal/modules/cjs/loader.js:950:32)
    at Function.Module._load (internal/modules/cjs/loader.js:790:12)
    at Module.require (internal/modules/cjs/loader.js:974:19)
2023-04-18 15:33:55 error: uncaughtException: тип Unable to compile TypeScript:
[96msrc/services/users.service.ts[0m:[93m161[0m:[93m10[0m - [91merror[0m[90m TS1109: [0mExpression expected.

[7m161[0m       if()
[7m   [0m [91m         ~[0m

TSError: тип Unable to compile TypeScript:
[96msrc/services/users.service.ts[0m:[93m161[0m:[93m10[0m - [91merror[0m[90m TS1109: [0mExpression expected.

[7m161[0m       if()
[7m   [0m [91m         ~[0m

    at createTSError (C:\Users\Devops3\Documents\Projects\feetflight\node_modules\ts-node\src\index.ts:859:12)
    at reportTSError (C:\Users\Devops3\Documents\Projects\feetflight\node_modules\ts-node\src\index.ts:863:19)
    at C:\Users\Devops3\Documents\Projects\feetflight\node_modules\ts-node\src\index.ts:1379:34
    at Object.compile (C:\Users\Devops3\Documents\Projects\feetflight\node_modules\ts-node\src\index.ts:1458:13)
    at Module.m._compile (C:\Users\Devops3\Documents\Projects\feetflight\node_modules\ts-node\src\index.ts:1617:30)
    at Module._extensions..js (internal/modules/cjs/loader.js:1114:10)
    at Object.require.extensions.<computed> [as .ts] (C:\Users\Devops3\Documents\Projects\feetflight\node_modules\ts-node\src\index.ts:1621:12)
    at Module.load (internal/modules/cjs/loader.js:950:32)
    at Function.Module._load (internal/modules/cjs/loader.js:790:12)
    at Module.require (internal/modules/cjs/loader.js:974:19)
2023-04-18 15:34:01 error: uncaughtException: тип Unable to compile TypeScript:
[96msrc/services/users.service.ts[0m:[93m161[0m:[93m10[0m - [91merror[0m[90m TS1109: [0mExpression expected.

[7m161[0m       if()
[7m   [0m [91m         ~[0m

TSError: тип Unable to compile TypeScript:
[96msrc/services/users.service.ts[0m:[93m161[0m:[93m10[0m - [91merror[0m[90m TS1109: [0mExpression expected.

[7m161[0m       if()
[7m   [0m [91m         ~[0m

    at createTSError (C:\Users\Devops3\Documents\Projects\feetflight\node_modules\ts-node\src\index.ts:859:12)
    at reportTSError (C:\Users\Devops3\Documents\Projects\feetflight\node_modules\ts-node\src\index.ts:863:19)
    at C:\Users\Devops3\Documents\Projects\feetflight\node_modules\ts-node\src\index.ts:1379:34
    at Object.compile (C:\Users\Devops3\Documents\Projects\feetflight\node_modules\ts-node\src\index.ts:1458:13)
    at Module.m._compile (C:\Users\Devops3\Documents\Projects\feetflight\node_modules\ts-node\src\index.ts:1617:30)
    at Module._extensions..js (internal/modules/cjs/loader.js:1114:10)
    at Object.require.extensions.<computed> [as .ts] (C:\Users\Devops3\Documents\Projects\feetflight\node_modules\ts-node\src\index.ts:1621:12)
    at Module.load (internal/modules/cjs/loader.js:950:32)
    at Function.Module._load (internal/modules/cjs/loader.js:790:12)
    at Module.require (internal/modules/cjs/loader.js:974:19)
2023-04-18 15:34:04 error: uncaughtException: тип Unable to compile TypeScript:
[96msrc/services/users.service.ts[0m:[93m161[0m:[93m10[0m - [91merror[0m[90m TS1109: [0mExpression expected.

[7m161[0m       if()
[7m   [0m [91m         ~[0m

TSError: тип Unable to compile TypeScript:
[96msrc/services/users.service.ts[0m:[93m161[0m:[93m10[0m - [91merror[0m[90m TS1109: [0mExpression expected.

[7m161[0m       if()
[7m   [0m [91m         ~[0m

    at createTSError (C:\Users\Devops3\Documents\Projects\feetflight\node_modules\ts-node\src\index.ts:859:12)
    at reportTSError (C:\Users\Devops3\Documents\Projects\feetflight\node_modules\ts-node\src\index.ts:863:19)
    at C:\Users\Devops3\Documents\Projects\feetflight\node_modules\ts-node\src\index.ts:1379:34
    at Object.compile (C:\Users\Devops3\Documents\Projects\feetflight\node_modules\ts-node\src\index.ts:1458:13)
    at Module.m._compile (C:\Users\Devops3\Documents\Projects\feetflight\node_modules\ts-node\src\index.ts:1617:30)
    at Module._extensions..js (internal/modules/cjs/loader.js:1114:10)
    at Object.require.extensions.<computed> [as .ts] (C:\Users\Devops3\Documents\Projects\feetflight\node_modules\ts-node\src\index.ts:1621:12)
    at Module.load (internal/modules/cjs/loader.js:950:32)
    at Function.Module._load (internal/modules/cjs/loader.js:790:12)
    at Module.require (internal/modules/cjs/loader.js:974:19)
2023-04-18 15:34:07 error: uncaughtException: тип Unable to compile TypeScript:
[96msrc/services/users.service.ts[0m:[93m161[0m:[93m10[0m - [91merror[0m[90m TS1109: [0mExpression expected.

[7m161[0m       if()
[7m   [0m [91m         ~[0m

TSError: тип Unable to compile TypeScript:
[96msrc/services/users.service.ts[0m:[93m161[0m:[93m10[0m - [91merror[0m[90m TS1109: [0mExpression expected.

[7m161[0m       if()
[7m   [0m [91m         ~[0m

    at createTSError (C:\Users\Devops3\Documents\Projects\feetflight\node_modules\ts-node\src\index.ts:859:12)
    at reportTSError (C:\Users\Devops3\Documents\Projects\feetflight\node_modules\ts-node\src\index.ts:863:19)
    at C:\Users\Devops3\Documents\Projects\feetflight\node_modules\ts-node\src\index.ts:1379:34
    at Object.compile (C:\Users\Devops3\Documents\Projects\feetflight\node_modules\ts-node\src\index.ts:1458:13)
    at Module.m._compile (C:\Users\Devops3\Documents\Projects\feetflight\node_modules\ts-node\src\index.ts:1617:30)
    at Module._extensions..js (internal/modules/cjs/loader.js:1114:10)
    at Object.require.extensions.<computed> [as .ts] (C:\Users\Devops3\Documents\Projects\feetflight\node_modules\ts-node\src\index.ts:1621:12)
    at Module.load (internal/modules/cjs/loader.js:950:32)
    at Function.Module._load (internal/modules/cjs/loader.js:790:12)
    at Module.require (internal/modules/cjs/loader.js:974:19)
2023-04-18 15:34:10 error: uncaughtException: тип Unable to compile TypeScript:
[96msrc/services/users.service.ts[0m:[93m161[0m:[93m10[0m - [91merror[0m[90m TS1109: [0mExpression expected.

[7m161[0m       if()
[7m   [0m [91m         ~[0m

TSError: тип Unable to compile TypeScript:
[96msrc/services/users.service.ts[0m:[93m161[0m:[93m10[0m - [91merror[0m[90m TS1109: [0mExpression expected.

[7m161[0m       if()
[7m   [0m [91m         ~[0m

    at createTSError (C:\Users\Devops3\Documents\Projects\feetflight\node_modules\ts-node\src\index.ts:859:12)
    at reportTSError (C:\Users\Devops3\Documents\Projects\feetflight\node_modules\ts-node\src\index.ts:863:19)
    at C:\Users\Devops3\Documents\Projects\feetflight\node_modules\ts-node\src\index.ts:1379:34
    at Object.compile (C:\Users\Devops3\Documents\Projects\feetflight\node_modules\ts-node\src\index.ts:1458:13)
    at Module.m._compile (C:\Users\Devops3\Documents\Projects\feetflight\node_modules\ts-node\src\index.ts:1617:30)
    at Module._extensions..js (internal/modules/cjs/loader.js:1114:10)
    at Object.require.extensions.<computed> [as .ts] (C:\Users\Devops3\Documents\Projects\feetflight\node_modules\ts-node\src\index.ts:1621:12)
    at Module.load (internal/modules/cjs/loader.js:950:32)
    at Function.Module._load (internal/modules/cjs/loader.js:790:12)
    at Module.require (internal/modules/cjs/loader.js:974:19)
2023-04-18 15:34:17 error: uncaughtException: тип Unable to compile TypeScript:
[96msrc/services/users.service.ts[0m:[93m161[0m:[93m10[0m - [91merror[0m[90m TS1109: [0mExpression expected.

[7m161[0m       if()
[7m   [0m [91m         ~[0m

TSError: тип Unable to compile TypeScript:
[96msrc/services/users.service.ts[0m:[93m161[0m:[93m10[0m - [91merror[0m[90m TS1109: [0mExpression expected.

[7m161[0m       if()
[7m   [0m [91m         ~[0m

    at createTSError (C:\Users\Devops3\Documents\Projects\feetflight\node_modules\ts-node\src\index.ts:859:12)
    at reportTSError (C:\Users\Devops3\Documents\Projects\feetflight\node_modules\ts-node\src\index.ts:863:19)
    at C:\Users\Devops3\Documents\Projects\feetflight\node_modules\ts-node\src\index.ts:1379:34
    at Object.compile (C:\Users\Devops3\Documents\Projects\feetflight\node_modules\ts-node\src\index.ts:1458:13)
    at Module.m._compile (C:\Users\Devops3\Documents\Projects\feetflight\node_modules\ts-node\src\index.ts:1617:30)
    at Module._extensions..js (internal/modules/cjs/loader.js:1114:10)
    at Object.require.extensions.<computed> [as .ts] (C:\Users\Devops3\Documents\Projects\feetflight\node_modules\ts-node\src\index.ts:1621:12)
    at Module.load (internal/modules/cjs/loader.js:950:32)
    at Function.Module._load (internal/modules/cjs/loader.js:790:12)
    at Module.require (internal/modules/cjs/loader.js:974:19)
2023-04-18 15:34:31 error: uncaughtException: тип Unable to compile TypeScript:
[96msrc/services/users.service.ts[0m:[93m161[0m:[93m10[0m - [91merror[0m[90m TS1109: [0mExpression expected.

[7m161[0m       if()
[7m   [0m [91m         ~[0m

TSError: тип Unable to compile TypeScript:
[96msrc/services/users.service.ts[0m:[93m161[0m:[93m10[0m - [91merror[0m[90m TS1109: [0mExpression expected.

[7m161[0m       if()
[7m   [0m [91m         ~[0m

    at createTSError (C:\Users\Devops3\Documents\Projects\feetflight\node_modules\ts-node\src\index.ts:859:12)
    at reportTSError (C:\Users\Devops3\Documents\Projects\feetflight\node_modules\ts-node\src\index.ts:863:19)
    at C:\Users\Devops3\Documents\Projects\feetflight\node_modules\ts-node\src\index.ts:1379:34
    at Object.compile (C:\Users\Devops3\Documents\Projects\feetflight\node_modules\ts-node\src\index.ts:1458:13)
    at Module.m._compile (C:\Users\Devops3\Documents\Projects\feetflight\node_modules\ts-node\src\index.ts:1617:30)
    at Module._extensions..js (internal/modules/cjs/loader.js:1114:10)
    at Object.require.extensions.<computed> [as .ts] (C:\Users\Devops3\Documents\Projects\feetflight\node_modules\ts-node\src\index.ts:1621:12)
    at Module.load (internal/modules/cjs/loader.js:950:32)
    at Function.Module._load (internal/modules/cjs/loader.js:790:12)
    at Module.require (internal/modules/cjs/loader.js:974:19)
2023-04-18 15:34:41 error: uncaughtException: тип Unable to compile TypeScript:
[96msrc/services/users.service.ts[0m:[93m161[0m:[93m10[0m - [91merror[0m[90m TS1109: [0mExpression expected.

[7m161[0m       if()
[7m   [0m [91m         ~[0m

TSError: тип Unable to compile TypeScript:
[96msrc/services/users.service.ts[0m:[93m161[0m:[93m10[0m - [91merror[0m[90m TS1109: [0mExpression expected.

[7m161[0m       if()
[7m   [0m [91m         ~[0m

    at createTSError (C:\Users\Devops3\Documents\Projects\feetflight\node_modules\ts-node\src\index.ts:859:12)
    at reportTSError (C:\Users\Devops3\Documents\Projects\feetflight\node_modules\ts-node\src\index.ts:863:19)
    at C:\Users\Devops3\Documents\Projects\feetflight\node_modules\ts-node\src\index.ts:1379:34
    at Object.compile (C:\Users\Devops3\Documents\Projects\feetflight\node_modules\ts-node\src\index.ts:1458:13)
    at Module.m._compile (C:\Users\Devops3\Documents\Projects\feetflight\node_modules\ts-node\src\index.ts:1617:30)
    at Module._extensions..js (internal/modules/cjs/loader.js:1114:10)
    at Object.require.extensions.<computed> [as .ts] (C:\Users\Devops3\Documents\Projects\feetflight\node_modules\ts-node\src\index.ts:1621:12)
    at Module.load (internal/modules/cjs/loader.js:950:32)
    at Function.Module._load (internal/modules/cjs/loader.js:790:12)
    at Module.require (internal/modules/cjs/loader.js:974:19)
2023-04-18 15:34:43 error: uncaughtException: тип Unable to compile TypeScript:
[96msrc/services/users.service.ts[0m:[93m161[0m:[93m10[0m - [91merror[0m[90m TS1109: [0mExpression expected.

[7m161[0m       if()
[7m   [0m [91m         ~[0m

TSError: тип Unable to compile TypeScript:
[96msrc/services/users.service.ts[0m:[93m161[0m:[93m10[0m - [91merror[0m[90m TS1109: [0mExpression expected.

[7m161[0m       if()
[7m   [0m [91m         ~[0m

    at createTSError (C:\Users\Devops3\Documents\Projects\feetflight\node_modules\ts-node\src\index.ts:859:12)
    at reportTSError (C:\Users\Devops3\Documents\Projects\feetflight\node_modules\ts-node\src\index.ts:863:19)
    at C:\Users\Devops3\Documents\Projects\feetflight\node_modules\ts-node\src\index.ts:1379:34
    at Object.compile (C:\Users\Devops3\Documents\Projects\feetflight\node_modules\ts-node\src\index.ts:1458:13)
    at Module.m._compile (C:\Users\Devops3\Documents\Projects\feetflight\node_modules\ts-node\src\index.ts:1617:30)
    at Module._extensions..js (internal/modules/cjs/loader.js:1114:10)
    at Object.require.extensions.<computed> [as .ts] (C:\Users\Devops3\Documents\Projects\feetflight\node_modules\ts-node\src\index.ts:1621:12)
    at Module.load (internal/modules/cjs/loader.js:950:32)
    at Function.Module._load (internal/modules/cjs/loader.js:790:12)
    at Module.require (internal/modules/cjs/loader.js:974:19)
2023-04-18 15:35:20 error: uncaughtException: тип Unable to compile TypeScript:
[96msrc/services/users.service.ts[0m:[93m161[0m:[93m10[0m - [91merror[0m[90m TS1109: [0mExpression expected.

[7m161[0m       if()
[7m   [0m [91m         ~[0m

TSError: тип Unable to compile TypeScript:
[96msrc/services/users.service.ts[0m:[93m161[0m:[93m10[0m - [91merror[0m[90m TS1109: [0mExpression expected.

[7m161[0m       if()
[7m   [0m [91m         ~[0m

    at createTSError (C:\Users\Devops3\Documents\Projects\feetflight\node_modules\ts-node\src\index.ts:859:12)
    at reportTSError (C:\Users\Devops3\Documents\Projects\feetflight\node_modules\ts-node\src\index.ts:863:19)
    at C:\Users\Devops3\Documents\Projects\feetflight\node_modules\ts-node\src\index.ts:1379:34
    at Object.compile (C:\Users\Devops3\Documents\Projects\feetflight\node_modules\ts-node\src\index.ts:1458:13)
    at Module.m._compile (C:\Users\Devops3\Documents\Projects\feetflight\node_modules\ts-node\src\index.ts:1617:30)
    at Module._extensions..js (internal/modules/cjs/loader.js:1114:10)
    at Object.require.extensions.<computed> [as .ts] (C:\Users\Devops3\Documents\Projects\feetflight\node_modules\ts-node\src\index.ts:1621:12)
    at Module.load (internal/modules/cjs/loader.js:950:32)
    at Function.Module._load (internal/modules/cjs/loader.js:790:12)
    at Module.require (internal/modules/cjs/loader.js:974:19)
2023-04-18 15:35:25 error: uncaughtException: тип Unable to compile TypeScript:
[96msrc/services/users.service.ts[0m:[93m161[0m:[93m10[0m - [91merror[0m[90m TS1109: [0mExpression expected.

[7m161[0m       if()
[7m   [0m [91m         ~[0m

TSError: тип Unable to compile TypeScript:
[96msrc/services/users.service.ts[0m:[93m161[0m:[93m10[0m - [91merror[0m[90m TS1109: [0mExpression expected.

[7m161[0m       if()
[7m   [0m [91m         ~[0m

    at createTSError (C:\Users\Devops3\Documents\Projects\feetflight\node_modules\ts-node\src\index.ts:859:12)
    at reportTSError (C:\Users\Devops3\Documents\Projects\feetflight\node_modules\ts-node\src\index.ts:863:19)
    at C:\Users\Devops3\Documents\Projects\feetflight\node_modules\ts-node\src\index.ts:1379:34
    at Object.compile (C:\Users\Devops3\Documents\Projects\feetflight\node_modules\ts-node\src\index.ts:1458:13)
    at Module.m._compile (C:\Users\Devops3\Documents\Projects\feetflight\node_modules\ts-node\src\index.ts:1617:30)
    at Module._extensions..js (internal/modules/cjs/loader.js:1114:10)
    at Object.require.extensions.<computed> [as .ts] (C:\Users\Devops3\Documents\Projects\feetflight\node_modules\ts-node\src\index.ts:1621:12)
    at Module.load (internal/modules/cjs/loader.js:950:32)
    at Function.Module._load (internal/modules/cjs/loader.js:790:12)
    at Module.require (internal/modules/cjs/loader.js:974:19)
2023-04-18 15:35:31 error: uncaughtException: тип Unable to compile TypeScript:
[96msrc/services/users.service.ts[0m:[93m161[0m:[93m10[0m - [91merror[0m[90m TS1109: [0mExpression expected.

[7m161[0m       if()
[7m   [0m [91m         ~[0m

TSError: тип Unable to compile TypeScript:
[96msrc/services/users.service.ts[0m:[93m161[0m:[93m10[0m - [91merror[0m[90m TS1109: [0mExpression expected.

[7m161[0m       if()
[7m   [0m [91m         ~[0m

    at createTSError (C:\Users\Devops3\Documents\Projects\feetflight\node_modules\ts-node\src\index.ts:859:12)
    at reportTSError (C:\Users\Devops3\Documents\Projects\feetflight\node_modules\ts-node\src\index.ts:863:19)
    at C:\Users\Devops3\Documents\Projects\feetflight\node_modules\ts-node\src\index.ts:1379:34
    at Object.compile (C:\Users\Devops3\Documents\Projects\feetflight\node_modules\ts-node\src\index.ts:1458:13)
    at Module.m._compile (C:\Users\Devops3\Documents\Projects\feetflight\node_modules\ts-node\src\index.ts:1617:30)
    at Module._extensions..js (internal/modules/cjs/loader.js:1114:10)
    at Object.require.extensions.<computed> [as .ts] (C:\Users\Devops3\Documents\Projects\feetflight\node_modules\ts-node\src\index.ts:1621:12)
    at Module.load (internal/modules/cjs/loader.js:950:32)
    at Function.Module._load (internal/modules/cjs/loader.js:790:12)
    at Module.require (internal/modules/cjs/loader.js:974:19)
2023-04-18 15:35:40 error: uncaughtException: тип Unable to compile TypeScript:
[96msrc/services/users.service.ts[0m:[93m161[0m:[93m10[0m - [91merror[0m[90m TS1109: [0mExpression expected.

[7m161[0m       if()
[7m   [0m [91m         ~[0m

TSError: тип Unable to compile TypeScript:
[96msrc/services/users.service.ts[0m:[93m161[0m:[93m10[0m - [91merror[0m[90m TS1109: [0mExpression expected.

[7m161[0m       if()
[7m   [0m [91m         ~[0m

    at createTSError (C:\Users\Devops3\Documents\Projects\feetflight\node_modules\ts-node\src\index.ts:859:12)
    at reportTSError (C:\Users\Devops3\Documents\Projects\feetflight\node_modules\ts-node\src\index.ts:863:19)
    at C:\Users\Devops3\Documents\Projects\feetflight\node_modules\ts-node\src\index.ts:1379:34
    at Object.compile (C:\Users\Devops3\Documents\Projects\feetflight\node_modules\ts-node\src\index.ts:1458:13)
    at Module.m._compile (C:\Users\Devops3\Documents\Projects\feetflight\node_modules\ts-node\src\index.ts:1617:30)
    at Module._extensions..js (internal/modules/cjs/loader.js:1114:10)
    at Object.require.extensions.<computed> [as .ts] (C:\Users\Devops3\Documents\Projects\feetflight\node_modules\ts-node\src\index.ts:1621:12)
    at Module.load (internal/modules/cjs/loader.js:950:32)
    at Function.Module._load (internal/modules/cjs/loader.js:790:12)
    at Module.require (internal/modules/cjs/loader.js:974:19)
2023-04-18 15:35:43 error: uncaughtException: тип Unable to compile TypeScript:
[96msrc/services/users.service.ts[0m:[93m161[0m:[93m10[0m - [91merror[0m[90m TS1109: [0mExpression expected.

[7m161[0m       if()
[7m   [0m [91m         ~[0m

TSError: тип Unable to compile TypeScript:
[96msrc/services/users.service.ts[0m:[93m161[0m:[93m10[0m - [91merror[0m[90m TS1109: [0mExpression expected.

[7m161[0m       if()
[7m   [0m [91m         ~[0m

    at createTSError (C:\Users\Devops3\Documents\Projects\feetflight\node_modules\ts-node\src\index.ts:859:12)
    at reportTSError (C:\Users\Devops3\Documents\Projects\feetflight\node_modules\ts-node\src\index.ts:863:19)
    at C:\Users\Devops3\Documents\Projects\feetflight\node_modules\ts-node\src\index.ts:1379:34
    at Object.compile (C:\Users\Devops3\Documents\Projects\feetflight\node_modules\ts-node\src\index.ts:1458:13)
    at Module.m._compile (C:\Users\Devops3\Documents\Projects\feetflight\node_modules\ts-node\src\index.ts:1617:30)
    at Module._extensions..js (internal/modules/cjs/loader.js:1114:10)
    at Object.require.extensions.<computed> [as .ts] (C:\Users\Devops3\Documents\Projects\feetflight\node_modules\ts-node\src\index.ts:1621:12)
    at Module.load (internal/modules/cjs/loader.js:950:32)
    at Function.Module._load (internal/modules/cjs/loader.js:790:12)
    at Module.require (internal/modules/cjs/loader.js:974:19)
2023-04-18 15:36:10 error: uncaughtException: Unexpected token 'const'
C:\Users\Devops3\Documents\Projects\feetflight\src\services\users.service.ts:42
                    const subscribed = await subscribeSession.writeTransaction(tx => {
                    ^^^^^

SyntaxError: Unexpected token 'const'
    at wrapSafe (internal/modules/cjs/loader.js:1001:16)
    at Module._compile (internal/modules/cjs/loader.js:1049:27)
    at Module.m._compile (C:\Users\Devops3\Documents\Projects\feetflight\node_modules\ts-node\src\index.ts:1618:23)
    at Module._extensions..js (internal/modules/cjs/loader.js:1114:10)
    at Object.require.extensions.<computed> [as .ts] (C:\Users\Devops3\Documents\Projects\feetflight\node_modules\ts-node\src\index.ts:1621:12)
    at Module.load (internal/modules/cjs/loader.js:950:32)
    at Function.Module._load (internal/modules/cjs/loader.js:790:12)
    at Module.require (internal/modules/cjs/loader.js:974:19)
    at require (internal/modules/cjs/helpers.js:101:18)
    at Object.<anonymous> (C:\Users\Devops3\Documents\Projects\feetflight\src\controllers\users.controller.ts:4:1)
2023-04-18 15:36:26 error: uncaughtException: Unexpected token 'const'
C:\Users\Devops3\Documents\Projects\feetflight\src\services\users.service.ts:42
                    const subscribed = await subscribeSession.writeTransaction(tx => {
                    ^^^^^

SyntaxError: Unexpected token 'const'
    at wrapSafe (internal/modules/cjs/loader.js:1001:16)
    at Module._compile (internal/modules/cjs/loader.js:1049:27)
    at Module.m._compile (C:\Users\Devops3\Documents\Projects\feetflight\node_modules\ts-node\src\index.ts:1618:23)
    at Module._extensions..js (internal/modules/cjs/loader.js:1114:10)
    at Object.require.extensions.<computed> [as .ts] (C:\Users\Devops3\Documents\Projects\feetflight\node_modules\ts-node\src\index.ts:1621:12)
    at Module.load (internal/modules/cjs/loader.js:950:32)
    at Function.Module._load (internal/modules/cjs/loader.js:790:12)
    at Module.require (internal/modules/cjs/loader.js:974:19)
    at require (internal/modules/cjs/helpers.js:101:18)
    at Object.<anonymous> (C:\Users\Devops3\Documents\Projects\feetflight\src\controllers\users.controller.ts:4:1)
2023-04-18 15:36:40 error: uncaughtException: Unexpected token 'const'
C:\Users\Devops3\Documents\Projects\feetflight\src\services\users.service.ts:42
                    const subscribed = await subscribeSession.writeTransaction(tx => {
                    ^^^^^

SyntaxError: Unexpected token 'const'
    at wrapSafe (internal/modules/cjs/loader.js:1001:16)
    at Module._compile (internal/modules/cjs/loader.js:1049:27)
    at Module.m._compile (C:\Users\Devops3\Documents\Projects\feetflight\node_modules\ts-node\src\index.ts:1618:23)
    at Module._extensions..js (internal/modules/cjs/loader.js:1114:10)
    at Object.require.extensions.<computed> [as .ts] (C:\Users\Devops3\Documents\Projects\feetflight\node_modules\ts-node\src\index.ts:1621:12)
    at Module.load (internal/modules/cjs/loader.js:950:32)
    at Function.Module._load (internal/modules/cjs/loader.js:790:12)
    at Module.require (internal/modules/cjs/loader.js:974:19)
    at require (internal/modules/cjs/helpers.js:101:18)
    at Object.<anonymous> (C:\Users\Devops3\Documents\Projects\feetflight\src\controllers\users.controller.ts:4:1)
2023-04-18 15:36:46 error: uncaughtException: Unexpected token 'const'
C:\Users\Devops3\Documents\Projects\feetflight\src\services\users.service.ts:42
                    const subscribed = await subscribeSession.writeTransaction(tx => {
                    ^^^^^

SyntaxError: Unexpected token 'const'
    at wrapSafe (internal/modules/cjs/loader.js:1001:16)
    at Module._compile (internal/modules/cjs/loader.js:1049:27)
    at Module.m._compile (C:\Users\Devops3\Documents\Projects\feetflight\node_modules\ts-node\src\index.ts:1618:23)
    at Module._extensions..js (internal/modules/cjs/loader.js:1114:10)
    at Object.require.extensions.<computed> [as .ts] (C:\Users\Devops3\Documents\Projects\feetflight\node_modules\ts-node\src\index.ts:1621:12)
    at Module.load (internal/modules/cjs/loader.js:950:32)
    at Function.Module._load (internal/modules/cjs/loader.js:790:12)
    at Module.require (internal/modules/cjs/loader.js:974:19)
    at require (internal/modules/cjs/helpers.js:101:18)
    at Object.<anonymous> (C:\Users\Devops3\Documents\Projects\feetflight\src\controllers\users.controller.ts:4:1)
2023-04-18 15:36:55 error: uncaughtException: тип Unable to compile TypeScript:
[96msrc/services/users.service.ts[0m:[93m161[0m:[93m28[0m - [91merror[0m[90m TS1003: [0mIdentifier expected.

[7m161[0m       if(alreadySubscribed.)
[7m   [0m [91m                           ~[0m

TSError: тип Unable to compile TypeScript:
[96msrc/services/users.service.ts[0m:[93m161[0m:[93m28[0m - [91merror[0m[90m TS1003: [0mIdentifier expected.

[7m161[0m       if(alreadySubscribed.)
[7m   [0m [91m                           ~[0m

    at createTSError (C:\Users\Devops3\Documents\Projects\feetflight\node_modules\ts-node\src\index.ts:859:12)
    at reportTSError (C:\Users\Devops3\Documents\Projects\feetflight\node_modules\ts-node\src\index.ts:863:19)
    at C:\Users\Devops3\Documents\Projects\feetflight\node_modules\ts-node\src\index.ts:1379:34
    at Object.compile (C:\Users\Devops3\Documents\Projects\feetflight\node_modules\ts-node\src\index.ts:1458:13)
    at Module.m._compile (C:\Users\Devops3\Documents\Projects\feetflight\node_modules\ts-node\src\index.ts:1617:30)
    at Module._extensions..js (internal/modules/cjs/loader.js:1114:10)
    at Object.require.extensions.<computed> [as .ts] (C:\Users\Devops3\Documents\Projects\feetflight\node_modules\ts-node\src\index.ts:1621:12)
    at Module.load (internal/modules/cjs/loader.js:950:32)
    at Function.Module._load (internal/modules/cjs/loader.js:790:12)
    at Module.require (internal/modules/cjs/loader.js:974:19)
2023-04-18 15:36:57 error: uncaughtException: тип Unable to compile TypeScript:
[96msrc/services/users.service.ts[0m:[93m161[0m:[93m36[0m - [91merror[0m[90m TS1003: [0mIdentifier expected.

[7m161[0m       if(alreadySubscribed.records.)
[7m   [0m [91m                                   ~[0m

TSError: тип Unable to compile TypeScript:
[96msrc/services/users.service.ts[0m:[93m161[0m:[93m36[0m - [91merror[0m[90m TS1003: [0mIdentifier expected.

[7m161[0m       if(alreadySubscribed.records.)
[7m   [0m [91m                                   ~[0m

    at createTSError (C:\Users\Devops3\Documents\Projects\feetflight\node_modules\ts-node\src\index.ts:859:12)
    at reportTSError (C:\Users\Devops3\Documents\Projects\feetflight\node_modules\ts-node\src\index.ts:863:19)
    at C:\Users\Devops3\Documents\Projects\feetflight\node_modules\ts-node\src\index.ts:1379:34
    at Object.compile (C:\Users\Devops3\Documents\Projects\feetflight\node_modules\ts-node\src\index.ts:1458:13)
    at Module.m._compile (C:\Users\Devops3\Documents\Projects\feetflight\node_modules\ts-node\src\index.ts:1617:30)
    at Module._extensions..js (internal/modules/cjs/loader.js:1114:10)
    at Object.require.extensions.<computed> [as .ts] (C:\Users\Devops3\Documents\Projects\feetflight\node_modules\ts-node\src\index.ts:1621:12)
    at Module.load (internal/modules/cjs/loader.js:950:32)
    at Function.Module._load (internal/modules/cjs/loader.js:790:12)
    at Module.require (internal/modules/cjs/loader.js:974:19)
2023-04-18 15:37:02 error: uncaughtException: Unexpected token 'const'
C:\Users\Devops3\Documents\Projects\feetflight\src\services\users.service.ts:42
                    const subscribed = await subscribeSession.writeTransaction(tx => {
                    ^^^^^

SyntaxError: Unexpected token 'const'
    at wrapSafe (internal/modules/cjs/loader.js:1001:16)
    at Module._compile (internal/modules/cjs/loader.js:1049:27)
    at Module.m._compile (C:\Users\Devops3\Documents\Projects\feetflight\node_modules\ts-node\src\index.ts:1618:23)
    at Module._extensions..js (internal/modules/cjs/loader.js:1114:10)
    at Object.require.extensions.<computed> [as .ts] (C:\Users\Devops3\Documents\Projects\feetflight\node_modules\ts-node\src\index.ts:1621:12)
    at Module.load (internal/modules/cjs/loader.js:950:32)
    at Function.Module._load (internal/modules/cjs/loader.js:790:12)
    at Module.require (internal/modules/cjs/loader.js:974:19)
    at require (internal/modules/cjs/helpers.js:101:18)
    at Object.<anonymous> (C:\Users\Devops3\Documents\Projects\feetflight\src\controllers\users.controller.ts:4:1)
2023-04-18 15:37:05 error: uncaughtException: Unexpected token 'const'
C:\Users\Devops3\Documents\Projects\feetflight\src\services\users.service.ts:42
                    const subscribed = await subscribeSession.writeTransaction(tx => {
                    ^^^^^

SyntaxError: Unexpected token 'const'
    at wrapSafe (internal/modules/cjs/loader.js:1001:16)
    at Module._compile (internal/modules/cjs/loader.js:1049:27)
    at Module.m._compile (C:\Users\Devops3\Documents\Projects\feetflight\node_modules\ts-node\src\index.ts:1618:23)
    at Module._extensions..js (internal/modules/cjs/loader.js:1114:10)
    at Object.require.extensions.<computed> [as .ts] (C:\Users\Devops3\Documents\Projects\feetflight\node_modules\ts-node\src\index.ts:1621:12)
    at Module.load (internal/modules/cjs/loader.js:950:32)
    at Function.Module._load (internal/modules/cjs/loader.js:790:12)
    at Module.require (internal/modules/cjs/loader.js:974:19)
    at require (internal/modules/cjs/helpers.js:101:18)
    at Object.<anonymous> (C:\Users\Devops3\Documents\Projects\feetflight\src\controllers\users.controller.ts:4:1)
2023-04-18 15:37:08 error: uncaughtException: Unexpected token 'const'
C:\Users\Devops3\Documents\Projects\feetflight\src\services\users.service.ts:42
                    const subscribed = await subscribeSession.writeTransaction(tx => {
                    ^^^^^

SyntaxError: Unexpected token 'const'
    at wrapSafe (internal/modules/cjs/loader.js:1001:16)
    at Module._compile (internal/modules/cjs/loader.js:1049:27)
    at Module.m._compile (C:\Users\Devops3\Documents\Projects\feetflight\node_modules\ts-node\src\index.ts:1618:23)
    at Module._extensions..js (internal/modules/cjs/loader.js:1114:10)
    at Object.require.extensions.<computed> [as .ts] (C:\Users\Devops3\Documents\Projects\feetflight\node_modules\ts-node\src\index.ts:1621:12)
    at Module.load (internal/modules/cjs/loader.js:950:32)
    at Function.Module._load (internal/modules/cjs/loader.js:790:12)
    at Module.require (internal/modules/cjs/loader.js:974:19)
    at require (internal/modules/cjs/helpers.js:101:18)
    at Object.<anonymous> (C:\Users\Devops3\Documents\Projects\feetflight\src\controllers\users.controller.ts:4:1)
2023-04-18 15:37:16 error: uncaughtException: тип Unable to compile TypeScript:
[96msrc/services/users.service.ts[0m:[93m161[0m:[93m78[0m - [91merror[0m[90m TS1109: [0mExpression expected.

[7m161[0m       if(alreadySubscribed.records.map(record => record.get("subscribed")) > )
[7m   [0m [91m                                                                             ~[0m

TSError: тип Unable to compile TypeScript:
[96msrc/services/users.service.ts[0m:[93m161[0m:[93m78[0m - [91merror[0m[90m TS1109: [0mExpression expected.

[7m161[0m       if(alreadySubscribed.records.map(record => record.get("subscribed")) > )
[7m   [0m [91m                                                                             ~[0m

    at createTSError (C:\Users\Devops3\Documents\Projects\feetflight\node_modules\ts-node\src\index.ts:859:12)
    at reportTSError (C:\Users\Devops3\Documents\Projects\feetflight\node_modules\ts-node\src\index.ts:863:19)
    at C:\Users\Devops3\Documents\Projects\feetflight\node_modules\ts-node\src\index.ts:1379:34
    at Object.compile (C:\Users\Devops3\Documents\Projects\feetflight\node_modules\ts-node\src\index.ts:1458:13)
    at Module.m._compile (C:\Users\Devops3\Documents\Projects\feetflight\node_modules\ts-node\src\index.ts:1617:30)
    at Module._extensions..js (internal/modules/cjs/loader.js:1114:10)
    at Object.require.extensions.<computed> [as .ts] (C:\Users\Devops3\Documents\Projects\feetflight\node_modules\ts-node\src\index.ts:1621:12)
    at Module.load (internal/modules/cjs/loader.js:950:32)
    at Function.Module._load (internal/modules/cjs/loader.js:790:12)
    at Module.require (internal/modules/cjs/loader.js:974:19)
2023-04-18 15:37:23 error: uncaughtException: Unexpected token 'const'
C:\Users\Devops3\Documents\Projects\feetflight\src\services\users.service.ts:42
                    const subscribed = await subscribeSession.writeTransaction(tx => {
                    ^^^^^

SyntaxError: Unexpected token 'const'
    at wrapSafe (internal/modules/cjs/loader.js:1001:16)
    at Module._compile (internal/modules/cjs/loader.js:1049:27)
    at Module.m._compile (C:\Users\Devops3\Documents\Projects\feetflight\node_modules\ts-node\src\index.ts:1618:23)
    at Module._extensions..js (internal/modules/cjs/loader.js:1114:10)
    at Object.require.extensions.<computed> [as .ts] (C:\Users\Devops3\Documents\Projects\feetflight\node_modules\ts-node\src\index.ts:1621:12)
    at Module.load (internal/modules/cjs/loader.js:950:32)
    at Function.Module._load (internal/modules/cjs/loader.js:790:12)
    at Module.require (internal/modules/cjs/loader.js:974:19)
    at require (internal/modules/cjs/helpers.js:101:18)
    at Object.<anonymous> (C:\Users\Devops3\Documents\Projects\feetflight\src\controllers\users.controller.ts:4:1)
2023-04-18 15:37:30 error: uncaughtException: тип Unable to compile TypeScript:
[96msrc/services/users.service.ts[0m:[93m161[0m:[93m95[0m - [91merror[0m[90m TS1109: [0mExpression expected.

[7m161[0m       if(alreadySubscribed.records.map(record => record.get("subscribed")).length > 0) return()
[7m   [0m [91m                                                                                              ~[0m

TSError: тип Unable to compile TypeScript:
[96msrc/services/users.service.ts[0m:[93m161[0m:[93m95[0m - [91merror[0m[90m TS1109: [0mExpression expected.

[7m161[0m       if(alreadySubscribed.records.map(record => record.get("subscribed")).length > 0) return()
[7m   [0m [91m                                                                                              ~[0m

    at createTSError (C:\Users\Devops3\Documents\Projects\feetflight\node_modules\ts-node\src\index.ts:859:12)
    at reportTSError (C:\Users\Devops3\Documents\Projects\feetflight\node_modules\ts-node\src\index.ts:863:19)
    at C:\Users\Devops3\Documents\Projects\feetflight\node_modules\ts-node\src\index.ts:1379:34
    at Object.compile (C:\Users\Devops3\Documents\Projects\feetflight\node_modules\ts-node\src\index.ts:1458:13)
    at Module.m._compile (C:\Users\Devops3\Documents\Projects\feetflight\node_modules\ts-node\src\index.ts:1617:30)
    at Module._extensions..js (internal/modules/cjs/loader.js:1114:10)
    at Object.require.extensions.<computed> [as .ts] (C:\Users\Devops3\Documents\Projects\feetflight\node_modules\ts-node\src\index.ts:1621:12)
    at Module.load (internal/modules/cjs/loader.js:950:32)
    at Function.Module._load (internal/modules/cjs/loader.js:790:12)
    at Module.require (internal/modules/cjs/loader.js:974:19)
2023-04-18 15:37:34 error: uncaughtException: тип Unable to compile TypeScript:
[96msrc/services/users.service.ts[0m:[93m161[0m:[93m95[0m - [91merror[0m[90m TS1109: [0mExpression expected.

[7m161[0m       if(alreadySubscribed.records.map(record => record.get("subscribed")).length > 0) return )
[7m   [0m [91m                                                                                              ~[0m

TSError: тип Unable to compile TypeScript:
[96msrc/services/users.service.ts[0m:[93m161[0m:[93m95[0m - [91merror[0m[90m TS1109: [0mExpression expected.

[7m161[0m       if(alreadySubscribed.records.map(record => record.get("subscribed")).length > 0) return )
[7m   [0m [91m                                                                                              ~[0m

    at createTSError (C:\Users\Devops3\Documents\Projects\feetflight\node_modules\ts-node\src\index.ts:859:12)
    at reportTSError (C:\Users\Devops3\Documents\Projects\feetflight\node_modules\ts-node\src\index.ts:863:19)
    at C:\Users\Devops3\Documents\Projects\feetflight\node_modules\ts-node\src\index.ts:1379:34
    at Object.compile (C:\Users\Devops3\Documents\Projects\feetflight\node_modules\ts-node\src\index.ts:1458:13)
    at Module.m._compile (C:\Users\Devops3\Documents\Projects\feetflight\node_modules\ts-node\src\index.ts:1617:30)
    at Module._extensions..js (internal/modules/cjs/loader.js:1114:10)
    at Object.require.extensions.<computed> [as .ts] (C:\Users\Devops3\Documents\Projects\feetflight\node_modules\ts-node\src\index.ts:1621:12)
    at Module.load (internal/modules/cjs/loader.js:950:32)
    at Function.Module._load (internal/modules/cjs/loader.js:790:12)
    at Module.require (internal/modules/cjs/loader.js:974:19)
2023-04-18 15:37:40 error: uncaughtException: тип Unable to compile TypeScript:
[96msrc/services/users.service.ts[0m:[93m161[0m:[93m97[0m - [91merror[0m[90m TS1005: [0m';' expected.

[7m161[0m       if(alreadySubscribed.records.map(record => record.get("subscribed")).length > 0) return {})
[7m   [0m [91m                                                                                                ~[0m

TSError: тип Unable to compile TypeScript:
[96msrc/services/users.service.ts[0m:[93m161[0m:[93m97[0m - [91merror[0m[90m TS1005: [0m';' expected.

[7m161[0m       if(alreadySubscribed.records.map(record => record.get("subscribed")).length > 0) return {})
[7m   [0m [91m                                                                                                ~[0m

    at createTSError (C:\Users\Devops3\Documents\Projects\feetflight\node_modules\ts-node\src\index.ts:859:12)
    at reportTSError (C:\Users\Devops3\Documents\Projects\feetflight\node_modules\ts-node\src\index.ts:863:19)
    at C:\Users\Devops3\Documents\Projects\feetflight\node_modules\ts-node\src\index.ts:1379:34
    at Object.compile (C:\Users\Devops3\Documents\Projects\feetflight\node_modules\ts-node\src\index.ts:1458:13)
    at Module.m._compile (C:\Users\Devops3\Documents\Projects\feetflight\node_modules\ts-node\src\index.ts:1617:30)
    at Module._extensions..js (internal/modules/cjs/loader.js:1114:10)
    at Object.require.extensions.<computed> [as .ts] (C:\Users\Devops3\Documents\Projects\feetflight\node_modules\ts-node\src\index.ts:1621:12)
    at Module.load (internal/modules/cjs/loader.js:950:32)
    at Function.Module._load (internal/modules/cjs/loader.js:790:12)
    at Module.require (internal/modules/cjs/loader.js:974:19)
2023-04-18 15:37:45 error: uncaughtException: тип Unable to compile TypeScript:
[96msrc/services/users.service.ts[0m:[93m161[0m:[93m126[0m - [91merror[0m[90m TS1002: [0mUnterminated string literal.

[7m161[0m       if(alreadySubscribed.records.map(record => record.get("subscribed")).length > 0) return {message: record.get("message})
[7m   [0m [91m                                                                                                                             [0m
[96msrc/services/users.service.ts[0m:[93m162[0m:[93m7[0m - [91merror[0m[90m TS1005: [0m',' expected.

[7m162[0m       const subscribed = await subscribeSession.writeTransaction(tx => {
[7m   [0m [91m      ~~~~~[0m
[96msrc/services/users.service.ts[0m:[93m162[0m:[93m13[0m - [91merror[0m[90m TS1005: [0m':' expected.

[7m162[0m       const subscribed = await subscribeSession.writeTransaction(tx => {
[7m   [0m [91m            ~~~~~~~~~~[0m
[96msrc/services/users.service.ts[0m:[93m165[0m:[93m7[0m - [91merror[0m[90m TS1005: [0m',' expected.

[7m165[0m       return subscribed
[7m   [0m [91m      ~~~~~~[0m
[96msrc/services/users.service.ts[0m:[93m165[0m:[93m14[0m - [91merror[0m[90m TS1005: [0m':' expected.

[7m165[0m       return subscribed
[7m   [0m [91m             ~~~~~~~~~~[0m
[96msrc/services/users.service.ts[0m:[93m166[0m:[93m7[0m - [91merror[0m[90m TS1005: [0m';' expected.

[7m166[0m     } catch (error) {
[7m   [0m [91m      ~~~~~[0m
[96msrc/services/users.service.ts[0m:[93m171[0m:[93m4[0m - [91merror[0m[90m TS1472: [0m'catch' or 'finally' expected.

[7m171[0m   };
[7m   [0m [91m   ~[0m
[96msrc/services/users.service.ts[0m:[93m173[0m:[93m3[0m - [91merror[0m[90m TS1128: [0mDeclaration or statement expected.

[7m173[0m   public async desactivateUser(userId: number): Promise<User[]> {
[7m   [0m [91m  ~~~~~~[0m

TSError: тип Unable to compile TypeScript:
[96msrc/services/users.service.ts[0m:[93m161[0m:[93m126[0m - [91merror[0m[90m TS1002: [0mUnterminated string literal.

[7m161[0m       if(alreadySubscribed.records.map(record => record.get("subscribed")).length > 0) return {message: record.get("message})
[7m   [0m [91m                                                                                                                             [0m
[96msrc/services/users.service.ts[0m:[93m162[0m:[93m7[0m - [91merror[0m[90m TS1005: [0m',' expected.

[7m162[0m       const subscribed = await subscribeSession.writeTransaction(tx => {
[7m   [0m [91m      ~~~~~[0m
[96msrc/services/users.service.ts[0m:[93m162[0m:[93m13[0m - [91merror[0m[90m TS1005: [0m':' expected.

[7m162[0m       const subscribed = await subscribeSession.writeTransaction(tx => {
[7m   [0m [91m            ~~~~~~~~~~[0m
[96msrc/services/users.service.ts[0m:[93m165[0m:[93m7[0m - [91merror[0m[90m TS1005: [0m',' expected.

[7m165[0m       return subscribed
[7m   [0m [91m      ~~~~~~[0m
[96msrc/services/users.service.ts[0m:[93m165[0m:[93m14[0m - [91merror[0m[90m TS1005: [0m':' expected.

[7m165[0m       return subscribed
[7m   [0m [91m             ~~~~~~~~~~[0m
[96msrc/services/users.service.ts[0m:[93m166[0m:[93m7[0m - [91merror[0m[90m TS1005: [0m';' expected.

[7m166[0m     } catch (error) {
[7m   [0m [91m      ~~~~~[0m
[96msrc/services/users.service.ts[0m:[93m171[0m:[93m4[0m - [91merror[0m[90m TS1472: [0m'catch' or 'finally' expected.

[7m171[0m   };
[7m   [0m [91m   ~[0m
[96msrc/services/users.service.ts[0m:[93m173[0m:[93m3[0m - [91merror[0m[90m TS1128: [0mDeclaration or statement expected.

[7m173[0m   public async desactivateUser(userId: number): Promise<User[]> {
[7m   [0m [91m  ~~~~~~[0m

    at createTSError (C:\Users\Devops3\Documents\Projects\feetflight\node_modules\ts-node\src\index.ts:859:12)
    at reportTSError (C:\Users\Devops3\Documents\Projects\feetflight\node_modules\ts-node\src\index.ts:863:19)
    at C:\Users\Devops3\Documents\Projects\feetflight\node_modules\ts-node\src\index.ts:1379:34
    at Object.compile (C:\Users\Devops3\Documents\Projects\feetflight\node_modules\ts-node\src\index.ts:1458:13)
    at Module.m._compile (C:\Users\Devops3\Documents\Projects\feetflight\node_modules\ts-node\src\index.ts:1617:30)
    at Module._extensions..js (internal/modules/cjs/loader.js:1114:10)
    at Object.require.extensions.<computed> [as .ts] (C:\Users\Devops3\Documents\Projects\feetflight\node_modules\ts-node\src\index.ts:1621:12)
    at Module.load (internal/modules/cjs/loader.js:950:32)
    at Function.Module._load (internal/modules/cjs/loader.js:790:12)
    at Module.require (internal/modules/cjs/loader.js:974:19)
2023-04-18 15:37:49 error: uncaughtException: тип Unable to compile TypeScript:
[96msrc/services/users.service.ts[0m:[93m161[0m:[93m108[0m - [91merror[0m[90m TS1005: [0m';' expected.

[7m161[0m       if(alreadySubscribed.records.map(record => record.get("subscribed")).length > 0) return {message: ""})
[7m   [0m [91m                                                                                                           ~[0m

TSError: тип Unable to compile TypeScript:
[96msrc/services/users.service.ts[0m:[93m161[0m:[93m108[0m - [91merror[0m[90m TS1005: [0m';' expected.

[7m161[0m       if(alreadySubscribed.records.map(record => record.get("subscribed")).length > 0) return {message: ""})
[7m   [0m [91m                                                                                                           ~[0m

    at createTSError (C:\Users\Devops3\Documents\Projects\feetflight\node_modules\ts-node\src\index.ts:859:12)
    at reportTSError (C:\Users\Devops3\Documents\Projects\feetflight\node_modules\ts-node\src\index.ts:863:19)
    at C:\Users\Devops3\Documents\Projects\feetflight\node_modules\ts-node\src\index.ts:1379:34
    at Object.compile (C:\Users\Devops3\Documents\Projects\feetflight\node_modules\ts-node\src\index.ts:1458:13)
    at Module.m._compile (C:\Users\Devops3\Documents\Projects\feetflight\node_modules\ts-node\src\index.ts:1617:30)
    at Module._extensions..js (internal/modules/cjs/loader.js:1114:10)
    at Object.require.extensions.<computed> [as .ts] (C:\Users\Devops3\Documents\Projects\feetflight\node_modules\ts-node\src\index.ts:1621:12)
    at Module.load (internal/modules/cjs/loader.js:950:32)
    at Function.Module._load (internal/modules/cjs/loader.js:790:12)
    at Module.require (internal/modules/cjs/loader.js:974:19)
2023-04-18 15:37:51 error: uncaughtException: тип Unable to compile TypeScript:
[96msrc/services/users.service.ts[0m:[93m161[0m:[93m126[0m - [91merror[0m[90m TS1005: [0m';' expected.

[7m161[0m       if(alreadySubscribed.records.map(record => record.get("subscribed")).length > 0) return {message: "Already subscribed"})
[7m   [0m [91m                                                                                                                             ~[0m

TSError: тип Unable to compile TypeScript:
[96msrc/services/users.service.ts[0m:[93m161[0m:[93m126[0m - [91merror[0m[90m TS1005: [0m';' expected.

[7m161[0m       if(alreadySubscribed.records.map(record => record.get("subscribed")).length > 0) return {message: "Already subscribed"})
[7m   [0m [91m                                                                                                                             ~[0m

    at createTSError (C:\Users\Devops3\Documents\Projects\feetflight\node_modules\ts-node\src\index.ts:859:12)
    at reportTSError (C:\Users\Devops3\Documents\Projects\feetflight\node_modules\ts-node\src\index.ts:863:19)
    at C:\Users\Devops3\Documents\Projects\feetflight\node_modules\ts-node\src\index.ts:1379:34
    at Object.compile (C:\Users\Devops3\Documents\Projects\feetflight\node_modules\ts-node\src\index.ts:1458:13)
    at Module.m._compile (C:\Users\Devops3\Documents\Projects\feetflight\node_modules\ts-node\src\index.ts:1617:30)
    at Module._extensions..js (internal/modules/cjs/loader.js:1114:10)
    at Object.require.extensions.<computed> [as .ts] (C:\Users\Devops3\Documents\Projects\feetflight\node_modules\ts-node\src\index.ts:1621:12)
    at Module.load (internal/modules/cjs/loader.js:950:32)
    at Function.Module._load (internal/modules/cjs/loader.js:790:12)
    at Module.require (internal/modules/cjs/loader.js:974:19)
2023-04-18 15:56:17 error: uncaughtException: тип Unable to compile TypeScript:
[96msrc/services/users.service.ts[0m:[93m156[0m:[93m29[0m - [91merror[0m[90m TS1135: [0mArgument expression expected.

[7m156[0m   public subscribe = async (: string, userId: string) => {
[7m   [0m [91m                            ~[0m
[96msrc/services/users.service.ts[0m:[93m156[0m:[93m45[0m - [91merror[0m[90m TS1005: [0m',' expected.

[7m156[0m   public subscribe = async (: string, userId: string) => {
[7m   [0m [91m                                            ~[0m
[96msrc/services/users.service.ts[0m:[93m156[0m:[93m55[0m - [91merror[0m[90m TS1005: [0m';' expected.

[7m156[0m   public subscribe = async (: string, userId: string) => {
[7m   [0m [91m                                                      ~~[0m
[96msrc/services/users.service.ts[0m:[93m156[0m:[93m58[0m - [91merror[0m[90m TS1068: [0mUnexpected token. A constructor, method, accessor, or property was expected.

[7m156[0m   public subscribe = async (: string, userId: string) => {
[7m   [0m [91m                                                         ~[0m
[96msrc/services/users.service.ts[0m:[93m180[0m:[93m3[0m - [91merror[0m[90m TS1128: [0mDeclaration or statement expected.

[7m180[0m   public async desactivateUser(userId: number): Promise<User[]> {
[7m   [0m [91m  ~~~~~~[0m
[96msrc/services/users.service.ts[0m:[93m180[0m:[93m10[0m - [91merror[0m[90m TS1434: [0mUnexpected keyword or identifier.

[7m180[0m   public async desactivateUser(userId: number): Promise<User[]> {
[7m   [0m [91m         ~~~~~[0m
[96msrc/services/users.service.ts[0m:[93m180[0m:[93m38[0m - [91merror[0m[90m TS1005: [0m',' expected.

[7m180[0m   public async desactivateUser(userId: number): Promise<User[]> {
[7m   [0m [91m                                     ~[0m
[96msrc/services/users.service.ts[0m:[93m180[0m:[93m47[0m - [91merror[0m[90m TS1005: [0m';' expected.

[7m180[0m   public async desactivateUser(userId: number): Promise<User[]> {
[7m   [0m [91m                                              ~[0m
[96msrc/services/users.service.ts[0m:[93m180[0m:[93m62[0m - [91merror[0m[90m TS1011: [0mAn element access expression should take an argument.

[7m180[0m   public async desactivateUser(userId: number): Promise<User[]> {
[7m   [0m [91m                                                             [0m
[96msrc/services/users.service.ts[0m:[93m181[0m:[93m11[0m - [91merror[0m[90m TS1005: [0m':' expected.

[7m181[0m     const desactivateUserSession = initializeDbConnection().session();
[7m   [0m [91m          ~~~~~~~~~~~~~~~~~~~~~~[0m
[96msrc/services/users.service.ts[0m:[93m181[0m:[93m70[0m - [91merror[0m[90m TS1005: [0m',' expected.

[7m181[0m     const desactivateUserSession = initializeDbConnection().session();
[7m   [0m [91m                                                                     ~[0m
[96msrc/services/users.service.ts[0m:[93m182[0m:[93m9[0m - [91merror[0m[90m TS1005: [0m':' expected.

[7m182[0m     try {
[7m   [0m [91m        ~[0m
[96msrc/services/users.service.ts[0m:[93m183[0m:[93m13[0m - [91merror[0m[90m TS1005: [0m':' expected.

[7m183[0m       const desactivatedUser = await desactivateUserSession.executeWrite(tx => tx.run('match (u:user {id: $userId}) set u.desactivated = true'));
[7m   [0m [91m            ~~~~~~~~~~~~~~~~[0m
[96msrc/services/users.service.ts[0m:[93m183[0m:[93m145[0m - [91merror[0m[90m TS1005: [0m',' expected.

[7m183[0m       const desactivatedUser = await desactivateUserSession.executeWrite(tx => tx.run('match (u:user {id: $userId}) set u.desactivated = true'));
[7m   [0m [91m                                                                                                                                                ~[0m
[96msrc/services/users.service.ts[0m:[93m184[0m:[93m14[0m - [91merror[0m[90m TS1005: [0m':' expected.

[7m184[0m       return desactivatedUser.records.map(record => record.get('u').properties)[0];
[7m   [0m [91m             ~~~~~~~~~~~~~~~~[0m
[96msrc/services/users.service.ts[0m:[93m184[0m:[93m83[0m - [91merror[0m[90m TS1005: [0m',' expected.

[7m184[0m       return desactivatedUser.records.map(record => record.get('u').properties)[0];
[7m   [0m [91m                                                                                  ~[0m
[96msrc/services/users.service.ts[0m:[93m185[0m:[93m7[0m - [91merror[0m[90m TS1005: [0m',' expected.

[7m185[0m     } catch (error) {
[7m   [0m [91m      ~~~~~[0m
[96msrc/services/users.service.ts[0m:[93m189[0m:[93m1[0m - [91merror[0m[90m TS1128: [0mDeclaration or statement expected.

[7m189[0m }
[7m   [0m [91m~[0m

TSError: тип Unable to compile TypeScript:
[96msrc/services/users.service.ts[0m:[93m156[0m:[93m29[0m - [91merror[0m[90m TS1135: [0mArgument expression expected.

[7m156[0m   public subscribe = async (: string, userId: string) => {
[7m   [0m [91m                            ~[0m
[96msrc/services/users.service.ts[0m:[93m156[0m:[93m45[0m - [91merror[0m[90m TS1005: [0m',' expected.

[7m156[0m   public subscribe = async (: string, userId: string) => {
[7m   [0m [91m                                            ~[0m
[96msrc/services/users.service.ts[0m:[93m156[0m:[93m55[0m - [91merror[0m[90m TS1005: [0m';' expected.

[7m156[0m   public subscribe = async (: string, userId: string) => {
[7m   [0m [91m                                                      ~~[0m
[96msrc/services/users.service.ts[0m:[93m156[0m:[93m58[0m - [91merror[0m[90m TS1068: [0mUnexpected token. A constructor, method, accessor, or property was expected.

[7m156[0m   public subscribe = async (: string, userId: string) => {
[7m   [0m [91m                                                         ~[0m
[96msrc/services/users.service.ts[0m:[93m180[0m:[93m3[0m - [91merror[0m[90m TS1128: [0mDeclaration or statement expected.

[7m180[0m   public async desactivateUser(userId: number): Promise<User[]> {
[7m   [0m [91m  ~~~~~~[0m
[96msrc/services/users.service.ts[0m:[93m180[0m:[93m10[0m - [91merror[0m[90m TS1434: [0mUnexpected keyword or identifier.

[7m180[0m   public async desactivateUser(userId: number): Promise<User[]> {
[7m   [0m [91m         ~~~~~[0m
[96msrc/services/users.service.ts[0m:[93m180[0m:[93m38[0m - [91merror[0m[90m TS1005: [0m',' expected.

[7m180[0m   public async desactivateUser(userId: number): Promise<User[]> {
[7m   [0m [91m                                     ~[0m
[96msrc/services/users.service.ts[0m:[93m180[0m:[93m47[0m - [91merror[0m[90m TS1005: [0m';' expected.

[7m180[0m   public async desactivateUser(userId: number): Promise<User[]> {
[7m   [0m [91m                                              ~[0m
[96msrc/services/users.service.ts[0m:[93m180[0m:[93m62[0m - [91merror[0m[90m TS1011: [0mAn element access expression should take an argument.

[7m180[0m   public async desactivateUser(userId: number): Promise<User[]> {
[7m   [0m [91m                                                             [0m
[96msrc/services/users.service.ts[0m:[93m181[0m:[93m11[0m - [91merror[0m[90m TS1005: [0m':' expected.

[7m181[0m     const desactivateUserSession = initializeDbConnection().session();
[7m   [0m [91m          ~~~~~~~~~~~~~~~~~~~~~~[0m
[96msrc/services/users.service.ts[0m:[93m181[0m:[93m70[0m - [91merror[0m[90m TS1005: [0m',' expected.

[7m181[0m     const desactivateUserSession = initializeDbConnection().session();
[7m   [0m [91m                                                                     ~[0m
[96msrc/services/users.service.ts[0m:[93m182[0m:[93m9[0m - [91merror[0m[90m TS1005: [0m':' expected.

[7m182[0m     try {
[7m   [0m [91m        ~[0m
[96msrc/services/users.service.ts[0m:[93m183[0m:[93m13[0m - [91merror[0m[90m TS1005: [0m':' expected.

[7m183[0m       const desactivatedUser = await desactivateUserSession.executeWrite(tx => tx.run('match (u:user {id: $userId}) set u.desactivated = true'));
[7m   [0m [91m            ~~~~~~~~~~~~~~~~[0m
[96msrc/services/users.service.ts[0m:[93m183[0m:[93m145[0m - [91merror[0m[90m TS1005: [0m',' expected.

[7m183[0m       const desactivatedUser = await desactivateUserSession.executeWrite(tx => tx.run('match (u:user {id: $userId}) set u.desactivated = true'));
[7m   [0m [91m                                                                                                                                                ~[0m
[96msrc/services/users.service.ts[0m:[93m184[0m:[93m14[0m - [91merror[0m[90m TS1005: [0m':' expected.

[7m184[0m       return desactivatedUser.records.map(record => record.get('u').properties)[0];
[7m   [0m [91m             ~~~~~~~~~~~~~~~~[0m
[96msrc/services/users.service.ts[0m:[93m184[0m:[93m83[0m - [91merror[0m[90m TS1005: [0m',' expected.

[7m184[0m       return desactivatedUser.records.map(record => record.get('u').properties)[0];
[7m   [0m [91m                                                                                  ~[0m
[96msrc/services/users.service.ts[0m:[93m185[0m:[93m7[0m - [91merror[0m[90m TS1005: [0m',' expected.

[7m185[0m     } catch (error) {
[7m   [0m [91m      ~~~~~[0m
[96msrc/services/users.service.ts[0m:[93m189[0m:[93m1[0m - [91merror[0m[90m TS1128: [0mDeclaration or statement expected.

[7m189[0m }
[7m   [0m [91m~[0m

    at createTSError (C:\Users\Devops3\Documents\Projects\feetflight\node_modules\ts-node\src\index.ts:859:12)
    at reportTSError (C:\Users\Devops3\Documents\Projects\feetflight\node_modules\ts-node\src\index.ts:863:19)
    at C:\Users\Devops3\Documents\Projects\feetflight\node_modules\ts-node\src\index.ts:1379:34
    at Object.compile (C:\Users\Devops3\Documents\Projects\feetflight\node_modules\ts-node\src\index.ts:1458:13)
    at Module.m._compile (C:\Users\Devops3\Documents\Projects\feetflight\node_modules\ts-node\src\index.ts:1617:30)
    at Module._extensions..js (internal/modules/cjs/loader.js:1114:10)
    at Object.require.extensions.<computed> [as .ts] (C:\Users\Devops3\Documents\Projects\feetflight\node_modules\ts-node\src\index.ts:1621:12)
    at Module.load (internal/modules/cjs/loader.js:950:32)
    at Function.Module._load (internal/modules/cjs/loader.js:790:12)
    at Module.require (internal/modules/cjs/loader.js:974:19)
2023-04-18 15:56:24 error: uncaughtException: тип Unable to compile TypeScript:
[96msrc/services/users.service.ts[0m:[93m156[0m:[93m29[0m - [91merror[0m[90m TS1135: [0mArgument expression expected.

[7m156[0m   public subscribe = async (: string, userId: string) => {
[7m   [0m [91m                            ~[0m
[96msrc/services/users.service.ts[0m:[93m156[0m:[93m45[0m - [91merror[0m[90m TS1005: [0m',' expected.

[7m156[0m   public subscribe = async (: string, userId: string) => {
[7m   [0m [91m                                            ~[0m
[96msrc/services/users.service.ts[0m:[93m156[0m:[93m55[0m - [91merror[0m[90m TS1005: [0m';' expected.

[7m156[0m   public subscribe = async (: string, userId: string) => {
[7m   [0m [91m                                                      ~~[0m
[96msrc/services/users.service.ts[0m:[93m156[0m:[93m58[0m - [91merror[0m[90m TS1068: [0mUnexpected token. A constructor, method, accessor, or property was expected.

[7m156[0m   public subscribe = async (: string, userId: string) => {
[7m   [0m [91m                                                         ~[0m
[96msrc/services/users.service.ts[0m:[93m180[0m:[93m3[0m - [91merror[0m[90m TS1128: [0mDeclaration or statement expected.

[7m180[0m   public async desactivateUser(userId: number): Promise<User[]> {
[7m   [0m [91m  ~~~~~~[0m
[96msrc/services/users.service.ts[0m:[93m180[0m:[93m10[0m - [91merror[0m[90m TS1434: [0mUnexpected keyword or identifier.

[7m180[0m   public async desactivateUser(userId: number): Promise<User[]> {
[7m   [0m [91m         ~~~~~[0m
[96msrc/services/users.service.ts[0m:[93m180[0m:[93m38[0m - [91merror[0m[90m TS1005: [0m',' expected.

[7m180[0m   public async desactivateUser(userId: number): Promise<User[]> {
[7m   [0m [91m                                     ~[0m
[96msrc/services/users.service.ts[0m:[93m180[0m:[93m47[0m - [91merror[0m[90m TS1005: [0m';' expected.

[7m180[0m   public async desactivateUser(userId: number): Promise<User[]> {
[7m   [0m [91m                                              ~[0m
[96msrc/services/users.service.ts[0m:[93m180[0m:[93m62[0m - [91merror[0m[90m TS1011: [0mAn element access expression should take an argument.

[7m180[0m   public async desactivateUser(userId: number): Promise<User[]> {
[7m   [0m [91m                                                             [0m
[96msrc/services/users.service.ts[0m:[93m181[0m:[93m11[0m - [91merror[0m[90m TS1005: [0m':' expected.

[7m181[0m     const desactivateUserSession = initializeDbConnection().session();
[7m   [0m [91m          ~~~~~~~~~~~~~~~~~~~~~~[0m
[96msrc/services/users.service.ts[0m:[93m181[0m:[93m70[0m - [91merror[0m[90m TS1005: [0m',' expected.

[7m181[0m     const desactivateUserSession = initializeDbConnection().session();
[7m   [0m [91m                                                                     ~[0m
[96msrc/services/users.service.ts[0m:[93m182[0m:[93m9[0m - [91merror[0m[90m TS1005: [0m':' expected.

[7m182[0m     try {
[7m   [0m [91m        ~[0m
[96msrc/services/users.service.ts[0m:[93m183[0m:[93m13[0m - [91merror[0m[90m TS1005: [0m':' expected.

[7m183[0m       const desactivatedUser = await desactivateUserSession.executeWrite(tx => tx.run('match (u:user {id: $userId}) set u.desactivated = true'));
[7m   [0m [91m            ~~~~~~~~~~~~~~~~[0m
[96msrc/services/users.service.ts[0m:[93m183[0m:[93m145[0m - [91merror[0m[90m TS1005: [0m',' expected.

[7m183[0m       const desactivatedUser = await desactivateUserSession.executeWrite(tx => tx.run('match (u:user {id: $userId}) set u.desactivated = true'));
[7m   [0m [91m                                                                                                                                                ~[0m
[96msrc/services/users.service.ts[0m:[93m184[0m:[93m14[0m - [91merror[0m[90m TS1005: [0m':' expected.

[7m184[0m       return desactivatedUser.records.map(record => record.get('u').properties)[0];
[7m   [0m [91m             ~~~~~~~~~~~~~~~~[0m
[96msrc/services/users.service.ts[0m:[93m184[0m:[93m83[0m - [91merror[0m[90m TS1005: [0m',' expected.

[7m184[0m       return desactivatedUser.records.map(record => record.get('u').properties)[0];
[7m   [0m [91m                                                                                  ~[0m
[96msrc/services/users.service.ts[0m:[93m185[0m:[93m7[0m - [91merror[0m[90m TS1005: [0m',' expected.

[7m185[0m     } catch (error) {
[7m   [0m [91m      ~~~~~[0m
[96msrc/services/users.service.ts[0m:[93m189[0m:[93m1[0m - [91merror[0m[90m TS1128: [0mDeclaration or statement expected.

[7m189[0m }
[7m   [0m [91m~[0m

TSError: тип Unable to compile TypeScript:
[96msrc/services/users.service.ts[0m:[93m156[0m:[93m29[0m - [91merror[0m[90m TS1135: [0mArgument expression expected.

[7m156[0m   public subscribe = async (: string, userId: string) => {
[7m   [0m [91m                            ~[0m
[96msrc/services/users.service.ts[0m:[93m156[0m:[93m45[0m - [91merror[0m[90m TS1005: [0m',' expected.

[7m156[0m   public subscribe = async (: string, userId: string) => {
[7m   [0m [91m                                            ~[0m
[96msrc/services/users.service.ts[0m:[93m156[0m:[93m55[0m - [91merror[0m[90m TS1005: [0m';' expected.

[7m156[0m   public subscribe = async (: string, userId: string) => {
[7m   [0m [91m                                                      ~~[0m
[96msrc/services/users.service.ts[0m:[93m156[0m:[93m58[0m - [91merror[0m[90m TS1068: [0mUnexpected token. A constructor, method, accessor, or property was expected.

[7m156[0m   public subscribe = async (: string, userId: string) => {
[7m   [0m [91m                                                         ~[0m
[96msrc/services/users.service.ts[0m:[93m180[0m:[93m3[0m - [91merror[0m[90m TS1128: [0mDeclaration or statement expected.

[7m180[0m   public async desactivateUser(userId: number): Promise<User[]> {
[7m   [0m [91m  ~~~~~~[0m
[96msrc/services/users.service.ts[0m:[93m180[0m:[93m10[0m - [91merror[0m[90m TS1434: [0mUnexpected keyword or identifier.

[7m180[0m   public async desactivateUser(userId: number): Promise<User[]> {
[7m   [0m [91m         ~~~~~[0m
[96msrc/services/users.service.ts[0m:[93m180[0m:[93m38[0m - [91merror[0m[90m TS1005: [0m',' expected.

[7m180[0m   public async desactivateUser(userId: number): Promise<User[]> {
[7m   [0m [91m                                     ~[0m
[96msrc/services/users.service.ts[0m:[93m180[0m:[93m47[0m - [91merror[0m[90m TS1005: [0m';' expected.

[7m180[0m   public async desactivateUser(userId: number): Promise<User[]> {
[7m   [0m [91m                                              ~[0m
[96msrc/services/users.service.ts[0m:[93m180[0m:[93m62[0m - [91merror[0m[90m TS1011: [0mAn element access expression should take an argument.

[7m180[0m   public async desactivateUser(userId: number): Promise<User[]> {
[7m   [0m [91m                                                             [0m
[96msrc/services/users.service.ts[0m:[93m181[0m:[93m11[0m - [91merror[0m[90m TS1005: [0m':' expected.

[7m181[0m     const desactivateUserSession = initializeDbConnection().session();
[7m   [0m [91m          ~~~~~~~~~~~~~~~~~~~~~~[0m
[96msrc/services/users.service.ts[0m:[93m181[0m:[93m70[0m - [91merror[0m[90m TS1005: [0m',' expected.

[7m181[0m     const desactivateUserSession = initializeDbConnection().session();
[7m   [0m [91m                                                                     ~[0m
[96msrc/services/users.service.ts[0m:[93m182[0m:[93m9[0m - [91merror[0m[90m TS1005: [0m':' expected.

[7m182[0m     try {
[7m   [0m [91m        ~[0m
[96msrc/services/users.service.ts[0m:[93m183[0m:[93m13[0m - [91merror[0m[90m TS1005: [0m':' expected.

[7m183[0m       const desactivatedUser = await desactivateUserSession.executeWrite(tx => tx.run('match (u:user {id: $userId}) set u.desactivated = true'));
[7m   [0m [91m            ~~~~~~~~~~~~~~~~[0m
[96msrc/services/users.service.ts[0m:[93m183[0m:[93m145[0m - [91merror[0m[90m TS1005: [0m',' expected.

[7m183[0m       const desactivatedUser = await desactivateUserSession.executeWrite(tx => tx.run('match (u:user {id: $userId}) set u.desactivated = true'));
[7m   [0m [91m                                                                                                                                                ~[0m
[96msrc/services/users.service.ts[0m:[93m184[0m:[93m14[0m - [91merror[0m[90m TS1005: [0m':' expected.

[7m184[0m       return desactivatedUser.records.map(record => record.get('u').properties)[0];
[7m   [0m [91m             ~~~~~~~~~~~~~~~~[0m
[96msrc/services/users.service.ts[0m:[93m184[0m:[93m83[0m - [91merror[0m[90m TS1005: [0m',' expected.

[7m184[0m       return desactivatedUser.records.map(record => record.get('u').properties)[0];
[7m   [0m [91m                                                                                  ~[0m
[96msrc/services/users.service.ts[0m:[93m185[0m:[93m7[0m - [91merror[0m[90m TS1005: [0m',' expected.

[7m185[0m     } catch (error) {
[7m   [0m [91m      ~~~~~[0m
[96msrc/services/users.service.ts[0m:[93m189[0m:[93m1[0m - [91merror[0m[90m TS1128: [0mDeclaration or statement expected.

[7m189[0m }
[7m   [0m [91m~[0m

    at createTSError (C:\Users\Devops3\Documents\Projects\feetflight\node_modules\ts-node\src\index.ts:859:12)
    at reportTSError (C:\Users\Devops3\Documents\Projects\feetflight\node_modules\ts-node\src\index.ts:863:19)
    at C:\Users\Devops3\Documents\Projects\feetflight\node_modules\ts-node\src\index.ts:1379:34
    at Object.compile (C:\Users\Devops3\Documents\Projects\feetflight\node_modules\ts-node\src\index.ts:1458:13)
    at Module.m._compile (C:\Users\Devops3\Documents\Projects\feetflight\node_modules\ts-node\src\index.ts:1617:30)
    at Module._extensions..js (internal/modules/cjs/loader.js:1114:10)
    at Object.require.extensions.<computed> [as .ts] (C:\Users\Devops3\Documents\Projects\feetflight\node_modules\ts-node\src\index.ts:1621:12)
    at Module.load (internal/modules/cjs/loader.js:950:32)
    at Function.Module._load (internal/modules/cjs/loader.js:790:12)
    at Module.require (internal/modules/cjs/loader.js:974:19)
2023-04-18 15:56:30 error: uncaughtException: тип Unable to compile TypeScript:
[96msrc/services/users.service.ts[0m:[93m156[0m:[93m29[0m - [91merror[0m[90m TS1135: [0mArgument expression expected.

[7m156[0m   public subscribe = async (: string, userId: string) => {
[7m   [0m [91m                            ~[0m
[96msrc/services/users.service.ts[0m:[93m156[0m:[93m45[0m - [91merror[0m[90m TS1005: [0m',' expected.

[7m156[0m   public subscribe = async (: string, userId: string) => {
[7m   [0m [91m                                            ~[0m
[96msrc/services/users.service.ts[0m:[93m156[0m:[93m55[0m - [91merror[0m[90m TS1005: [0m';' expected.

[7m156[0m   public subscribe = async (: string, userId: string) => {
[7m   [0m [91m                                                      ~~[0m
[96msrc/services/users.service.ts[0m:[93m156[0m:[93m58[0m - [91merror[0m[90m TS1068: [0mUnexpected token. A constructor, method, accessor, or property was expected.

[7m156[0m   public subscribe = async (: string, userId: string) => {
[7m   [0m [91m                                                         ~[0m
[96msrc/services/users.service.ts[0m:[93m180[0m:[93m3[0m - [91merror[0m[90m TS1128: [0mDeclaration or statement expected.

[7m180[0m   public async desactivateUser(userId: number): Promise<User[]> {
[7m   [0m [91m  ~~~~~~[0m
[96msrc/services/users.service.ts[0m:[93m180[0m:[93m10[0m - [91merror[0m[90m TS1434: [0mUnexpected keyword or identifier.

[7m180[0m   public async desactivateUser(userId: number): Promise<User[]> {
[7m   [0m [91m         ~~~~~[0m
[96msrc/services/users.service.ts[0m:[93m180[0m:[93m38[0m - [91merror[0m[90m TS1005: [0m',' expected.

[7m180[0m   public async desactivateUser(userId: number): Promise<User[]> {
[7m   [0m [91m                                     ~[0m
[96msrc/services/users.service.ts[0m:[93m180[0m:[93m47[0m - [91merror[0m[90m TS1005: [0m';' expected.

[7m180[0m   public async desactivateUser(userId: number): Promise<User[]> {
[7m   [0m [91m                                              ~[0m
[96msrc/services/users.service.ts[0m:[93m180[0m:[93m62[0m - [91merror[0m[90m TS1011: [0mAn element access expression should take an argument.

[7m180[0m   public async desactivateUser(userId: number): Promise<User[]> {
[7m   [0m [91m                                                             [0m
[96msrc/services/users.service.ts[0m:[93m181[0m:[93m11[0m - [91merror[0m[90m TS1005: [0m':' expected.

[7m181[0m     const desactivateUserSession = initializeDbConnection().session();
[7m   [0m [91m          ~~~~~~~~~~~~~~~~~~~~~~[0m
[96msrc/services/users.service.ts[0m:[93m181[0m:[93m70[0m - [91merror[0m[90m TS1005: [0m',' expected.

[7m181[0m     const desactivateUserSession = initializeDbConnection().session();
[7m   [0m [91m                                                                     ~[0m
[96msrc/services/users.service.ts[0m:[93m182[0m:[93m9[0m - [91merror[0m[90m TS1005: [0m':' expected.

[7m182[0m     try {
[7m   [0m [91m        ~[0m
[96msrc/services/users.service.ts[0m:[93m183[0m:[93m13[0m - [91merror[0m[90m TS1005: [0m':' expected.

[7m183[0m       const desactivatedUser = await desactivateUserSession.executeWrite(tx => tx.run('match (u:user {id: $userId}) set u.desactivated = true'));
[7m   [0m [91m            ~~~~~~~~~~~~~~~~[0m
[96msrc/services/users.service.ts[0m:[93m183[0m:[93m145[0m - [91merror[0m[90m TS1005: [0m',' expected.

[7m183[0m       const desactivatedUser = await desactivateUserSession.executeWrite(tx => tx.run('match (u:user {id: $userId}) set u.desactivated = true'));
[7m   [0m [91m                                                                                                                                                ~[0m
[96msrc/services/users.service.ts[0m:[93m184[0m:[93m14[0m - [91merror[0m[90m TS1005: [0m':' expected.

[7m184[0m       return desactivatedUser.records.map(record => record.get('u').properties)[0];
[7m   [0m [91m             ~~~~~~~~~~~~~~~~[0m
[96msrc/services/users.service.ts[0m:[93m184[0m:[93m83[0m - [91merror[0m[90m TS1005: [0m',' expected.

[7m184[0m       return desactivatedUser.records.map(record => record.get('u').properties)[0];
[7m   [0m [91m                                                                                  ~[0m
[96msrc/services/users.service.ts[0m:[93m185[0m:[93m7[0m - [91merror[0m[90m TS1005: [0m',' expected.

[7m185[0m     } catch (error) {
[7m   [0m [91m      ~~~~~[0m
[96msrc/services/users.service.ts[0m:[93m189[0m:[93m1[0m - [91merror[0m[90m TS1128: [0mDeclaration or statement expected.

[7m189[0m }
[7m   [0m [91m~[0m

TSError: тип Unable to compile TypeScript:
[96msrc/services/users.service.ts[0m:[93m156[0m:[93m29[0m - [91merror[0m[90m TS1135: [0mArgument expression expected.

[7m156[0m   public subscribe = async (: string, userId: string) => {
[7m   [0m [91m                            ~[0m
[96msrc/services/users.service.ts[0m:[93m156[0m:[93m45[0m - [91merror[0m[90m TS1005: [0m',' expected.

[7m156[0m   public subscribe = async (: string, userId: string) => {
[7m   [0m [91m                                            ~[0m
[96msrc/services/users.service.ts[0m:[93m156[0m:[93m55[0m - [91merror[0m[90m TS1005: [0m';' expected.

[7m156[0m   public subscribe = async (: string, userId: string) => {
[7m   [0m [91m                                                      ~~[0m
[96msrc/services/users.service.ts[0m:[93m156[0m:[93m58[0m - [91merror[0m[90m TS1068: [0mUnexpected token. A constructor, method, accessor, or property was expected.

[7m156[0m   public subscribe = async (: string, userId: string) => {
[7m   [0m [91m                                                         ~[0m
[96msrc/services/users.service.ts[0m:[93m180[0m:[93m3[0m - [91merror[0m[90m TS1128: [0mDeclaration or statement expected.

[7m180[0m   public async desactivateUser(userId: number): Promise<User[]> {
[7m   [0m [91m  ~~~~~~[0m
[96msrc/services/users.service.ts[0m:[93m180[0m:[93m10[0m - [91merror[0m[90m TS1434: [0mUnexpected keyword or identifier.

[7m180[0m   public async desactivateUser(userId: number): Promise<User[]> {
[7m   [0m [91m         ~~~~~[0m
[96msrc/services/users.service.ts[0m:[93m180[0m:[93m38[0m - [91merror[0m[90m TS1005: [0m',' expected.

[7m180[0m   public async desactivateUser(userId: number): Promise<User[]> {
[7m   [0m [91m                                     ~[0m
[96msrc/services/users.service.ts[0m:[93m180[0m:[93m47[0m - [91merror[0m[90m TS1005: [0m';' expected.

[7m180[0m   public async desactivateUser(userId: number): Promise<User[]> {
[7m   [0m [91m                                              ~[0m
[96msrc/services/users.service.ts[0m:[93m180[0m:[93m62[0m - [91merror[0m[90m TS1011: [0mAn element access expression should take an argument.

[7m180[0m   public async desactivateUser(userId: number): Promise<User[]> {
[7m   [0m [91m                                                             [0m
[96msrc/services/users.service.ts[0m:[93m181[0m:[93m11[0m - [91merror[0m[90m TS1005: [0m':' expected.

[7m181[0m     const desactivateUserSession = initializeDbConnection().session();
[7m   [0m [91m          ~~~~~~~~~~~~~~~~~~~~~~[0m
[96msrc/services/users.service.ts[0m:[93m181[0m:[93m70[0m - [91merror[0m[90m TS1005: [0m',' expected.

[7m181[0m     const desactivateUserSession = initializeDbConnection().session();
[7m   [0m [91m                                                                     ~[0m
[96msrc/services/users.service.ts[0m:[93m182[0m:[93m9[0m - [91merror[0m[90m TS1005: [0m':' expected.

[7m182[0m     try {
[7m   [0m [91m        ~[0m
[96msrc/services/users.service.ts[0m:[93m183[0m:[93m13[0m - [91merror[0m[90m TS1005: [0m':' expected.

[7m183[0m       const desactivatedUser = await desactivateUserSession.executeWrite(tx => tx.run('match (u:user {id: $userId}) set u.desactivated = true'));
[7m   [0m [91m            ~~~~~~~~~~~~~~~~[0m
[96msrc/services/users.service.ts[0m:[93m183[0m:[93m145[0m - [91merror[0m[90m TS1005: [0m',' expected.

[7m183[0m       const desactivatedUser = await desactivateUserSession.executeWrite(tx => tx.run('match (u:user {id: $userId}) set u.desactivated = true'));
[7m   [0m [91m                                                                                                                                                ~[0m
[96msrc/services/users.service.ts[0m:[93m184[0m:[93m14[0m - [91merror[0m[90m TS1005: [0m':' expected.

[7m184[0m       return desactivatedUser.records.map(record => record.get('u').properties)[0];
[7m   [0m [91m             ~~~~~~~~~~~~~~~~[0m
[96msrc/services/users.service.ts[0m:[93m184[0m:[93m83[0m - [91merror[0m[90m TS1005: [0m',' expected.

[7m184[0m       return desactivatedUser.records.map(record => record.get('u').properties)[0];
[7m   [0m [91m                                                                                  ~[0m
[96msrc/services/users.service.ts[0m:[93m185[0m:[93m7[0m - [91merror[0m[90m TS1005: [0m',' expected.

[7m185[0m     } catch (error) {
[7m   [0m [91m      ~~~~~[0m
[96msrc/services/users.service.ts[0m:[93m189[0m:[93m1[0m - [91merror[0m[90m TS1128: [0mDeclaration or statement expected.

[7m189[0m }
[7m   [0m [91m~[0m

    at createTSError (C:\Users\Devops3\Documents\Projects\feetflight\node_modules\ts-node\src\index.ts:859:12)
    at reportTSError (C:\Users\Devops3\Documents\Projects\feetflight\node_modules\ts-node\src\index.ts:863:19)
    at C:\Users\Devops3\Documents\Projects\feetflight\node_modules\ts-node\src\index.ts:1379:34
    at Object.compile (C:\Users\Devops3\Documents\Projects\feetflight\node_modules\ts-node\src\index.ts:1458:13)
    at Module.m._compile (C:\Users\Devops3\Documents\Projects\feetflight\node_modules\ts-node\src\index.ts:1617:30)
    at Module._extensions..js (internal/modules/cjs/loader.js:1114:10)
    at Object.require.extensions.<computed> [as .ts] (C:\Users\Devops3\Documents\Projects\feetflight\node_modules\ts-node\src\index.ts:1621:12)
    at Module.load (internal/modules/cjs/loader.js:950:32)
    at Function.Module._load (internal/modules/cjs/loader.js:790:12)
    at Module.require (internal/modules/cjs/loader.js:974:19)
2023-04-18 15:56:56 error: uncaughtException: тип Unable to compile TypeScript:
[96msrc/services/users.service.ts[0m:[93m156[0m:[93m66[0m - [91merror[0m[90m TS1005: [0m',' expected.

[7m156[0m   public subscribe = async (userId: string, subscriptionData: any{}) => {
[7m   [0m [91m                                                                 ~[0m

TSError: тип Unable to compile TypeScript:
[96msrc/services/users.service.ts[0m:[93m156[0m:[93m66[0m - [91merror[0m[90m TS1005: [0m',' expected.

[7m156[0m   public subscribe = async (userId: string, subscriptionData: any{}) => {
[7m   [0m [91m                                                                 ~[0m

    at createTSError (C:\Users\Devops3\Documents\Projects\feetflight\node_modules\ts-node\src\index.ts:859:12)
    at reportTSError (C:\Users\Devops3\Documents\Projects\feetflight\node_modules\ts-node\src\index.ts:863:19)
    at C:\Users\Devops3\Documents\Projects\feetflight\node_modules\ts-node\src\index.ts:1379:34
    at Object.compile (C:\Users\Devops3\Documents\Projects\feetflight\node_modules\ts-node\src\index.ts:1458:13)
    at Module.m._compile (C:\Users\Devops3\Documents\Projects\feetflight\node_modules\ts-node\src\index.ts:1617:30)
    at Module._extensions..js (internal/modules/cjs/loader.js:1114:10)
    at Object.require.extensions.<computed> [as .ts] (C:\Users\Devops3\Documents\Projects\feetflight\node_modules\ts-node\src\index.ts:1621:12)
    at Module.load (internal/modules/cjs/loader.js:950:32)
    at Function.Module._load (internal/modules/cjs/loader.js:790:12)
    at Module.require (internal/modules/cjs/loader.js:974:19)
2023-04-18 15:57:29 error: uncaughtException: тип Unable to compile TypeScript:
[96msrc/services/users.service.ts[0m:[93m169[0m:[93m11[0m - [91merror[0m[90m TS1109: [0mExpression expected.

[7m169[0m           }
[7m   [0m [91m          ~[0m

TSError: тип Unable to compile TypeScript:
[96msrc/services/users.service.ts[0m:[93m169[0m:[93m11[0m - [91merror[0m[90m TS1109: [0mExpression expected.

[7m169[0m           }
[7m   [0m [91m          ~[0m

    at createTSError (C:\Users\Devops3\Documents\Projects\feetflight\node_modules\ts-node\src\index.ts:859:12)
    at reportTSError (C:\Users\Devops3\Documents\Projects\feetflight\node_modules\ts-node\src\index.ts:863:19)
    at C:\Users\Devops3\Documents\Projects\feetflight\node_modules\ts-node\src\index.ts:1379:34
    at Object.compile (C:\Users\Devops3\Documents\Projects\feetflight\node_modules\ts-node\src\index.ts:1458:13)
    at Module.m._compile (C:\Users\Devops3\Documents\Projects\feetflight\node_modules\ts-node\src\index.ts:1617:30)
    at Module._extensions..js (internal/modules/cjs/loader.js:1114:10)
    at Object.require.extensions.<computed> [as .ts] (C:\Users\Devops3\Documents\Projects\feetflight\node_modules\ts-node\src\index.ts:1621:12)
    at Module.load (internal/modules/cjs/loader.js:950:32)
    at Function.Module._load (internal/modules/cjs/loader.js:790:12)
    at Module.require (internal/modules/cjs/loader.js:974:19)
2023-04-18 15:57:52 error: uncaughtException: тип Unable to compile TypeScript:
[96msrc/services/users.service.ts[0m:[93m169[0m:[93m40[0m - [91merror[0m[90m TS1005: [0m',' expected.

[7m169[0m             sellerId: subscribeSession sellerId
[7m   [0m [91m                                       ~~~~~~~~[0m

TSError: тип Unable to compile TypeScript:
[96msrc/services/users.service.ts[0m:[93m169[0m:[93m40[0m - [91merror[0m[90m TS1005: [0m',' expected.

[7m169[0m             sellerId: subscribeSession sellerId
[7m   [0m [91m                                       ~~~~~~~~[0m

    at createTSError (C:\Users\Devops3\Documents\Projects\feetflight\node_modules\ts-node\src\index.ts:859:12)
    at reportTSError (C:\Users\Devops3\Documents\Projects\feetflight\node_modules\ts-node\src\index.ts:863:19)
    at C:\Users\Devops3\Documents\Projects\feetflight\node_modules\ts-node\src\index.ts:1379:34
    at Object.compile (C:\Users\Devops3\Documents\Projects\feetflight\node_modules\ts-node\src\index.ts:1458:13)
    at Module.m._compile (C:\Users\Devops3\Documents\Projects\feetflight\node_modules\ts-node\src\index.ts:1617:30)
    at Module._extensions..js (internal/modules/cjs/loader.js:1114:10)
    at Object.require.extensions.<computed> [as .ts] (C:\Users\Devops3\Documents\Projects\feetflight\node_modules\ts-node\src\index.ts:1621:12)
    at Module.load (internal/modules/cjs/loader.js:950:32)
    at Function.Module._load (internal/modules/cjs/loader.js:790:12)
    at Module.require (internal/modules/cjs/loader.js:974:19)
2023-04-18 15:58:48 error: uncaughtException: тип Unable to compile TypeScript:
[96msrc/services/users.service.ts[0m:[93m171[0m:[93m11[0m - [91merror[0m[90m TS1109: [0mExpression expected.

[7m171[0m           },
[7m   [0m [91m          ~[0m

TSError: тип Unable to compile TypeScript:
[96msrc/services/users.service.ts[0m:[93m171[0m:[93m11[0m - [91merror[0m[90m TS1109: [0mExpression expected.

[7m171[0m           },
[7m   [0m [91m          ~[0m

    at createTSError (C:\Users\Devops3\Documents\Projects\feetflight\node_modules\ts-node\src\index.ts:859:12)
    at reportTSError (C:\Users\Devops3\Documents\Projects\feetflight\node_modules\ts-node\src\index.ts:863:19)
    at C:\Users\Devops3\Documents\Projects\feetflight\node_modules\ts-node\src\index.ts:1379:34
    at Object.compile (C:\Users\Devops3\Documents\Projects\feetflight\node_modules\ts-node\src\index.ts:1458:13)
    at Module.m._compile (C:\Users\Devops3\Documents\Projects\feetflight\node_modules\ts-node\src\index.ts:1617:30)
    at Module._extensions..js (internal/modules/cjs/loader.js:1114:10)
    at Object.require.extensions.<computed> [as .ts] (C:\Users\Devops3\Documents\Projects\feetflight\node_modules\ts-node\src\index.ts:1621:12)
    at Module.load (internal/modules/cjs/loader.js:950:32)
    at Function.Module._load (internal/modules/cjs/loader.js:790:12)
    at Module.require (internal/modules/cjs/loader.js:974:19)
2023-04-18 15:58:53 error: uncaughtException: тип Unable to compile TypeScript:
[96msrc/services/users.service.ts[0m:[93m171[0m:[93m11[0m - [91merror[0m[90m TS1003: [0mIdentifier expected.

[7m171[0m           },
[7m   [0m [91m          ~[0m

TSError: тип Unable to compile TypeScript:
[96msrc/services/users.service.ts[0m:[93m171[0m:[93m11[0m - [91merror[0m[90m TS1003: [0mIdentifier expected.

[7m171[0m           },
[7m   [0m [91m          ~[0m

    at createTSError (C:\Users\Devops3\Documents\Projects\feetflight\node_modules\ts-node\src\index.ts:859:12)
    at reportTSError (C:\Users\Devops3\Documents\Projects\feetflight\node_modules\ts-node\src\index.ts:863:19)
    at C:\Users\Devops3\Documents\Projects\feetflight\node_modules\ts-node\src\index.ts:1379:34
    at Object.compile (C:\Users\Devops3\Documents\Projects\feetflight\node_modules\ts-node\src\index.ts:1458:13)
    at Module.m._compile (C:\Users\Devops3\Documents\Projects\feetflight\node_modules\ts-node\src\index.ts:1617:30)
    at Module._extensions..js (internal/modules/cjs/loader.js:1114:10)
    at Object.require.extensions.<computed> [as .ts] (C:\Users\Devops3\Documents\Projects\feetflight\node_modules\ts-node\src\index.ts:1621:12)
    at Module.load (internal/modules/cjs/loader.js:950:32)
    at Function.Module._load (internal/modules/cjs/loader.js:790:12)
    at Module.require (internal/modules/cjs/loader.js:974:19)
2023-04-18 15:59:00 error: uncaughtException: тип Unable to compile TypeScript:
[96msrc/services/users.service.ts[0m:[93m170[0m:[93m42[0m - [91merror[0m[90m TS1005: [0m',' expected.

[7m170[0m             subscriptionPlanTitle: subsc subscriptionPlanTitle
[7m   [0m [91m                                         ~~~~~~~~~~~~~~~~~~~~~[0m

TSError: тип Unable to compile TypeScript:
[96msrc/services/users.service.ts[0m:[93m170[0m:[93m42[0m - [91merror[0m[90m TS1005: [0m',' expected.

[7m170[0m             subscriptionPlanTitle: subsc subscriptionPlanTitle
[7m   [0m [91m                                         ~~~~~~~~~~~~~~~~~~~~~[0m

    at createTSError (C:\Users\Devops3\Documents\Projects\feetflight\node_modules\ts-node\src\index.ts:859:12)
    at reportTSError (C:\Users\Devops3\Documents\Projects\feetflight\node_modules\ts-node\src\index.ts:863:19)
    at C:\Users\Devops3\Documents\Projects\feetflight\node_modules\ts-node\src\index.ts:1379:34
    at Object.compile (C:\Users\Devops3\Documents\Projects\feetflight\node_modules\ts-node\src\index.ts:1458:13)
    at Module.m._compile (C:\Users\Devops3\Documents\Projects\feetflight\node_modules\ts-node\src\index.ts:1617:30)
    at Module._extensions..js (internal/modules/cjs/loader.js:1114:10)
    at Object.require.extensions.<computed> [as .ts] (C:\Users\Devops3\Documents\Projects\feetflight\node_modules\ts-node\src\index.ts:1621:12)
    at Module.load (internal/modules/cjs/loader.js:950:32)
    at Function.Module._load (internal/modules/cjs/loader.js:790:12)
    at Module.require (internal/modules/cjs/loader.js:974:19)
2023-04-18 15:59:10 error: uncaughtException: тип Unable to compile TypeScript:
[96msrc/services/users.service.ts[0m:[93m170[0m:[93m49[0m - [91merror[0m[90m TS1005: [0m',' expected.

[7m170[0m             subscriptionPlanTitle: subscription subscriptionPlanTitle
[7m   [0m [91m                                                ~~~~~~~~~~~~~~~~~~~~~[0m

TSError: тип Unable to compile TypeScript:
[96msrc/services/users.service.ts[0m:[93m170[0m:[93m49[0m - [91merror[0m[90m TS1005: [0m',' expected.

[7m170[0m             subscriptionPlanTitle: subscription subscriptionPlanTitle
[7m   [0m [91m                                                ~~~~~~~~~~~~~~~~~~~~~[0m

    at createTSError (C:\Users\Devops3\Documents\Projects\feetflight\node_modules\ts-node\src\index.ts:859:12)
    at reportTSError (C:\Users\Devops3\Documents\Projects\feetflight\node_modules\ts-node\src\index.ts:863:19)
    at C:\Users\Devops3\Documents\Projects\feetflight\node_modules\ts-node\src\index.ts:1379:34
    at Object.compile (C:\Users\Devops3\Documents\Projects\feetflight\node_modules\ts-node\src\index.ts:1458:13)
    at Module.m._compile (C:\Users\Devops3\Documents\Projects\feetflight\node_modules\ts-node\src\index.ts:1617:30)
    at Module._extensions..js (internal/modules/cjs/loader.js:1114:10)
    at Object.require.extensions.<computed> [as .ts] (C:\Users\Devops3\Documents\Projects\feetflight\node_modules\ts-node\src\index.ts:1621:12)
    at Module.load (internal/modules/cjs/loader.js:950:32)
    at Function.Module._load (internal/modules/cjs/loader.js:790:12)
    at Module.require (internal/modules/cjs/loader.js:974:19)
2023-04-18 15:59:12 error: uncaughtException: тип Unable to compile TypeScript:
[96msrc/services/users.service.ts[0m:[93m170[0m:[93m53[0m - [91merror[0m[90m TS1005: [0m',' expected.

[7m170[0m             subscriptionPlanTitle: subscriptionData subscriptionPlanTitle
[7m   [0m [91m                                                    ~~~~~~~~~~~~~~~~~~~~~[0m

TSError: тип Unable to compile TypeScript:
[96msrc/services/users.service.ts[0m:[93m170[0m:[93m53[0m - [91merror[0m[90m TS1005: [0m',' expected.

[7m170[0m             subscriptionPlanTitle: subscriptionData subscriptionPlanTitle
[7m   [0m [91m                                                    ~~~~~~~~~~~~~~~~~~~~~[0m

    at createTSError (C:\Users\Devops3\Documents\Projects\feetflight\node_modules\ts-node\src\index.ts:859:12)
    at reportTSError (C:\Users\Devops3\Documents\Projects\feetflight\node_modules\ts-node\src\index.ts:863:19)
    at C:\Users\Devops3\Documents\Projects\feetflight\node_modules\ts-node\src\index.ts:1379:34
    at Object.compile (C:\Users\Devops3\Documents\Projects\feetflight\node_modules\ts-node\src\index.ts:1458:13)
    at Module.m._compile (C:\Users\Devops3\Documents\Projects\feetflight\node_modules\ts-node\src\index.ts:1617:30)
    at Module._extensions..js (internal/modules/cjs/loader.js:1114:10)
    at Object.require.extensions.<computed> [as .ts] (C:\Users\Devops3\Documents\Projects\feetflight\node_modules\ts-node\src\index.ts:1621:12)
    at Module.load (internal/modules/cjs/loader.js:950:32)
    at Function.Module._load (internal/modules/cjs/loader.js:790:12)
    at Module.require (internal/modules/cjs/loader.js:974:19)
2023-04-18 15:59:23 error: uncaughtException: тип Unable to compile TypeScript:
[96msrc/services/users.service.ts[0m:[93m171[0m:[93m13[0m - [91merror[0m[90m TS1005: [0m',' expected.

[7m171[0m             subscriptionPlanTitle: subscriptionData.data.subscriptionPlanTitle
[7m   [0m [91m            ~~~~~~~~~~~~~~~~~~~~~[0m

TSError: тип Unable to compile TypeScript:
[96msrc/services/users.service.ts[0m:[93m171[0m:[93m13[0m - [91merror[0m[90m TS1005: [0m',' expected.

[7m171[0m             subscriptionPlanTitle: subscriptionData.data.subscriptionPlanTitle
[7m   [0m [91m            ~~~~~~~~~~~~~~~~~~~~~[0m

    at createTSError (C:\Users\Devops3\Documents\Projects\feetflight\node_modules\ts-node\src\index.ts:859:12)
    at reportTSError (C:\Users\Devops3\Documents\Projects\feetflight\node_modules\ts-node\src\index.ts:863:19)
    at C:\Users\Devops3\Documents\Projects\feetflight\node_modules\ts-node\src\index.ts:1379:34
    at Object.compile (C:\Users\Devops3\Documents\Projects\feetflight\node_modules\ts-node\src\index.ts:1458:13)
    at Module.m._compile (C:\Users\Devops3\Documents\Projects\feetflight\node_modules\ts-node\src\index.ts:1617:30)
    at Module._extensions..js (internal/modules/cjs/loader.js:1114:10)
    at Object.require.extensions.<computed> [as .ts] (C:\Users\Devops3\Documents\Projects\feetflight\node_modules\ts-node\src\index.ts:1621:12)
    at Module.load (internal/modules/cjs/loader.js:950:32)
    at Function.Module._load (internal/modules/cjs/loader.js:790:12)
    at Module.require (internal/modules/cjs/loader.js:974:19)
2023-04-18 15:59:29 error: uncaughtException: тип Unable to compile TypeScript:
[96msrc/services/users.service.ts[0m:[93m171[0m:[93m13[0m - [91merror[0m[90m TS1005: [0m',' expected.

[7m171[0m             subscriptionPlanPrice: subscriptionData.data.subscriptionPlanTitle
[7m   [0m [91m            ~~~~~~~~~~~~~~~~~~~~~[0m

TSError: тип Unable to compile TypeScript:
[96msrc/services/users.service.ts[0m:[93m171[0m:[93m13[0m - [91merror[0m[90m TS1005: [0m',' expected.

[7m171[0m             subscriptionPlanPrice: subscriptionData.data.subscriptionPlanTitle
[7m   [0m [91m            ~~~~~~~~~~~~~~~~~~~~~[0m

    at createTSError (C:\Users\Devops3\Documents\Projects\feetflight\node_modules\ts-node\src\index.ts:859:12)
    at reportTSError (C:\Users\Devops3\Documents\Projects\feetflight\node_modules\ts-node\src\index.ts:863:19)
    at C:\Users\Devops3\Documents\Projects\feetflight\node_modules\ts-node\src\index.ts:1379:34
    at Object.compile (C:\Users\Devops3\Documents\Projects\feetflight\node_modules\ts-node\src\index.ts:1458:13)
    at Module.m._compile (C:\Users\Devops3\Documents\Projects\feetflight\node_modules\ts-node\src\index.ts:1617:30)
    at Module._extensions..js (internal/modules/cjs/loader.js:1114:10)
    at Object.require.extensions.<computed> [as .ts] (C:\Users\Devops3\Documents\Projects\feetflight\node_modules\ts-node\src\index.ts:1621:12)
    at Module.load (internal/modules/cjs/loader.js:950:32)
    at Function.Module._load (internal/modules/cjs/loader.js:790:12)
    at Module.require (internal/modules/cjs/loader.js:974:19)
2023-04-18 15:59:33 error: uncaughtException: тип Unable to compile TypeScript:
[96msrc/services/users.service.ts[0m:[93m171[0m:[93m13[0m - [91merror[0m[90m TS1005: [0m',' expected.

[7m171[0m             subscriptionPlanPrice: subscriptionData.data.subscriptionPlanPrice
[7m   [0m [91m            ~~~~~~~~~~~~~~~~~~~~~[0m

TSError: тип Unable to compile TypeScript:
[96msrc/services/users.service.ts[0m:[93m171[0m:[93m13[0m - [91merror[0m[90m TS1005: [0m',' expected.

[7m171[0m             subscriptionPlanPrice: subscriptionData.data.subscriptionPlanPrice
[7m   [0m [91m            ~~~~~~~~~~~~~~~~~~~~~[0m

    at createTSError (C:\Users\Devops3\Documents\Projects\feetflight\node_modules\ts-node\src\index.ts:859:12)
    at reportTSError (C:\Users\Devops3\Documents\Projects\feetflight\node_modules\ts-node\src\index.ts:863:19)
    at C:\Users\Devops3\Documents\Projects\feetflight\node_modules\ts-node\src\index.ts:1379:34
    at Object.compile (C:\Users\Devops3\Documents\Projects\feetflight\node_modules\ts-node\src\index.ts:1458:13)
    at Module.m._compile (C:\Users\Devops3\Documents\Projects\feetflight\node_modules\ts-node\src\index.ts:1617:30)
    at Module._extensions..js (internal/modules/cjs/loader.js:1114:10)
    at Object.require.extensions.<computed> [as .ts] (C:\Users\Devops3\Documents\Projects\feetflight\node_modules\ts-node\src\index.ts:1621:12)
    at Module.load (internal/modules/cjs/loader.js:950:32)
    at Function.Module._load (internal/modules/cjs/loader.js:790:12)
    at Module.require (internal/modules/cjs/loader.js:974:19)
2023-04-18 16:08:37 error: uncaughtException: тип Unable to compile TypeScript:
[96msrc/services/users.service.ts[0m:[93m165[0m:[93m9[0m - [91merror[0m[90m TS1109: [0mExpression expected.

[7m165[0m         }),
[7m   [0m [91m        ~[0m

TSError: тип Unable to compile TypeScript:
[96msrc/services/users.service.ts[0m:[93m165[0m:[93m9[0m - [91merror[0m[90m TS1109: [0mExpression expected.

[7m165[0m         }),
[7m   [0m [91m        ~[0m

    at createTSError (C:\Users\Devops3\Documents\Projects\feetflight\node_modules\ts-node\src\index.ts:859:12)
    at reportTSError (C:\Users\Devops3\Documents\Projects\feetflight\node_modules\ts-node\src\index.ts:863:19)
    at C:\Users\Devops3\Documents\Projects\feetflight\node_modules\ts-node\src\index.ts:1379:34
    at Object.compile (C:\Users\Devops3\Documents\Projects\feetflight\node_modules\ts-node\src\index.ts:1458:13)
    at Module.m._compile (C:\Users\Devops3\Documents\Projects\feetflight\node_modules\ts-node\src\index.ts:1617:30)
    at Module._extensions..js (internal/modules/cjs/loader.js:1114:10)
    at Object.require.extensions.<computed> [as .ts] (C:\Users\Devops3\Documents\Projects\feetflight\node_modules\ts-node\src\index.ts:1621:12)
    at Module.load (internal/modules/cjs/loader.js:950:32)
    at Function.Module._load (internal/modules/cjs/loader.js:790:12)
    at Module.require (internal/modules/cjs/loader.js:974:19)
2023-04-18 16:59:50 error: uncaughtException: тип Unable to compile TypeScript:
[96msrc/services/users.service.ts[0m:[93m160[0m:[93m41[0m - [91merror[0m[90m TS1003: [0mIdentifier expected.

[7m160[0m       console.log(subscriptionData.data.);
[7m   [0m [91m                                        ~[0m

TSError: тип Unable to compile TypeScript:
[96msrc/services/users.service.ts[0m:[93m160[0m:[93m41[0m - [91merror[0m[90m TS1003: [0mIdentifier expected.

[7m160[0m       console.log(subscriptionData.data.);
[7m   [0m [91m                                        ~[0m

    at createTSError (C:\Users\Devops3\Documents\Projects\feetflight\node_modules\ts-node\src\index.ts:859:12)
    at reportTSError (C:\Users\Devops3\Documents\Projects\feetflight\node_modules\ts-node\src\index.ts:863:19)
    at C:\Users\Devops3\Documents\Projects\feetflight\node_modules\ts-node\src\index.ts:1379:34
    at Object.compile (C:\Users\Devops3\Documents\Projects\feetflight\node_modules\ts-node\src\index.ts:1458:13)
    at Module.m._compile (C:\Users\Devops3\Documents\Projects\feetflight\node_modules\ts-node\src\index.ts:1617:30)
    at Module._extensions..js (internal/modules/cjs/loader.js:1114:10)
    at Object.require.extensions.<computed> [as .ts] (C:\Users\Devops3\Documents\Projects\feetflight\node_modules\ts-node\src\index.ts:1621:12)
    at Module.load (internal/modules/cjs/loader.js:950:32)
    at Function.Module._load (internal/modules/cjs/loader.js:790:12)
    at Module.require (internal/modules/cjs/loader.js:974:19)
2023-04-18 17:03:59 error: uncaughtException: тип Unable to compile TypeScript:
[96msrc/services/users.service.ts[0m:[93m174[0m:[93m48[0m - [91merror[0m[90m TS1005: [0m',' expected.

[7m174[0m             subscriptionPlanTitle: subscriptio nData.data.subscriptionPlanTitle,
[7m   [0m [91m                                               ~~~~~[0m
[96msrc/services/users.service.ts[0m:[93m174[0m:[93m53[0m - [91merror[0m[90m TS1005: [0m',' expected.

[7m174[0m             subscriptionPlanTitle: subscriptio nData.data.subscriptionPlanTitle,
[7m   [0m [91m                                                    ~[0m

TSError: тип Unable to compile TypeScript:
[96msrc/services/users.service.ts[0m:[93m174[0m:[93m48[0m - [91merror[0m[90m TS1005: [0m',' expected.

[7m174[0m             subscriptionPlanTitle: subscriptio nData.data.subscriptionPlanTitle,
[7m   [0m [91m                                               ~~~~~[0m
[96msrc/services/users.service.ts[0m:[93m174[0m:[93m53[0m - [91merror[0m[90m TS1005: [0m',' expected.

[7m174[0m             subscriptionPlanTitle: subscriptio nData.data.subscriptionPlanTitle,
[7m   [0m [91m                                                    ~[0m

    at createTSError (C:\Users\Devops3\Documents\Projects\feetflight\node_modules\ts-node\src\index.ts:859:12)
    at reportTSError (C:\Users\Devops3\Documents\Projects\feetflight\node_modules\ts-node\src\index.ts:863:19)
    at C:\Users\Devops3\Documents\Projects\feetflight\node_modules\ts-node\src\index.ts:1379:34
    at Object.compile (C:\Users\Devops3\Documents\Projects\feetflight\node_modules\ts-node\src\index.ts:1458:13)
    at Module.m._compile (C:\Users\Devops3\Documents\Projects\feetflight\node_modules\ts-node\src\index.ts:1617:30)
    at Module._extensions..js (internal/modules/cjs/loader.js:1114:10)
    at Object.require.extensions.<computed> [as .ts] (C:\Users\Devops3\Documents\Projects\feetflight\node_modules\ts-node\src\index.ts:1621:12)
    at Module.load (internal/modules/cjs/loader.js:950:32)
    at Function.Module._load (internal/modules/cjs/loader.js:790:12)
    at Module.require (internal/modules/cjs/loader.js:974:19)
2023-04-18 17:15:28 error: uncaughtException: тип Unable to compile TypeScript:
[96msrc/services/users.service.ts[0m:[93m180[0m:[93m54[0m - [91merror[0m[90m TS1003: [0mIdentifier expected.

[7m180[0m       return subscribed.records.map(record => record.);
[7m   [0m [91m                                                     ~[0m

TSError: тип Unable to compile TypeScript:
[96msrc/services/users.service.ts[0m:[93m180[0m:[93m54[0m - [91merror[0m[90m TS1003: [0mIdentifier expected.

[7m180[0m       return subscribed.records.map(record => record.);
[7m   [0m [91m                                                     ~[0m

    at createTSError (C:\Users\Devops3\Documents\Projects\feetflight\node_modules\ts-node\src\index.ts:859:12)
    at reportTSError (C:\Users\Devops3\Documents\Projects\feetflight\node_modules\ts-node\src\index.ts:863:19)
    at C:\Users\Devops3\Documents\Projects\feetflight\node_modules\ts-node\src\index.ts:1379:34
    at Object.compile (C:\Users\Devops3\Documents\Projects\feetflight\node_modules\ts-node\src\index.ts:1458:13)
    at Module.m._compile (C:\Users\Devops3\Documents\Projects\feetflight\node_modules\ts-node\src\index.ts:1617:30)
    at Module._extensions..js (internal/modules/cjs/loader.js:1114:10)
    at Object.require.extensions.<computed> [as .ts] (C:\Users\Devops3\Documents\Projects\feetflight\node_modules\ts-node\src\index.ts:1621:12)
    at Module.load (internal/modules/cjs/loader.js:950:32)
    at Function.Module._load (internal/modules/cjs/loader.js:790:12)
    at Module.require (internal/modules/cjs/loader.js:974:19)
2023-04-18 17:16:16 error: uncaughtException: тип Unable to compile TypeScript:
[96msrc/services/users.service.ts[0m:[93m180[0m:[93m25[0m - [91merror[0m[90m TS1003: [0mIdentifier expected.

[7m180[0m       return subscribed..map(record => record.get("s"));
[7m   [0m [91m                        ~[0m

TSError: тип Unable to compile TypeScript:
[96msrc/services/users.service.ts[0m:[93m180[0m:[93m25[0m - [91merror[0m[90m TS1003: [0mIdentifier expected.

[7m180[0m       return subscribed..map(record => record.get("s"));
[7m   [0m [91m                        ~[0m

    at createTSError (C:\Users\Devops3\Documents\Projects\feetflight\node_modules\ts-node\src\index.ts:859:12)
    at reportTSError (C:\Users\Devops3\Documents\Projects\feetflight\node_modules\ts-node\src\index.ts:863:19)
    at C:\Users\Devops3\Documents\Projects\feetflight\node_modules\ts-node\src\index.ts:1379:34
    at Object.compile (C:\Users\Devops3\Documents\Projects\feetflight\node_modules\ts-node\src\index.ts:1458:13)
    at Module.m._compile (C:\Users\Devops3\Documents\Projects\feetflight\node_modules\ts-node\src\index.ts:1617:30)
    at Module._extensions..js (internal/modules/cjs/loader.js:1114:10)
    at Object.require.extensions.<computed> [as .ts] (C:\Users\Devops3\Documents\Projects\feetflight\node_modules\ts-node\src\index.ts:1621:12)
    at Module.load (internal/modules/cjs/loader.js:950:32)
    at Function.Module._load (internal/modules/cjs/loader.js:790:12)
    at Module.require (internal/modules/cjs/loader.js:974:19)
2023-04-18 17:18:42 error: uncaughtException: тип Unable to compile TypeScript:
[96msrc/services/users.service.ts[0m:[93m181[0m:[93m5[0m - [91merror[0m[90m TS1003: [0mIdentifier expected.

[7m181[0m     } catch (error) {
[7m   [0m [91m    ~[0m

TSError: тип Unable to compile TypeScript:
[96msrc/services/users.service.ts[0m:[93m181[0m:[93m5[0m - [91merror[0m[90m TS1003: [0mIdentifier expected.

[7m181[0m     } catch (error) {
[7m   [0m [91m    ~[0m

    at createTSError (C:\Users\Devops3\Documents\Projects\feetflight\node_modules\ts-node\src\index.ts:859:12)
    at reportTSError (C:\Users\Devops3\Documents\Projects\feetflight\node_modules\ts-node\src\index.ts:863:19)
    at C:\Users\Devops3\Documents\Projects\feetflight\node_modules\ts-node\src\index.ts:1379:34
    at Object.compile (C:\Users\Devops3\Documents\Projects\feetflight\node_modules\ts-node\src\index.ts:1458:13)
    at Module.m._compile (C:\Users\Devops3\Documents\Projects\feetflight\node_modules\ts-node\src\index.ts:1617:30)
    at Module._extensions..js (internal/modules/cjs/loader.js:1114:10)
    at Object.require.extensions.<computed> [as .ts] (C:\Users\Devops3\Documents\Projects\feetflight\node_modules\ts-node\src\index.ts:1621:12)
    at Module.load (internal/modules/cjs/loader.js:950:32)
    at Function.Module._load (internal/modules/cjs/loader.js:790:12)
    at Module.require (internal/modules/cjs/loader.js:974:19)
2023-04-18 17:24:31 error: uncaughtException: тип Unable to compile TypeScript:
[96msrc/services/users.service.ts[0m:[93m178[0m:[93m5[0m - [91merror[0m[90m TS1003: [0mIdentifier expected.

[7m178[0m     } catch (error) {
[7m   [0m [91m    ~[0m

TSError: тип Unable to compile TypeScript:
[96msrc/services/users.service.ts[0m:[93m178[0m:[93m5[0m - [91merror[0m[90m TS1003: [0mIdentifier expected.

[7m178[0m     } catch (error) {
[7m   [0m [91m    ~[0m

    at createTSError (C:\Users\Devops3\Documents\Projects\feetflight\node_modules\ts-node\src\index.ts:859:12)
    at reportTSError (C:\Users\Devops3\Documents\Projects\feetflight\node_modules\ts-node\src\index.ts:863:19)
    at C:\Users\Devops3\Documents\Projects\feetflight\node_modules\ts-node\src\index.ts:1379:34
    at Object.compile (C:\Users\Devops3\Documents\Projects\feetflight\node_modules\ts-node\src\index.ts:1458:13)
    at Module.m._compile (C:\Users\Devops3\Documents\Projects\feetflight\node_modules\ts-node\src\index.ts:1617:30)
    at Module._extensions..js (internal/modules/cjs/loader.js:1114:10)
    at Object.require.extensions.<computed> [as .ts] (C:\Users\Devops3\Documents\Projects\feetflight\node_modules\ts-node\src\index.ts:1621:12)
    at Module.load (internal/modules/cjs/loader.js:950:32)
    at Function.Module._load (internal/modules/cjs/loader.js:790:12)
    at Module.require (internal/modules/cjs/loader.js:974:19)
2023-04-18 17:24:36 error: uncaughtException: тип Unable to compile TypeScript:
[96msrc/services/users.service.ts[0m:[93m178[0m:[93m5[0m - [91merror[0m[90m TS1003: [0mIdentifier expected.

[7m178[0m     } catch (error) {
[7m   [0m [91m    ~[0m

TSError: тип Unable to compile TypeScript:
[96msrc/services/users.service.ts[0m:[93m178[0m:[93m5[0m - [91merror[0m[90m TS1003: [0mIdentifier expected.

[7m178[0m     } catch (error) {
[7m   [0m [91m    ~[0m

    at createTSError (C:\Users\Devops3\Documents\Projects\feetflight\node_modules\ts-node\src\index.ts:859:12)
    at reportTSError (C:\Users\Devops3\Documents\Projects\feetflight\node_modules\ts-node\src\index.ts:863:19)
    at C:\Users\Devops3\Documents\Projects\feetflight\node_modules\ts-node\src\index.ts:1379:34
    at Object.compile (C:\Users\Devops3\Documents\Projects\feetflight\node_modules\ts-node\src\index.ts:1458:13)
    at Module.m._compile (C:\Users\Devops3\Documents\Projects\feetflight\node_modules\ts-node\src\index.ts:1617:30)
    at Module._extensions..js (internal/modules/cjs/loader.js:1114:10)
    at Object.require.extensions.<computed> [as .ts] (C:\Users\Devops3\Documents\Projects\feetflight\node_modules\ts-node\src\index.ts:1621:12)
    at Module.load (internal/modules/cjs/loader.js:950:32)
    at Function.Module._load (internal/modules/cjs/loader.js:790:12)
    at Module.require (internal/modules/cjs/loader.js:974:19)
2023-04-18 17:24:41 error: uncaughtException: тип Unable to compile TypeScript:
[96msrc/services/users.service.ts[0m:[93m177[0m:[93m58[0m - [91merror[0m[90m TS1003: [0mIdentifier expected.

[7m177[0m       return userSubscribed.records.map(record => record.)
[7m   [0m [91m                                                         ~[0m

TSError: тип Unable to compile TypeScript:
[96msrc/services/users.service.ts[0m:[93m177[0m:[93m58[0m - [91merror[0m[90m TS1003: [0mIdentifier expected.

[7m177[0m       return userSubscribed.records.map(record => record.)
[7m   [0m [91m                                                         ~[0m

    at createTSError (C:\Users\Devops3\Documents\Projects\feetflight\node_modules\ts-node\src\index.ts:859:12)
    at reportTSError (C:\Users\Devops3\Documents\Projects\feetflight\node_modules\ts-node\src\index.ts:863:19)
    at C:\Users\Devops3\Documents\Projects\feetflight\node_modules\ts-node\src\index.ts:1379:34
    at Object.compile (C:\Users\Devops3\Documents\Projects\feetflight\node_modules\ts-node\src\index.ts:1458:13)
    at Module.m._compile (C:\Users\Devops3\Documents\Projects\feetflight\node_modules\ts-node\src\index.ts:1617:30)
    at Module._extensions..js (internal/modules/cjs/loader.js:1114:10)
    at Object.require.extensions.<computed> [as .ts] (C:\Users\Devops3\Documents\Projects\feetflight\node_modules\ts-node\src\index.ts:1621:12)
    at Module.load (internal/modules/cjs/loader.js:950:32)
    at Function.Module._load (internal/modules/cjs/loader.js:790:12)
    at Module.require (internal/modules/cjs/loader.js:974:19)
2023-04-18 17:24:49 error: uncaughtException: тип Unable to compile TypeScript:
[96msrc/services/users.service.ts[0m:[93m177[0m:[93m67[0m - [91merror[0m[90m TS1003: [0mIdentifier expected.

[7m177[0m       return userSubscribed.records.map(record => record.get("u").)
[7m   [0m [91m                                                                  ~[0m

TSError: тип Unable to compile TypeScript:
[96msrc/services/users.service.ts[0m:[93m177[0m:[93m67[0m - [91merror[0m[90m TS1003: [0mIdentifier expected.

[7m177[0m       return userSubscribed.records.map(record => record.get("u").)
[7m   [0m [91m                                                                  ~[0m

    at createTSError (C:\Users\Devops3\Documents\Projects\feetflight\node_modules\ts-node\src\index.ts:859:12)
    at reportTSError (C:\Users\Devops3\Documents\Projects\feetflight\node_modules\ts-node\src\index.ts:863:19)
    at C:\Users\Devops3\Documents\Projects\feetflight\node_modules\ts-node\src\index.ts:1379:34
    at Object.compile (C:\Users\Devops3\Documents\Projects\feetflight\node_modules\ts-node\src\index.ts:1458:13)
    at Module.m._compile (C:\Users\Devops3\Documents\Projects\feetflight\node_modules\ts-node\src\index.ts:1617:30)
    at Module._extensions..js (internal/modules/cjs/loader.js:1114:10)
    at Object.require.extensions.<computed> [as .ts] (C:\Users\Devops3\Documents\Projects\feetflight\node_modules\ts-node\src\index.ts:1621:12)
    at Module.load (internal/modules/cjs/loader.js:950:32)
    at Function.Module._load (internal/modules/cjs/loader.js:790:12)
    at Module.require (internal/modules/cjs/loader.js:974:19)
2023-04-18 17:25:15 error: uncaughtException: тип Unable to compile TypeScript:
[96msrc/services/users.service.ts[0m:[93m177[0m:[93m29[0m - [91merror[0m[90m TS1003: [0mIdentifier expected.

[7m177[0m       return userSubscribed..map(record => record.get('u').properties);
[7m   [0m [91m                            ~[0m

TSError: тип Unable to compile TypeScript:
[96msrc/services/users.service.ts[0m:[93m177[0m:[93m29[0m - [91merror[0m[90m TS1003: [0mIdentifier expected.

[7m177[0m       return userSubscribed..map(record => record.get('u').properties);
[7m   [0m [91m                            ~[0m

    at createTSError (C:\Users\Devops3\Documents\Projects\feetflight\node_modules\ts-node\src\index.ts:859:12)
    at reportTSError (C:\Users\Devops3\Documents\Projects\feetflight\node_modules\ts-node\src\index.ts:863:19)
    at C:\Users\Devops3\Documents\Projects\feetflight\node_modules\ts-node\src\index.ts:1379:34
    at Object.compile (C:\Users\Devops3\Documents\Projects\feetflight\node_modules\ts-node\src\index.ts:1458:13)
    at Module.m._compile (C:\Users\Devops3\Documents\Projects\feetflight\node_modules\ts-node\src\index.ts:1617:30)
    at Module._extensions..js (internal/modules/cjs/loader.js:1114:10)
    at Object.require.extensions.<computed> [as .ts] (C:\Users\Devops3\Documents\Projects\feetflight\node_modules\ts-node\src\index.ts:1621:12)
    at Module.load (internal/modules/cjs/loader.js:950:32)
    at Function.Module._load (internal/modules/cjs/loader.js:790:12)
    at Module.require (internal/modules/cjs/loader.js:974:19)
2023-04-18 17:53:32 error: uncaughtException: тип Unable to compile TypeScript:
[96msrc/controllers/seller.controller.ts[0m:[93m34[0m:[93m58[0m - [91merror[0m[90m TS1003: [0mIdentifier expected.

[7m34[0m       const addedIdentityCard = await this.sellerService.(userId, subscriptionPlansData);
[7m  [0m [91m                                                         ~[0m

TSError: тип Unable to compile TypeScript:
[96msrc/controllers/seller.controller.ts[0m:[93m34[0m:[93m58[0m - [91merror[0m[90m TS1003: [0mIdentifier expected.

[7m34[0m       const addedIdentityCard = await this.sellerService.(userId, subscriptionPlansData);
[7m  [0m [91m                                                         ~[0m

    at createTSError (C:\Users\Devops3\Documents\Projects\feetflight\node_modules\ts-node\src\index.ts:859:12)
    at reportTSError (C:\Users\Devops3\Documents\Projects\feetflight\node_modules\ts-node\src\index.ts:863:19)
    at C:\Users\Devops3\Documents\Projects\feetflight\node_modules\ts-node\src\index.ts:1379:34
    at Object.compile (C:\Users\Devops3\Documents\Projects\feetflight\node_modules\ts-node\src\index.ts:1458:13)
    at Module.m._compile (C:\Users\Devops3\Documents\Projects\feetflight\node_modules\ts-node\src\index.ts:1617:30)
    at Module._extensions..js (internal/modules/cjs/loader.js:1114:10)
    at Object.require.extensions.<computed> [as .ts] (C:\Users\Devops3\Documents\Projects\feetflight\node_modules\ts-node\src\index.ts:1621:12)
    at Module.load (internal/modules/cjs/loader.js:950:32)
    at Function.Module._load (internal/modules/cjs/loader.js:790:12)
    at Module.require (internal/modules/cjs/loader.js:974:19)
2023-04-18 17:53:40 error: uncaughtException: тип Unable to compile TypeScript:
[96msrc/controllers/seller.controller.ts[0m:[93m34[0m:[93m58[0m - [91merror[0m[90m TS1003: [0mIdentifier expected.

[7m34[0m       const addedIdentityCard = await this.sellerService.(userId, subscriptionPlansData);
[7m  [0m [91m                                                         ~[0m

TSError: тип Unable to compile TypeScript:
[96msrc/controllers/seller.controller.ts[0m:[93m34[0m:[93m58[0m - [91merror[0m[90m TS1003: [0mIdentifier expected.

[7m34[0m       const addedIdentityCard = await this.sellerService.(userId, subscriptionPlansData);
[7m  [0m [91m                                                         ~[0m

    at createTSError (C:\Users\Devops3\Documents\Projects\feetflight\node_modules\ts-node\src\index.ts:859:12)
    at reportTSError (C:\Users\Devops3\Documents\Projects\feetflight\node_modules\ts-node\src\index.ts:863:19)
    at C:\Users\Devops3\Documents\Projects\feetflight\node_modules\ts-node\src\index.ts:1379:34
    at Object.compile (C:\Users\Devops3\Documents\Projects\feetflight\node_modules\ts-node\src\index.ts:1458:13)
    at Module.m._compile (C:\Users\Devops3\Documents\Projects\feetflight\node_modules\ts-node\src\index.ts:1617:30)
    at Module._extensions..js (internal/modules/cjs/loader.js:1114:10)
    at Object.require.extensions.<computed> [as .ts] (C:\Users\Devops3\Documents\Projects\feetflight\node_modules\ts-node\src\index.ts:1621:12)
    at Module.load (internal/modules/cjs/loader.js:950:32)
    at Function.Module._load (internal/modules/cjs/loader.js:790:12)
    at Module.require (internal/modules/cjs/loader.js:974:19)
2023-04-18 17:56:43 error: uncaughtException: тип Unable to compile TypeScript:
[96msrc/services/seller.service.ts[0m:[93m74[0m:[93m19[0m - [91merror[0m[90m TS1005: [0m',' expected.

[7m74[0m             userId: userId,
[7m  [0m [91m                  ~[0m

TSError: тип Unable to compile TypeScript:
[96msrc/services/seller.service.ts[0m:[93m74[0m:[93m19[0m - [91merror[0m[90m TS1005: [0m',' expected.

[7m74[0m             userId: userId,
[7m  [0m [91m                  ~[0m

    at createTSError (C:\Users\Devops3\Documents\Projects\feetflight\node_modules\ts-node\src\index.ts:859:12)
    at reportTSError (C:\Users\Devops3\Documents\Projects\feetflight\node_modules\ts-node\src\index.ts:863:19)
    at C:\Users\Devops3\Documents\Projects\feetflight\node_modules\ts-node\src\index.ts:1379:34
    at Object.compile (C:\Users\Devops3\Documents\Projects\feetflight\node_modules\ts-node\src\index.ts:1458:13)
    at Module.m._compile (C:\Users\Devops3\Documents\Projects\feetflight\node_modules\ts-node\src\index.ts:1617:30)
    at Module._extensions..js (internal/modules/cjs/loader.js:1114:10)
    at Object.require.extensions.<computed> [as .ts] (C:\Users\Devops3\Documents\Projects\feetflight\node_modules\ts-node\src\index.ts:1621:12)
    at Module.load (internal/modules/cjs/loader.js:950:32)
    at Function.Module._load (internal/modules/cjs/loader.js:790:12)
    at Module.require (internal/modules/cjs/loader.js:974:19)
2023-04-18 17:57:06 error: uncaughtException: тип Unable to compile TypeScript:
[96msrc/services/seller.service.ts[0m:[93m74[0m:[93m19[0m - [91merror[0m[90m TS1005: [0m',' expected.

[7m74[0m             userId: userId,
[7m  [0m [91m                  ~[0m

TSError: тип Unable to compile TypeScript:
[96msrc/services/seller.service.ts[0m:[93m74[0m:[93m19[0m - [91merror[0m[90m TS1005: [0m',' expected.

[7m74[0m             userId: userId,
[7m  [0m [91m                  ~[0m

    at createTSError (C:\Users\Devops3\Documents\Projects\feetflight\node_modules\ts-node\src\index.ts:859:12)
    at reportTSError (C:\Users\Devops3\Documents\Projects\feetflight\node_modules\ts-node\src\index.ts:863:19)
    at C:\Users\Devops3\Documents\Projects\feetflight\node_modules\ts-node\src\index.ts:1379:34
    at Object.compile (C:\Users\Devops3\Documents\Projects\feetflight\node_modules\ts-node\src\index.ts:1458:13)
    at Module.m._compile (C:\Users\Devops3\Documents\Projects\feetflight\node_modules\ts-node\src\index.ts:1617:30)
    at Module._extensions..js (internal/modules/cjs/loader.js:1114:10)
    at Object.require.extensions.<computed> [as .ts] (C:\Users\Devops3\Documents\Projects\feetflight\node_modules\ts-node\src\index.ts:1621:12)
    at Module.load (internal/modules/cjs/loader.js:950:32)
    at Function.Module._load (internal/modules/cjs/loader.js:790:12)
    at Module.require (internal/modules/cjs/loader.js:974:19)
2023-04-18 17:57:08 error: uncaughtException: тип Unable to compile TypeScript:
[96msrc/services/seller.service.ts[0m:[93m74[0m:[93m19[0m - [91merror[0m[90m TS1005: [0m',' expected.

[7m74[0m             userId: userId,
[7m  [0m [91m                  ~[0m

TSError: тип Unable to compile TypeScript:
[96msrc/services/seller.service.ts[0m:[93m74[0m:[93m19[0m - [91merror[0m[90m TS1005: [0m',' expected.

[7m74[0m             userId: userId,
[7m  [0m [91m                  ~[0m

    at createTSError (C:\Users\Devops3\Documents\Projects\feetflight\node_modules\ts-node\src\index.ts:859:12)
    at reportTSError (C:\Users\Devops3\Documents\Projects\feetflight\node_modules\ts-node\src\index.ts:863:19)
    at C:\Users\Devops3\Documents\Projects\feetflight\node_modules\ts-node\src\index.ts:1379:34
    at Object.compile (C:\Users\Devops3\Documents\Projects\feetflight\node_modules\ts-node\src\index.ts:1458:13)
    at Module.m._compile (C:\Users\Devops3\Documents\Projects\feetflight\node_modules\ts-node\src\index.ts:1617:30)
    at Module._extensions..js (internal/modules/cjs/loader.js:1114:10)
    at Object.require.extensions.<computed> [as .ts] (C:\Users\Devops3\Documents\Projects\feetflight\node_modules\ts-node\src\index.ts:1621:12)
    at Module.load (internal/modules/cjs/loader.js:950:32)
    at Function.Module._load (internal/modules/cjs/loader.js:790:12)
    at Module.require (internal/modules/cjs/loader.js:974:19)
2023-04-18 17:57:13 error: uncaughtException: тип Unable to compile TypeScript:
[96msrc/services/seller.service.ts[0m:[93m74[0m:[93m19[0m - [91merror[0m[90m TS1005: [0m',' expected.

[7m74[0m             userId: userId,
[7m  [0m [91m                  ~[0m

TSError: тип Unable to compile TypeScript:
[96msrc/services/seller.service.ts[0m:[93m74[0m:[93m19[0m - [91merror[0m[90m TS1005: [0m',' expected.

[7m74[0m             userId: userId,
[7m  [0m [91m                  ~[0m

    at createTSError (C:\Users\Devops3\Documents\Projects\feetflight\node_modules\ts-node\src\index.ts:859:12)
    at reportTSError (C:\Users\Devops3\Documents\Projects\feetflight\node_modules\ts-node\src\index.ts:863:19)
    at C:\Users\Devops3\Documents\Projects\feetflight\node_modules\ts-node\src\index.ts:1379:34
    at Object.compile (C:\Users\Devops3\Documents\Projects\feetflight\node_modules\ts-node\src\index.ts:1458:13)
    at Module.m._compile (C:\Users\Devops3\Documents\Projects\feetflight\node_modules\ts-node\src\index.ts:1617:30)
    at Module._extensions..js (internal/modules/cjs/loader.js:1114:10)
    at Object.require.extensions.<computed> [as .ts] (C:\Users\Devops3\Documents\Projects\feetflight\node_modules\ts-node\src\index.ts:1621:12)
    at Module.load (internal/modules/cjs/loader.js:950:32)
    at Function.Module._load (internal/modules/cjs/loader.js:790:12)
    at Module.require (internal/modules/cjs/loader.js:974:19)
2023-04-18 18:02:50 error: uncaughtException: тип Unable to compile TypeScript:
[96msrc/services/seller.service.ts[0m:[93m74[0m:[93m19[0m - [91merror[0m[90m TS1005: [0m',' expected.

[7m74[0m             userId: userId,
[7m  [0m [91m                  ~[0m

TSError: тип Unable to compile TypeScript:
[96msrc/services/seller.service.ts[0m:[93m74[0m:[93m19[0m - [91merror[0m[90m TS1005: [0m',' expected.

[7m74[0m             userId: userId,
[7m  [0m [91m                  ~[0m

    at createTSError (C:\Users\Devops3\Documents\Projects\feetflight\node_modules\ts-node\src\index.ts:859:12)
    at reportTSError (C:\Users\Devops3\Documents\Projects\feetflight\node_modules\ts-node\src\index.ts:863:19)
    at C:\Users\Devops3\Documents\Projects\feetflight\node_modules\ts-node\src\index.ts:1379:34
    at Object.compile (C:\Users\Devops3\Documents\Projects\feetflight\node_modules\ts-node\src\index.ts:1458:13)
    at Module.m._compile (C:\Users\Devops3\Documents\Projects\feetflight\node_modules\ts-node\src\index.ts:1617:30)
    at Module._extensions..js (internal/modules/cjs/loader.js:1114:10)
    at Object.require.extensions.<computed> [as .ts] (C:\Users\Devops3\Documents\Projects\feetflight\node_modules\ts-node\src\index.ts:1621:12)
    at Module.load (internal/modules/cjs/loader.js:950:32)
    at Function.Module._load (internal/modules/cjs/loader.js:790:12)
    at Module.require (internal/modules/cjs/loader.js:974:19)
2023-04-18 18:10:02 error: uncaughtException: тип Unable to compile TypeScript:
[96msrc/services/auth.service.ts[0m:[93m43[0m:[93m25[0m - [91merror[0m[90m TS1003: [0mIdentifier expected.

[7m43[0m           identityPhoto.
[7m  [0m [91m                        [0m

TSError: тип Unable to compile TypeScript:
[96msrc/services/auth.service.ts[0m:[93m43[0m:[93m25[0m - [91merror[0m[90m TS1003: [0mIdentifier expected.

[7m43[0m           identityPhoto.
[7m  [0m [91m                        [0m

    at createTSError (C:\Users\Devops3\Documents\Projects\feetflight\node_modules\ts-node\src\index.ts:859:12)
    at reportTSError (C:\Users\Devops3\Documents\Projects\feetflight\node_modules\ts-node\src\index.ts:863:19)
    at C:\Users\Devops3\Documents\Projects\feetflight\node_modules\ts-node\src\index.ts:1379:34
    at Object.compile (C:\Users\Devops3\Documents\Projects\feetflight\node_modules\ts-node\src\index.ts:1458:13)
    at Module.m._compile (C:\Users\Devops3\Documents\Projects\feetflight\node_modules\ts-node\src\index.ts:1617:30)
    at Module._extensions..js (internal/modules/cjs/loader.js:1114:10)
    at Object.require.extensions.<computed> [as .ts] (C:\Users\Devops3\Documents\Projects\feetflight\node_modules\ts-node\src\index.ts:1621:12)
    at Module.load (internal/modules/cjs/loader.js:950:32)
    at Function.Module._load (internal/modules/cjs/loader.js:790:12)
    at Module.require (internal/modules/cjs/loader.js:974:19)
2023-04-18 18:10:43 error: uncaughtException: тип Unable to compile TypeScript:
[96msrc/services/auth.service.ts[0m:[93m43[0m:[93m44[0m - [91merror[0m[90m TS1109: [0mExpression expected.

[7m43[0m           userData.data.identityPhoto.map(())
[7m  [0m [91m                                           ~[0m

TSError: тип Unable to compile TypeScript:
[96msrc/services/auth.service.ts[0m:[93m43[0m:[93m44[0m - [91merror[0m[90m TS1109: [0mExpression expected.

[7m43[0m           userData.data.identityPhoto.map(())
[7m  [0m [91m                                           ~[0m

    at createTSError (C:\Users\Devops3\Documents\Projects\feetflight\node_modules\ts-node\src\index.ts:859:12)
    at reportTSError (C:\Users\Devops3\Documents\Projects\feetflight\node_modules\ts-node\src\index.ts:863:19)
    at C:\Users\Devops3\Documents\Projects\feetflight\node_modules\ts-node\src\index.ts:1379:34
    at Object.compile (C:\Users\Devops3\Documents\Projects\feetflight\node_modules\ts-node\src\index.ts:1458:13)
    at Module.m._compile (C:\Users\Devops3\Documents\Projects\feetflight\node_modules\ts-node\src\index.ts:1617:30)
    at Module._extensions..js (internal/modules/cjs/loader.js:1114:10)
    at Object.require.extensions.<computed> [as .ts] (C:\Users\Devops3\Documents\Projects\feetflight\node_modules\ts-node\src\index.ts:1621:12)
    at Module.load (internal/modules/cjs/loader.js:950:32)
    at Function.Module._load (internal/modules/cjs/loader.js:790:12)
    at Module.require (internal/modules/cjs/loader.js:974:19)
2023-04-18 18:14:27 error: uncaughtException: тип Unable to compile TypeScript:
[96msrc/services/auth.service.ts[0m:[93m14[0m:[93m1[0m - [91merror[0m[90m TS1005: [0m'=' expected.

[7m14[0m import Stripe from 'stripe';
[7m  [0m [91m~~~~~~[0m

TSError: тип Unable to compile TypeScript:
[96msrc/services/auth.service.ts[0m:[93m14[0m:[93m1[0m - [91merror[0m[90m TS1005: [0m'=' expected.

[7m14[0m import Stripe from 'stripe';
[7m  [0m [91m~~~~~~[0m

    at createTSError (C:\Users\Devops3\Documents\Projects\feetflight\node_modules\ts-node\src\index.ts:859:12)
    at reportTSError (C:\Users\Devops3\Documents\Projects\feetflight\node_modules\ts-node\src\index.ts:863:19)
    at C:\Users\Devops3\Documents\Projects\feetflight\node_modules\ts-node\src\index.ts:1379:34
    at Object.compile (C:\Users\Devops3\Documents\Projects\feetflight\node_modules\ts-node\src\index.ts:1458:13)
    at Module.m._compile (C:\Users\Devops3\Documents\Projects\feetflight\node_modules\ts-node\src\index.ts:1617:30)
    at Module._extensions..js (internal/modules/cjs/loader.js:1114:10)
    at Object.require.extensions.<computed> [as .ts] (C:\Users\Devops3\Documents\Projects\feetflight\node_modules\ts-node\src\index.ts:1621:12)
    at Module.load (internal/modules/cjs/loader.js:950:32)
    at Function.Module._load (internal/modules/cjs/loader.js:790:12)
    at Module.require (internal/modules/cjs/loader.js:974:19)
2023-04-18 18:14:33 error: uncaughtException: тип Unable to compile TypeScript:
[96msrc/services/auth.service.ts[0m:[93m14[0m:[93m1[0m - [91merror[0m[90m TS1005: [0m'=' expected.

[7m14[0m import Stripe from 'stripe';
[7m  [0m [91m~~~~~~[0m

TSError: тип Unable to compile TypeScript:
[96msrc/services/auth.service.ts[0m:[93m14[0m:[93m1[0m - [91merror[0m[90m TS1005: [0m'=' expected.

[7m14[0m import Stripe from 'stripe';
[7m  [0m [91m~~~~~~[0m

    at createTSError (C:\Users\Devops3\Documents\Projects\feetflight\node_modules\ts-node\src\index.ts:859:12)
    at reportTSError (C:\Users\Devops3\Documents\Projects\feetflight\node_modules\ts-node\src\index.ts:863:19)
    at C:\Users\Devops3\Documents\Projects\feetflight\node_modules\ts-node\src\index.ts:1379:34
    at Object.compile (C:\Users\Devops3\Documents\Projects\feetflight\node_modules\ts-node\src\index.ts:1458:13)
    at Module.m._compile (C:\Users\Devops3\Documents\Projects\feetflight\node_modules\ts-node\src\index.ts:1617:30)
    at Module._extensions..js (internal/modules/cjs/loader.js:1114:10)
    at Object.require.extensions.<computed> [as .ts] (C:\Users\Devops3\Documents\Projects\feetflight\node_modules\ts-node\src\index.ts:1621:12)
    at Module.load (internal/modules/cjs/loader.js:950:32)
    at Function.Module._load (internal/modules/cjs/loader.js:790:12)
    at Module.require (internal/modules/cjs/loader.js:974:19)
2023-04-18 18:15:13 error: uncaughtException: тип Unable to compile TypeScript:
[96msrc/services/auth.service.ts[0m:[93m45[0m:[93m53[0m - [91merror[0m[90m TS1110: [0mType expected.

[7m45[0m           userData.data.identityPhoto.map((picture: ) => {
[7m  [0m [91m                                                    ~[0m

TSError: тип Unable to compile TypeScript:
[96msrc/services/auth.service.ts[0m:[93m45[0m:[93m53[0m - [91merror[0m[90m TS1110: [0mType expected.

[7m45[0m           userData.data.identityPhoto.map((picture: ) => {
[7m  [0m [91m                                                    ~[0m

    at createTSError (C:\Users\Devops3\Documents\Projects\feetflight\node_modules\ts-node\src\index.ts:859:12)
    at reportTSError (C:\Users\Devops3\Documents\Projects\feetflight\node_modules\ts-node\src\index.ts:863:19)
    at C:\Users\Devops3\Documents\Projects\feetflight\node_modules\ts-node\src\index.ts:1379:34
    at Object.compile (C:\Users\Devops3\Documents\Projects\feetflight\node_modules\ts-node\src\index.ts:1458:13)
    at Module.m._compile (C:\Users\Devops3\Documents\Projects\feetflight\node_modules\ts-node\src\index.ts:1617:30)
    at Module._extensions..js (internal/modules/cjs/loader.js:1114:10)
    at Object.require.extensions.<computed> [as .ts] (C:\Users\Devops3\Documents\Projects\feetflight\node_modules\ts-node\src\index.ts:1621:12)
    at Module.load (internal/modules/cjs/loader.js:950:32)
    at Function.Module._load (internal/modules/cjs/loader.js:790:12)
    at Module.require (internal/modules/cjs/loader.js:974:19)
