2023-06-23 10:57:35 error: uncaughtException: тип Unable to compile TypeScript:
[96msrc/controllers/auth.controller.ts[0m:[93m14[0m:[93m44[0m - [91merror[0m[90m TS1005: [0m';' expected.

[7m14[0m       res.status(201).json(signUpUserData) : res.status(201).json(signUpUserData);
[7m  [0m [91m                                           ~[0m

TSError: тип Unable to compile TypeScript:
[96msrc/controllers/auth.controller.ts[0m:[93m14[0m:[93m44[0m - [91merror[0m[90m TS1005: [0m';' expected.

[7m14[0m       res.status(201).json(signUpUserData) : res.status(201).json(signUpUserData);
[7m  [0m [91m                                           ~[0m

    at createTSError (C:\Users\Devops3\Documents\Projects\feetflight\feetflight\node_modules\ts-node\src\index.ts:859:12)
    at reportTSError (C:\Users\Devops3\Documents\Projects\feetflight\feetflight\node_modules\ts-node\src\index.ts:863:19)
    at C:\Users\Devops3\Documents\Projects\feetflight\feetflight\node_modules\ts-node\src\index.ts:1379:34
    at Object.compile (C:\Users\Devops3\Documents\Projects\feetflight\feetflight\node_modules\ts-node\src\index.ts:1458:13)
    at Module.m._compile (C:\Users\Devops3\Documents\Projects\feetflight\feetflight\node_modules\ts-node\src\index.ts:1617:30)
    at Module._extensions..js (internal/modules/cjs/loader.js:1114:10)
    at Object.require.extensions.<computed> [as .ts] (C:\Users\Devops3\Documents\Projects\feetflight\feetflight\node_modules\ts-node\src\index.ts:1621:12)
    at Module.load (internal/modules/cjs/loader.js:950:32)
    at Function.Module._load (internal/modules/cjs/loader.js:790:12)
    at Module.require (internal/modules/cjs/loader.js:974:19)
2023-06-23 11:42:08 error: [POST] /users/upload/avatar/cus_O8NF3VyONRjMkx >> StatusCode:: 404, Message:: file needed
2023-06-23 11:49:47 error: [POST] /users/upload/avatar/cus_O8NNkkdIrn2Zug >> StatusCode:: 404, Message:: file needed
2023-06-23 11:50:35 error: [POST] /users/upload/avatar/cus_O8NO7okeMHxE1y >> StatusCode:: 404, Message:: file needed
2023-06-23 13:41:46 error: [POST] /users/upload/avatar/cus_O8PBhQ8X1mQWVv >> StatusCode:: 404, Message:: file needed
2023-06-23 14:06:13 error: [POST] /users/upload/avatar/cus_O8PZXWcSw6p9RE >> StatusCode:: 404, Message:: file needed
2023-06-23 14:49:31 error: uncaughtException: тип Unable to compile TypeScript:
[96msrc/routes/users.route.ts[0m:[93m27[0m:[93m29[0m - [91merror[0m[90m TS1003: [0mIdentifier expected.

[7m27[0m       () => console.log(req.),
[7m  [0m [91m                            ~[0m

TSError: тип Unable to compile TypeScript:
[96msrc/routes/users.route.ts[0m:[93m27[0m:[93m29[0m - [91merror[0m[90m TS1003: [0mIdentifier expected.

[7m27[0m       () => console.log(req.),
[7m  [0m [91m                            ~[0m

    at createTSError (C:\Users\Devops3\Documents\Projects\feetflight\feetflight\node_modules\ts-node\src\index.ts:859:12)
    at reportTSError (C:\Users\Devops3\Documents\Projects\feetflight\feetflight\node_modules\ts-node\src\index.ts:863:19)
    at C:\Users\Devops3\Documents\Projects\feetflight\feetflight\node_modules\ts-node\src\index.ts:1379:34
    at Object.compile (C:\Users\Devops3\Documents\Projects\feetflight\feetflight\node_modules\ts-node\src\index.ts:1458:13)
    at Module.m._compile (C:\Users\Devops3\Documents\Projects\feetflight\feetflight\node_modules\ts-node\src\index.ts:1617:30)
    at Module._extensions..js (internal/modules/cjs/loader.js:1114:10)
    at Object.require.extensions.<computed> [as .ts] (C:\Users\Devops3\Documents\Projects\feetflight\feetflight\node_modules\ts-node\src\index.ts:1621:12)
    at Module.load (internal/modules/cjs/loader.js:950:32)
    at Function.Module._load (internal/modules/cjs/loader.js:790:12)
    at Module.require (internal/modules/cjs/loader.js:974:19)
2023-06-23 14:49:47 error: uncaughtException: тип Unable to compile TypeScript:
[96msrc/routes/users.route.ts[0m:[93m28[0m:[93m33[0m - [91merror[0m[90m TS1003: [0mIdentifier expected.

[7m28[0m       () => console.log(request.),
[7m  [0m [91m                                ~[0m

TSError: тип Unable to compile TypeScript:
[96msrc/routes/users.route.ts[0m:[93m28[0m:[93m33[0m - [91merror[0m[90m TS1003: [0mIdentifier expected.

[7m28[0m       () => console.log(request.),
[7m  [0m [91m                                ~[0m

    at createTSError (C:\Users\Devops3\Documents\Projects\feetflight\feetflight\node_modules\ts-node\src\index.ts:859:12)
    at reportTSError (C:\Users\Devops3\Documents\Projects\feetflight\feetflight\node_modules\ts-node\src\index.ts:863:19)
    at C:\Users\Devops3\Documents\Projects\feetflight\feetflight\node_modules\ts-node\src\index.ts:1379:34
    at Object.compile (C:\Users\Devops3\Documents\Projects\feetflight\feetflight\node_modules\ts-node\src\index.ts:1458:13)
    at Module.m._compile (C:\Users\Devops3\Documents\Projects\feetflight\feetflight\node_modules\ts-node\src\index.ts:1617:30)
    at Module._extensions..js (internal/modules/cjs/loader.js:1114:10)
    at Object.require.extensions.<computed> [as .ts] (C:\Users\Devops3\Documents\Projects\feetflight\feetflight\node_modules\ts-node\src\index.ts:1621:12)
    at Module.load (internal/modules/cjs/loader.js:950:32)
    at Function.Module._load (internal/modules/cjs/loader.js:790:12)
    at Module.require (internal/modules/cjs/loader.js:974:19)
2023-06-23 14:51:54 error: uncaughtException: тип Unable to compile TypeScript:
[96msrc/routes/users.route.ts[0m:[93m28[0m:[93m8[0m - [91merror[0m[90m TS1109: [0mExpression expected.

[7m28[0m       ()
[7m  [0m [91m       ~[0m
[96msrc/routes/users.route.ts[0m:[93m29[0m:[93m7[0m - [91merror[0m[90m TS1005: [0m',' expected.

[7m29[0m       multer().single('avatar'),
[7m  [0m [91m      ~~~~~~[0m

TSError: тип Unable to compile TypeScript:
[96msrc/routes/users.route.ts[0m:[93m28[0m:[93m8[0m - [91merror[0m[90m TS1109: [0mExpression expected.

[7m28[0m       ()
[7m  [0m [91m       ~[0m
[96msrc/routes/users.route.ts[0m:[93m29[0m:[93m7[0m - [91merror[0m[90m TS1005: [0m',' expected.

[7m29[0m       multer().single('avatar'),
[7m  [0m [91m      ~~~~~~[0m

    at createTSError (C:\Users\Devops3\Documents\Projects\feetflight\feetflight\node_modules\ts-node\src\index.ts:859:12)
    at reportTSError (C:\Users\Devops3\Documents\Projects\feetflight\feetflight\node_modules\ts-node\src\index.ts:863:19)
    at C:\Users\Devops3\Documents\Projects\feetflight\feetflight\node_modules\ts-node\src\index.ts:1379:34
    at Object.compile (C:\Users\Devops3\Documents\Projects\feetflight\feetflight\node_modules\ts-node\src\index.ts:1458:13)
    at Module.m._compile (C:\Users\Devops3\Documents\Projects\feetflight\feetflight\node_modules\ts-node\src\index.ts:1617:30)
    at Module._extensions..js (internal/modules/cjs/loader.js:1114:10)
    at Object.require.extensions.<computed> [as .ts] (C:\Users\Devops3\Documents\Projects\feetflight\feetflight\node_modules\ts-node\src\index.ts:1621:12)
    at Module.load (internal/modules/cjs/loader.js:950:32)
    at Function.Module._load (internal/modules/cjs/loader.js:790:12)
    at Module.require (internal/modules/cjs/loader.js:974:19)
2023-06-23 14:52:05 error: uncaughtException: тип Unable to compile TypeScript:
[96msrc/routes/users.route.ts[0m:[93m29[0m:[93m7[0m - [91merror[0m[90m TS1005: [0m',' expected.

[7m29[0m       multer().single('avatar'),
[7m  [0m [91m      ~~~~~~[0m

TSError: тип Unable to compile TypeScript:
[96msrc/routes/users.route.ts[0m:[93m29[0m:[93m7[0m - [91merror[0m[90m TS1005: [0m',' expected.

[7m29[0m       multer().single('avatar'),
[7m  [0m [91m      ~~~~~~[0m

    at createTSError (C:\Users\Devops3\Documents\Projects\feetflight\feetflight\node_modules\ts-node\src\index.ts:859:12)
    at reportTSError (C:\Users\Devops3\Documents\Projects\feetflight\feetflight\node_modules\ts-node\src\index.ts:863:19)
    at C:\Users\Devops3\Documents\Projects\feetflight\feetflight\node_modules\ts-node\src\index.ts:1379:34
    at Object.compile (C:\Users\Devops3\Documents\Projects\feetflight\feetflight\node_modules\ts-node\src\index.ts:1458:13)
    at Module.m._compile (C:\Users\Devops3\Documents\Projects\feetflight\feetflight\node_modules\ts-node\src\index.ts:1617:30)
    at Module._extensions..js (internal/modules/cjs/loader.js:1114:10)
    at Object.require.extensions.<computed> [as .ts] (C:\Users\Devops3\Documents\Projects\feetflight\feetflight\node_modules\ts-node\src\index.ts:1621:12)
    at Module.load (internal/modules/cjs/loader.js:950:32)
    at Function.Module._load (internal/modules/cjs/loader.js:790:12)
    at Module.require (internal/modules/cjs/loader.js:974:19)
2023-06-23 14:52:09 error: uncaughtException: тип Unable to compile TypeScript:
[96msrc/routes/users.route.ts[0m:[93m28[0m:[93m33[0m - [91merror[0m[90m TS1005: [0m')' expected.

[7m28[0m       (req,res) => console.log();
[7m  [0m [91m                                ~[0m
[96msrc/routes/users.route.ts[0m:[93m33[0m:[93m5[0m - [91merror[0m[90m TS1109: [0mExpression expected.

[7m33[0m     );
[7m  [0m [91m    ~[0m

TSError: тип Unable to compile TypeScript:
[96msrc/routes/users.route.ts[0m:[93m28[0m:[93m33[0m - [91merror[0m[90m TS1005: [0m')' expected.

[7m28[0m       (req,res) => console.log();
[7m  [0m [91m                                ~[0m
[96msrc/routes/users.route.ts[0m:[93m33[0m:[93m5[0m - [91merror[0m[90m TS1109: [0mExpression expected.

[7m33[0m     );
[7m  [0m [91m    ~[0m

    at createTSError (C:\Users\Devops3\Documents\Projects\feetflight\feetflight\node_modules\ts-node\src\index.ts:859:12)
    at reportTSError (C:\Users\Devops3\Documents\Projects\feetflight\feetflight\node_modules\ts-node\src\index.ts:863:19)
    at C:\Users\Devops3\Documents\Projects\feetflight\feetflight\node_modules\ts-node\src\index.ts:1379:34
    at Object.compile (C:\Users\Devops3\Documents\Projects\feetflight\feetflight\node_modules\ts-node\src\index.ts:1458:13)
    at Module.m._compile (C:\Users\Devops3\Documents\Projects\feetflight\feetflight\node_modules\ts-node\src\index.ts:1617:30)
    at Module._extensions..js (internal/modules/cjs/loader.js:1114:10)
    at Object.require.extensions.<computed> [as .ts] (C:\Users\Devops3\Documents\Projects\feetflight\feetflight\node_modules\ts-node\src\index.ts:1621:12)
    at Module.load (internal/modules/cjs/loader.js:950:32)
    at Function.Module._load (internal/modules/cjs/loader.js:790:12)
    at Module.require (internal/modules/cjs/loader.js:974:19)
2023-06-23 14:52:12 error: uncaughtException: тип Unable to compile TypeScript:
[96msrc/routes/users.route.ts[0m:[93m30[0m:[93m7[0m - [91merror[0m[90m TS1005: [0m',' expected.

[7m30[0m       multer().single('avatar'),
[7m  [0m [91m      ~~~~~~[0m

TSError: тип Unable to compile TypeScript:
[96msrc/routes/users.route.ts[0m:[93m30[0m:[93m7[0m - [91merror[0m[90m TS1005: [0m',' expected.

[7m30[0m       multer().single('avatar'),
[7m  [0m [91m      ~~~~~~[0m

    at createTSError (C:\Users\Devops3\Documents\Projects\feetflight\feetflight\node_modules\ts-node\src\index.ts:859:12)
    at reportTSError (C:\Users\Devops3\Documents\Projects\feetflight\feetflight\node_modules\ts-node\src\index.ts:863:19)
    at C:\Users\Devops3\Documents\Projects\feetflight\feetflight\node_modules\ts-node\src\index.ts:1379:34
    at Object.compile (C:\Users\Devops3\Documents\Projects\feetflight\feetflight\node_modules\ts-node\src\index.ts:1458:13)
    at Module.m._compile (C:\Users\Devops3\Documents\Projects\feetflight\feetflight\node_modules\ts-node\src\index.ts:1617:30)
    at Module._extensions..js (internal/modules/cjs/loader.js:1114:10)
    at Object.require.extensions.<computed> [as .ts] (C:\Users\Devops3\Documents\Projects\feetflight\feetflight\node_modules\ts-node\src\index.ts:1621:12)
    at Module.load (internal/modules/cjs/loader.js:950:32)
    at Function.Module._load (internal/modules/cjs/loader.js:790:12)
    at Module.require (internal/modules/cjs/loader.js:974:19)
2023-06-23 14:59:34 error: [POST] /users/upload/avatar/cus_O8QP7EgAxkxGJs >> StatusCode:: 404, Message:: file needed
2023-06-23 14:59:34 error: [POST] /users/upload/avatar/cus_O8QKQCzKONWUHx >> StatusCode:: 404, Message:: file needed
2023-06-23 14:59:34 error: [POST] /users/upload/avatar/cus_O8QQUOG4AVmOSw >> StatusCode:: 404, Message:: file needed
2023-06-23 15:01:25 error: [POST] /users/upload/avatar/cus_O8QTRtW4IexZ6Y >> StatusCode:: 404, Message:: file needed
2023-06-23 16:19:59 error: [POST] /users/upload/avatar/cus_O8RjLsz13EyNOs >> StatusCode:: 404, Message:: file needed
2023-06-23 16:25:56 error: [POST] /users/upload/avatar/cus_O8Rp9RP06ORCQr >> StatusCode:: 404, Message:: file needed
2023-06-23 16:27:06 error: uncaughtException: тип Unable to compile TypeScript:
[96msrc/routes/users.route.ts[0m:[93m26[0m:[93m57[0m - [91merror[0m[90m TS1109: [0mExpression expected.

[7m26[0m     this.router.post(`${this.path}/upload/avatar/:id`, (), multer().single('avatar'), fileMiddleware, this.usersController.uploadAvatar);
[7m  [0m [91m                                                        ~[0m

TSError: тип Unable to compile TypeScript:
[96msrc/routes/users.route.ts[0m:[93m26[0m:[93m57[0m - [91merror[0m[90m TS1109: [0mExpression expected.

[7m26[0m     this.router.post(`${this.path}/upload/avatar/:id`, (), multer().single('avatar'), fileMiddleware, this.usersController.uploadAvatar);
[7m  [0m [91m                                                        ~[0m

    at createTSError (C:\Users\Devops3\Documents\Projects\feetflight\feetflight\node_modules\ts-node\src\index.ts:859:12)
    at reportTSError (C:\Users\Devops3\Documents\Projects\feetflight\feetflight\node_modules\ts-node\src\index.ts:863:19)
    at C:\Users\Devops3\Documents\Projects\feetflight\feetflight\node_modules\ts-node\src\index.ts:1379:34
    at Object.compile (C:\Users\Devops3\Documents\Projects\feetflight\feetflight\node_modules\ts-node\src\index.ts:1458:13)
    at Module.m._compile (C:\Users\Devops3\Documents\Projects\feetflight\feetflight\node_modules\ts-node\src\index.ts:1617:30)
    at Module._extensions..js (internal/modules/cjs/loader.js:1114:10)
    at Object.require.extensions.<computed> [as .ts] (C:\Users\Devops3\Documents\Projects\feetflight\feetflight\node_modules\ts-node\src\index.ts:1621:12)
    at Module.load (internal/modules/cjs/loader.js:950:32)
    at Function.Module._load (internal/modules/cjs/loader.js:790:12)
    at Module.require (internal/modules/cjs/loader.js:974:19)
2023-06-23 16:27:08 error: uncaughtException: тип Unable to compile TypeScript:
[96msrc/routes/users.route.ts[0m:[93m26[0m:[93m58[0m - [91merror[0m[90m TS1109: [0mExpression expected.

[7m26[0m     this.router.post(`${this.path}/upload/avatar/:id`, (()), multer().single('avatar'), fileMiddleware, this.usersController.uploadAvatar);
[7m  [0m [91m                                                         ~[0m

TSError: тип Unable to compile TypeScript:
[96msrc/routes/users.route.ts[0m:[93m26[0m:[93m58[0m - [91merror[0m[90m TS1109: [0mExpression expected.

[7m26[0m     this.router.post(`${this.path}/upload/avatar/:id`, (()), multer().single('avatar'), fileMiddleware, this.usersController.uploadAvatar);
[7m  [0m [91m                                                         ~[0m

    at createTSError (C:\Users\Devops3\Documents\Projects\feetflight\feetflight\node_modules\ts-node\src\index.ts:859:12)
    at reportTSError (C:\Users\Devops3\Documents\Projects\feetflight\feetflight\node_modules\ts-node\src\index.ts:863:19)
    at C:\Users\Devops3\Documents\Projects\feetflight\feetflight\node_modules\ts-node\src\index.ts:1379:34
    at Object.compile (C:\Users\Devops3\Documents\Projects\feetflight\feetflight\node_modules\ts-node\src\index.ts:1458:13)
    at Module.m._compile (C:\Users\Devops3\Documents\Projects\feetflight\feetflight\node_modules\ts-node\src\index.ts:1617:30)
    at Module._extensions..js (internal/modules/cjs/loader.js:1114:10)
    at Object.require.extensions.<computed> [as .ts] (C:\Users\Devops3\Documents\Projects\feetflight\feetflight\node_modules\ts-node\src\index.ts:1621:12)
    at Module.load (internal/modules/cjs/loader.js:950:32)
    at Function.Module._load (internal/modules/cjs/loader.js:790:12)
    at Module.require (internal/modules/cjs/loader.js:974:19)
2023-06-23 16:27:11 error: uncaughtException: тип Unable to compile TypeScript:
[96msrc/routes/users.route.ts[0m:[93m26[0m:[93m57[0m - [91merror[0m[90m TS1109: [0mExpression expected.

[7m26[0m     this.router.post(`${this.path}/upload/avatar/:id`, (), multer().single('avatar'), fileMiddleware, this.usersController.uploadAvatar);
[7m  [0m [91m                                                        ~[0m

TSError: тип Unable to compile TypeScript:
[96msrc/routes/users.route.ts[0m:[93m26[0m:[93m57[0m - [91merror[0m[90m TS1109: [0mExpression expected.

[7m26[0m     this.router.post(`${this.path}/upload/avatar/:id`, (), multer().single('avatar'), fileMiddleware, this.usersController.uploadAvatar);
[7m  [0m [91m                                                        ~[0m

    at createTSError (C:\Users\Devops3\Documents\Projects\feetflight\feetflight\node_modules\ts-node\src\index.ts:859:12)
    at reportTSError (C:\Users\Devops3\Documents\Projects\feetflight\feetflight\node_modules\ts-node\src\index.ts:863:19)
    at C:\Users\Devops3\Documents\Projects\feetflight\feetflight\node_modules\ts-node\src\index.ts:1379:34
    at Object.compile (C:\Users\Devops3\Documents\Projects\feetflight\feetflight\node_modules\ts-node\src\index.ts:1458:13)
    at Module.m._compile (C:\Users\Devops3\Documents\Projects\feetflight\feetflight\node_modules\ts-node\src\index.ts:1617:30)
    at Module._extensions..js (internal/modules/cjs/loader.js:1114:10)
    at Object.require.extensions.<computed> [as .ts] (C:\Users\Devops3\Documents\Projects\feetflight\feetflight\node_modules\ts-node\src\index.ts:1621:12)
    at Module.load (internal/modules/cjs/loader.js:950:32)
    at Function.Module._load (internal/modules/cjs/loader.js:790:12)
    at Module.require (internal/modules/cjs/loader.js:974:19)
2023-06-23 16:27:13 error: uncaughtException: тип Unable to compile TypeScript:
[96msrc/routes/users.route.ts[0m:[93m26[0m:[93m57[0m - [91merror[0m[90m TS1109: [0mExpression expected.

[7m26[0m     this.router.post(`${this.path}/upload/avatar/:id`, (), multer().single('avatar'), fileMiddleware, this.usersController.uploadAvatar);
[7m  [0m [91m                                                        ~[0m

TSError: тип Unable to compile TypeScript:
[96msrc/routes/users.route.ts[0m:[93m26[0m:[93m57[0m - [91merror[0m[90m TS1109: [0mExpression expected.

[7m26[0m     this.router.post(`${this.path}/upload/avatar/:id`, (), multer().single('avatar'), fileMiddleware, this.usersController.uploadAvatar);
[7m  [0m [91m                                                        ~[0m

    at createTSError (C:\Users\Devops3\Documents\Projects\feetflight\feetflight\node_modules\ts-node\src\index.ts:859:12)
    at reportTSError (C:\Users\Devops3\Documents\Projects\feetflight\feetflight\node_modules\ts-node\src\index.ts:863:19)
    at C:\Users\Devops3\Documents\Projects\feetflight\feetflight\node_modules\ts-node\src\index.ts:1379:34
    at Object.compile (C:\Users\Devops3\Documents\Projects\feetflight\feetflight\node_modules\ts-node\src\index.ts:1458:13)
    at Module.m._compile (C:\Users\Devops3\Documents\Projects\feetflight\feetflight\node_modules\ts-node\src\index.ts:1617:30)
    at Module._extensions..js (internal/modules/cjs/loader.js:1114:10)
    at Object.require.extensions.<computed> [as .ts] (C:\Users\Devops3\Documents\Projects\feetflight\feetflight\node_modules\ts-node\src\index.ts:1621:12)
    at Module.load (internal/modules/cjs/loader.js:950:32)
    at Function.Module._load (internal/modules/cjs/loader.js:790:12)
    at Module.require (internal/modules/cjs/loader.js:974:19)
2023-06-23 16:27:16 error: uncaughtException: req is not defined
ReferenceError: req is not defined
    at UsersRoute.initializeRoutes (C:\Users\Devops3\Documents\Projects\feetflight\feetflight\src\routes\users.route.ts:26:57)
    at new UsersRoute (C:\Users\Devops3\Documents\Projects\feetflight\feetflight\src\routes\users.route.ts:14:10)
    at Object.<anonymous> (C:\Users\Devops3\Documents\Projects\feetflight\feetflight\src\server.ts:13:40)
    at Module._compile (internal/modules/cjs/loader.js:1085:14)
    at Module.m._compile (C:\Users\Devops3\Documents\Projects\feetflight\feetflight\node_modules\ts-node\src\index.ts:1618:23)
    at Module._extensions..js (internal/modules/cjs/loader.js:1114:10)
    at Object.require.extensions.<computed> [as .ts] (C:\Users\Devops3\Documents\Projects\feetflight\feetflight\node_modules\ts-node\src\index.ts:1621:12)
    at Module.load (internal/modules/cjs/loader.js:950:32)
    at Function.Module._load (internal/modules/cjs/loader.js:790:12)
    at Function.executeUserEntryPoint [as runMain] (internal/modules/run_main.js:75:12)
2023-06-23 16:27:19 error: uncaughtException: req is not defined
ReferenceError: req is not defined
    at UsersRoute.initializeRoutes (C:\Users\Devops3\Documents\Projects\feetflight\feetflight\src\routes\users.route.ts:26:57)
    at new UsersRoute (C:\Users\Devops3\Documents\Projects\feetflight\feetflight\src\routes\users.route.ts:14:10)
    at Object.<anonymous> (C:\Users\Devops3\Documents\Projects\feetflight\feetflight\src\server.ts:13:40)
    at Module._compile (internal/modules/cjs/loader.js:1085:14)
    at Module.m._compile (C:\Users\Devops3\Documents\Projects\feetflight\feetflight\node_modules\ts-node\src\index.ts:1618:23)
    at Module._extensions..js (internal/modules/cjs/loader.js:1114:10)
    at Object.require.extensions.<computed> [as .ts] (C:\Users\Devops3\Documents\Projects\feetflight\feetflight\node_modules\ts-node\src\index.ts:1621:12)
    at Module.load (internal/modules/cjs/loader.js:950:32)
    at Function.Module._load (internal/modules/cjs/loader.js:790:12)
    at Function.executeUserEntryPoint [as runMain] (internal/modules/run_main.js:75:12)
2023-06-23 16:31:19 error: [POST] /users/upload/avatar/cus_O8RuRM8e6DSkS1 >> StatusCode:: 404, Message:: file needed
2023-06-23 16:31:19 error: [POST] /users/upload/avatar/cus_O8RsLCGSBCHgzg >> StatusCode:: 404, Message:: file needed
2023-06-23 16:31:34 error: [POST] /users/upload/avatar/cus_O8RvUJ1vEydZk2 >> StatusCode:: 404, Message:: file needed
2023-06-23 16:35:23 error: [POST] /users/upload/avatar/cus_O8Rz6pavkTg6Xd >> StatusCode:: 404, Message:: file needed
2023-06-23 16:39:23 error: uncaughtException: тип Unable to compile TypeScript:
[96msrc/routes/users.route.ts[0m:[93m26[0m:[93m83[0m - [91merror[0m[90m TS1135: [0mArgument expression expected.

[7m26[0m     this.router.post(`${this.path}/upload/avatar/:id`, multer().single('avatar'), , fileMiddleware, this.usersController.uploadAvatar);
[7m  [0m [91m                                                                                  ~[0m

TSError: тип Unable to compile TypeScript:
[96msrc/routes/users.route.ts[0m:[93m26[0m:[93m83[0m - [91merror[0m[90m TS1135: [0mArgument expression expected.

[7m26[0m     this.router.post(`${this.path}/upload/avatar/:id`, multer().single('avatar'), , fileMiddleware, this.usersController.uploadAvatar);
[7m  [0m [91m                                                                                  ~[0m

    at createTSError (C:\Users\Devops3\Documents\Projects\feetflight\feetflight\node_modules\ts-node\src\index.ts:859:12)
    at reportTSError (C:\Users\Devops3\Documents\Projects\feetflight\feetflight\node_modules\ts-node\src\index.ts:863:19)
    at C:\Users\Devops3\Documents\Projects\feetflight\feetflight\node_modules\ts-node\src\index.ts:1379:34
    at Object.compile (C:\Users\Devops3\Documents\Projects\feetflight\feetflight\node_modules\ts-node\src\index.ts:1458:13)
    at Module.m._compile (C:\Users\Devops3\Documents\Projects\feetflight\feetflight\node_modules\ts-node\src\index.ts:1617:30)
    at Module._extensions..js (internal/modules/cjs/loader.js:1114:10)
    at Object.require.extensions.<computed> [as .ts] (C:\Users\Devops3\Documents\Projects\feetflight\feetflight\node_modules\ts-node\src\index.ts:1621:12)
    at Module.load (internal/modules/cjs/loader.js:950:32)
    at Function.Module._load (internal/modules/cjs/loader.js:790:12)
    at Module.require (internal/modules/cjs/loader.js:974:19)
2023-06-23 16:39:27 error: uncaughtException: тип Unable to compile TypeScript:
[96msrc/routes/users.route.ts[0m:[93m26[0m:[93m88[0m - [91merror[0m[90m TS1109: [0mExpression expected.

[7m26[0m     this.router.post(`${this.path}/upload/avatar/:id`, multer().single('avatar'), () =>, fileMiddleware, this.usersController.uploadAvatar);
[7m  [0m [91m                                                                                       ~[0m

TSError: тип Unable to compile TypeScript:
[96msrc/routes/users.route.ts[0m:[93m26[0m:[93m88[0m - [91merror[0m[90m TS1109: [0mExpression expected.

[7m26[0m     this.router.post(`${this.path}/upload/avatar/:id`, multer().single('avatar'), () =>, fileMiddleware, this.usersController.uploadAvatar);
[7m  [0m [91m                                                                                       ~[0m

    at createTSError (C:\Users\Devops3\Documents\Projects\feetflight\feetflight\node_modules\ts-node\src\index.ts:859:12)
    at reportTSError (C:\Users\Devops3\Documents\Projects\feetflight\feetflight\node_modules\ts-node\src\index.ts:863:19)
    at C:\Users\Devops3\Documents\Projects\feetflight\feetflight\node_modules\ts-node\src\index.ts:1379:34
    at Object.compile (C:\Users\Devops3\Documents\Projects\feetflight\feetflight\node_modules\ts-node\src\index.ts:1458:13)
    at Module.m._compile (C:\Users\Devops3\Documents\Projects\feetflight\feetflight\node_modules\ts-node\src\index.ts:1617:30)
    at Module._extensions..js (internal/modules/cjs/loader.js:1114:10)
    at Object.require.extensions.<computed> [as .ts] (C:\Users\Devops3\Documents\Projects\feetflight\feetflight\node_modules\ts-node\src\index.ts:1621:12)
    at Module.load (internal/modules/cjs/loader.js:950:32)
    at Function.Module._load (internal/modules/cjs/loader.js:790:12)
    at Module.require (internal/modules/cjs/loader.js:974:19)
2023-06-23 16:39:31 error: uncaughtException: тип Unable to compile TypeScript:
[96msrc/routes/users.route.ts[0m:[93m26[0m:[93m91[0m - [91merror[0m[90m TS1109: [0mExpression expected.

[7m26[0m     this.router.post(`${this.path}/upload/avatar/:id`, multer().single('avatar'), (req) =>, fileMiddleware, this.usersController.uploadAvatar);
[7m  [0m [91m                                                                                          ~[0m

TSError: тип Unable to compile TypeScript:
[96msrc/routes/users.route.ts[0m:[93m26[0m:[93m91[0m - [91merror[0m[90m TS1109: [0mExpression expected.

[7m26[0m     this.router.post(`${this.path}/upload/avatar/:id`, multer().single('avatar'), (req) =>, fileMiddleware, this.usersController.uploadAvatar);
[7m  [0m [91m                                                                                          ~[0m

    at createTSError (C:\Users\Devops3\Documents\Projects\feetflight\feetflight\node_modules\ts-node\src\index.ts:859:12)
    at reportTSError (C:\Users\Devops3\Documents\Projects\feetflight\feetflight\node_modules\ts-node\src\index.ts:863:19)
    at C:\Users\Devops3\Documents\Projects\feetflight\feetflight\node_modules\ts-node\src\index.ts:1379:34
    at Object.compile (C:\Users\Devops3\Documents\Projects\feetflight\feetflight\node_modules\ts-node\src\index.ts:1458:13)
    at Module.m._compile (C:\Users\Devops3\Documents\Projects\feetflight\feetflight\node_modules\ts-node\src\index.ts:1617:30)
    at Module._extensions..js (internal/modules/cjs/loader.js:1114:10)
    at Object.require.extensions.<computed> [as .ts] (C:\Users\Devops3\Documents\Projects\feetflight\feetflight\node_modules\ts-node\src\index.ts:1621:12)
    at Module.load (internal/modules/cjs/loader.js:950:32)
    at Function.Module._load (internal/modules/cjs/loader.js:790:12)
    at Module.require (internal/modules/cjs/loader.js:974:19)
2023-06-23 16:39:54 error: uncaughtException: тип Unable to compile TypeScript:
[96msrc/routes/users.route.ts[0m:[93m29[0m:[93m30[0m - [91merror[0m[90m TS1003: [0mIdentifier expected.

[7m29[0m       req => console.log(req.),
[7m  [0m [91m                             ~[0m

TSError: тип Unable to compile TypeScript:
[96msrc/routes/users.route.ts[0m:[93m29[0m:[93m30[0m - [91merror[0m[90m TS1003: [0mIdentifier expected.

[7m29[0m       req => console.log(req.),
[7m  [0m [91m                             ~[0m

    at createTSError (C:\Users\Devops3\Documents\Projects\feetflight\feetflight\node_modules\ts-node\src\index.ts:859:12)
    at reportTSError (C:\Users\Devops3\Documents\Projects\feetflight\feetflight\node_modules\ts-node\src\index.ts:863:19)
    at C:\Users\Devops3\Documents\Projects\feetflight\feetflight\node_modules\ts-node\src\index.ts:1379:34
    at Object.compile (C:\Users\Devops3\Documents\Projects\feetflight\feetflight\node_modules\ts-node\src\index.ts:1458:13)
    at Module.m._compile (C:\Users\Devops3\Documents\Projects\feetflight\feetflight\node_modules\ts-node\src\index.ts:1617:30)
    at Module._extensions..js (internal/modules/cjs/loader.js:1114:10)
    at Object.require.extensions.<computed> [as .ts] (C:\Users\Devops3\Documents\Projects\feetflight\feetflight\node_modules\ts-node\src\index.ts:1621:12)
    at Module.load (internal/modules/cjs/loader.js:950:32)
    at Function.Module._load (internal/modules/cjs/loader.js:790:12)
    at Module.require (internal/modules/cjs/loader.js:974:19)
